[2025-12-09T22:16:13.447+0000] {taskinstance.py:1157} INFO - Dependencies all met for dep_context=non-requeueable deps ti=<TaskInstance: amount_data_s3_processing_pipeline.submit_spark_job manual__2025-12-09T22:13:33.168137+00:00 [queued]>
[2025-12-09T22:16:13.454+0000] {taskinstance.py:1157} INFO - Dependencies all met for dep_context=requeueable deps ti=<TaskInstance: amount_data_s3_processing_pipeline.submit_spark_job manual__2025-12-09T22:13:33.168137+00:00 [queued]>
[2025-12-09T22:16:13.454+0000] {taskinstance.py:1359} INFO - Starting attempt 1 of 3
[2025-12-09T22:16:13.464+0000] {taskinstance.py:1380} INFO - Executing <Task(SparkSubmitOperator): submit_spark_job> on 2025-12-09 22:13:33.168137+00:00
[2025-12-09T22:16:13.469+0000] {standard_task_runner.py:57} INFO - Started process 460 to run task
[2025-12-09T22:16:13.472+0000] {standard_task_runner.py:84} INFO - Running: ['***', 'tasks', 'run', 'amount_data_s3_processing_pipeline', 'submit_spark_job', 'manual__2025-12-09T22:13:33.168137+00:00', '--job-id', '66', '--raw', '--subdir', 'DAGS_FOLDER/amount_data_s3_processing_pipeline.py', '--cfg-path', '/tmp/tmp_4umnhhm']
[2025-12-09T22:16:13.473+0000] {standard_task_runner.py:85} INFO - Job 66: Subtask submit_spark_job
[2025-12-09T22:16:13.514+0000] {task_command.py:415} INFO - Running <TaskInstance: amount_data_s3_processing_pipeline.submit_spark_job manual__2025-12-09T22:13:33.168137+00:00 [running]> on host 9a461450159a
[2025-12-09T22:16:13.587+0000] {taskinstance.py:1660} INFO - Exporting env vars: AIRFLOW_CTX_DAG_OWNER='***' AIRFLOW_CTX_DAG_ID='amount_data_s3_processing_pipeline' AIRFLOW_CTX_TASK_ID='submit_spark_job' AIRFLOW_CTX_EXECUTION_DATE='2025-12-09T22:13:33.168137+00:00' AIRFLOW_CTX_TRY_NUMBER='1' AIRFLOW_CTX_DAG_RUN_ID='manual__2025-12-09T22:13:33.168137+00:00'
[2025-12-09T22:16:13.596+0000] {base.py:73} INFO - Using connection ID 'spark-conn' for task execution.
[2025-12-09T22:16:13.597+0000] {spark_submit.py:340} INFO - Spark-Submit cmd: spark-submit --master spark://spark-master:7077 --conf spark.eventLog.enabled=true --conf spark.eventLog.dir=/opt/spark-events --conf spark.history.fs.logDirectory=/opt/spark-events --conf spark.hadoop.fs.s3a.endpoint=http://minio:9000 --conf spark.hadoop.fs.s3a.access.key=admin --conf spark.hadoop.fs.s3a.secret.key=****** --conf spark.hadoop.fs.s3a.path.style.access=true --conf spark.hadoop.fs.s3a.impl=org.apache.hadoop.fs.s3a.S3AFileSystem --conf spark.sql.shuffle.partitions=200 --conf spark.dynamicAllocation.enabled=false --num-executors 2 --executor-cores 2 --executor-memory 2g --driver-memory 1g --name AmountDataProcessor_20251209T221333 --verbose jobs/s3_amount_processor.py
[2025-12-09T22:16:14.714+0000] {spark_submit.py:491} INFO - Using properties file: null
[2025-12-09T22:16:14.828+0000] {spark_submit.py:491} INFO - Parsed arguments:
[2025-12-09T22:16:14.829+0000] {spark_submit.py:491} INFO - master                  spark://spark-master:7077
[2025-12-09T22:16:14.829+0000] {spark_submit.py:491} INFO - remote                  null
[2025-12-09T22:16:14.829+0000] {spark_submit.py:491} INFO - deployMode              null
[2025-12-09T22:16:14.829+0000] {spark_submit.py:491} INFO - executorMemory          2g
[2025-12-09T22:16:14.829+0000] {spark_submit.py:491} INFO - executorCores           2
[2025-12-09T22:16:14.829+0000] {spark_submit.py:491} INFO - totalExecutorCores      null
[2025-12-09T22:16:14.829+0000] {spark_submit.py:491} INFO - propertiesFile          null
[2025-12-09T22:16:14.829+0000] {spark_submit.py:491} INFO - driverMemory            1g
[2025-12-09T22:16:14.829+0000] {spark_submit.py:491} INFO - driverCores             null
[2025-12-09T22:16:14.830+0000] {spark_submit.py:491} INFO - driverExtraClassPath    null
[2025-12-09T22:16:14.830+0000] {spark_submit.py:491} INFO - driverExtraLibraryPath  null
[2025-12-09T22:16:14.830+0000] {spark_submit.py:491} INFO - driverExtraJavaOptions  null
[2025-12-09T22:16:14.830+0000] {spark_submit.py:491} INFO - supervise               false
[2025-12-09T22:16:14.830+0000] {spark_submit.py:491} INFO - queue                   null
[2025-12-09T22:16:14.830+0000] {spark_submit.py:491} INFO - numExecutors            2
[2025-12-09T22:16:14.830+0000] {spark_submit.py:491} INFO - files                   null
[2025-12-09T22:16:14.830+0000] {spark_submit.py:491} INFO - pyFiles                 null
[2025-12-09T22:16:14.830+0000] {spark_submit.py:491} INFO - archives                null
[2025-12-09T22:16:14.830+0000] {spark_submit.py:491} INFO - mainClass               null
[2025-12-09T22:16:14.830+0000] {spark_submit.py:491} INFO - primaryResource         file:/opt/***/jobs/s3_amount_processor.py
[2025-12-09T22:16:14.830+0000] {spark_submit.py:491} INFO - name                    AmountDataProcessor_20251209T221333
[2025-12-09T22:16:14.831+0000] {spark_submit.py:491} INFO - childArgs               []
[2025-12-09T22:16:14.831+0000] {spark_submit.py:491} INFO - jars                    null
[2025-12-09T22:16:14.831+0000] {spark_submit.py:491} INFO - packages                null
[2025-12-09T22:16:14.831+0000] {spark_submit.py:491} INFO - packagesExclusions      null
[2025-12-09T22:16:14.831+0000] {spark_submit.py:491} INFO - repositories            null
[2025-12-09T22:16:14.831+0000] {spark_submit.py:491} INFO - verbose                 true
[2025-12-09T22:16:14.831+0000] {spark_submit.py:491} INFO - 
[2025-12-09T22:16:14.831+0000] {spark_submit.py:491} INFO - Spark properties used, including those specified through
[2025-12-09T22:16:14.831+0000] {spark_submit.py:491} INFO - --conf and those from the properties file null:
[2025-12-09T22:16:14.831+0000] {spark_submit.py:491} INFO - (spark.driver.memory,1g)
[2025-12-09T22:16:14.831+0000] {spark_submit.py:491} INFO - (spark.dynamicAllocation.enabled,false)
[2025-12-09T22:16:14.831+0000] {spark_submit.py:491} INFO - (spark.eventLog.dir,/opt/spark-events)
[2025-12-09T22:16:14.831+0000] {spark_submit.py:491} INFO - (spark.eventLog.enabled,true)
[2025-12-09T22:16:14.831+0000] {spark_submit.py:491} INFO - (spark.hadoop.fs.s3a.access.key,*********(redacted))
[2025-12-09T22:16:14.831+0000] {spark_submit.py:491} INFO - (spark.hadoop.fs.s3a.endpoint,http://minio:9000)
[2025-12-09T22:16:14.831+0000] {spark_submit.py:491} INFO - (spark.hadoop.fs.s3a.impl,org.apache.hadoop.fs.s3a.S3AFileSystem)
[2025-12-09T22:16:14.831+0000] {spark_submit.py:491} INFO - (spark.hadoop.fs.s3a.path.style.access,true)
[2025-12-09T22:16:14.831+0000] {spark_submit.py:491} INFO - (spark.hadoop.fs.s3a.secret.key,*********(redacted))
[2025-12-09T22:16:14.831+0000] {spark_submit.py:491} INFO - (spark.history.fs.logDirectory,/opt/spark-events)
[2025-12-09T22:16:14.831+0000] {spark_submit.py:491} INFO - (spark.sql.shuffle.partitions,200)
[2025-12-09T22:16:14.832+0000] {spark_submit.py:491} INFO - 
[2025-12-09T22:16:14.832+0000] {spark_submit.py:491} INFO - 
[2025-12-09T22:16:15.074+0000] {spark_submit.py:491} INFO - Main class:
[2025-12-09T22:16:15.075+0000] {spark_submit.py:491} INFO - org.apache.spark.deploy.PythonRunner
[2025-12-09T22:16:15.075+0000] {spark_submit.py:491} INFO - Arguments:
[2025-12-09T22:16:15.076+0000] {spark_submit.py:491} INFO - file:/opt/***/jobs/s3_amount_processor.py
[2025-12-09T22:16:15.076+0000] {spark_submit.py:491} INFO - null
[2025-12-09T22:16:15.079+0000] {spark_submit.py:491} INFO - Spark config:
[2025-12-09T22:16:15.079+0000] {spark_submit.py:491} INFO - (spark.app.name,AmountDataProcessor_20251209T221333)
[2025-12-09T22:16:15.080+0000] {spark_submit.py:491} INFO - (spark.app.submitTime,1765318575049)
[2025-12-09T22:16:15.080+0000] {spark_submit.py:491} INFO - (spark.driver.memory,1g)
[2025-12-09T22:16:15.080+0000] {spark_submit.py:491} INFO - (spark.dynamicAllocation.enabled,false)
[2025-12-09T22:16:15.080+0000] {spark_submit.py:491} INFO - (spark.eventLog.dir,/opt/spark-events)
[2025-12-09T22:16:15.080+0000] {spark_submit.py:491} INFO - (spark.eventLog.enabled,true)
[2025-12-09T22:16:15.080+0000] {spark_submit.py:491} INFO - (spark.executor.cores,2)
[2025-12-09T22:16:15.080+0000] {spark_submit.py:491} INFO - (spark.executor.memory,2g)
[2025-12-09T22:16:15.080+0000] {spark_submit.py:491} INFO - (spark.hadoop.fs.s3a.access.key,*********(redacted))
[2025-12-09T22:16:15.080+0000] {spark_submit.py:491} INFO - (spark.hadoop.fs.s3a.endpoint,http://minio:9000)
[2025-12-09T22:16:15.080+0000] {spark_submit.py:491} INFO - (spark.hadoop.fs.s3a.impl,org.apache.hadoop.fs.s3a.S3AFileSystem)
[2025-12-09T22:16:15.080+0000] {spark_submit.py:491} INFO - (spark.hadoop.fs.s3a.path.style.access,true)
[2025-12-09T22:16:15.080+0000] {spark_submit.py:491} INFO - (spark.hadoop.fs.s3a.secret.key,*********(redacted))
[2025-12-09T22:16:15.080+0000] {spark_submit.py:491} INFO - (spark.history.fs.logDirectory,/opt/spark-events)
[2025-12-09T22:16:15.080+0000] {spark_submit.py:491} INFO - (spark.master,spark://spark-master:7077)
[2025-12-09T22:16:15.080+0000] {spark_submit.py:491} INFO - (spark.sql.shuffle.partitions,200)
[2025-12-09T22:16:15.080+0000] {spark_submit.py:491} INFO - (spark.submit.deployMode,client)
[2025-12-09T22:16:15.080+0000] {spark_submit.py:491} INFO - (spark.submit.pyFiles,)
[2025-12-09T22:16:15.080+0000] {spark_submit.py:491} INFO - Classpath elements:
[2025-12-09T22:16:15.080+0000] {spark_submit.py:491} INFO - 
[2025-12-09T22:16:15.080+0000] {spark_submit.py:491} INFO - 
[2025-12-09T22:16:15.080+0000] {spark_submit.py:491} INFO - 
[2025-12-09T22:16:15.565+0000] {spark_submit.py:491} INFO - 
[2025-12-09T22:16:15.566+0000] {spark_submit.py:491} INFO - ================================================================================
[2025-12-09T22:16:15.566+0000] {spark_submit.py:491} INFO - 🎯 AMOUNT DATA PROCESSOR - STARTING PIPELINE
[2025-12-09T22:16:15.566+0000] {spark_submit.py:491} INFO - ================================================================================
[2025-12-09T22:16:15.566+0000] {spark_submit.py:491} INFO - 
[2025-12-09T22:16:15.566+0000] {spark_submit.py:491} INFO - ⚙️  Configuration:
[2025-12-09T22:16:15.566+0000] {spark_submit.py:491} INFO - Source Bucket: test
[2025-12-09T22:16:15.566+0000] {spark_submit.py:491} INFO - Target Bucket: warehouse
[2025-12-09T22:16:15.566+0000] {spark_submit.py:491} INFO - Source Path: s3a://test/source/
[2025-12-09T22:16:15.566+0000] {spark_submit.py:491} INFO - Target Path: s3a://warehouse/processed/
[2025-12-09T22:16:15.566+0000] {spark_submit.py:491} INFO - MinIO Endpoint: http://minio:9000
[2025-12-09T22:16:15.566+0000] {spark_submit.py:491} INFO - Spark Master: spark://spark-master:7077
[2025-12-09T22:16:15.566+0000] {spark_submit.py:491} INFO - 
[2025-12-09T22:16:15.566+0000] {spark_submit.py:491} INFO - 
[2025-12-09T22:16:15.566+0000] {spark_submit.py:491} INFO - ================================================================================
[2025-12-09T22:16:15.566+0000] {spark_submit.py:491} INFO - 🚀 INITIALIZING SPARK SESSION
[2025-12-09T22:16:15.566+0000] {spark_submit.py:491} INFO - ================================================================================
[2025-12-09T22:16:15.566+0000] {spark_submit.py:491} INFO - 
[2025-12-09T22:16:15.657+0000] {spark_submit.py:491} INFO - 25/12/09 22:16:15 INFO SparkContext: Running Spark version 3.4.0
[2025-12-09T22:16:15.710+0000] {spark_submit.py:491} INFO - 25/12/09 22:16:15 WARN NativeCodeLoader: Unable to load native-hadoop library for your platform... using builtin-java classes where applicable
[2025-12-09T22:16:15.780+0000] {spark_submit.py:491} INFO - 25/12/09 22:16:15 INFO ResourceUtils: ==============================================================
[2025-12-09T22:16:15.780+0000] {spark_submit.py:491} INFO - 25/12/09 22:16:15 INFO ResourceUtils: No custom resources configured for spark.driver.
[2025-12-09T22:16:15.780+0000] {spark_submit.py:491} INFO - 25/12/09 22:16:15 INFO ResourceUtils: ==============================================================
[2025-12-09T22:16:15.781+0000] {spark_submit.py:491} INFO - 25/12/09 22:16:15 INFO SparkContext: Submitted application: AmountDataProcessor
[2025-12-09T22:16:15.809+0000] {spark_submit.py:491} INFO - 25/12/09 22:16:15 INFO ResourceProfile: Default ResourceProfile created, executor resources: Map(cores -> name: cores, amount: 2, script: , vendor: , memory -> name: memory, amount: 2048, script: , vendor: , offHeap -> name: offHeap, amount: 0, script: , vendor: ), task resources: Map(cpus -> name: cpus, amount: 1.0)
[2025-12-09T22:16:15.816+0000] {spark_submit.py:491} INFO - 25/12/09 22:16:15 INFO ResourceProfile: Limiting resource is cpus at 2 tasks per executor
[2025-12-09T22:16:15.818+0000] {spark_submit.py:491} INFO - 25/12/09 22:16:15 INFO ResourceProfileManager: Added ResourceProfile id: 0
[2025-12-09T22:16:15.855+0000] {spark_submit.py:491} INFO - 25/12/09 22:16:15 INFO SecurityManager: Changing view acls to: root
[2025-12-09T22:16:15.855+0000] {spark_submit.py:491} INFO - 25/12/09 22:16:15 INFO SecurityManager: Changing modify acls to: root
[2025-12-09T22:16:15.856+0000] {spark_submit.py:491} INFO - 25/12/09 22:16:15 INFO SecurityManager: Changing view acls groups to:
[2025-12-09T22:16:15.856+0000] {spark_submit.py:491} INFO - 25/12/09 22:16:15 INFO SecurityManager: Changing modify acls groups to:
[2025-12-09T22:16:15.856+0000] {spark_submit.py:491} INFO - 25/12/09 22:16:15 INFO SecurityManager: SecurityManager: authentication disabled; ui acls disabled; users with view permissions: root; groups with view permissions: EMPTY; users with modify permissions: root; groups with modify permissions: EMPTY
[2025-12-09T22:16:16.049+0000] {spark_submit.py:491} INFO - 25/12/09 22:16:16 INFO Utils: Successfully started service 'sparkDriver' on port 40375.
[2025-12-09T22:16:16.075+0000] {spark_submit.py:491} INFO - 25/12/09 22:16:16 INFO SparkEnv: Registering MapOutputTracker
[2025-12-09T22:16:16.103+0000] {spark_submit.py:491} INFO - 25/12/09 22:16:16 INFO SparkEnv: Registering BlockManagerMaster
[2025-12-09T22:16:16.118+0000] {spark_submit.py:491} INFO - 25/12/09 22:16:16 INFO BlockManagerMasterEndpoint: Using org.apache.spark.storage.DefaultTopologyMapper for getting topology information
[2025-12-09T22:16:16.119+0000] {spark_submit.py:491} INFO - 25/12/09 22:16:16 INFO BlockManagerMasterEndpoint: BlockManagerMasterEndpoint up
[2025-12-09T22:16:16.122+0000] {spark_submit.py:491} INFO - 25/12/09 22:16:16 INFO SparkEnv: Registering BlockManagerMasterHeartbeat
[2025-12-09T22:16:16.138+0000] {spark_submit.py:491} INFO - 25/12/09 22:16:16 INFO DiskBlockManager: Created local directory at /tmp/blockmgr-28329da6-4a83-4c57-90ee-4f898dac1273
[2025-12-09T22:16:16.150+0000] {spark_submit.py:491} INFO - 25/12/09 22:16:16 INFO MemoryStore: MemoryStore started with capacity 434.4 MiB
[2025-12-09T22:16:16.164+0000] {spark_submit.py:491} INFO - 25/12/09 22:16:16 INFO SparkEnv: Registering OutputCommitCoordinator
[2025-12-09T22:16:16.256+0000] {spark_submit.py:491} INFO - 25/12/09 22:16:16 INFO JettyUtils: Start Jetty 0.0.0.0:4040 for SparkUI
[2025-12-09T22:16:16.300+0000] {spark_submit.py:491} INFO - 25/12/09 22:16:16 INFO Utils: Successfully started service 'SparkUI' on port 4040.
[2025-12-09T22:16:16.427+0000] {spark_submit.py:491} INFO - 25/12/09 22:16:16 INFO StandaloneAppClient$ClientEndpoint: Connecting to master spark://spark-master:7077...
[2025-12-09T22:16:16.473+0000] {spark_submit.py:491} INFO - 25/12/09 22:16:16 INFO TransportClientFactory: Successfully created connection to spark-master/172.19.0.5:7077 after 24 ms (0 ms spent in bootstraps)
[2025-12-09T22:16:16.599+0000] {spark_submit.py:491} INFO - 25/12/09 22:16:16 INFO StandaloneSchedulerBackend: Connected to Spark cluster with app ID app-20251209221616-0000
[2025-12-09T22:16:16.606+0000] {spark_submit.py:491} INFO - 25/12/09 22:16:16 INFO Utils: Successfully started service 'org.apache.spark.network.netty.NettyBlockTransferService' on port 46085.
[2025-12-09T22:16:16.607+0000] {spark_submit.py:491} INFO - 25/12/09 22:16:16 INFO NettyBlockTransferService: Server created on 9a461450159a:46085
[2025-12-09T22:16:16.609+0000] {spark_submit.py:491} INFO - 25/12/09 22:16:16 INFO BlockManager: Using org.apache.spark.storage.RandomBlockReplicationPolicy for block replication policy
[2025-12-09T22:16:16.615+0000] {spark_submit.py:491} INFO - 25/12/09 22:16:16 INFO BlockManagerMaster: Registering BlockManager BlockManagerId(driver, 9a461450159a, 46085, None)
[2025-12-09T22:16:16.618+0000] {spark_submit.py:491} INFO - 25/12/09 22:16:16 INFO BlockManagerMasterEndpoint: Registering block manager 9a461450159a:46085 with 434.4 MiB RAM, BlockManagerId(driver, 9a461450159a, 46085, None)
[2025-12-09T22:16:16.621+0000] {spark_submit.py:491} INFO - 25/12/09 22:16:16 INFO BlockManagerMaster: Registered BlockManager BlockManagerId(driver, 9a461450159a, 46085, None)
[2025-12-09T22:16:16.622+0000] {spark_submit.py:491} INFO - 25/12/09 22:16:16 INFO BlockManager: Initialized BlockManager: BlockManagerId(driver, 9a461450159a, 46085, None)
[2025-12-09T22:16:16.623+0000] {spark_submit.py:491} INFO - 25/12/09 22:16:16 INFO StandaloneAppClient$ClientEndpoint: Executor added: app-20251209221616-0000/0 on worker-20251209221249-spark-worker-45971 (spark-worker:45971) with 2 core(s)
[2025-12-09T22:16:16.627+0000] {spark_submit.py:491} INFO - 25/12/09 22:16:16 INFO StandaloneSchedulerBackend: Granted executor ID app-20251209221616-0000/0 on hostPort spark-worker:45971 with 2 core(s), 2.0 GiB RAM
[2025-12-09T22:16:16.628+0000] {spark_submit.py:491} INFO - 25/12/09 22:16:16 INFO StandaloneAppClient$ClientEndpoint: Executor added: app-20251209221616-0000/1 on worker-20251209221249-spark-worker-45971 (spark-worker:45971) with 2 core(s)
[2025-12-09T22:16:16.629+0000] {spark_submit.py:491} INFO - 25/12/09 22:16:16 INFO StandaloneSchedulerBackend: Granted executor ID app-20251209221616-0000/1 on hostPort spark-worker:45971 with 2 core(s), 2.0 GiB RAM
[2025-12-09T22:16:16.785+0000] {spark_submit.py:491} INFO - 25/12/09 22:16:16 INFO StandaloneAppClient$ClientEndpoint: Executor updated: app-20251209221616-0000/1 is now RUNNING
[2025-12-09T22:16:16.787+0000] {spark_submit.py:491} INFO - 25/12/09 22:16:16 INFO StandaloneAppClient$ClientEndpoint: Executor updated: app-20251209221616-0000/0 is now RUNNING
[2025-12-09T22:16:16.817+0000] {spark_submit.py:491} INFO - 25/12/09 22:16:16 ERROR SparkContext: Error initializing SparkContext.
[2025-12-09T22:16:16.817+0000] {spark_submit.py:491} INFO - java.io.FileNotFoundException: File file:/spark-events does not exist
[2025-12-09T22:16:16.818+0000] {spark_submit.py:491} INFO - at org.apache.hadoop.fs.RawLocalFileSystem.deprecatedGetFileStatus(RawLocalFileSystem.java:779)
[2025-12-09T22:16:16.818+0000] {spark_submit.py:491} INFO - at org.apache.hadoop.fs.RawLocalFileSystem.getFileLinkStatusInternal(RawLocalFileSystem.java:1100)
[2025-12-09T22:16:16.818+0000] {spark_submit.py:491} INFO - at org.apache.hadoop.fs.RawLocalFileSystem.getFileStatus(RawLocalFileSystem.java:769)
[2025-12-09T22:16:16.818+0000] {spark_submit.py:491} INFO - at org.apache.hadoop.fs.FilterFileSystem.getFileStatus(FilterFileSystem.java:462)
[2025-12-09T22:16:16.818+0000] {spark_submit.py:491} INFO - at org.apache.spark.deploy.history.EventLogFileWriter.requireLogBaseDirAsDirectory(EventLogFileWriters.scala:77)
[2025-12-09T22:16:16.818+0000] {spark_submit.py:491} INFO - at org.apache.spark.deploy.history.SingleEventLogFileWriter.start(EventLogFileWriters.scala:221)
[2025-12-09T22:16:16.818+0000] {spark_submit.py:491} INFO - at org.apache.spark.scheduler.EventLoggingListener.start(EventLoggingListener.scala:81)
[2025-12-09T22:16:16.818+0000] {spark_submit.py:491} INFO - at org.apache.spark.SparkContext.<init>(SparkContext.scala:616)
[2025-12-09T22:16:16.818+0000] {spark_submit.py:491} INFO - at org.apache.spark.api.java.JavaSparkContext.<init>(JavaSparkContext.scala:58)
[2025-12-09T22:16:16.818+0000] {spark_submit.py:491} INFO - at java.base/jdk.internal.reflect.NativeConstructorAccessorImpl.newInstance0(Native Method)
[2025-12-09T22:16:16.818+0000] {spark_submit.py:491} INFO - at java.base/jdk.internal.reflect.NativeConstructorAccessorImpl.newInstance(NativeConstructorAccessorImpl.java:77)
[2025-12-09T22:16:16.818+0000] {spark_submit.py:491} INFO - at java.base/jdk.internal.reflect.DelegatingConstructorAccessorImpl.newInstance(DelegatingConstructorAccessorImpl.java:45)
[2025-12-09T22:16:16.819+0000] {spark_submit.py:491} INFO - at java.base/java.lang.reflect.Constructor.newInstanceWithCaller(Constructor.java:500)
[2025-12-09T22:16:16.819+0000] {spark_submit.py:491} INFO - at java.base/java.lang.reflect.Constructor.newInstance(Constructor.java:481)
[2025-12-09T22:16:16.819+0000] {spark_submit.py:491} INFO - at py4j.reflection.MethodInvoker.invoke(MethodInvoker.java:247)
[2025-12-09T22:16:16.819+0000] {spark_submit.py:491} INFO - at py4j.reflection.ReflectionEngine.invoke(ReflectionEngine.java:374)
[2025-12-09T22:16:16.819+0000] {spark_submit.py:491} INFO - at py4j.Gateway.invoke(Gateway.java:238)
[2025-12-09T22:16:16.819+0000] {spark_submit.py:491} INFO - at py4j.commands.ConstructorCommand.invokeConstructor(ConstructorCommand.java:80)
[2025-12-09T22:16:16.819+0000] {spark_submit.py:491} INFO - at py4j.commands.ConstructorCommand.execute(ConstructorCommand.java:69)
[2025-12-09T22:16:16.819+0000] {spark_submit.py:491} INFO - at py4j.ClientServerConnection.waitForCommands(ClientServerConnection.java:182)
[2025-12-09T22:16:16.819+0000] {spark_submit.py:491} INFO - at py4j.ClientServerConnection.run(ClientServerConnection.java:106)
[2025-12-09T22:16:16.819+0000] {spark_submit.py:491} INFO - at java.base/java.lang.Thread.run(Thread.java:840)
[2025-12-09T22:16:16.819+0000] {spark_submit.py:491} INFO - 25/12/09 22:16:16 INFO SparkContext: SparkContext is stopping with exitCode 0.
[2025-12-09T22:16:16.838+0000] {spark_submit.py:491} INFO - 25/12/09 22:16:16 INFO SparkUI: Stopped Spark web UI at http://9a461450159a:4040
[2025-12-09T22:16:16.849+0000] {spark_submit.py:491} INFO - 25/12/09 22:16:16 INFO StandaloneSchedulerBackend: Shutting down all executors
[2025-12-09T22:16:16.852+0000] {spark_submit.py:491} INFO - 25/12/09 22:16:16 INFO StandaloneSchedulerBackend$StandaloneDriverEndpoint: Asking each executor to shut down
[2025-12-09T22:16:16.870+0000] {spark_submit.py:491} INFO - 25/12/09 22:16:16 INFO MapOutputTrackerMasterEndpoint: MapOutputTrackerMasterEndpoint stopped!
[2025-12-09T22:16:16.894+0000] {spark_submit.py:491} INFO - 25/12/09 22:16:16 INFO MemoryStore: MemoryStore cleared
[2025-12-09T22:16:16.894+0000] {spark_submit.py:491} INFO - 25/12/09 22:16:16 INFO BlockManager: BlockManager stopped
[2025-12-09T22:16:16.901+0000] {spark_submit.py:491} INFO - 25/12/09 22:16:16 INFO BlockManagerMaster: BlockManagerMaster stopped
[2025-12-09T22:16:16.903+0000] {spark_submit.py:491} INFO - 25/12/09 22:16:16 INFO OutputCommitCoordinator$OutputCommitCoordinatorEndpoint: OutputCommitCoordinator stopped!
[2025-12-09T22:16:16.917+0000] {spark_submit.py:491} INFO - 25/12/09 22:16:16 INFO SparkContext: Successfully stopped SparkContext
[2025-12-09T22:16:16.918+0000] {spark_submit.py:491} INFO - 
[2025-12-09T22:16:16.918+0000] {spark_submit.py:491} INFO - ================================================================================
[2025-12-09T22:16:16.918+0000] {spark_submit.py:491} INFO - ❌ PIPELINE FAILED!
[2025-12-09T22:16:16.918+0000] {spark_submit.py:491} INFO - ================================================================================
[2025-12-09T22:16:16.918+0000] {spark_submit.py:491} INFO - 
[2025-12-09T22:16:16.919+0000] {spark_submit.py:491} INFO - ERROR:__main__:Fatal Error: An error occurred while calling None.org.apache.spark.api.java.JavaSparkContext.
[2025-12-09T22:16:16.919+0000] {spark_submit.py:491} INFO - : java.io.FileNotFoundException: File file:/spark-events does not exist
[2025-12-09T22:16:16.919+0000] {spark_submit.py:491} INFO - at org.apache.hadoop.fs.RawLocalFileSystem.deprecatedGetFileStatus(RawLocalFileSystem.java:779)
[2025-12-09T22:16:16.919+0000] {spark_submit.py:491} INFO - at org.apache.hadoop.fs.RawLocalFileSystem.getFileLinkStatusInternal(RawLocalFileSystem.java:1100)
[2025-12-09T22:16:16.919+0000] {spark_submit.py:491} INFO - at org.apache.hadoop.fs.RawLocalFileSystem.getFileStatus(RawLocalFileSystem.java:769)
[2025-12-09T22:16:16.919+0000] {spark_submit.py:491} INFO - at org.apache.hadoop.fs.FilterFileSystem.getFileStatus(FilterFileSystem.java:462)
[2025-12-09T22:16:16.919+0000] {spark_submit.py:491} INFO - at org.apache.spark.deploy.history.EventLogFileWriter.requireLogBaseDirAsDirectory(EventLogFileWriters.scala:77)
[2025-12-09T22:16:16.919+0000] {spark_submit.py:491} INFO - at org.apache.spark.deploy.history.SingleEventLogFileWriter.start(EventLogFileWriters.scala:221)
[2025-12-09T22:16:16.919+0000] {spark_submit.py:491} INFO - at org.apache.spark.scheduler.EventLoggingListener.start(EventLoggingListener.scala:81)
[2025-12-09T22:16:16.919+0000] {spark_submit.py:491} INFO - at org.apache.spark.SparkContext.<init>(SparkContext.scala:616)
[2025-12-09T22:16:16.919+0000] {spark_submit.py:491} INFO - at org.apache.spark.api.java.JavaSparkContext.<init>(JavaSparkContext.scala:58)
[2025-12-09T22:16:16.919+0000] {spark_submit.py:491} INFO - at java.base/jdk.internal.reflect.NativeConstructorAccessorImpl.newInstance0(Native Method)
[2025-12-09T22:16:16.919+0000] {spark_submit.py:491} INFO - at java.base/jdk.internal.reflect.NativeConstructorAccessorImpl.newInstance(NativeConstructorAccessorImpl.java:77)
[2025-12-09T22:16:16.919+0000] {spark_submit.py:491} INFO - at java.base/jdk.internal.reflect.DelegatingConstructorAccessorImpl.newInstance(DelegatingConstructorAccessorImpl.java:45)
[2025-12-09T22:16:16.919+0000] {spark_submit.py:491} INFO - at java.base/java.lang.reflect.Constructor.newInstanceWithCaller(Constructor.java:500)
[2025-12-09T22:16:16.919+0000] {spark_submit.py:491} INFO - at java.base/java.lang.reflect.Constructor.newInstance(Constructor.java:481)
[2025-12-09T22:16:16.919+0000] {spark_submit.py:491} INFO - at py4j.reflection.MethodInvoker.invoke(MethodInvoker.java:247)
[2025-12-09T22:16:16.919+0000] {spark_submit.py:491} INFO - at py4j.reflection.ReflectionEngine.invoke(ReflectionEngine.java:374)
[2025-12-09T22:16:16.919+0000] {spark_submit.py:491} INFO - at py4j.Gateway.invoke(Gateway.java:238)
[2025-12-09T22:16:16.919+0000] {spark_submit.py:491} INFO - at py4j.commands.ConstructorCommand.invokeConstructor(ConstructorCommand.java:80)
[2025-12-09T22:16:16.919+0000] {spark_submit.py:491} INFO - at py4j.commands.ConstructorCommand.execute(ConstructorCommand.java:69)
[2025-12-09T22:16:16.919+0000] {spark_submit.py:491} INFO - at py4j.ClientServerConnection.waitForCommands(ClientServerConnection.java:182)
[2025-12-09T22:16:16.919+0000] {spark_submit.py:491} INFO - at py4j.ClientServerConnection.run(ClientServerConnection.java:106)
[2025-12-09T22:16:16.919+0000] {spark_submit.py:491} INFO - at java.base/java.lang.Thread.run(Thread.java:840)
[2025-12-09T22:16:16.919+0000] {spark_submit.py:491} INFO - 
[2025-12-09T22:16:16.920+0000] {spark_submit.py:491} INFO - ❌ Error Details: An error occurred while calling None.org.apache.spark.api.java.JavaSparkContext.
[2025-12-09T22:16:16.920+0000] {spark_submit.py:491} INFO - : java.io.FileNotFoundException: File file:/spark-events does not exist
[2025-12-09T22:16:16.920+0000] {spark_submit.py:491} INFO - at org.apache.hadoop.fs.RawLocalFileSystem.deprecatedGetFileStatus(RawLocalFileSystem.java:779)
[2025-12-09T22:16:16.920+0000] {spark_submit.py:491} INFO - at org.apache.hadoop.fs.RawLocalFileSystem.getFileLinkStatusInternal(RawLocalFileSystem.java:1100)
[2025-12-09T22:16:16.920+0000] {spark_submit.py:491} INFO - at org.apache.hadoop.fs.RawLocalFileSystem.getFileStatus(RawLocalFileSystem.java:769)
[2025-12-09T22:16:16.920+0000] {spark_submit.py:491} INFO - at org.apache.hadoop.fs.FilterFileSystem.getFileStatus(FilterFileSystem.java:462)
[2025-12-09T22:16:16.920+0000] {spark_submit.py:491} INFO - at org.apache.spark.deploy.history.EventLogFileWriter.requireLogBaseDirAsDirectory(EventLogFileWriters.scala:77)
[2025-12-09T22:16:16.920+0000] {spark_submit.py:491} INFO - at org.apache.spark.deploy.history.SingleEventLogFileWriter.start(EventLogFileWriters.scala:221)
[2025-12-09T22:16:16.920+0000] {spark_submit.py:491} INFO - at org.apache.spark.scheduler.EventLoggingListener.start(EventLoggingListener.scala:81)
[2025-12-09T22:16:16.920+0000] {spark_submit.py:491} INFO - at org.apache.spark.SparkContext.<init>(SparkContext.scala:616)
[2025-12-09T22:16:16.920+0000] {spark_submit.py:491} INFO - at org.apache.spark.api.java.JavaSparkContext.<init>(JavaSparkContext.scala:58)
[2025-12-09T22:16:16.920+0000] {spark_submit.py:491} INFO - at java.base/jdk.internal.reflect.NativeConstructorAccessorImpl.newInstance0(Native Method)
[2025-12-09T22:16:16.920+0000] {spark_submit.py:491} INFO - at java.base/jdk.internal.reflect.NativeConstructorAccessorImpl.newInstance(NativeConstructorAccessorImpl.java:77)
[2025-12-09T22:16:16.920+0000] {spark_submit.py:491} INFO - at java.base/jdk.internal.reflect.DelegatingConstructorAccessorImpl.newInstance(DelegatingConstructorAccessorImpl.java:45)
[2025-12-09T22:16:16.920+0000] {spark_submit.py:491} INFO - at java.base/java.lang.reflect.Constructor.newInstanceWithCaller(Constructor.java:500)
[2025-12-09T22:16:16.920+0000] {spark_submit.py:491} INFO - at java.base/java.lang.reflect.Constructor.newInstance(Constructor.java:481)
[2025-12-09T22:16:16.920+0000] {spark_submit.py:491} INFO - at py4j.reflection.MethodInvoker.invoke(MethodInvoker.java:247)
[2025-12-09T22:16:16.920+0000] {spark_submit.py:491} INFO - at py4j.reflection.ReflectionEngine.invoke(ReflectionEngine.java:374)
[2025-12-09T22:16:16.920+0000] {spark_submit.py:491} INFO - at py4j.Gateway.invoke(Gateway.java:238)
[2025-12-09T22:16:16.920+0000] {spark_submit.py:491} INFO - at py4j.commands.ConstructorCommand.invokeConstructor(ConstructorCommand.java:80)
[2025-12-09T22:16:16.920+0000] {spark_submit.py:491} INFO - at py4j.commands.ConstructorCommand.execute(ConstructorCommand.java:69)
[2025-12-09T22:16:16.920+0000] {spark_submit.py:491} INFO - at py4j.ClientServerConnection.waitForCommands(ClientServerConnection.java:182)
[2025-12-09T22:16:16.920+0000] {spark_submit.py:491} INFO - at py4j.ClientServerConnection.run(ClientServerConnection.java:106)
[2025-12-09T22:16:16.920+0000] {spark_submit.py:491} INFO - at java.base/java.lang.Thread.run(Thread.java:840)
[2025-12-09T22:16:16.920+0000] {spark_submit.py:491} INFO - 
[2025-12-09T22:16:16.920+0000] {spark_submit.py:491} INFO - INFO:py4j.clientserver:Closing down clientserver connection
[2025-12-09T22:16:16.950+0000] {spark_submit.py:491} INFO - 25/12/09 22:16:16 INFO ShutdownHookManager: Shutdown hook called
[2025-12-09T22:16:16.951+0000] {spark_submit.py:491} INFO - 25/12/09 22:16:16 INFO ShutdownHookManager: Deleting directory /tmp/spark-697ac1f4-64e0-4c00-8a88-d8a6857d489f
[2025-12-09T22:16:16.954+0000] {spark_submit.py:491} INFO - 25/12/09 22:16:16 INFO ShutdownHookManager: Deleting directory /tmp/spark-5bb8cf87-f433-47da-83f1-35b3e5975b50
[2025-12-09T22:16:16.989+0000] {taskinstance.py:1935} ERROR - Task failed with exception
Traceback (most recent call last):
  File "/home/airflow/.local/lib/python3.9/site-packages/airflow/providers/apache/spark/operators/spark_submit.py", line 156, in execute
    self._hook.submit(self._application)
  File "/home/airflow/.local/lib/python3.9/site-packages/airflow/providers/apache/spark/hooks/spark_submit.py", line 422, in submit
    raise AirflowException(
airflow.exceptions.AirflowException: Cannot execute: spark-submit --master spark://spark-master:7077 --conf spark.eventLog.enabled=true --conf spark.eventLog.dir=/opt/spark-events --conf spark.history.fs.logDirectory=/opt/spark-events --conf spark.hadoop.fs.s3a.endpoint=http://minio:9000 --conf spark.hadoop.fs.s3a.access.key=admin --conf spark.hadoop.fs.s3a.secret.key=****** --conf spark.hadoop.fs.s3a.path.style.access=true --conf spark.hadoop.fs.s3a.impl=org.apache.hadoop.fs.s3a.S3AFileSystem --conf spark.sql.shuffle.partitions=200 --conf spark.dynamicAllocation.enabled=false --num-executors 2 --executor-cores 2 --executor-memory 2g --driver-memory 1g --name AmountDataProcessor_20251209T221333 --verbose jobs/s3_amount_processor.py. Error code is: 1.
[2025-12-09T22:16:16.992+0000] {taskinstance.py:1398} INFO - Marking task as UP_FOR_RETRY. dag_id=amount_data_s3_processing_pipeline, task_id=submit_spark_job, execution_date=20251209T221333, start_date=20251209T221613, end_date=20251209T221616
[2025-12-09T22:16:17.002+0000] {standard_task_runner.py:104} ERROR - Failed to execute job 66 for task submit_spark_job (Cannot execute: spark-submit --master spark://spark-master:7077 --conf spark.eventLog.enabled=true --conf spark.eventLog.dir=/opt/spark-events --conf spark.history.fs.logDirectory=/opt/spark-events --conf spark.hadoop.fs.s3a.endpoint=http://minio:9000 --conf spark.hadoop.fs.s3a.access.key=admin --conf spark.hadoop.fs.s3a.secret.key=****** --conf spark.hadoop.fs.s3a.path.style.access=true --conf spark.hadoop.fs.s3a.impl=org.apache.hadoop.fs.s3a.S3AFileSystem --conf spark.sql.shuffle.partitions=200 --conf spark.dynamicAllocation.enabled=false --num-executors 2 --executor-cores 2 --executor-memory 2g --driver-memory 1g --name AmountDataProcessor_20251209T221333 --verbose jobs/s3_amount_processor.py. Error code is: 1.; 460)
[2025-12-09T22:16:17.022+0000] {local_task_job_runner.py:228} INFO - Task exited with return code 1
[2025-12-09T22:16:17.045+0000] {taskinstance.py:2776} INFO - 0 downstream tasks scheduled from follow-on schedule check
