[2025-12-09T22:22:17.883+0000] {taskinstance.py:1157} INFO - Dependencies all met for dep_context=non-requeueable deps ti=<TaskInstance: amount_data_s3_processing_pipeline.submit_spark_job manual__2025-12-09T22:13:33.168137+00:00 [queued]>
[2025-12-09T22:22:17.890+0000] {taskinstance.py:1157} INFO - Dependencies all met for dep_context=requeueable deps ti=<TaskInstance: amount_data_s3_processing_pipeline.submit_spark_job manual__2025-12-09T22:13:33.168137+00:00 [queued]>
[2025-12-09T22:22:17.890+0000] {taskinstance.py:1359} INFO - Starting attempt 4 of 6
[2025-12-09T22:22:17.900+0000] {taskinstance.py:1380} INFO - Executing <Task(SparkSubmitOperator): submit_spark_job> on 2025-12-09 22:13:33.168137+00:00
[2025-12-09T22:22:17.904+0000] {standard_task_runner.py:57} INFO - Started process 1450 to run task
[2025-12-09T22:22:17.907+0000] {standard_task_runner.py:84} INFO - Running: ['***', 'tasks', 'run', 'amount_data_s3_processing_pipeline', 'submit_spark_job', 'manual__2025-12-09T22:13:33.168137+00:00', '--job-id', '69', '--raw', '--subdir', 'DAGS_FOLDER/amount_data_s3_processing_pipeline.py', '--cfg-path', '/tmp/tmp_2shjbdx']
[2025-12-09T22:22:17.910+0000] {standard_task_runner.py:85} INFO - Job 69: Subtask submit_spark_job
[2025-12-09T22:22:17.959+0000] {task_command.py:415} INFO - Running <TaskInstance: amount_data_s3_processing_pipeline.submit_spark_job manual__2025-12-09T22:13:33.168137+00:00 [running]> on host 9a461450159a
[2025-12-09T22:22:18.037+0000] {taskinstance.py:1660} INFO - Exporting env vars: AIRFLOW_CTX_DAG_OWNER='***' AIRFLOW_CTX_DAG_ID='amount_data_s3_processing_pipeline' AIRFLOW_CTX_TASK_ID='submit_spark_job' AIRFLOW_CTX_EXECUTION_DATE='2025-12-09T22:13:33.168137+00:00' AIRFLOW_CTX_TRY_NUMBER='4' AIRFLOW_CTX_DAG_RUN_ID='manual__2025-12-09T22:13:33.168137+00:00'
[2025-12-09T22:22:18.046+0000] {base.py:73} INFO - Using connection ID 'spark-conn' for task execution.
[2025-12-09T22:22:18.047+0000] {spark_submit.py:340} INFO - Spark-Submit cmd: spark-submit --master spark://spark-master:7077 --conf spark.eventLog.enabled=true --conf spark.eventLog.dir=/opt/spark-events --conf spark.history.fs.logDirectory=/opt/spark-events --conf spark.hadoop.fs.s3a.endpoint=http://minio:9000 --conf spark.hadoop.fs.s3a.access.key=admin --conf spark.hadoop.fs.s3a.secret.key=****** --conf spark.hadoop.fs.s3a.path.style.access=true --conf spark.hadoop.fs.s3a.impl=org.apache.hadoop.fs.s3a.S3AFileSystem --conf spark.sql.shuffle.partitions=200 --conf spark.dynamicAllocation.enabled=false --num-executors 2 --executor-cores 2 --executor-memory 2g --driver-memory 1g --name AmountDataProcessor_20251209T221333 --verbose jobs/s3_amount_processor.py
[2025-12-09T22:22:19.260+0000] {spark_submit.py:491} INFO - Using properties file: null
[2025-12-09T22:22:19.370+0000] {spark_submit.py:491} INFO - Parsed arguments:
[2025-12-09T22:22:19.371+0000] {spark_submit.py:491} INFO - master                  spark://spark-master:7077
[2025-12-09T22:22:19.371+0000] {spark_submit.py:491} INFO - remote                  null
[2025-12-09T22:22:19.371+0000] {spark_submit.py:491} INFO - deployMode              null
[2025-12-09T22:22:19.371+0000] {spark_submit.py:491} INFO - executorMemory          2g
[2025-12-09T22:22:19.371+0000] {spark_submit.py:491} INFO - executorCores           2
[2025-12-09T22:22:19.371+0000] {spark_submit.py:491} INFO - totalExecutorCores      null
[2025-12-09T22:22:19.371+0000] {spark_submit.py:491} INFO - propertiesFile          null
[2025-12-09T22:22:19.371+0000] {spark_submit.py:491} INFO - driverMemory            1g
[2025-12-09T22:22:19.371+0000] {spark_submit.py:491} INFO - driverCores             null
[2025-12-09T22:22:19.371+0000] {spark_submit.py:491} INFO - driverExtraClassPath    null
[2025-12-09T22:22:19.371+0000] {spark_submit.py:491} INFO - driverExtraLibraryPath  null
[2025-12-09T22:22:19.371+0000] {spark_submit.py:491} INFO - driverExtraJavaOptions  null
[2025-12-09T22:22:19.371+0000] {spark_submit.py:491} INFO - supervise               false
[2025-12-09T22:22:19.371+0000] {spark_submit.py:491} INFO - queue                   null
[2025-12-09T22:22:19.371+0000] {spark_submit.py:491} INFO - numExecutors            2
[2025-12-09T22:22:19.371+0000] {spark_submit.py:491} INFO - files                   null
[2025-12-09T22:22:19.371+0000] {spark_submit.py:491} INFO - pyFiles                 null
[2025-12-09T22:22:19.371+0000] {spark_submit.py:491} INFO - archives                null
[2025-12-09T22:22:19.371+0000] {spark_submit.py:491} INFO - mainClass               null
[2025-12-09T22:22:19.371+0000] {spark_submit.py:491} INFO - primaryResource         file:/opt/***/jobs/s3_amount_processor.py
[2025-12-09T22:22:19.371+0000] {spark_submit.py:491} INFO - name                    AmountDataProcessor_20251209T221333
[2025-12-09T22:22:19.371+0000] {spark_submit.py:491} INFO - childArgs               []
[2025-12-09T22:22:19.372+0000] {spark_submit.py:491} INFO - jars                    null
[2025-12-09T22:22:19.372+0000] {spark_submit.py:491} INFO - packages                null
[2025-12-09T22:22:19.372+0000] {spark_submit.py:491} INFO - packagesExclusions      null
[2025-12-09T22:22:19.372+0000] {spark_submit.py:491} INFO - repositories            null
[2025-12-09T22:22:19.372+0000] {spark_submit.py:491} INFO - verbose                 true
[2025-12-09T22:22:19.372+0000] {spark_submit.py:491} INFO - 
[2025-12-09T22:22:19.372+0000] {spark_submit.py:491} INFO - Spark properties used, including those specified through
[2025-12-09T22:22:19.372+0000] {spark_submit.py:491} INFO - --conf and those from the properties file null:
[2025-12-09T22:22:19.372+0000] {spark_submit.py:491} INFO - (spark.driver.memory,1g)
[2025-12-09T22:22:19.372+0000] {spark_submit.py:491} INFO - (spark.dynamicAllocation.enabled,false)
[2025-12-09T22:22:19.372+0000] {spark_submit.py:491} INFO - (spark.eventLog.dir,/opt/spark-events)
[2025-12-09T22:22:19.372+0000] {spark_submit.py:491} INFO - (spark.eventLog.enabled,true)
[2025-12-09T22:22:19.372+0000] {spark_submit.py:491} INFO - (spark.hadoop.fs.s3a.access.key,*********(redacted))
[2025-12-09T22:22:19.372+0000] {spark_submit.py:491} INFO - (spark.hadoop.fs.s3a.endpoint,http://minio:9000)
[2025-12-09T22:22:19.372+0000] {spark_submit.py:491} INFO - (spark.hadoop.fs.s3a.impl,org.apache.hadoop.fs.s3a.S3AFileSystem)
[2025-12-09T22:22:19.372+0000] {spark_submit.py:491} INFO - (spark.hadoop.fs.s3a.path.style.access,true)
[2025-12-09T22:22:19.372+0000] {spark_submit.py:491} INFO - (spark.hadoop.fs.s3a.secret.key,*********(redacted))
[2025-12-09T22:22:19.372+0000] {spark_submit.py:491} INFO - (spark.history.fs.logDirectory,/opt/spark-events)
[2025-12-09T22:22:19.372+0000] {spark_submit.py:491} INFO - (spark.sql.shuffle.partitions,200)
[2025-12-09T22:22:19.372+0000] {spark_submit.py:491} INFO - 
[2025-12-09T22:22:19.372+0000] {spark_submit.py:491} INFO - 
[2025-12-09T22:22:19.588+0000] {spark_submit.py:491} INFO - Main class:
[2025-12-09T22:22:19.589+0000] {spark_submit.py:491} INFO - org.apache.spark.deploy.PythonRunner
[2025-12-09T22:22:19.589+0000] {spark_submit.py:491} INFO - Arguments:
[2025-12-09T22:22:19.589+0000] {spark_submit.py:491} INFO - file:/opt/***/jobs/s3_amount_processor.py
[2025-12-09T22:22:19.590+0000] {spark_submit.py:491} INFO - null
[2025-12-09T22:22:19.591+0000] {spark_submit.py:491} INFO - Spark config:
[2025-12-09T22:22:19.592+0000] {spark_submit.py:491} INFO - (spark.app.name,AmountDataProcessor_20251209T221333)
[2025-12-09T22:22:19.592+0000] {spark_submit.py:491} INFO - (spark.app.submitTime,1765318939565)
[2025-12-09T22:22:19.592+0000] {spark_submit.py:491} INFO - (spark.driver.memory,1g)
[2025-12-09T22:22:19.592+0000] {spark_submit.py:491} INFO - (spark.dynamicAllocation.enabled,false)
[2025-12-09T22:22:19.593+0000] {spark_submit.py:491} INFO - (spark.eventLog.dir,/opt/spark-events)
[2025-12-09T22:22:19.593+0000] {spark_submit.py:491} INFO - (spark.eventLog.enabled,true)
[2025-12-09T22:22:19.593+0000] {spark_submit.py:491} INFO - (spark.executor.cores,2)
[2025-12-09T22:22:19.593+0000] {spark_submit.py:491} INFO - (spark.executor.memory,2g)
[2025-12-09T22:22:19.593+0000] {spark_submit.py:491} INFO - (spark.hadoop.fs.s3a.access.key,*********(redacted))
[2025-12-09T22:22:19.593+0000] {spark_submit.py:491} INFO - (spark.hadoop.fs.s3a.endpoint,http://minio:9000)
[2025-12-09T22:22:19.593+0000] {spark_submit.py:491} INFO - (spark.hadoop.fs.s3a.impl,org.apache.hadoop.fs.s3a.S3AFileSystem)
[2025-12-09T22:22:19.593+0000] {spark_submit.py:491} INFO - (spark.hadoop.fs.s3a.path.style.access,true)
[2025-12-09T22:22:19.593+0000] {spark_submit.py:491} INFO - (spark.hadoop.fs.s3a.secret.key,*********(redacted))
[2025-12-09T22:22:19.593+0000] {spark_submit.py:491} INFO - (spark.history.fs.logDirectory,/opt/spark-events)
[2025-12-09T22:22:19.593+0000] {spark_submit.py:491} INFO - (spark.master,spark://spark-master:7077)
[2025-12-09T22:22:19.593+0000] {spark_submit.py:491} INFO - (spark.sql.shuffle.partitions,200)
[2025-12-09T22:22:19.593+0000] {spark_submit.py:491} INFO - (spark.submit.deployMode,client)
[2025-12-09T22:22:19.593+0000] {spark_submit.py:491} INFO - (spark.submit.pyFiles,)
[2025-12-09T22:22:19.593+0000] {spark_submit.py:491} INFO - Classpath elements:
[2025-12-09T22:22:19.594+0000] {spark_submit.py:491} INFO - 
[2025-12-09T22:22:19.594+0000] {spark_submit.py:491} INFO - 
[2025-12-09T22:22:19.594+0000] {spark_submit.py:491} INFO - 
[2025-12-09T22:22:20.062+0000] {spark_submit.py:491} INFO - 
[2025-12-09T22:22:20.063+0000] {spark_submit.py:491} INFO - ================================================================================
[2025-12-09T22:22:20.063+0000] {spark_submit.py:491} INFO - 🎯 AMOUNT DATA PROCESSOR - STARTING PIPELINE
[2025-12-09T22:22:20.063+0000] {spark_submit.py:491} INFO - ================================================================================
[2025-12-09T22:22:20.063+0000] {spark_submit.py:491} INFO - 
[2025-12-09T22:22:20.063+0000] {spark_submit.py:491} INFO - ⚙️  Configuration:
[2025-12-09T22:22:20.063+0000] {spark_submit.py:491} INFO - Source Bucket: test
[2025-12-09T22:22:20.063+0000] {spark_submit.py:491} INFO - Target Bucket: warehouse
[2025-12-09T22:22:20.063+0000] {spark_submit.py:491} INFO - Source Path: s3a://test/source/
[2025-12-09T22:22:20.063+0000] {spark_submit.py:491} INFO - Target Path: s3a://warehouse/processed/
[2025-12-09T22:22:20.063+0000] {spark_submit.py:491} INFO - MinIO Endpoint: http://minio:9000
[2025-12-09T22:22:20.063+0000] {spark_submit.py:491} INFO - Spark Master: spark://spark-master:7077
[2025-12-09T22:22:20.063+0000] {spark_submit.py:491} INFO - 
[2025-12-09T22:22:20.064+0000] {spark_submit.py:491} INFO - 
[2025-12-09T22:22:20.064+0000] {spark_submit.py:491} INFO - ================================================================================
[2025-12-09T22:22:20.064+0000] {spark_submit.py:491} INFO - 🚀 INITIALIZING SPARK SESSION
[2025-12-09T22:22:20.064+0000] {spark_submit.py:491} INFO - ================================================================================
[2025-12-09T22:22:20.064+0000] {spark_submit.py:491} INFO - 
[2025-12-09T22:22:20.159+0000] {spark_submit.py:491} INFO - 25/12/09 22:22:20 INFO SparkContext: Running Spark version 3.4.0
[2025-12-09T22:22:20.204+0000] {spark_submit.py:491} INFO - 25/12/09 22:22:20 WARN NativeCodeLoader: Unable to load native-hadoop library for your platform... using builtin-java classes where applicable
[2025-12-09T22:22:20.273+0000] {spark_submit.py:491} INFO - 25/12/09 22:22:20 INFO ResourceUtils: ==============================================================
[2025-12-09T22:22:20.274+0000] {spark_submit.py:491} INFO - 25/12/09 22:22:20 INFO ResourceUtils: No custom resources configured for spark.driver.
[2025-12-09T22:22:20.274+0000] {spark_submit.py:491} INFO - 25/12/09 22:22:20 INFO ResourceUtils: ==============================================================
[2025-12-09T22:22:20.275+0000] {spark_submit.py:491} INFO - 25/12/09 22:22:20 INFO SparkContext: Submitted application: AmountDataProcessor
[2025-12-09T22:22:20.292+0000] {spark_submit.py:491} INFO - 25/12/09 22:22:20 INFO ResourceProfile: Default ResourceProfile created, executor resources: Map(cores -> name: cores, amount: 2, script: , vendor: , memory -> name: memory, amount: 2048, script: , vendor: , offHeap -> name: offHeap, amount: 0, script: , vendor: ), task resources: Map(cpus -> name: cpus, amount: 1.0)
[2025-12-09T22:22:20.299+0000] {spark_submit.py:491} INFO - 25/12/09 22:22:20 INFO ResourceProfile: Limiting resource is cpus at 2 tasks per executor
[2025-12-09T22:22:20.301+0000] {spark_submit.py:491} INFO - 25/12/09 22:22:20 INFO ResourceProfileManager: Added ResourceProfile id: 0
[2025-12-09T22:22:20.337+0000] {spark_submit.py:491} INFO - 25/12/09 22:22:20 INFO SecurityManager: Changing view acls to: root
[2025-12-09T22:22:20.338+0000] {spark_submit.py:491} INFO - 25/12/09 22:22:20 INFO SecurityManager: Changing modify acls to: root
[2025-12-09T22:22:20.338+0000] {spark_submit.py:491} INFO - 25/12/09 22:22:20 INFO SecurityManager: Changing view acls groups to:
[2025-12-09T22:22:20.339+0000] {spark_submit.py:491} INFO - 25/12/09 22:22:20 INFO SecurityManager: Changing modify acls groups to:
[2025-12-09T22:22:20.339+0000] {spark_submit.py:491} INFO - 25/12/09 22:22:20 INFO SecurityManager: SecurityManager: authentication disabled; ui acls disabled; users with view permissions: root; groups with view permissions: EMPTY; users with modify permissions: root; groups with modify permissions: EMPTY
[2025-12-09T22:22:20.530+0000] {spark_submit.py:491} INFO - 25/12/09 22:22:20 INFO Utils: Successfully started service 'sparkDriver' on port 35505.
[2025-12-09T22:22:20.558+0000] {spark_submit.py:491} INFO - 25/12/09 22:22:20 INFO SparkEnv: Registering MapOutputTracker
[2025-12-09T22:22:20.590+0000] {spark_submit.py:491} INFO - 25/12/09 22:22:20 INFO SparkEnv: Registering BlockManagerMaster
[2025-12-09T22:22:20.604+0000] {spark_submit.py:491} INFO - 25/12/09 22:22:20 INFO BlockManagerMasterEndpoint: Using org.apache.spark.storage.DefaultTopologyMapper for getting topology information
[2025-12-09T22:22:20.605+0000] {spark_submit.py:491} INFO - 25/12/09 22:22:20 INFO BlockManagerMasterEndpoint: BlockManagerMasterEndpoint up
[2025-12-09T22:22:20.609+0000] {spark_submit.py:491} INFO - 25/12/09 22:22:20 INFO SparkEnv: Registering BlockManagerMasterHeartbeat
[2025-12-09T22:22:20.623+0000] {spark_submit.py:491} INFO - 25/12/09 22:22:20 INFO DiskBlockManager: Created local directory at /tmp/blockmgr-7eb57acf-8cb5-492a-900e-7aebe291fdb8
[2025-12-09T22:22:20.635+0000] {spark_submit.py:491} INFO - 25/12/09 22:22:20 INFO MemoryStore: MemoryStore started with capacity 434.4 MiB
[2025-12-09T22:22:20.647+0000] {spark_submit.py:491} INFO - 25/12/09 22:22:20 INFO SparkEnv: Registering OutputCommitCoordinator
[2025-12-09T22:22:20.749+0000] {spark_submit.py:491} INFO - 25/12/09 22:22:20 INFO JettyUtils: Start Jetty 0.0.0.0:4040 for SparkUI
[2025-12-09T22:22:20.798+0000] {spark_submit.py:491} INFO - 25/12/09 22:22:20 INFO Utils: Successfully started service 'SparkUI' on port 4040.
[2025-12-09T22:22:20.906+0000] {spark_submit.py:491} INFO - 25/12/09 22:22:20 INFO StandaloneAppClient$ClientEndpoint: Connecting to master spark://spark-master:7077...
[2025-12-09T22:22:20.947+0000] {spark_submit.py:491} INFO - 25/12/09 22:22:20 INFO TransportClientFactory: Successfully created connection to spark-master/172.19.0.5:7077 after 23 ms (0 ms spent in bootstraps)
[2025-12-09T22:22:21.033+0000] {spark_submit.py:491} INFO - 25/12/09 22:22:21 INFO StandaloneSchedulerBackend: Connected to Spark cluster with app ID app-20251209222221-0003
[2025-12-09T22:22:21.036+0000] {spark_submit.py:491} INFO - 25/12/09 22:22:21 INFO StandaloneAppClient$ClientEndpoint: Executor added: app-20251209222221-0003/0 on worker-20251209221249-spark-worker-45971 (spark-worker:45971) with 2 core(s)
[2025-12-09T22:22:21.040+0000] {spark_submit.py:491} INFO - 25/12/09 22:22:21 INFO StandaloneSchedulerBackend: Granted executor ID app-20251209222221-0003/0 on hostPort spark-worker:45971 with 2 core(s), 2.0 GiB RAM
[2025-12-09T22:22:21.040+0000] {spark_submit.py:491} INFO - 25/12/09 22:22:21 INFO StandaloneAppClient$ClientEndpoint: Executor added: app-20251209222221-0003/1 on worker-20251209221249-spark-worker-45971 (spark-worker:45971) with 2 core(s)
[2025-12-09T22:22:21.041+0000] {spark_submit.py:491} INFO - 25/12/09 22:22:21 INFO StandaloneSchedulerBackend: Granted executor ID app-20251209222221-0003/1 on hostPort spark-worker:45971 with 2 core(s), 2.0 GiB RAM
[2025-12-09T22:22:21.042+0000] {spark_submit.py:491} INFO - 25/12/09 22:22:21 INFO Utils: Successfully started service 'org.apache.spark.network.netty.NettyBlockTransferService' on port 36711.
[2025-12-09T22:22:21.043+0000] {spark_submit.py:491} INFO - 25/12/09 22:22:21 INFO NettyBlockTransferService: Server created on 9a461450159a:36711
[2025-12-09T22:22:21.049+0000] {spark_submit.py:491} INFO - 25/12/09 22:22:21 INFO BlockManager: Using org.apache.spark.storage.RandomBlockReplicationPolicy for block replication policy
[2025-12-09T22:22:21.056+0000] {spark_submit.py:491} INFO - 25/12/09 22:22:21 INFO BlockManagerMaster: Registering BlockManager BlockManagerId(driver, 9a461450159a, 36711, None)
[2025-12-09T22:22:21.060+0000] {spark_submit.py:491} INFO - 25/12/09 22:22:21 INFO BlockManagerMasterEndpoint: Registering block manager 9a461450159a:36711 with 434.4 MiB RAM, BlockManagerId(driver, 9a461450159a, 36711, None)
[2025-12-09T22:22:21.063+0000] {spark_submit.py:491} INFO - 25/12/09 22:22:21 INFO BlockManagerMaster: Registered BlockManager BlockManagerId(driver, 9a461450159a, 36711, None)
[2025-12-09T22:22:21.066+0000] {spark_submit.py:491} INFO - 25/12/09 22:22:21 INFO BlockManager: Initialized BlockManager: BlockManagerId(driver, 9a461450159a, 36711, None)
[2025-12-09T22:22:21.089+0000] {spark_submit.py:491} INFO - 25/12/09 22:22:21 INFO StandaloneAppClient$ClientEndpoint: Executor updated: app-20251209222221-0003/0 is now RUNNING
[2025-12-09T22:22:21.094+0000] {spark_submit.py:491} INFO - 25/12/09 22:22:21 INFO StandaloneAppClient$ClientEndpoint: Executor updated: app-20251209222221-0003/1 is now RUNNING
[2025-12-09T22:22:21.310+0000] {spark_submit.py:491} INFO - 25/12/09 22:22:21 ERROR SparkContext: Error initializing SparkContext.
[2025-12-09T22:22:21.311+0000] {spark_submit.py:491} INFO - java.io.FileNotFoundException: File file:/spark-events does not exist
[2025-12-09T22:22:21.311+0000] {spark_submit.py:491} INFO - at org.apache.hadoop.fs.RawLocalFileSystem.deprecatedGetFileStatus(RawLocalFileSystem.java:779)
[2025-12-09T22:22:21.311+0000] {spark_submit.py:491} INFO - at org.apache.hadoop.fs.RawLocalFileSystem.getFileLinkStatusInternal(RawLocalFileSystem.java:1100)
[2025-12-09T22:22:21.311+0000] {spark_submit.py:491} INFO - at org.apache.hadoop.fs.RawLocalFileSystem.getFileStatus(RawLocalFileSystem.java:769)
[2025-12-09T22:22:21.311+0000] {spark_submit.py:491} INFO - at org.apache.hadoop.fs.FilterFileSystem.getFileStatus(FilterFileSystem.java:462)
[2025-12-09T22:22:21.312+0000] {spark_submit.py:491} INFO - at org.apache.spark.deploy.history.EventLogFileWriter.requireLogBaseDirAsDirectory(EventLogFileWriters.scala:77)
[2025-12-09T22:22:21.312+0000] {spark_submit.py:491} INFO - at org.apache.spark.deploy.history.SingleEventLogFileWriter.start(EventLogFileWriters.scala:221)
[2025-12-09T22:22:21.312+0000] {spark_submit.py:491} INFO - at org.apache.spark.scheduler.EventLoggingListener.start(EventLoggingListener.scala:81)
[2025-12-09T22:22:21.312+0000] {spark_submit.py:491} INFO - at org.apache.spark.SparkContext.<init>(SparkContext.scala:616)
[2025-12-09T22:22:21.312+0000] {spark_submit.py:491} INFO - at org.apache.spark.api.java.JavaSparkContext.<init>(JavaSparkContext.scala:58)
[2025-12-09T22:22:21.312+0000] {spark_submit.py:491} INFO - at java.base/jdk.internal.reflect.NativeConstructorAccessorImpl.newInstance0(Native Method)
[2025-12-09T22:22:21.312+0000] {spark_submit.py:491} INFO - at java.base/jdk.internal.reflect.NativeConstructorAccessorImpl.newInstance(NativeConstructorAccessorImpl.java:77)
[2025-12-09T22:22:21.312+0000] {spark_submit.py:491} INFO - at java.base/jdk.internal.reflect.DelegatingConstructorAccessorImpl.newInstance(DelegatingConstructorAccessorImpl.java:45)
[2025-12-09T22:22:21.312+0000] {spark_submit.py:491} INFO - at java.base/java.lang.reflect.Constructor.newInstanceWithCaller(Constructor.java:500)
[2025-12-09T22:22:21.312+0000] {spark_submit.py:491} INFO - at java.base/java.lang.reflect.Constructor.newInstance(Constructor.java:481)
[2025-12-09T22:22:21.313+0000] {spark_submit.py:491} INFO - at py4j.reflection.MethodInvoker.invoke(MethodInvoker.java:247)
[2025-12-09T22:22:21.313+0000] {spark_submit.py:491} INFO - at py4j.reflection.ReflectionEngine.invoke(ReflectionEngine.java:374)
[2025-12-09T22:22:21.313+0000] {spark_submit.py:491} INFO - at py4j.Gateway.invoke(Gateway.java:238)
[2025-12-09T22:22:21.313+0000] {spark_submit.py:491} INFO - at py4j.commands.ConstructorCommand.invokeConstructor(ConstructorCommand.java:80)
[2025-12-09T22:22:21.313+0000] {spark_submit.py:491} INFO - at py4j.commands.ConstructorCommand.execute(ConstructorCommand.java:69)
[2025-12-09T22:22:21.313+0000] {spark_submit.py:491} INFO - at py4j.ClientServerConnection.waitForCommands(ClientServerConnection.java:182)
[2025-12-09T22:22:21.313+0000] {spark_submit.py:491} INFO - at py4j.ClientServerConnection.run(ClientServerConnection.java:106)
[2025-12-09T22:22:21.313+0000] {spark_submit.py:491} INFO - at java.base/java.lang.Thread.run(Thread.java:840)
[2025-12-09T22:22:21.314+0000] {spark_submit.py:491} INFO - 25/12/09 22:22:21 INFO SparkContext: SparkContext is stopping with exitCode 0.
[2025-12-09T22:22:21.339+0000] {spark_submit.py:491} INFO - 25/12/09 22:22:21 INFO SparkUI: Stopped Spark web UI at http://9a461450159a:4040
[2025-12-09T22:22:21.348+0000] {spark_submit.py:491} INFO - 25/12/09 22:22:21 INFO StandaloneSchedulerBackend: Shutting down all executors
[2025-12-09T22:22:21.353+0000] {spark_submit.py:491} INFO - 25/12/09 22:22:21 INFO StandaloneSchedulerBackend$StandaloneDriverEndpoint: Asking each executor to shut down
[2025-12-09T22:22:21.379+0000] {spark_submit.py:491} INFO - 25/12/09 22:22:21 INFO MapOutputTrackerMasterEndpoint: MapOutputTrackerMasterEndpoint stopped!
[2025-12-09T22:22:21.401+0000] {spark_submit.py:491} INFO - 25/12/09 22:22:21 INFO MemoryStore: MemoryStore cleared
[2025-12-09T22:22:21.402+0000] {spark_submit.py:491} INFO - 25/12/09 22:22:21 INFO BlockManager: BlockManager stopped
[2025-12-09T22:22:21.407+0000] {spark_submit.py:491} INFO - 25/12/09 22:22:21 INFO BlockManagerMaster: BlockManagerMaster stopped
[2025-12-09T22:22:21.409+0000] {spark_submit.py:491} INFO - 25/12/09 22:22:21 INFO OutputCommitCoordinator$OutputCommitCoordinatorEndpoint: OutputCommitCoordinator stopped!
[2025-12-09T22:22:21.423+0000] {spark_submit.py:491} INFO - 25/12/09 22:22:21 INFO SparkContext: Successfully stopped SparkContext
[2025-12-09T22:22:21.424+0000] {spark_submit.py:491} INFO - 
[2025-12-09T22:22:21.424+0000] {spark_submit.py:491} INFO - ================================================================================
[2025-12-09T22:22:21.425+0000] {spark_submit.py:491} INFO - ❌ PIPELINE FAILED!
[2025-12-09T22:22:21.425+0000] {spark_submit.py:491} INFO - ================================================================================
[2025-12-09T22:22:21.425+0000] {spark_submit.py:491} INFO - 
[2025-12-09T22:22:21.425+0000] {spark_submit.py:491} INFO - ERROR:__main__:Fatal Error: An error occurred while calling None.org.apache.spark.api.java.JavaSparkContext.
[2025-12-09T22:22:21.425+0000] {spark_submit.py:491} INFO - : java.io.FileNotFoundException: File file:/spark-events does not exist
[2025-12-09T22:22:21.425+0000] {spark_submit.py:491} INFO - at org.apache.hadoop.fs.RawLocalFileSystem.deprecatedGetFileStatus(RawLocalFileSystem.java:779)
[2025-12-09T22:22:21.425+0000] {spark_submit.py:491} INFO - at org.apache.hadoop.fs.RawLocalFileSystem.getFileLinkStatusInternal(RawLocalFileSystem.java:1100)
[2025-12-09T22:22:21.426+0000] {spark_submit.py:491} INFO - at org.apache.hadoop.fs.RawLocalFileSystem.getFileStatus(RawLocalFileSystem.java:769)
[2025-12-09T22:22:21.426+0000] {spark_submit.py:491} INFO - at org.apache.hadoop.fs.FilterFileSystem.getFileStatus(FilterFileSystem.java:462)
[2025-12-09T22:22:21.426+0000] {spark_submit.py:491} INFO - at org.apache.spark.deploy.history.EventLogFileWriter.requireLogBaseDirAsDirectory(EventLogFileWriters.scala:77)
[2025-12-09T22:22:21.426+0000] {spark_submit.py:491} INFO - at org.apache.spark.deploy.history.SingleEventLogFileWriter.start(EventLogFileWriters.scala:221)
[2025-12-09T22:22:21.426+0000] {spark_submit.py:491} INFO - at org.apache.spark.scheduler.EventLoggingListener.start(EventLoggingListener.scala:81)
[2025-12-09T22:22:21.426+0000] {spark_submit.py:491} INFO - at org.apache.spark.SparkContext.<init>(SparkContext.scala:616)
[2025-12-09T22:22:21.426+0000] {spark_submit.py:491} INFO - at org.apache.spark.api.java.JavaSparkContext.<init>(JavaSparkContext.scala:58)
[2025-12-09T22:22:21.426+0000] {spark_submit.py:491} INFO - at java.base/jdk.internal.reflect.NativeConstructorAccessorImpl.newInstance0(Native Method)
[2025-12-09T22:22:21.426+0000] {spark_submit.py:491} INFO - at java.base/jdk.internal.reflect.NativeConstructorAccessorImpl.newInstance(NativeConstructorAccessorImpl.java:77)
[2025-12-09T22:22:21.426+0000] {spark_submit.py:491} INFO - at java.base/jdk.internal.reflect.DelegatingConstructorAccessorImpl.newInstance(DelegatingConstructorAccessorImpl.java:45)
[2025-12-09T22:22:21.427+0000] {spark_submit.py:491} INFO - at java.base/java.lang.reflect.Constructor.newInstanceWithCaller(Constructor.java:500)
[2025-12-09T22:22:21.427+0000] {spark_submit.py:491} INFO - at java.base/java.lang.reflect.Constructor.newInstance(Constructor.java:481)
[2025-12-09T22:22:21.427+0000] {spark_submit.py:491} INFO - at py4j.reflection.MethodInvoker.invoke(MethodInvoker.java:247)
[2025-12-09T22:22:21.427+0000] {spark_submit.py:491} INFO - at py4j.reflection.ReflectionEngine.invoke(ReflectionEngine.java:374)
[2025-12-09T22:22:21.427+0000] {spark_submit.py:491} INFO - at py4j.Gateway.invoke(Gateway.java:238)
[2025-12-09T22:22:21.427+0000] {spark_submit.py:491} INFO - at py4j.commands.ConstructorCommand.invokeConstructor(ConstructorCommand.java:80)
[2025-12-09T22:22:21.427+0000] {spark_submit.py:491} INFO - at py4j.commands.ConstructorCommand.execute(ConstructorCommand.java:69)
[2025-12-09T22:22:21.427+0000] {spark_submit.py:491} INFO - at py4j.ClientServerConnection.waitForCommands(ClientServerConnection.java:182)
[2025-12-09T22:22:21.427+0000] {spark_submit.py:491} INFO - at py4j.ClientServerConnection.run(ClientServerConnection.java:106)
[2025-12-09T22:22:21.427+0000] {spark_submit.py:491} INFO - at java.base/java.lang.Thread.run(Thread.java:840)
[2025-12-09T22:22:21.427+0000] {spark_submit.py:491} INFO - 
[2025-12-09T22:22:21.427+0000] {spark_submit.py:491} INFO - ❌ Error Details: An error occurred while calling None.org.apache.spark.api.java.JavaSparkContext.
[2025-12-09T22:22:21.427+0000] {spark_submit.py:491} INFO - : java.io.FileNotFoundException: File file:/spark-events does not exist
[2025-12-09T22:22:21.427+0000] {spark_submit.py:491} INFO - at org.apache.hadoop.fs.RawLocalFileSystem.deprecatedGetFileStatus(RawLocalFileSystem.java:779)
[2025-12-09T22:22:21.428+0000] {spark_submit.py:491} INFO - at org.apache.hadoop.fs.RawLocalFileSystem.getFileLinkStatusInternal(RawLocalFileSystem.java:1100)
[2025-12-09T22:22:21.428+0000] {spark_submit.py:491} INFO - at org.apache.hadoop.fs.RawLocalFileSystem.getFileStatus(RawLocalFileSystem.java:769)
[2025-12-09T22:22:21.428+0000] {spark_submit.py:491} INFO - at org.apache.hadoop.fs.FilterFileSystem.getFileStatus(FilterFileSystem.java:462)
[2025-12-09T22:22:21.428+0000] {spark_submit.py:491} INFO - at org.apache.spark.deploy.history.EventLogFileWriter.requireLogBaseDirAsDirectory(EventLogFileWriters.scala:77)
[2025-12-09T22:22:21.428+0000] {spark_submit.py:491} INFO - at org.apache.spark.deploy.history.SingleEventLogFileWriter.start(EventLogFileWriters.scala:221)
[2025-12-09T22:22:21.428+0000] {spark_submit.py:491} INFO - at org.apache.spark.scheduler.EventLoggingListener.start(EventLoggingListener.scala:81)
[2025-12-09T22:22:21.428+0000] {spark_submit.py:491} INFO - at org.apache.spark.SparkContext.<init>(SparkContext.scala:616)
[2025-12-09T22:22:21.428+0000] {spark_submit.py:491} INFO - at org.apache.spark.api.java.JavaSparkContext.<init>(JavaSparkContext.scala:58)
[2025-12-09T22:22:21.428+0000] {spark_submit.py:491} INFO - at java.base/jdk.internal.reflect.NativeConstructorAccessorImpl.newInstance0(Native Method)
[2025-12-09T22:22:21.428+0000] {spark_submit.py:491} INFO - at java.base/jdk.internal.reflect.NativeConstructorAccessorImpl.newInstance(NativeConstructorAccessorImpl.java:77)
[2025-12-09T22:22:21.428+0000] {spark_submit.py:491} INFO - at java.base/jdk.internal.reflect.DelegatingConstructorAccessorImpl.newInstance(DelegatingConstructorAccessorImpl.java:45)
[2025-12-09T22:22:21.428+0000] {spark_submit.py:491} INFO - at java.base/java.lang.reflect.Constructor.newInstanceWithCaller(Constructor.java:500)
[2025-12-09T22:22:21.428+0000] {spark_submit.py:491} INFO - at java.base/java.lang.reflect.Constructor.newInstance(Constructor.java:481)
[2025-12-09T22:22:21.428+0000] {spark_submit.py:491} INFO - at py4j.reflection.MethodInvoker.invoke(MethodInvoker.java:247)
[2025-12-09T22:22:21.428+0000] {spark_submit.py:491} INFO - at py4j.reflection.ReflectionEngine.invoke(ReflectionEngine.java:374)
[2025-12-09T22:22:21.428+0000] {spark_submit.py:491} INFO - at py4j.Gateway.invoke(Gateway.java:238)
[2025-12-09T22:22:21.428+0000] {spark_submit.py:491} INFO - at py4j.commands.ConstructorCommand.invokeConstructor(ConstructorCommand.java:80)
[2025-12-09T22:22:21.428+0000] {spark_submit.py:491} INFO - at py4j.commands.ConstructorCommand.execute(ConstructorCommand.java:69)
[2025-12-09T22:22:21.428+0000] {spark_submit.py:491} INFO - at py4j.ClientServerConnection.waitForCommands(ClientServerConnection.java:182)
[2025-12-09T22:22:21.428+0000] {spark_submit.py:491} INFO - at py4j.ClientServerConnection.run(ClientServerConnection.java:106)
[2025-12-09T22:22:21.428+0000] {spark_submit.py:491} INFO - at java.base/java.lang.Thread.run(Thread.java:840)
[2025-12-09T22:22:21.428+0000] {spark_submit.py:491} INFO - 
[2025-12-09T22:22:21.428+0000] {spark_submit.py:491} INFO - INFO:py4j.clientserver:Closing down clientserver connection
[2025-12-09T22:22:21.475+0000] {spark_submit.py:491} INFO - 25/12/09 22:22:21 INFO ShutdownHookManager: Shutdown hook called
[2025-12-09T22:22:21.476+0000] {spark_submit.py:491} INFO - 25/12/09 22:22:21 INFO ShutdownHookManager: Deleting directory /tmp/spark-5bdfee2c-fd4d-4527-9146-2b37ca446144
[2025-12-09T22:22:21.481+0000] {spark_submit.py:491} INFO - 25/12/09 22:22:21 INFO ShutdownHookManager: Deleting directory /tmp/spark-2ff31be5-56aa-4479-8640-df7fd38b56b1
[2025-12-09T22:22:21.521+0000] {taskinstance.py:1935} ERROR - Task failed with exception
Traceback (most recent call last):
  File "/home/airflow/.local/lib/python3.9/site-packages/airflow/providers/apache/spark/operators/spark_submit.py", line 156, in execute
    self._hook.submit(self._application)
  File "/home/airflow/.local/lib/python3.9/site-packages/airflow/providers/apache/spark/hooks/spark_submit.py", line 422, in submit
    raise AirflowException(
airflow.exceptions.AirflowException: Cannot execute: spark-submit --master spark://spark-master:7077 --conf spark.eventLog.enabled=true --conf spark.eventLog.dir=/opt/spark-events --conf spark.history.fs.logDirectory=/opt/spark-events --conf spark.hadoop.fs.s3a.endpoint=http://minio:9000 --conf spark.hadoop.fs.s3a.access.key=admin --conf spark.hadoop.fs.s3a.secret.key=****** --conf spark.hadoop.fs.s3a.path.style.access=true --conf spark.hadoop.fs.s3a.impl=org.apache.hadoop.fs.s3a.S3AFileSystem --conf spark.sql.shuffle.partitions=200 --conf spark.dynamicAllocation.enabled=false --num-executors 2 --executor-cores 2 --executor-memory 2g --driver-memory 1g --name AmountDataProcessor_20251209T221333 --verbose jobs/s3_amount_processor.py. Error code is: 1.
[2025-12-09T22:22:21.524+0000] {taskinstance.py:1398} INFO - Marking task as UP_FOR_RETRY. dag_id=amount_data_s3_processing_pipeline, task_id=submit_spark_job, execution_date=20251209T221333, start_date=20251209T222217, end_date=20251209T222221
[2025-12-09T22:22:21.534+0000] {standard_task_runner.py:104} ERROR - Failed to execute job 69 for task submit_spark_job (Cannot execute: spark-submit --master spark://spark-master:7077 --conf spark.eventLog.enabled=true --conf spark.eventLog.dir=/opt/spark-events --conf spark.history.fs.logDirectory=/opt/spark-events --conf spark.hadoop.fs.s3a.endpoint=http://minio:9000 --conf spark.hadoop.fs.s3a.access.key=admin --conf spark.hadoop.fs.s3a.secret.key=****** --conf spark.hadoop.fs.s3a.path.style.access=true --conf spark.hadoop.fs.s3a.impl=org.apache.hadoop.fs.s3a.S3AFileSystem --conf spark.sql.shuffle.partitions=200 --conf spark.dynamicAllocation.enabled=false --num-executors 2 --executor-cores 2 --executor-memory 2g --driver-memory 1g --name AmountDataProcessor_20251209T221333 --verbose jobs/s3_amount_processor.py. Error code is: 1.; 1450)
[2025-12-09T22:22:21.578+0000] {local_task_job_runner.py:228} INFO - Task exited with return code 1
[2025-12-09T22:22:21.600+0000] {taskinstance.py:2776} INFO - 0 downstream tasks scheduled from follow-on schedule check
