[2025-12-09T20:34:27.040+0000] {taskinstance.py:1157} INFO - Dependencies all met for dep_context=non-requeueable deps ti=<TaskInstance: spark_job_with_history.submit_spark_job manual__2025-12-09T20:34:25.546659+00:00 [queued]>
[2025-12-09T20:34:27.046+0000] {taskinstance.py:1157} INFO - Dependencies all met for dep_context=requeueable deps ti=<TaskInstance: spark_job_with_history.submit_spark_job manual__2025-12-09T20:34:25.546659+00:00 [queued]>
[2025-12-09T20:34:27.047+0000] {taskinstance.py:1359} INFO - Starting attempt 1 of 2
[2025-12-09T20:34:27.057+0000] {taskinstance.py:1380} INFO - Executing <Task(SparkSubmitOperator): submit_spark_job> on 2025-12-09 20:34:25.546659+00:00
[2025-12-09T20:34:27.062+0000] {standard_task_runner.py:57} INFO - Started process 759 to run task
[2025-12-09T20:34:27.065+0000] {standard_task_runner.py:84} INFO - Running: ['***', 'tasks', 'run', 'spark_job_with_history', 'submit_spark_job', 'manual__2025-12-09T20:34:25.546659+00:00', '--job-id', '20', '--raw', '--subdir', 'DAGS_FOLDER/spark_with_logging_dag.py', '--cfg-path', '/tmp/tmp3fzzeing']
[2025-12-09T20:34:27.067+0000] {standard_task_runner.py:85} INFO - Job 20: Subtask submit_spark_job
[2025-12-09T20:34:27.119+0000] {task_command.py:415} INFO - Running <TaskInstance: spark_job_with_history.submit_spark_job manual__2025-12-09T20:34:25.546659+00:00 [running]> on host 9f0bb37009ef
[2025-12-09T20:34:27.206+0000] {taskinstance.py:1660} INFO - Exporting env vars: AIRFLOW_CTX_DAG_OWNER='***' AIRFLOW_CTX_DAG_ID='spark_job_with_history' AIRFLOW_CTX_TASK_ID='submit_spark_job' AIRFLOW_CTX_EXECUTION_DATE='2025-12-09T20:34:25.546659+00:00' AIRFLOW_CTX_TRY_NUMBER='1' AIRFLOW_CTX_DAG_RUN_ID='manual__2025-12-09T20:34:25.546659+00:00'
[2025-12-09T20:34:27.217+0000] {base.py:73} INFO - Using connection ID 'spark-conn' for task execution.
[2025-12-09T20:34:27.217+0000] {spark_submit.py:340} INFO - Spark-Submit cmd: spark-submit --master spark://spark-master:7077 --conf spark.eventLog.enabled=true --conf spark.eventLog.dir=/opt/spark-events --conf spark.history.fs.logDirectory=/opt/spark-events --name Airflow_Triggered_Job_20251209T203425 jobs/***_spark_job.py
[2025-12-09T20:34:29.251+0000] {spark_submit.py:491} INFO - 25/12/09 20:34:29 INFO SparkContext: Running Spark version 3.4.0
[2025-12-09T20:34:29.310+0000] {spark_submit.py:491} INFO - 25/12/09 20:34:29 WARN NativeCodeLoader: Unable to load native-hadoop library for your platform... using builtin-java classes where applicable
[2025-12-09T20:34:29.382+0000] {spark_submit.py:491} INFO - 25/12/09 20:34:29 INFO ResourceUtils: ==============================================================
[2025-12-09T20:34:29.383+0000] {spark_submit.py:491} INFO - 25/12/09 20:34:29 INFO ResourceUtils: No custom resources configured for spark.driver.
[2025-12-09T20:34:29.383+0000] {spark_submit.py:491} INFO - 25/12/09 20:34:29 INFO ResourceUtils: ==============================================================
[2025-12-09T20:34:29.383+0000] {spark_submit.py:491} INFO - 25/12/09 20:34:29 INFO SparkContext: Submitted application: Airflow_Job_20251209_203429
[2025-12-09T20:34:29.401+0000] {spark_submit.py:491} INFO - 25/12/09 20:34:29 INFO ResourceProfile: Default ResourceProfile created, executor resources: Map(memory -> name: memory, amount: 1024, script: , vendor: , offHeap -> name: offHeap, amount: 0, script: , vendor: ), task resources: Map(cpus -> name: cpus, amount: 1.0)
[2025-12-09T20:34:29.407+0000] {spark_submit.py:491} INFO - 25/12/09 20:34:29 INFO ResourceProfile: Limiting resource is cpu
[2025-12-09T20:34:29.409+0000] {spark_submit.py:491} INFO - 25/12/09 20:34:29 INFO ResourceProfileManager: Added ResourceProfile id: 0
[2025-12-09T20:34:29.451+0000] {spark_submit.py:491} INFO - 25/12/09 20:34:29 INFO SecurityManager: Changing view acls to: root
[2025-12-09T20:34:29.452+0000] {spark_submit.py:491} INFO - 25/12/09 20:34:29 INFO SecurityManager: Changing modify acls to: root
[2025-12-09T20:34:29.452+0000] {spark_submit.py:491} INFO - 25/12/09 20:34:29 INFO SecurityManager: Changing view acls groups to:
[2025-12-09T20:34:29.452+0000] {spark_submit.py:491} INFO - 25/12/09 20:34:29 INFO SecurityManager: Changing modify acls groups to:
[2025-12-09T20:34:29.452+0000] {spark_submit.py:491} INFO - 25/12/09 20:34:29 INFO SecurityManager: SecurityManager: authentication disabled; ui acls disabled; users with view permissions: root; groups with view permissions: EMPTY; users with modify permissions: root; groups with modify permissions: EMPTY
[2025-12-09T20:34:29.689+0000] {spark_submit.py:491} INFO - 25/12/09 20:34:29 INFO Utils: Successfully started service 'sparkDriver' on port 43129.
[2025-12-09T20:34:29.731+0000] {spark_submit.py:491} INFO - 25/12/09 20:34:29 INFO SparkEnv: Registering MapOutputTracker
[2025-12-09T20:34:29.761+0000] {spark_submit.py:491} INFO - 25/12/09 20:34:29 INFO SparkEnv: Registering BlockManagerMaster
[2025-12-09T20:34:29.779+0000] {spark_submit.py:491} INFO - 25/12/09 20:34:29 INFO BlockManagerMasterEndpoint: Using org.apache.spark.storage.DefaultTopologyMapper for getting topology information
[2025-12-09T20:34:29.780+0000] {spark_submit.py:491} INFO - 25/12/09 20:34:29 INFO BlockManagerMasterEndpoint: BlockManagerMasterEndpoint up
[2025-12-09T20:34:29.784+0000] {spark_submit.py:491} INFO - 25/12/09 20:34:29 INFO SparkEnv: Registering BlockManagerMasterHeartbeat
[2025-12-09T20:34:29.802+0000] {spark_submit.py:491} INFO - 25/12/09 20:34:29 INFO DiskBlockManager: Created local directory at /tmp/blockmgr-1556c4ad-2d1e-4695-ba69-4d7b32e3e47e
[2025-12-09T20:34:29.817+0000] {spark_submit.py:491} INFO - 25/12/09 20:34:29 INFO MemoryStore: MemoryStore started with capacity 434.4 MiB
[2025-12-09T20:34:29.839+0000] {spark_submit.py:491} INFO - 25/12/09 20:34:29 INFO SparkEnv: Registering OutputCommitCoordinator
[2025-12-09T20:34:29.967+0000] {spark_submit.py:491} INFO - 25/12/09 20:34:29 INFO JettyUtils: Start Jetty 0.0.0.0:4040 for SparkUI
[2025-12-09T20:34:30.030+0000] {spark_submit.py:491} INFO - 25/12/09 20:34:30 INFO Utils: Successfully started service 'SparkUI' on port 4040.
[2025-12-09T20:34:30.201+0000] {spark_submit.py:491} INFO - 25/12/09 20:34:30 INFO StandaloneAppClient$ClientEndpoint: Connecting to master spark://spark-master:7077...
[2025-12-09T20:34:30.261+0000] {spark_submit.py:491} INFO - 25/12/09 20:34:30 INFO TransportClientFactory: Successfully created connection to spark-master/172.19.0.4:7077 after 33 ms (0 ms spent in bootstraps)
[2025-12-09T20:34:30.351+0000] {spark_submit.py:491} INFO - 25/12/09 20:34:30 INFO StandaloneSchedulerBackend: Connected to Spark cluster with app ID app-20251209203430-0001
[2025-12-09T20:34:30.353+0000] {spark_submit.py:491} INFO - 25/12/09 20:34:30 INFO StandaloneAppClient$ClientEndpoint: Executor added: app-20251209203430-0001/0 on worker-20251209202933-spark-worker-38099 (spark-worker:38099) with 4 core(s)
[2025-12-09T20:34:30.355+0000] {spark_submit.py:491} INFO - 25/12/09 20:34:30 INFO StandaloneSchedulerBackend: Granted executor ID app-20251209203430-0001/0 on hostPort spark-worker:38099 with 4 core(s), 1024.0 MiB RAM
[2025-12-09T20:34:30.360+0000] {spark_submit.py:491} INFO - 25/12/09 20:34:30 INFO Utils: Successfully started service 'org.apache.spark.network.netty.NettyBlockTransferService' on port 40983.
[2025-12-09T20:34:30.361+0000] {spark_submit.py:491} INFO - 25/12/09 20:34:30 INFO NettyBlockTransferService: Server created on 9f0bb37009ef:40983
[2025-12-09T20:34:30.362+0000] {spark_submit.py:491} INFO - 25/12/09 20:34:30 INFO BlockManager: Using org.apache.spark.storage.RandomBlockReplicationPolicy for block replication policy
[2025-12-09T20:34:30.368+0000] {spark_submit.py:491} INFO - 25/12/09 20:34:30 INFO BlockManagerMaster: Registering BlockManager BlockManagerId(driver, 9f0bb37009ef, 40983, None)
[2025-12-09T20:34:30.373+0000] {spark_submit.py:491} INFO - 25/12/09 20:34:30 INFO BlockManagerMasterEndpoint: Registering block manager 9f0bb37009ef:40983 with 434.4 MiB RAM, BlockManagerId(driver, 9f0bb37009ef, 40983, None)
[2025-12-09T20:34:30.377+0000] {spark_submit.py:491} INFO - 25/12/09 20:34:30 INFO BlockManagerMaster: Registered BlockManager BlockManagerId(driver, 9f0bb37009ef, 40983, None)
[2025-12-09T20:34:30.378+0000] {spark_submit.py:491} INFO - 25/12/09 20:34:30 INFO BlockManager: Initialized BlockManager: BlockManagerId(driver, 9f0bb37009ef, 40983, None)
[2025-12-09T20:34:30.430+0000] {spark_submit.py:491} INFO - 25/12/09 20:34:30 INFO StandaloneAppClient$ClientEndpoint: Executor updated: app-20251209203430-0001/0 is now RUNNING
[2025-12-09T20:34:30.589+0000] {spark_submit.py:491} INFO - 25/12/09 20:34:30 INFO SingleEventLogFileWriter: Logging events to file:/opt/spark-events/app-20251209203430-0001.inprogress
[2025-12-09T20:34:30.778+0000] {spark_submit.py:491} INFO - 25/12/09 20:34:30 INFO StandaloneSchedulerBackend: SchedulerBackend is ready for scheduling beginning after reached minRegisteredResourcesRatio: 0.0
[2025-12-09T20:34:30.951+0000] {spark_submit.py:491} INFO - ============================================================
[2025-12-09T20:34:30.951+0000] {spark_submit.py:491} INFO - 🚀 Airflow-triggered Spark Job Started
[2025-12-09T20:34:30.952+0000] {spark_submit.py:491} INFO - ============================================================
[2025-12-09T20:34:31.175+0000] {spark_submit.py:491} INFO - 25/12/09 20:34:31 INFO SharedState: Setting hive.metastore.warehouse.dir ('null') to the value of spark.sql.warehouse.dir.
[2025-12-09T20:34:31.178+0000] {spark_submit.py:491} INFO - 25/12/09 20:34:31 INFO SharedState: Warehouse path is 'file:/opt/***/spark-warehouse'.
[2025-12-09T20:34:32.768+0000] {spark_submit.py:491} INFO - 25/12/09 20:34:32 INFO StandaloneSchedulerBackend$StandaloneDriverEndpoint: Registered executor NettyRpcEndpointRef(spark-client://Executor) (172.19.0.7:55340) with ID 0,  ResourceProfileId 0
[2025-12-09T20:34:32.847+0000] {spark_submit.py:491} INFO - 25/12/09 20:34:32 INFO BlockManagerMasterEndpoint: Registering block manager spark-worker:36523 with 434.4 MiB RAM, BlockManagerId(0, spark-worker, 36523, None)
[2025-12-09T20:34:33.343+0000] {spark_submit.py:491} INFO - 
[2025-12-09T20:34:33.343+0000] {spark_submit.py:491} INFO - 📊 Sample Data:
[2025-12-09T20:34:34.022+0000] {spark_submit.py:491} INFO - 25/12/09 20:34:34 INFO CodeGenerator: Code generated in 160.244939 ms
[2025-12-09T20:34:34.046+0000] {spark_submit.py:491} INFO - 25/12/09 20:34:34 INFO SparkContext: Starting job: showString at NativeMethodAccessorImpl.java:0
[2025-12-09T20:34:34.055+0000] {spark_submit.py:491} INFO - 25/12/09 20:34:34 INFO DAGScheduler: Got job 0 (showString at NativeMethodAccessorImpl.java:0) with 1 output partitions
[2025-12-09T20:34:34.055+0000] {spark_submit.py:491} INFO - 25/12/09 20:34:34 INFO DAGScheduler: Final stage: ResultStage 0 (showString at NativeMethodAccessorImpl.java:0)
[2025-12-09T20:34:34.055+0000] {spark_submit.py:491} INFO - 25/12/09 20:34:34 INFO DAGScheduler: Parents of final stage: List()
[2025-12-09T20:34:34.056+0000] {spark_submit.py:491} INFO - 25/12/09 20:34:34 INFO DAGScheduler: Missing parents: List()
[2025-12-09T20:34:34.060+0000] {spark_submit.py:491} INFO - 25/12/09 20:34:34 INFO DAGScheduler: Submitting ResultStage 0 (MapPartitionsRDD[6] at showString at NativeMethodAccessorImpl.java:0), which has no missing parents
[2025-12-09T20:34:34.121+0000] {spark_submit.py:491} INFO - 25/12/09 20:34:34 INFO MemoryStore: Block broadcast_0 stored as values in memory (estimated size 13.1 KiB, free 434.4 MiB)
[2025-12-09T20:34:34.151+0000] {spark_submit.py:491} INFO - 25/12/09 20:34:34 INFO MemoryStore: Block broadcast_0_piece0 stored as bytes in memory (estimated size 6.8 KiB, free 434.4 MiB)
[2025-12-09T20:34:34.154+0000] {spark_submit.py:491} INFO - 25/12/09 20:34:34 INFO BlockManagerInfo: Added broadcast_0_piece0 in memory on 9f0bb37009ef:40983 (size: 6.8 KiB, free: 434.4 MiB)
[2025-12-09T20:34:34.157+0000] {spark_submit.py:491} INFO - 25/12/09 20:34:34 INFO SparkContext: Created broadcast 0 from broadcast at DAGScheduler.scala:1535
[2025-12-09T20:34:34.168+0000] {spark_submit.py:491} INFO - 25/12/09 20:34:34 INFO DAGScheduler: Submitting 1 missing tasks from ResultStage 0 (MapPartitionsRDD[6] at showString at NativeMethodAccessorImpl.java:0) (first 15 tasks are for partitions Vector(0))
[2025-12-09T20:34:34.169+0000] {spark_submit.py:491} INFO - 25/12/09 20:34:34 INFO TaskSchedulerImpl: Adding task set 0.0 with 1 tasks resource profile 0
[2025-12-09T20:34:34.198+0000] {spark_submit.py:491} INFO - 25/12/09 20:34:34 INFO TaskSetManager: Starting task 0.0 in stage 0.0 (TID 0) (spark-worker, executor 0, partition 0, PROCESS_LOCAL, 7423 bytes)
[2025-12-09T20:34:34.442+0000] {spark_submit.py:491} INFO - 25/12/09 20:34:34 INFO BlockManagerInfo: Added broadcast_0_piece0 in memory on spark-worker:36523 (size: 6.8 KiB, free: 434.4 MiB)
[2025-12-09T20:34:35.379+0000] {spark_submit.py:491} INFO - 25/12/09 20:34:35 INFO TaskSetManager: Finished task 0.0 in stage 0.0 (TID 0) in 1191 ms on spark-worker (executor 0) (1/1)
[2025-12-09T20:34:35.380+0000] {spark_submit.py:491} INFO - 25/12/09 20:34:35 INFO TaskSchedulerImpl: Removed TaskSet 0.0, whose tasks have all completed, from pool
[2025-12-09T20:34:35.383+0000] {spark_submit.py:491} INFO - 25/12/09 20:34:35 INFO PythonAccumulatorV2: Connected to AccumulatorServer at host: 127.0.0.1 port: 33421
[2025-12-09T20:34:35.388+0000] {spark_submit.py:491} INFO - 25/12/09 20:34:35 INFO DAGScheduler: ResultStage 0 (showString at NativeMethodAccessorImpl.java:0) finished in 1.317 s
[2025-12-09T20:34:35.390+0000] {spark_submit.py:491} INFO - 25/12/09 20:34:35 INFO DAGScheduler: Job 0 is finished. Cancelling potential speculative or zombie tasks for this job
[2025-12-09T20:34:35.391+0000] {spark_submit.py:491} INFO - 25/12/09 20:34:35 INFO TaskSchedulerImpl: Killing all running tasks in stage 0: Stage finished
[2025-12-09T20:34:35.392+0000] {spark_submit.py:491} INFO - 25/12/09 20:34:35 INFO DAGScheduler: Job 0 finished: showString at NativeMethodAccessorImpl.java:0, took 1.345796 s
[2025-12-09T20:34:35.399+0000] {spark_submit.py:491} INFO - 25/12/09 20:34:35 INFO SparkContext: Starting job: showString at NativeMethodAccessorImpl.java:0
[2025-12-09T20:34:35.400+0000] {spark_submit.py:491} INFO - 25/12/09 20:34:35 INFO DAGScheduler: Got job 1 (showString at NativeMethodAccessorImpl.java:0) with 1 output partitions
[2025-12-09T20:34:35.400+0000] {spark_submit.py:491} INFO - 25/12/09 20:34:35 INFO DAGScheduler: Final stage: ResultStage 1 (showString at NativeMethodAccessorImpl.java:0)
[2025-12-09T20:34:35.400+0000] {spark_submit.py:491} INFO - 25/12/09 20:34:35 INFO DAGScheduler: Parents of final stage: List()
[2025-12-09T20:34:35.401+0000] {spark_submit.py:491} INFO - 25/12/09 20:34:35 INFO DAGScheduler: Missing parents: List()
[2025-12-09T20:34:35.401+0000] {spark_submit.py:491} INFO - 25/12/09 20:34:35 INFO DAGScheduler: Submitting ResultStage 1 (MapPartitionsRDD[6] at showString at NativeMethodAccessorImpl.java:0), which has no missing parents
[2025-12-09T20:34:35.405+0000] {spark_submit.py:491} INFO - 25/12/09 20:34:35 INFO MemoryStore: Block broadcast_1 stored as values in memory (estimated size 13.1 KiB, free 434.4 MiB)
[2025-12-09T20:34:35.406+0000] {spark_submit.py:491} INFO - 25/12/09 20:34:35 INFO MemoryStore: Block broadcast_1_piece0 stored as bytes in memory (estimated size 6.8 KiB, free 434.4 MiB)
[2025-12-09T20:34:35.407+0000] {spark_submit.py:491} INFO - 25/12/09 20:34:35 INFO BlockManagerInfo: Added broadcast_1_piece0 in memory on 9f0bb37009ef:40983 (size: 6.8 KiB, free: 434.4 MiB)
[2025-12-09T20:34:35.408+0000] {spark_submit.py:491} INFO - 25/12/09 20:34:35 INFO SparkContext: Created broadcast 1 from broadcast at DAGScheduler.scala:1535
[2025-12-09T20:34:35.410+0000] {spark_submit.py:491} INFO - 25/12/09 20:34:35 INFO DAGScheduler: Submitting 1 missing tasks from ResultStage 1 (MapPartitionsRDD[6] at showString at NativeMethodAccessorImpl.java:0) (first 15 tasks are for partitions Vector(1))
[2025-12-09T20:34:35.411+0000] {spark_submit.py:491} INFO - 25/12/09 20:34:35 INFO TaskSchedulerImpl: Adding task set 1.0 with 1 tasks resource profile 0
[2025-12-09T20:34:35.413+0000] {spark_submit.py:491} INFO - 25/12/09 20:34:35 INFO TaskSetManager: Starting task 0.0 in stage 1.0 (TID 1) (spark-worker, executor 0, partition 1, PROCESS_LOCAL, 7431 bytes)
[2025-12-09T20:34:35.437+0000] {spark_submit.py:491} INFO - 25/12/09 20:34:35 INFO BlockManagerInfo: Added broadcast_1_piece0 in memory on spark-worker:36523 (size: 6.8 KiB, free: 434.4 MiB)
[2025-12-09T20:34:35.512+0000] {spark_submit.py:491} INFO - 25/12/09 20:34:35 INFO TaskSetManager: Finished task 0.0 in stage 1.0 (TID 1) in 100 ms on spark-worker (executor 0) (1/1)
[2025-12-09T20:34:35.513+0000] {spark_submit.py:491} INFO - 25/12/09 20:34:35 INFO TaskSchedulerImpl: Removed TaskSet 1.0, whose tasks have all completed, from pool
[2025-12-09T20:34:35.514+0000] {spark_submit.py:491} INFO - 25/12/09 20:34:35 INFO DAGScheduler: ResultStage 1 (showString at NativeMethodAccessorImpl.java:0) finished in 0.112 s
[2025-12-09T20:34:35.514+0000] {spark_submit.py:491} INFO - 25/12/09 20:34:35 INFO DAGScheduler: Job 1 is finished. Cancelling potential speculative or zombie tasks for this job
[2025-12-09T20:34:35.515+0000] {spark_submit.py:491} INFO - 25/12/09 20:34:35 INFO TaskSchedulerImpl: Killing all running tasks in stage 1: Stage finished
[2025-12-09T20:34:35.515+0000] {spark_submit.py:491} INFO - 25/12/09 20:34:35 INFO DAGScheduler: Job 1 finished: showString at NativeMethodAccessorImpl.java:0, took 0.115990 s
[2025-12-09T20:34:35.548+0000] {spark_submit.py:491} INFO - 25/12/09 20:34:35 INFO CodeGenerator: Code generated in 17.768033 ms
[2025-12-09T20:34:35.559+0000] {spark_submit.py:491} INFO - +---+-------+---+-----------+
[2025-12-09T20:34:35.559+0000] {spark_submit.py:491} INFO - | id|   name|age| department|
[2025-12-09T20:34:35.560+0000] {spark_submit.py:491} INFO - +---+-------+---+-----------+
[2025-12-09T20:34:35.560+0000] {spark_submit.py:491} INFO - |  1|  Alice| 25|Engineering|
[2025-12-09T20:34:35.560+0000] {spark_submit.py:491} INFO - |  2|    Bob| 30|      Sales|
[2025-12-09T20:34:35.560+0000] {spark_submit.py:491} INFO - |  3|Charlie| 35|Engineering|
[2025-12-09T20:34:35.560+0000] {spark_submit.py:491} INFO - |  4|  Diana| 28|  Marketing|
[2025-12-09T20:34:35.560+0000] {spark_submit.py:491} INFO - +---+-------+---+-----------+
[2025-12-09T20:34:35.560+0000] {spark_submit.py:491} INFO - 
[2025-12-09T20:34:35.560+0000] {spark_submit.py:491} INFO - 
[2025-12-09T20:34:35.560+0000] {spark_submit.py:491} INFO - 📈 Department Statistics:
[2025-12-09T20:34:35.821+0000] {spark_submit.py:491} INFO - 25/12/09 20:34:35 INFO CodeGenerator: Code generated in 57.791806 ms
[2025-12-09T20:34:35.863+0000] {spark_submit.py:491} INFO - 25/12/09 20:34:35 INFO DAGScheduler: Registering RDD 8 (showString at NativeMethodAccessorImpl.java:0) as input to shuffle 0
[2025-12-09T20:34:35.866+0000] {spark_submit.py:491} INFO - 25/12/09 20:34:35 INFO DAGScheduler: Got map stage job 2 (showString at NativeMethodAccessorImpl.java:0) with 2 output partitions
[2025-12-09T20:34:35.867+0000] {spark_submit.py:491} INFO - 25/12/09 20:34:35 INFO DAGScheduler: Final stage: ShuffleMapStage 2 (showString at NativeMethodAccessorImpl.java:0)
[2025-12-09T20:34:35.867+0000] {spark_submit.py:491} INFO - 25/12/09 20:34:35 INFO DAGScheduler: Parents of final stage: List()
[2025-12-09T20:34:35.867+0000] {spark_submit.py:491} INFO - 25/12/09 20:34:35 INFO DAGScheduler: Missing parents: List()
[2025-12-09T20:34:35.869+0000] {spark_submit.py:491} INFO - 25/12/09 20:34:35 INFO DAGScheduler: Submitting ShuffleMapStage 2 (MapPartitionsRDD[8] at showString at NativeMethodAccessorImpl.java:0), which has no missing parents
[2025-12-09T20:34:35.886+0000] {spark_submit.py:491} INFO - 25/12/09 20:34:35 INFO MemoryStore: Block broadcast_2 stored as values in memory (estimated size 35.9 KiB, free 434.3 MiB)
[2025-12-09T20:34:35.890+0000] {spark_submit.py:491} INFO - 25/12/09 20:34:35 INFO MemoryStore: Block broadcast_2_piece0 stored as bytes in memory (estimated size 17.2 KiB, free 434.3 MiB)
[2025-12-09T20:34:35.892+0000] {spark_submit.py:491} INFO - 25/12/09 20:34:35 INFO BlockManagerInfo: Added broadcast_2_piece0 in memory on 9f0bb37009ef:40983 (size: 17.2 KiB, free: 434.4 MiB)
[2025-12-09T20:34:35.893+0000] {spark_submit.py:491} INFO - 25/12/09 20:34:35 INFO SparkContext: Created broadcast 2 from broadcast at DAGScheduler.scala:1535
[2025-12-09T20:34:35.894+0000] {spark_submit.py:491} INFO - 25/12/09 20:34:35 INFO DAGScheduler: Submitting 2 missing tasks from ShuffleMapStage 2 (MapPartitionsRDD[8] at showString at NativeMethodAccessorImpl.java:0) (first 15 tasks are for partitions Vector(0, 1))
[2025-12-09T20:34:35.894+0000] {spark_submit.py:491} INFO - 25/12/09 20:34:35 INFO TaskSchedulerImpl: Adding task set 2.0 with 2 tasks resource profile 0
[2025-12-09T20:34:35.897+0000] {spark_submit.py:491} INFO - 25/12/09 20:34:35 INFO TaskSetManager: Starting task 0.0 in stage 2.0 (TID 2) (spark-worker, executor 0, partition 0, PROCESS_LOCAL, 7412 bytes)
[2025-12-09T20:34:35.897+0000] {spark_submit.py:491} INFO - 25/12/09 20:34:35 INFO TaskSetManager: Starting task 1.0 in stage 2.0 (TID 3) (spark-worker, executor 0, partition 1, PROCESS_LOCAL, 7420 bytes)
[2025-12-09T20:34:35.922+0000] {spark_submit.py:491} INFO - 25/12/09 20:34:35 INFO BlockManagerInfo: Added broadcast_2_piece0 in memory on spark-worker:36523 (size: 17.2 KiB, free: 434.4 MiB)
[2025-12-09T20:34:36.398+0000] {spark_submit.py:491} INFO - 25/12/09 20:34:36 INFO TaskSetManager: Finished task 0.0 in stage 2.0 (TID 2) in 503 ms on spark-worker (executor 0) (1/2)
[2025-12-09T20:34:36.399+0000] {spark_submit.py:491} INFO - 25/12/09 20:34:36 INFO TaskSetManager: Finished task 1.0 in stage 2.0 (TID 3) in 501 ms on spark-worker (executor 0) (2/2)
[2025-12-09T20:34:36.399+0000] {spark_submit.py:491} INFO - 25/12/09 20:34:36 INFO TaskSchedulerImpl: Removed TaskSet 2.0, whose tasks have all completed, from pool
[2025-12-09T20:34:36.405+0000] {spark_submit.py:491} INFO - 25/12/09 20:34:36 INFO DAGScheduler: ShuffleMapStage 2 (showString at NativeMethodAccessorImpl.java:0) finished in 0.530 s
[2025-12-09T20:34:36.406+0000] {spark_submit.py:491} INFO - 25/12/09 20:34:36 INFO DAGScheduler: looking for newly runnable stages
[2025-12-09T20:34:36.406+0000] {spark_submit.py:491} INFO - 25/12/09 20:34:36 INFO DAGScheduler: running: Set()
[2025-12-09T20:34:36.408+0000] {spark_submit.py:491} INFO - 25/12/09 20:34:36 INFO DAGScheduler: waiting: Set()
[2025-12-09T20:34:36.409+0000] {spark_submit.py:491} INFO - 25/12/09 20:34:36 INFO DAGScheduler: failed: Set()
[2025-12-09T20:34:36.433+0000] {spark_submit.py:491} INFO - 25/12/09 20:34:36 INFO ShufflePartitionsUtil: For shuffle(0), advisory target size: 67108864, actual target size 1048576, minimum partition size: 1048576
[2025-12-09T20:34:36.454+0000] {spark_submit.py:491} INFO - 25/12/09 20:34:36 INFO HashAggregateExec: spark.sql.codegen.aggregate.map.twolevel.enabled is set to true, but current version of codegened fast hashmap does not support this aggregate.
[2025-12-09T20:34:36.477+0000] {spark_submit.py:491} INFO - 25/12/09 20:34:36 INFO CodeGenerator: Code generated in 16.39094 ms
[2025-12-09T20:34:36.506+0000] {spark_submit.py:491} INFO - 25/12/09 20:34:36 INFO SparkContext: Starting job: showString at NativeMethodAccessorImpl.java:0
[2025-12-09T20:34:36.510+0000] {spark_submit.py:491} INFO - 25/12/09 20:34:36 INFO DAGScheduler: Got job 3 (showString at NativeMethodAccessorImpl.java:0) with 1 output partitions
[2025-12-09T20:34:36.510+0000] {spark_submit.py:491} INFO - 25/12/09 20:34:36 INFO DAGScheduler: Final stage: ResultStage 4 (showString at NativeMethodAccessorImpl.java:0)
[2025-12-09T20:34:36.510+0000] {spark_submit.py:491} INFO - 25/12/09 20:34:36 INFO DAGScheduler: Parents of final stage: List(ShuffleMapStage 3)
[2025-12-09T20:34:36.510+0000] {spark_submit.py:491} INFO - 25/12/09 20:34:36 INFO DAGScheduler: Missing parents: List()
[2025-12-09T20:34:36.512+0000] {spark_submit.py:491} INFO - 25/12/09 20:34:36 INFO DAGScheduler: Submitting ResultStage 4 (MapPartitionsRDD[11] at showString at NativeMethodAccessorImpl.java:0), which has no missing parents
[2025-12-09T20:34:36.527+0000] {spark_submit.py:491} INFO - 25/12/09 20:34:36 INFO MemoryStore: Block broadcast_3 stored as values in memory (estimated size 38.1 KiB, free 434.3 MiB)
[2025-12-09T20:34:36.543+0000] {spark_submit.py:491} INFO - 25/12/09 20:34:36 INFO MemoryStore: Block broadcast_3_piece0 stored as bytes in memory (estimated size 18.5 KiB, free 434.3 MiB)
[2025-12-09T20:34:36.544+0000] {spark_submit.py:491} INFO - 25/12/09 20:34:36 INFO BlockManagerInfo: Added broadcast_3_piece0 in memory on 9f0bb37009ef:40983 (size: 18.5 KiB, free: 434.4 MiB)
[2025-12-09T20:34:36.545+0000] {spark_submit.py:491} INFO - 25/12/09 20:34:36 INFO SparkContext: Created broadcast 3 from broadcast at DAGScheduler.scala:1535
[2025-12-09T20:34:36.547+0000] {spark_submit.py:491} INFO - 25/12/09 20:34:36 INFO DAGScheduler: Submitting 1 missing tasks from ResultStage 4 (MapPartitionsRDD[11] at showString at NativeMethodAccessorImpl.java:0) (first 15 tasks are for partitions Vector(0))
[2025-12-09T20:34:36.547+0000] {spark_submit.py:491} INFO - 25/12/09 20:34:36 INFO TaskSchedulerImpl: Adding task set 4.0 with 1 tasks resource profile 0
[2025-12-09T20:34:36.555+0000] {spark_submit.py:491} INFO - 25/12/09 20:34:36 INFO TaskSetManager: Starting task 0.0 in stage 4.0 (TID 4) (spark-worker, executor 0, partition 0, NODE_LOCAL, 7367 bytes)
[2025-12-09T20:34:36.573+0000] {spark_submit.py:491} INFO - 25/12/09 20:34:36 INFO BlockManagerInfo: Removed broadcast_1_piece0 on 9f0bb37009ef:40983 in memory (size: 6.8 KiB, free: 434.4 MiB)
[2025-12-09T20:34:36.582+0000] {spark_submit.py:491} INFO - 25/12/09 20:34:36 INFO BlockManagerInfo: Removed broadcast_1_piece0 on spark-worker:36523 in memory (size: 6.8 KiB, free: 434.4 MiB)
[2025-12-09T20:34:36.588+0000] {spark_submit.py:491} INFO - 25/12/09 20:34:36 INFO BlockManagerInfo: Added broadcast_3_piece0 in memory on spark-worker:36523 (size: 18.5 KiB, free: 434.4 MiB)
[2025-12-09T20:34:36.598+0000] {spark_submit.py:491} INFO - 25/12/09 20:34:36 INFO BlockManagerInfo: Removed broadcast_0_piece0 on 9f0bb37009ef:40983 in memory (size: 6.8 KiB, free: 434.4 MiB)
[2025-12-09T20:34:36.601+0000] {spark_submit.py:491} INFO - 25/12/09 20:34:36 INFO BlockManagerInfo: Removed broadcast_0_piece0 on spark-worker:36523 in memory (size: 6.8 KiB, free: 434.4 MiB)
[2025-12-09T20:34:36.617+0000] {spark_submit.py:491} INFO - 25/12/09 20:34:36 INFO BlockManagerInfo: Removed broadcast_2_piece0 on 9f0bb37009ef:40983 in memory (size: 17.2 KiB, free: 434.4 MiB)
[2025-12-09T20:34:36.621+0000] {spark_submit.py:491} INFO - 25/12/09 20:34:36 INFO BlockManagerInfo: Removed broadcast_2_piece0 on spark-worker:36523 in memory (size: 17.2 KiB, free: 434.4 MiB)
[2025-12-09T20:34:36.649+0000] {spark_submit.py:491} INFO - 25/12/09 20:34:36 INFO MapOutputTrackerMasterEndpoint: Asked to send map output locations for shuffle 0 to 172.19.0.7:55340
[2025-12-09T20:34:36.776+0000] {spark_submit.py:491} INFO - 25/12/09 20:34:36 INFO TaskSetManager: Finished task 0.0 in stage 4.0 (TID 4) in 223 ms on spark-worker (executor 0) (1/1)
[2025-12-09T20:34:36.777+0000] {spark_submit.py:491} INFO - 25/12/09 20:34:36 INFO TaskSchedulerImpl: Removed TaskSet 4.0, whose tasks have all completed, from pool
[2025-12-09T20:34:36.779+0000] {spark_submit.py:491} INFO - 25/12/09 20:34:36 INFO DAGScheduler: ResultStage 4 (showString at NativeMethodAccessorImpl.java:0) finished in 0.258 s
[2025-12-09T20:34:36.779+0000] {spark_submit.py:491} INFO - 25/12/09 20:34:36 INFO DAGScheduler: Job 3 is finished. Cancelling potential speculative or zombie tasks for this job
[2025-12-09T20:34:36.779+0000] {spark_submit.py:491} INFO - 25/12/09 20:34:36 INFO TaskSchedulerImpl: Killing all running tasks in stage 4: Stage finished
[2025-12-09T20:34:36.780+0000] {spark_submit.py:491} INFO - 25/12/09 20:34:36 INFO DAGScheduler: Job 3 finished: showString at NativeMethodAccessorImpl.java:0, took 0.272869 s
[2025-12-09T20:34:36.798+0000] {spark_submit.py:491} INFO - 25/12/09 20:34:36 INFO CodeGenerator: Code generated in 11.177752 ms
[2025-12-09T20:34:36.800+0000] {spark_submit.py:491} INFO - +-----------+-----+
[2025-12-09T20:34:36.800+0000] {spark_submit.py:491} INFO - | department|count|
[2025-12-09T20:34:36.800+0000] {spark_submit.py:491} INFO - +-----------+-----+
[2025-12-09T20:34:36.800+0000] {spark_submit.py:491} INFO - |      Sales|    1|
[2025-12-09T20:34:36.800+0000] {spark_submit.py:491} INFO - |Engineering|    2|
[2025-12-09T20:34:36.800+0000] {spark_submit.py:491} INFO - |  Marketing|    1|
[2025-12-09T20:34:36.800+0000] {spark_submit.py:491} INFO - +-----------+-----+
[2025-12-09T20:34:36.800+0000] {spark_submit.py:491} INFO - 
[2025-12-09T20:34:36.800+0000] {spark_submit.py:491} INFO - 
[2025-12-09T20:34:36.800+0000] {spark_submit.py:491} INFO - 💾 Writing results to: s3a://test/***_output_20251209_203436
[2025-12-09T20:34:36.934+0000] {spark_submit.py:491} INFO - 25/12/09 20:34:36 WARN MetricsConfig: Cannot locate configuration: tried hadoop-metrics2-s3a-file-system.properties,hadoop-metrics2.properties
[2025-12-09T20:34:36.945+0000] {spark_submit.py:491} INFO - 25/12/09 20:34:36 INFO MetricsSystemImpl: Scheduled Metric snapshot period at 10 second(s).
[2025-12-09T20:34:36.946+0000] {spark_submit.py:491} INFO - 25/12/09 20:34:36 INFO MetricsSystemImpl: s3a-file-system metrics system started
[2025-12-09T20:34:37.518+0000] {spark_submit.py:491} INFO - 25/12/09 20:34:37 INFO DAGScheduler: Registering RDD 13 (parquet at NativeMethodAccessorImpl.java:0) as input to shuffle 1
[2025-12-09T20:34:37.518+0000] {spark_submit.py:491} INFO - 25/12/09 20:34:37 INFO DAGScheduler: Got map stage job 4 (parquet at NativeMethodAccessorImpl.java:0) with 2 output partitions
[2025-12-09T20:34:37.519+0000] {spark_submit.py:491} INFO - 25/12/09 20:34:37 INFO DAGScheduler: Final stage: ShuffleMapStage 5 (parquet at NativeMethodAccessorImpl.java:0)
[2025-12-09T20:34:37.519+0000] {spark_submit.py:491} INFO - 25/12/09 20:34:37 INFO DAGScheduler: Parents of final stage: List()
[2025-12-09T20:34:37.519+0000] {spark_submit.py:491} INFO - 25/12/09 20:34:37 INFO DAGScheduler: Missing parents: List()
[2025-12-09T20:34:37.519+0000] {spark_submit.py:491} INFO - 25/12/09 20:34:37 INFO DAGScheduler: Submitting ShuffleMapStage 5 (MapPartitionsRDD[13] at parquet at NativeMethodAccessorImpl.java:0), which has no missing parents
[2025-12-09T20:34:37.526+0000] {spark_submit.py:491} INFO - 25/12/09 20:34:37 INFO MemoryStore: Block broadcast_4 stored as values in memory (estimated size 35.9 KiB, free 434.3 MiB)
[2025-12-09T20:34:37.529+0000] {spark_submit.py:491} INFO - 25/12/09 20:34:37 INFO MemoryStore: Block broadcast_4_piece0 stored as bytes in memory (estimated size 17.2 KiB, free 434.3 MiB)
[2025-12-09T20:34:37.530+0000] {spark_submit.py:491} INFO - 25/12/09 20:34:37 INFO BlockManagerInfo: Added broadcast_4_piece0 in memory on 9f0bb37009ef:40983 (size: 17.2 KiB, free: 434.4 MiB)
[2025-12-09T20:34:37.531+0000] {spark_submit.py:491} INFO - 25/12/09 20:34:37 INFO SparkContext: Created broadcast 4 from broadcast at DAGScheduler.scala:1535
[2025-12-09T20:34:37.532+0000] {spark_submit.py:491} INFO - 25/12/09 20:34:37 INFO DAGScheduler: Submitting 2 missing tasks from ShuffleMapStage 5 (MapPartitionsRDD[13] at parquet at NativeMethodAccessorImpl.java:0) (first 15 tasks are for partitions Vector(0, 1))
[2025-12-09T20:34:37.532+0000] {spark_submit.py:491} INFO - 25/12/09 20:34:37 INFO TaskSchedulerImpl: Adding task set 5.0 with 2 tasks resource profile 0
[2025-12-09T20:34:37.534+0000] {spark_submit.py:491} INFO - 25/12/09 20:34:37 INFO TaskSetManager: Starting task 0.0 in stage 5.0 (TID 5) (spark-worker, executor 0, partition 0, PROCESS_LOCAL, 7412 bytes)
[2025-12-09T20:34:37.535+0000] {spark_submit.py:491} INFO - 25/12/09 20:34:37 INFO TaskSetManager: Starting task 1.0 in stage 5.0 (TID 6) (spark-worker, executor 0, partition 1, PROCESS_LOCAL, 7420 bytes)
[2025-12-09T20:34:37.556+0000] {spark_submit.py:491} INFO - 25/12/09 20:34:37 INFO BlockManagerInfo: Added broadcast_4_piece0 in memory on spark-worker:36523 (size: 17.2 KiB, free: 434.4 MiB)
[2025-12-09T20:34:37.639+0000] {spark_submit.py:491} INFO - 25/12/09 20:34:37 INFO TaskSetManager: Finished task 0.0 in stage 5.0 (TID 5) in 104 ms on spark-worker (executor 0) (1/2)
[2025-12-09T20:34:37.642+0000] {spark_submit.py:491} INFO - 25/12/09 20:34:37 INFO TaskSetManager: Finished task 1.0 in stage 5.0 (TID 6) in 107 ms on spark-worker (executor 0) (2/2)
[2025-12-09T20:34:37.643+0000] {spark_submit.py:491} INFO - 25/12/09 20:34:37 INFO TaskSchedulerImpl: Removed TaskSet 5.0, whose tasks have all completed, from pool
[2025-12-09T20:34:37.644+0000] {spark_submit.py:491} INFO - 25/12/09 20:34:37 INFO DAGScheduler: ShuffleMapStage 5 (parquet at NativeMethodAccessorImpl.java:0) finished in 0.124 s
[2025-12-09T20:34:37.645+0000] {spark_submit.py:491} INFO - 25/12/09 20:34:37 INFO DAGScheduler: looking for newly runnable stages
[2025-12-09T20:34:37.645+0000] {spark_submit.py:491} INFO - 25/12/09 20:34:37 INFO DAGScheduler: running: Set()
[2025-12-09T20:34:37.645+0000] {spark_submit.py:491} INFO - 25/12/09 20:34:37 INFO DAGScheduler: waiting: Set()
[2025-12-09T20:34:37.645+0000] {spark_submit.py:491} INFO - 25/12/09 20:34:37 INFO DAGScheduler: failed: Set()
[2025-12-09T20:34:37.652+0000] {spark_submit.py:491} INFO - 25/12/09 20:34:37 INFO ShufflePartitionsUtil: For shuffle(1), advisory target size: 67108864, actual target size 1048576, minimum partition size: 1048576
[2025-12-09T20:34:37.712+0000] {spark_submit.py:491} INFO - 25/12/09 20:34:37 WARN InstanceMetadataServiceResourceFetcher: Fail to retrieve token
[2025-12-09T20:34:37.712+0000] {spark_submit.py:491} INFO - com.amazonaws.SdkClientException: Failed to connect to service endpoint:
[2025-12-09T20:34:37.712+0000] {spark_submit.py:491} INFO - at com.amazonaws.internal.EC2ResourceFetcher.doReadResource(EC2ResourceFetcher.java:100)
[2025-12-09T20:34:37.712+0000] {spark_submit.py:491} INFO - at com.amazonaws.internal.InstanceMetadataServiceResourceFetcher.getToken(InstanceMetadataServiceResourceFetcher.java:91)
[2025-12-09T20:34:37.712+0000] {spark_submit.py:491} INFO - at com.amazonaws.internal.InstanceMetadataServiceResourceFetcher.readResource(InstanceMetadataServiceResourceFetcher.java:69)
[2025-12-09T20:34:37.712+0000] {spark_submit.py:491} INFO - at com.amazonaws.internal.EC2ResourceFetcher.readResource(EC2ResourceFetcher.java:66)
[2025-12-09T20:34:37.713+0000] {spark_submit.py:491} INFO - at com.amazonaws.auth.InstanceMetadataServiceCredentialsFetcher.getCredentialsEndpoint(InstanceMetadataServiceCredentialsFetcher.java:60)
[2025-12-09T20:34:37.713+0000] {spark_submit.py:491} INFO - at com.amazonaws.auth.InstanceMetadataServiceCredentialsFetcher.getCredentialsResponse(InstanceMetadataServiceCredentialsFetcher.java:48)
[2025-12-09T20:34:37.713+0000] {spark_submit.py:491} INFO - at com.amazonaws.auth.BaseCredentialsFetcher.fetchCredentials(BaseCredentialsFetcher.java:124)
[2025-12-09T20:34:37.713+0000] {spark_submit.py:491} INFO - at com.amazonaws.auth.BaseCredentialsFetcher.getCredentials(BaseCredentialsFetcher.java:80)
[2025-12-09T20:34:37.713+0000] {spark_submit.py:491} INFO - at com.amazonaws.auth.InstanceProfileCredentialsProvider.getCredentials(InstanceProfileCredentialsProvider.java:166)
[2025-12-09T20:34:37.713+0000] {spark_submit.py:491} INFO - at com.amazonaws.auth.EC2ContainerCredentialsProviderWrapper.getCredentials(EC2ContainerCredentialsProviderWrapper.java:75)
[2025-12-09T20:34:37.713+0000] {spark_submit.py:491} INFO - at org.apache.hadoop.fs.s3a.auth.IAMInstanceCredentialsProvider.getCredentials(IAMInstanceCredentialsProvider.java:64)
[2025-12-09T20:34:37.713+0000] {spark_submit.py:491} INFO - at org.apache.hadoop.fs.s3a.AWSCredentialProviderList.getCredentials(AWSCredentialProviderList.java:177)
[2025-12-09T20:34:37.713+0000] {spark_submit.py:491} INFO - at com.amazonaws.http.AmazonHttpClient$RequestExecutor.getCredentialsFromContext(AmazonHttpClient.java:1269)
[2025-12-09T20:34:37.713+0000] {spark_submit.py:491} INFO - at com.amazonaws.http.AmazonHttpClient$RequestExecutor.runBeforeRequestHandlers(AmazonHttpClient.java:845)
[2025-12-09T20:34:37.713+0000] {spark_submit.py:491} INFO - at com.amazonaws.http.AmazonHttpClient$RequestExecutor.doExecute(AmazonHttpClient.java:794)
[2025-12-09T20:34:37.713+0000] {spark_submit.py:491} INFO - at com.amazonaws.http.AmazonHttpClient$RequestExecutor.executeWithTimer(AmazonHttpClient.java:781)
[2025-12-09T20:34:37.714+0000] {spark_submit.py:491} INFO - at com.amazonaws.http.AmazonHttpClient$RequestExecutor.execute(AmazonHttpClient.java:755)
[2025-12-09T20:34:37.714+0000] {spark_submit.py:491} INFO - at com.amazonaws.http.AmazonHttpClient$RequestExecutor.access$500(AmazonHttpClient.java:715)
[2025-12-09T20:34:37.714+0000] {spark_submit.py:491} INFO - at com.amazonaws.http.AmazonHttpClient$RequestExecutionBuilderImpl.execute(AmazonHttpClient.java:697)
[2025-12-09T20:34:37.714+0000] {spark_submit.py:491} INFO - at com.amazonaws.http.AmazonHttpClient.execute(AmazonHttpClient.java:561)
[2025-12-09T20:34:37.714+0000] {spark_submit.py:491} INFO - at com.amazonaws.http.AmazonHttpClient.execute(AmazonHttpClient.java:541)
[2025-12-09T20:34:37.714+0000] {spark_submit.py:491} INFO - at com.amazonaws.services.s3.AmazonS3Client.invoke(AmazonS3Client.java:5456)
[2025-12-09T20:34:37.714+0000] {spark_submit.py:491} INFO - at com.amazonaws.services.s3.AmazonS3Client.getBucketRegionViaHeadRequest(AmazonS3Client.java:6431)
[2025-12-09T20:34:37.714+0000] {spark_submit.py:491} INFO - at com.amazonaws.services.s3.AmazonS3Client.fetchRegionFromCache(AmazonS3Client.java:6404)
[2025-12-09T20:34:37.714+0000] {spark_submit.py:491} INFO - at com.amazonaws.services.s3.AmazonS3Client.invoke(AmazonS3Client.java:5441)
[2025-12-09T20:34:37.714+0000] {spark_submit.py:491} INFO - at com.amazonaws.services.s3.AmazonS3Client.invoke(AmazonS3Client.java:5403)
[2025-12-09T20:34:37.714+0000] {spark_submit.py:491} INFO - at com.amazonaws.services.s3.AmazonS3Client.getObjectMetadata(AmazonS3Client.java:1372)
[2025-12-09T20:34:37.714+0000] {spark_submit.py:491} INFO - at org.apache.hadoop.fs.s3a.S3AFileSystem.lambda$getObjectMetadata$10(S3AFileSystem.java:2545)
[2025-12-09T20:34:37.714+0000] {spark_submit.py:491} INFO - at org.apache.hadoop.fs.s3a.Invoker.retryUntranslated(Invoker.java:414)
[2025-12-09T20:34:37.714+0000] {spark_submit.py:491} INFO - at org.apache.hadoop.fs.s3a.Invoker.retryUntranslated(Invoker.java:377)
[2025-12-09T20:34:37.714+0000] {spark_submit.py:491} INFO - at org.apache.hadoop.fs.s3a.S3AFileSystem.getObjectMetadata(S3AFileSystem.java:2533)
[2025-12-09T20:34:37.714+0000] {spark_submit.py:491} INFO - at org.apache.hadoop.fs.s3a.S3AFileSystem.getObjectMetadata(S3AFileSystem.java:2513)
[2025-12-09T20:34:37.714+0000] {spark_submit.py:491} INFO - at org.apache.hadoop.fs.s3a.S3AFileSystem.s3GetFileStatus(S3AFileSystem.java:3776)
[2025-12-09T20:34:37.714+0000] {spark_submit.py:491} INFO - at org.apache.hadoop.fs.s3a.S3AFileSystem.innerGetFileStatus(S3AFileSystem.java:3688)
[2025-12-09T20:34:37.714+0000] {spark_submit.py:491} INFO - at org.apache.hadoop.fs.s3a.S3AFileSystem.lambda$exists$34(S3AFileSystem.java:4703)
[2025-12-09T20:34:37.715+0000] {spark_submit.py:491} INFO - at org.apache.hadoop.fs.statistics.impl.IOStatisticsBinding.lambda$trackDurationOfOperation$5(IOStatisticsBinding.java:499)
[2025-12-09T20:34:37.715+0000] {spark_submit.py:491} INFO - at org.apache.hadoop.fs.statistics.impl.IOStatisticsBinding.trackDuration(IOStatisticsBinding.java:444)
[2025-12-09T20:34:37.715+0000] {spark_submit.py:491} INFO - at org.apache.hadoop.fs.s3a.S3AFileSystem.trackDurationAndSpan(S3AFileSystem.java:2337)
[2025-12-09T20:34:37.715+0000] {spark_submit.py:491} INFO - at org.apache.hadoop.fs.s3a.S3AFileSystem.trackDurationAndSpan(S3AFileSystem.java:2356)
[2025-12-09T20:34:37.715+0000] {spark_submit.py:491} INFO - at org.apache.hadoop.fs.s3a.S3AFileSystem.exists(S3AFileSystem.java:4701)
[2025-12-09T20:34:37.715+0000] {spark_submit.py:491} INFO - at org.apache.spark.sql.execution.datasources.InsertIntoHadoopFsRelationCommand.run(InsertIntoHadoopFsRelationCommand.scala:120)
[2025-12-09T20:34:37.715+0000] {spark_submit.py:491} INFO - at org.apache.spark.sql.execution.command.DataWritingCommandExec.sideEffectResult$lzycompute(commands.scala:113)
[2025-12-09T20:34:37.715+0000] {spark_submit.py:491} INFO - at org.apache.spark.sql.execution.command.DataWritingCommandExec.sideEffectResult(commands.scala:111)
[2025-12-09T20:34:37.715+0000] {spark_submit.py:491} INFO - at org.apache.spark.sql.execution.command.DataWritingCommandExec.executeCollect(commands.scala:125)
[2025-12-09T20:34:37.715+0000] {spark_submit.py:491} INFO - at org.apache.spark.sql.execution.adaptive.AdaptiveSparkPlanExec.$anonfun$executeCollect$1(AdaptiveSparkPlanExec.scala:354)
[2025-12-09T20:34:37.715+0000] {spark_submit.py:491} INFO - at org.apache.spark.sql.execution.adaptive.AdaptiveSparkPlanExec.withFinalPlanUpdate(AdaptiveSparkPlanExec.scala:382)
[2025-12-09T20:34:37.715+0000] {spark_submit.py:491} INFO - at org.apache.spark.sql.execution.adaptive.AdaptiveSparkPlanExec.executeCollect(AdaptiveSparkPlanExec.scala:354)
[2025-12-09T20:34:37.715+0000] {spark_submit.py:491} INFO - at org.apache.spark.sql.execution.QueryExecution$$anonfun$eagerlyExecuteCommands$1.$anonfun$applyOrElse$1(QueryExecution.scala:98)
[2025-12-09T20:34:37.715+0000] {spark_submit.py:491} INFO - at org.apache.spark.sql.execution.SQLExecution$.$anonfun$withNewExecutionId$6(SQLExecution.scala:118)
[2025-12-09T20:34:37.715+0000] {spark_submit.py:491} INFO - at org.apache.spark.sql.execution.SQLExecution$.withSQLConfPropagated(SQLExecution.scala:195)
[2025-12-09T20:34:37.715+0000] {spark_submit.py:491} INFO - at org.apache.spark.sql.execution.SQLExecution$.$anonfun$withNewExecutionId$1(SQLExecution.scala:103)
[2025-12-09T20:34:37.715+0000] {spark_submit.py:491} INFO - at org.apache.spark.sql.SparkSession.withActive(SparkSession.scala:827)
[2025-12-09T20:34:37.715+0000] {spark_submit.py:491} INFO - at org.apache.spark.sql.execution.SQLExecution$.withNewExecutionId(SQLExecution.scala:65)
[2025-12-09T20:34:37.715+0000] {spark_submit.py:491} INFO - at org.apache.spark.sql.execution.QueryExecution$$anonfun$eagerlyExecuteCommands$1.applyOrElse(QueryExecution.scala:98)
[2025-12-09T20:34:37.715+0000] {spark_submit.py:491} INFO - at org.apache.spark.sql.execution.QueryExecution$$anonfun$eagerlyExecuteCommands$1.applyOrElse(QueryExecution.scala:94)
[2025-12-09T20:34:37.715+0000] {spark_submit.py:491} INFO - at org.apache.spark.sql.catalyst.trees.TreeNode.$anonfun$transformDownWithPruning$1(TreeNode.scala:512)
[2025-12-09T20:34:37.715+0000] {spark_submit.py:491} INFO - at org.apache.spark.sql.catalyst.trees.CurrentOrigin$.withOrigin(TreeNode.scala:104)
[2025-12-09T20:34:37.715+0000] {spark_submit.py:491} INFO - at org.apache.spark.sql.catalyst.trees.TreeNode.transformDownWithPruning(TreeNode.scala:512)
[2025-12-09T20:34:37.715+0000] {spark_submit.py:491} INFO - at org.apache.spark.sql.catalyst.plans.logical.LogicalPlan.org$apache$spark$sql$catalyst$plans$logical$AnalysisHelper$$super$transformDownWithPruning(LogicalPlan.scala:31)
[2025-12-09T20:34:37.715+0000] {spark_submit.py:491} INFO - at org.apache.spark.sql.catalyst.plans.logical.AnalysisHelper.transformDownWithPruning(AnalysisHelper.scala:267)
[2025-12-09T20:34:37.715+0000] {spark_submit.py:491} INFO - at org.apache.spark.sql.catalyst.plans.logical.AnalysisHelper.transformDownWithPruning$(AnalysisHelper.scala:263)
[2025-12-09T20:34:37.716+0000] {spark_submit.py:491} INFO - at org.apache.spark.sql.catalyst.plans.logical.LogicalPlan.transformDownWithPruning(LogicalPlan.scala:31)
[2025-12-09T20:34:37.716+0000] {spark_submit.py:491} INFO - at org.apache.spark.sql.catalyst.plans.logical.LogicalPlan.transformDownWithPruning(LogicalPlan.scala:31)
[2025-12-09T20:34:37.716+0000] {spark_submit.py:491} INFO - at org.apache.spark.sql.catalyst.trees.TreeNode.transformDown(TreeNode.scala:488)
[2025-12-09T20:34:37.716+0000] {spark_submit.py:491} INFO - at org.apache.spark.sql.execution.QueryExecution.eagerlyExecuteCommands(QueryExecution.scala:94)
[2025-12-09T20:34:37.716+0000] {spark_submit.py:491} INFO - at org.apache.spark.sql.execution.QueryExecution.commandExecuted$lzycompute(QueryExecution.scala:81)
[2025-12-09T20:34:37.716+0000] {spark_submit.py:491} INFO - at org.apache.spark.sql.execution.QueryExecution.commandExecuted(QueryExecution.scala:79)
[2025-12-09T20:34:37.716+0000] {spark_submit.py:491} INFO - at org.apache.spark.sql.execution.QueryExecution.assertCommandExecuted(QueryExecution.scala:133)
[2025-12-09T20:34:37.716+0000] {spark_submit.py:491} INFO - at org.apache.spark.sql.DataFrameWriter.runCommand(DataFrameWriter.scala:856)
[2025-12-09T20:34:37.716+0000] {spark_submit.py:491} INFO - at org.apache.spark.sql.DataFrameWriter.saveToV1Source(DataFrameWriter.scala:387)
[2025-12-09T20:34:37.716+0000] {spark_submit.py:491} INFO - at org.apache.spark.sql.DataFrameWriter.saveInternal(DataFrameWriter.scala:360)
[2025-12-09T20:34:37.716+0000] {spark_submit.py:491} INFO - at org.apache.spark.sql.DataFrameWriter.save(DataFrameWriter.scala:239)
[2025-12-09T20:34:37.716+0000] {spark_submit.py:491} INFO - at org.apache.spark.sql.DataFrameWriter.parquet(DataFrameWriter.scala:789)
[2025-12-09T20:34:37.716+0000] {spark_submit.py:491} INFO - at java.base/jdk.internal.reflect.NativeMethodAccessorImpl.invoke0(Native Method)
[2025-12-09T20:34:37.716+0000] {spark_submit.py:491} INFO - at java.base/jdk.internal.reflect.NativeMethodAccessorImpl.invoke(NativeMethodAccessorImpl.java:77)
[2025-12-09T20:34:37.716+0000] {spark_submit.py:491} INFO - at java.base/jdk.internal.reflect.DelegatingMethodAccessorImpl.invoke(DelegatingMethodAccessorImpl.java:43)
[2025-12-09T20:34:37.716+0000] {spark_submit.py:491} INFO - at java.base/java.lang.reflect.Method.invoke(Method.java:569)
[2025-12-09T20:34:37.716+0000] {spark_submit.py:491} INFO - at py4j.reflection.MethodInvoker.invoke(MethodInvoker.java:244)
[2025-12-09T20:34:37.716+0000] {spark_submit.py:491} INFO - at py4j.reflection.ReflectionEngine.invoke(ReflectionEngine.java:374)
[2025-12-09T20:34:37.716+0000] {spark_submit.py:491} INFO - at py4j.Gateway.invoke(Gateway.java:282)
[2025-12-09T20:34:37.716+0000] {spark_submit.py:491} INFO - at py4j.commands.AbstractCommand.invokeMethod(AbstractCommand.java:132)
[2025-12-09T20:34:37.716+0000] {spark_submit.py:491} INFO - at py4j.commands.CallCommand.execute(CallCommand.java:79)
[2025-12-09T20:34:37.716+0000] {spark_submit.py:491} INFO - at py4j.ClientServerConnection.waitForCommands(ClientServerConnection.java:182)
[2025-12-09T20:34:37.716+0000] {spark_submit.py:491} INFO - at py4j.ClientServerConnection.run(ClientServerConnection.java:106)
[2025-12-09T20:34:37.716+0000] {spark_submit.py:491} INFO - at java.base/java.lang.Thread.run(Thread.java:840)
[2025-12-09T20:34:37.716+0000] {spark_submit.py:491} INFO - Caused by: java.net.ConnectException: Connection refused
[2025-12-09T20:34:37.716+0000] {spark_submit.py:491} INFO - at java.base/sun.nio.ch.Net.pollConnect(Native Method)
[2025-12-09T20:34:37.717+0000] {spark_submit.py:491} INFO - at java.base/sun.nio.ch.Net.pollConnectNow(Net.java:672)
[2025-12-09T20:34:37.717+0000] {spark_submit.py:491} INFO - at java.base/sun.nio.ch.NioSocketImpl.timedFinishConnect(NioSocketImpl.java:554)
[2025-12-09T20:34:37.717+0000] {spark_submit.py:491} INFO - at java.base/sun.nio.ch.NioSocketImpl.connect(NioSocketImpl.java:602)
[2025-12-09T20:34:37.717+0000] {spark_submit.py:491} INFO - at java.base/java.net.Socket.connect(Socket.java:633)
[2025-12-09T20:34:37.717+0000] {spark_submit.py:491} INFO - at java.base/sun.net.NetworkClient.doConnect(NetworkClient.java:178)
[2025-12-09T20:34:37.717+0000] {spark_submit.py:491} INFO - at java.base/sun.net.www.http.HttpClient.openServer(HttpClient.java:533)
[2025-12-09T20:34:37.717+0000] {spark_submit.py:491} INFO - at java.base/sun.net.www.http.HttpClient.openServer(HttpClient.java:638)
[2025-12-09T20:34:37.717+0000] {spark_submit.py:491} INFO - at java.base/sun.net.www.http.HttpClient.<init>(HttpClient.java:283)
[2025-12-09T20:34:37.717+0000] {spark_submit.py:491} INFO - at java.base/sun.net.www.http.HttpClient.New(HttpClient.java:386)
[2025-12-09T20:34:37.717+0000] {spark_submit.py:491} INFO - at java.base/sun.net.www.http.HttpClient.New(HttpClient.java:408)
[2025-12-09T20:34:37.717+0000] {spark_submit.py:491} INFO - at java.base/sun.net.www.protocol.http.HttpURLConnection.getNewHttpClient(HttpURLConnection.java:1329)
[2025-12-09T20:34:37.717+0000] {spark_submit.py:491} INFO - at java.base/sun.net.www.protocol.http.HttpURLConnection.plainConnect0(HttpURLConnection.java:1307)
[2025-12-09T20:34:37.717+0000] {spark_submit.py:491} INFO - at java.base/sun.net.www.protocol.http.HttpURLConnection.plainConnect(HttpURLConnection.java:1148)
[2025-12-09T20:34:37.717+0000] {spark_submit.py:491} INFO - at java.base/sun.net.www.protocol.http.HttpURLConnection.connect(HttpURLConnection.java:1077)
[2025-12-09T20:34:37.717+0000] {spark_submit.py:491} INFO - at com.amazonaws.internal.ConnectionUtils.connectToEndpoint(ConnectionUtils.java:95)
[2025-12-09T20:34:37.717+0000] {spark_submit.py:491} INFO - at com.amazonaws.internal.EC2ResourceFetcher.doReadResource(EC2ResourceFetcher.java:80)
[2025-12-09T20:34:37.717+0000] {spark_submit.py:491} INFO - ... 84 more
[2025-12-09T20:34:37.963+0000] {spark_submit.py:491} INFO - Traceback (most recent call last):
[2025-12-09T20:34:37.963+0000] {spark_submit.py:491} INFO - File "/opt/***/jobs/***_spark_job.py", line 98, in <module>
[2025-12-09T20:34:37.963+0000] {spark_submit.py:491} INFO - main()
[2025-12-09T20:34:37.963+0000] {spark_submit.py:491} INFO - File "/opt/***/jobs/***_spark_job.py", line 89, in main
[2025-12-09T20:34:37.964+0000] {spark_submit.py:491} INFO - dept_stats.write.mode("overwrite").parquet(output_path)
[2025-12-09T20:34:37.964+0000] {spark_submit.py:491} INFO - File "/home/***/.local/lib/python3.9/site-packages/pyspark/python/lib/pyspark.zip/pyspark/sql/readwriter.py", line 1656, in parquet
[2025-12-09T20:34:37.964+0000] {spark_submit.py:491} INFO - File "/home/***/.local/lib/python3.9/site-packages/pyspark/python/lib/py4j-0.10.9.7-src.zip/py4j/java_gateway.py", line 1322, in __call__
[2025-12-09T20:34:37.964+0000] {spark_submit.py:491} INFO - File "/home/***/.local/lib/python3.9/site-packages/pyspark/python/lib/pyspark.zip/pyspark/errors/exceptions/captured.py", line 169, in deco
[2025-12-09T20:34:37.964+0000] {spark_submit.py:491} INFO - File "/home/***/.local/lib/python3.9/site-packages/pyspark/python/lib/py4j-0.10.9.7-src.zip/py4j/protocol.py", line 326, in get_return_value
[2025-12-09T20:34:38.005+0000] {spark_submit.py:491} INFO - py4j.protocol.Py4JJavaError: An error occurred while calling o51.parquet.
[2025-12-09T20:34:38.005+0000] {spark_submit.py:491} INFO - : java.nio.file.AccessDeniedException: s3a://test/***_output_20251209_203436: org.apache.hadoop.fs.s3a.auth.NoAuthWithAWSException: No AWS Credentials provided by TemporaryAWSCredentialsProvider SimpleAWSCredentialsProvider EnvironmentVariableCredentialsProvider IAMInstanceCredentialsProvider : com.amazonaws.SdkClientException: Unable to load AWS credentials from environment variables (AWS_ACCESS_KEY_ID (or AWS_ACCESS_KEY) and AWS_SECRET_KEY (or AWS_SECRET_ACCESS_KEY))
[2025-12-09T20:34:38.005+0000] {spark_submit.py:491} INFO - at org.apache.hadoop.fs.s3a.S3AUtils.translateException(S3AUtils.java:212)
[2025-12-09T20:34:38.006+0000] {spark_submit.py:491} INFO - at org.apache.hadoop.fs.s3a.S3AUtils.translateException(S3AUtils.java:175)
[2025-12-09T20:34:38.006+0000] {spark_submit.py:491} INFO - at org.apache.hadoop.fs.s3a.S3AFileSystem.s3GetFileStatus(S3AFileSystem.java:3799)
[2025-12-09T20:34:38.006+0000] {spark_submit.py:491} INFO - at org.apache.hadoop.fs.s3a.S3AFileSystem.innerGetFileStatus(S3AFileSystem.java:3688)
[2025-12-09T20:34:38.006+0000] {spark_submit.py:491} INFO - at org.apache.hadoop.fs.s3a.S3AFileSystem.lambda$exists$34(S3AFileSystem.java:4703)
[2025-12-09T20:34:38.006+0000] {spark_submit.py:491} INFO - at org.apache.hadoop.fs.statistics.impl.IOStatisticsBinding.lambda$trackDurationOfOperation$5(IOStatisticsBinding.java:499)
[2025-12-09T20:34:38.006+0000] {spark_submit.py:491} INFO - at org.apache.hadoop.fs.statistics.impl.IOStatisticsBinding.trackDuration(IOStatisticsBinding.java:444)
[2025-12-09T20:34:38.006+0000] {spark_submit.py:491} INFO - at org.apache.hadoop.fs.s3a.S3AFileSystem.trackDurationAndSpan(S3AFileSystem.java:2337)
[2025-12-09T20:34:38.006+0000] {spark_submit.py:491} INFO - at org.apache.hadoop.fs.s3a.S3AFileSystem.trackDurationAndSpan(S3AFileSystem.java:2356)
[2025-12-09T20:34:38.006+0000] {spark_submit.py:491} INFO - at org.apache.hadoop.fs.s3a.S3AFileSystem.exists(S3AFileSystem.java:4701)
[2025-12-09T20:34:38.006+0000] {spark_submit.py:491} INFO - at org.apache.spark.sql.execution.datasources.InsertIntoHadoopFsRelationCommand.run(InsertIntoHadoopFsRelationCommand.scala:120)
[2025-12-09T20:34:38.006+0000] {spark_submit.py:491} INFO - at org.apache.spark.sql.execution.command.DataWritingCommandExec.sideEffectResult$lzycompute(commands.scala:113)
[2025-12-09T20:34:38.006+0000] {spark_submit.py:491} INFO - at org.apache.spark.sql.execution.command.DataWritingCommandExec.sideEffectResult(commands.scala:111)
[2025-12-09T20:34:38.006+0000] {spark_submit.py:491} INFO - at org.apache.spark.sql.execution.command.DataWritingCommandExec.executeCollect(commands.scala:125)
[2025-12-09T20:34:38.006+0000] {spark_submit.py:491} INFO - at org.apache.spark.sql.execution.adaptive.AdaptiveSparkPlanExec.$anonfun$executeCollect$1(AdaptiveSparkPlanExec.scala:354)
[2025-12-09T20:34:38.006+0000] {spark_submit.py:491} INFO - at org.apache.spark.sql.execution.adaptive.AdaptiveSparkPlanExec.withFinalPlanUpdate(AdaptiveSparkPlanExec.scala:382)
[2025-12-09T20:34:38.006+0000] {spark_submit.py:491} INFO - at org.apache.spark.sql.execution.adaptive.AdaptiveSparkPlanExec.executeCollect(AdaptiveSparkPlanExec.scala:354)
[2025-12-09T20:34:38.006+0000] {spark_submit.py:491} INFO - at org.apache.spark.sql.execution.QueryExecution$$anonfun$eagerlyExecuteCommands$1.$anonfun$applyOrElse$1(QueryExecution.scala:98)
[2025-12-09T20:34:38.006+0000] {spark_submit.py:491} INFO - at org.apache.spark.sql.execution.SQLExecution$.$anonfun$withNewExecutionId$6(SQLExecution.scala:118)
[2025-12-09T20:34:38.006+0000] {spark_submit.py:491} INFO - at org.apache.spark.sql.execution.SQLExecution$.withSQLConfPropagated(SQLExecution.scala:195)
[2025-12-09T20:34:38.006+0000] {spark_submit.py:491} INFO - at org.apache.spark.sql.execution.SQLExecution$.$anonfun$withNewExecutionId$1(SQLExecution.scala:103)
[2025-12-09T20:34:38.006+0000] {spark_submit.py:491} INFO - at org.apache.spark.sql.SparkSession.withActive(SparkSession.scala:827)
[2025-12-09T20:34:38.006+0000] {spark_submit.py:491} INFO - at org.apache.spark.sql.execution.SQLExecution$.withNewExecutionId(SQLExecution.scala:65)
[2025-12-09T20:34:38.006+0000] {spark_submit.py:491} INFO - at org.apache.spark.sql.execution.QueryExecution$$anonfun$eagerlyExecuteCommands$1.applyOrElse(QueryExecution.scala:98)
[2025-12-09T20:34:38.006+0000] {spark_submit.py:491} INFO - at org.apache.spark.sql.execution.QueryExecution$$anonfun$eagerlyExecuteCommands$1.applyOrElse(QueryExecution.scala:94)
[2025-12-09T20:34:38.006+0000] {spark_submit.py:491} INFO - at org.apache.spark.sql.catalyst.trees.TreeNode.$anonfun$transformDownWithPruning$1(TreeNode.scala:512)
[2025-12-09T20:34:38.006+0000] {spark_submit.py:491} INFO - at org.apache.spark.sql.catalyst.trees.CurrentOrigin$.withOrigin(TreeNode.scala:104)
[2025-12-09T20:34:38.006+0000] {spark_submit.py:491} INFO - at org.apache.spark.sql.catalyst.trees.TreeNode.transformDownWithPruning(TreeNode.scala:512)
[2025-12-09T20:34:38.006+0000] {spark_submit.py:491} INFO - at org.apache.spark.sql.catalyst.plans.logical.LogicalPlan.org$apache$spark$sql$catalyst$plans$logical$AnalysisHelper$$super$transformDownWithPruning(LogicalPlan.scala:31)
[2025-12-09T20:34:38.006+0000] {spark_submit.py:491} INFO - at org.apache.spark.sql.catalyst.plans.logical.AnalysisHelper.transformDownWithPruning(AnalysisHelper.scala:267)
[2025-12-09T20:34:38.006+0000] {spark_submit.py:491} INFO - at org.apache.spark.sql.catalyst.plans.logical.AnalysisHelper.transformDownWithPruning$(AnalysisHelper.scala:263)
[2025-12-09T20:34:38.006+0000] {spark_submit.py:491} INFO - at org.apache.spark.sql.catalyst.plans.logical.LogicalPlan.transformDownWithPruning(LogicalPlan.scala:31)
[2025-12-09T20:34:38.007+0000] {spark_submit.py:491} INFO - at org.apache.spark.sql.catalyst.plans.logical.LogicalPlan.transformDownWithPruning(LogicalPlan.scala:31)
[2025-12-09T20:34:38.007+0000] {spark_submit.py:491} INFO - at org.apache.spark.sql.catalyst.trees.TreeNode.transformDown(TreeNode.scala:488)
[2025-12-09T20:34:38.007+0000] {spark_submit.py:491} INFO - at org.apache.spark.sql.execution.QueryExecution.eagerlyExecuteCommands(QueryExecution.scala:94)
[2025-12-09T20:34:38.007+0000] {spark_submit.py:491} INFO - at org.apache.spark.sql.execution.QueryExecution.commandExecuted$lzycompute(QueryExecution.scala:81)
[2025-12-09T20:34:38.007+0000] {spark_submit.py:491} INFO - at org.apache.spark.sql.execution.QueryExecution.commandExecuted(QueryExecution.scala:79)
[2025-12-09T20:34:38.007+0000] {spark_submit.py:491} INFO - at org.apache.spark.sql.execution.QueryExecution.assertCommandExecuted(QueryExecution.scala:133)
[2025-12-09T20:34:38.007+0000] {spark_submit.py:491} INFO - at org.apache.spark.sql.DataFrameWriter.runCommand(DataFrameWriter.scala:856)
[2025-12-09T20:34:38.007+0000] {spark_submit.py:491} INFO - at org.apache.spark.sql.DataFrameWriter.saveToV1Source(DataFrameWriter.scala:387)
[2025-12-09T20:34:38.007+0000] {spark_submit.py:491} INFO - at org.apache.spark.sql.DataFrameWriter.saveInternal(DataFrameWriter.scala:360)
[2025-12-09T20:34:38.007+0000] {spark_submit.py:491} INFO - at org.apache.spark.sql.DataFrameWriter.save(DataFrameWriter.scala:239)
[2025-12-09T20:34:38.007+0000] {spark_submit.py:491} INFO - at org.apache.spark.sql.DataFrameWriter.parquet(DataFrameWriter.scala:789)
[2025-12-09T20:34:38.007+0000] {spark_submit.py:491} INFO - at java.base/jdk.internal.reflect.NativeMethodAccessorImpl.invoke0(Native Method)
[2025-12-09T20:34:38.007+0000] {spark_submit.py:491} INFO - at java.base/jdk.internal.reflect.NativeMethodAccessorImpl.invoke(NativeMethodAccessorImpl.java:77)
[2025-12-09T20:34:38.007+0000] {spark_submit.py:491} INFO - at java.base/jdk.internal.reflect.DelegatingMethodAccessorImpl.invoke(DelegatingMethodAccessorImpl.java:43)
[2025-12-09T20:34:38.007+0000] {spark_submit.py:491} INFO - at java.base/java.lang.reflect.Method.invoke(Method.java:569)
[2025-12-09T20:34:38.007+0000] {spark_submit.py:491} INFO - at py4j.reflection.MethodInvoker.invoke(MethodInvoker.java:244)
[2025-12-09T20:34:38.007+0000] {spark_submit.py:491} INFO - at py4j.reflection.ReflectionEngine.invoke(ReflectionEngine.java:374)
[2025-12-09T20:34:38.007+0000] {spark_submit.py:491} INFO - at py4j.Gateway.invoke(Gateway.java:282)
[2025-12-09T20:34:38.007+0000] {spark_submit.py:491} INFO - at py4j.commands.AbstractCommand.invokeMethod(AbstractCommand.java:132)
[2025-12-09T20:34:38.007+0000] {spark_submit.py:491} INFO - at py4j.commands.CallCommand.execute(CallCommand.java:79)
[2025-12-09T20:34:38.007+0000] {spark_submit.py:491} INFO - at py4j.ClientServerConnection.waitForCommands(ClientServerConnection.java:182)
[2025-12-09T20:34:38.007+0000] {spark_submit.py:491} INFO - at py4j.ClientServerConnection.run(ClientServerConnection.java:106)
[2025-12-09T20:34:38.007+0000] {spark_submit.py:491} INFO - at java.base/java.lang.Thread.run(Thread.java:840)
[2025-12-09T20:34:38.007+0000] {spark_submit.py:491} INFO - Caused by: org.apache.hadoop.fs.s3a.auth.NoAuthWithAWSException: No AWS Credentials provided by TemporaryAWSCredentialsProvider SimpleAWSCredentialsProvider EnvironmentVariableCredentialsProvider IAMInstanceCredentialsProvider : com.amazonaws.SdkClientException: Unable to load AWS credentials from environment variables (AWS_ACCESS_KEY_ID (or AWS_ACCESS_KEY) and AWS_SECRET_KEY (or AWS_SECRET_ACCESS_KEY))
[2025-12-09T20:34:38.007+0000] {spark_submit.py:491} INFO - at org.apache.hadoop.fs.s3a.AWSCredentialProviderList.getCredentials(AWSCredentialProviderList.java:216)
[2025-12-09T20:34:38.007+0000] {spark_submit.py:491} INFO - at com.amazonaws.http.AmazonHttpClient$RequestExecutor.getCredentialsFromContext(AmazonHttpClient.java:1269)
[2025-12-09T20:34:38.007+0000] {spark_submit.py:491} INFO - at com.amazonaws.http.AmazonHttpClient$RequestExecutor.runBeforeRequestHandlers(AmazonHttpClient.java:845)
[2025-12-09T20:34:38.007+0000] {spark_submit.py:491} INFO - at com.amazonaws.http.AmazonHttpClient$RequestExecutor.doExecute(AmazonHttpClient.java:794)
[2025-12-09T20:34:38.007+0000] {spark_submit.py:491} INFO - at com.amazonaws.http.AmazonHttpClient$RequestExecutor.executeWithTimer(AmazonHttpClient.java:781)
[2025-12-09T20:34:38.007+0000] {spark_submit.py:491} INFO - at com.amazonaws.http.AmazonHttpClient$RequestExecutor.execute(AmazonHttpClient.java:755)
[2025-12-09T20:34:38.007+0000] {spark_submit.py:491} INFO - at com.amazonaws.http.AmazonHttpClient$RequestExecutor.access$500(AmazonHttpClient.java:715)
[2025-12-09T20:34:38.007+0000] {spark_submit.py:491} INFO - at com.amazonaws.http.AmazonHttpClient$RequestExecutionBuilderImpl.execute(AmazonHttpClient.java:697)
[2025-12-09T20:34:38.008+0000] {spark_submit.py:491} INFO - at com.amazonaws.http.AmazonHttpClient.execute(AmazonHttpClient.java:561)
[2025-12-09T20:34:38.008+0000] {spark_submit.py:491} INFO - at com.amazonaws.http.AmazonHttpClient.execute(AmazonHttpClient.java:541)
[2025-12-09T20:34:38.008+0000] {spark_submit.py:491} INFO - at com.amazonaws.services.s3.AmazonS3Client.invoke(AmazonS3Client.java:5456)
[2025-12-09T20:34:38.008+0000] {spark_submit.py:491} INFO - at com.amazonaws.services.s3.AmazonS3Client.getBucketRegionViaHeadRequest(AmazonS3Client.java:6431)
[2025-12-09T20:34:38.008+0000] {spark_submit.py:491} INFO - at com.amazonaws.services.s3.AmazonS3Client.fetchRegionFromCache(AmazonS3Client.java:6404)
[2025-12-09T20:34:38.008+0000] {spark_submit.py:491} INFO - at com.amazonaws.services.s3.AmazonS3Client.invoke(AmazonS3Client.java:5441)
[2025-12-09T20:34:38.008+0000] {spark_submit.py:491} INFO - at com.amazonaws.services.s3.AmazonS3Client.invoke(AmazonS3Client.java:5403)
[2025-12-09T20:34:38.008+0000] {spark_submit.py:491} INFO - at com.amazonaws.services.s3.AmazonS3Client.getObjectMetadata(AmazonS3Client.java:1372)
[2025-12-09T20:34:38.008+0000] {spark_submit.py:491} INFO - at org.apache.hadoop.fs.s3a.S3AFileSystem.lambda$getObjectMetadata$10(S3AFileSystem.java:2545)
[2025-12-09T20:34:38.008+0000] {spark_submit.py:491} INFO - at org.apache.hadoop.fs.s3a.Invoker.retryUntranslated(Invoker.java:414)
[2025-12-09T20:34:38.008+0000] {spark_submit.py:491} INFO - at org.apache.hadoop.fs.s3a.Invoker.retryUntranslated(Invoker.java:377)
[2025-12-09T20:34:38.008+0000] {spark_submit.py:491} INFO - at org.apache.hadoop.fs.s3a.S3AFileSystem.getObjectMetadata(S3AFileSystem.java:2533)
[2025-12-09T20:34:38.008+0000] {spark_submit.py:491} INFO - at org.apache.hadoop.fs.s3a.S3AFileSystem.getObjectMetadata(S3AFileSystem.java:2513)
[2025-12-09T20:34:38.008+0000] {spark_submit.py:491} INFO - at org.apache.hadoop.fs.s3a.S3AFileSystem.s3GetFileStatus(S3AFileSystem.java:3776)
[2025-12-09T20:34:38.008+0000] {spark_submit.py:491} INFO - ... 52 more
[2025-12-09T20:34:38.008+0000] {spark_submit.py:491} INFO - Caused by: com.amazonaws.SdkClientException: Unable to load AWS credentials from environment variables (AWS_ACCESS_KEY_ID (or AWS_ACCESS_KEY) and AWS_SECRET_KEY (or AWS_SECRET_ACCESS_KEY))
[2025-12-09T20:34:38.008+0000] {spark_submit.py:491} INFO - at com.amazonaws.auth.EnvironmentVariableCredentialsProvider.getCredentials(EnvironmentVariableCredentialsProvider.java:50)
[2025-12-09T20:34:38.008+0000] {spark_submit.py:491} INFO - at org.apache.hadoop.fs.s3a.AWSCredentialProviderList.getCredentials(AWSCredentialProviderList.java:177)
[2025-12-09T20:34:38.008+0000] {spark_submit.py:491} INFO - ... 73 more
[2025-12-09T20:34:38.008+0000] {spark_submit.py:491} INFO - 
[2025-12-09T20:34:38.090+0000] {spark_submit.py:491} INFO - 25/12/09 20:34:38 INFO SparkContext: Invoking stop() from shutdown hook
[2025-12-09T20:34:38.090+0000] {spark_submit.py:491} INFO - 25/12/09 20:34:38 INFO SparkContext: SparkContext is stopping with exitCode 0.
[2025-12-09T20:34:38.105+0000] {spark_submit.py:491} INFO - 25/12/09 20:34:38 INFO SparkUI: Stopped Spark web UI at http://9f0bb37009ef:4040
[2025-12-09T20:34:38.109+0000] {spark_submit.py:491} INFO - 25/12/09 20:34:38 INFO StandaloneSchedulerBackend: Shutting down all executors
[2025-12-09T20:34:38.110+0000] {spark_submit.py:491} INFO - 25/12/09 20:34:38 INFO StandaloneSchedulerBackend$StandaloneDriverEndpoint: Asking each executor to shut down
[2025-12-09T20:34:38.132+0000] {spark_submit.py:491} INFO - 25/12/09 20:34:38 INFO MapOutputTrackerMasterEndpoint: MapOutputTrackerMasterEndpoint stopped!
[2025-12-09T20:34:38.156+0000] {spark_submit.py:491} INFO - 25/12/09 20:34:38 INFO MemoryStore: MemoryStore cleared
[2025-12-09T20:34:38.156+0000] {spark_submit.py:491} INFO - 25/12/09 20:34:38 INFO BlockManager: BlockManager stopped
[2025-12-09T20:34:38.160+0000] {spark_submit.py:491} INFO - 25/12/09 20:34:38 INFO BlockManagerMaster: BlockManagerMaster stopped
[2025-12-09T20:34:38.162+0000] {spark_submit.py:491} INFO - 25/12/09 20:34:38 INFO OutputCommitCoordinator$OutputCommitCoordinatorEndpoint: OutputCommitCoordinator stopped!
[2025-12-09T20:34:38.177+0000] {spark_submit.py:491} INFO - 25/12/09 20:34:38 INFO SparkContext: Successfully stopped SparkContext
[2025-12-09T20:34:38.177+0000] {spark_submit.py:491} INFO - 25/12/09 20:34:38 INFO ShutdownHookManager: Shutdown hook called
[2025-12-09T20:34:38.178+0000] {spark_submit.py:491} INFO - 25/12/09 20:34:38 INFO ShutdownHookManager: Deleting directory /tmp/spark-8c2c3a61-9b93-47f3-9d34-9e9f0db32176
[2025-12-09T20:34:38.182+0000] {spark_submit.py:491} INFO - 25/12/09 20:34:38 INFO ShutdownHookManager: Deleting directory /tmp/spark-7b37bce0-00ec-4f43-9c25-94129827f917
[2025-12-09T20:34:38.186+0000] {spark_submit.py:491} INFO - 25/12/09 20:34:38 INFO ShutdownHookManager: Deleting directory /tmp/spark-8c2c3a61-9b93-47f3-9d34-9e9f0db32176/pyspark-e9ba02b4-8573-40ef-beee-eb8396231aec
[2025-12-09T20:34:38.193+0000] {spark_submit.py:491} INFO - 25/12/09 20:34:38 INFO MetricsSystemImpl: Stopping s3a-file-system metrics system...
[2025-12-09T20:34:38.193+0000] {spark_submit.py:491} INFO - 25/12/09 20:34:38 INFO MetricsSystemImpl: s3a-file-system metrics system stopped.
[2025-12-09T20:34:38.193+0000] {spark_submit.py:491} INFO - 25/12/09 20:34:38 INFO MetricsSystemImpl: s3a-file-system metrics system shutdown complete.
[2025-12-09T20:34:38.254+0000] {taskinstance.py:1935} ERROR - Task failed with exception
Traceback (most recent call last):
  File "/home/airflow/.local/lib/python3.9/site-packages/airflow/providers/apache/spark/operators/spark_submit.py", line 156, in execute
    self._hook.submit(self._application)
  File "/home/airflow/.local/lib/python3.9/site-packages/airflow/providers/apache/spark/hooks/spark_submit.py", line 422, in submit
    raise AirflowException(
airflow.exceptions.AirflowException: Cannot execute: spark-submit --master spark://spark-master:7077 --conf spark.eventLog.enabled=true --conf spark.eventLog.dir=/opt/spark-events --conf spark.history.fs.logDirectory=/opt/spark-events --name Airflow_Triggered_Job_20251209T203425 jobs/***_spark_job.py. Error code is: 1.
[2025-12-09T20:34:38.260+0000] {taskinstance.py:1398} INFO - Marking task as UP_FOR_RETRY. dag_id=spark_job_with_history, task_id=submit_spark_job, execution_date=20251209T203425, start_date=20251209T203427, end_date=20251209T203438
[2025-12-09T20:34:38.272+0000] {standard_task_runner.py:104} ERROR - Failed to execute job 20 for task submit_spark_job (Cannot execute: spark-submit --master spark://spark-master:7077 --conf spark.eventLog.enabled=true --conf spark.eventLog.dir=/opt/spark-events --conf spark.history.fs.logDirectory=/opt/spark-events --name Airflow_Triggered_Job_20251209T203425 jobs/***_spark_job.py. Error code is: 1.; 759)
[2025-12-09T20:34:38.297+0000] {local_task_job_runner.py:228} INFO - Task exited with return code 1
[2025-12-09T20:34:38.312+0000] {taskinstance.py:2776} INFO - 0 downstream tasks scheduled from follow-on schedule check
