[2025-12-09T20:39:38.798+0000] {taskinstance.py:1157} INFO - Dependencies all met for dep_context=non-requeueable deps ti=<TaskInstance: spark_job_with_history.submit_spark_job manual__2025-12-09T20:34:25.546659+00:00 [queued]>
[2025-12-09T20:39:38.809+0000] {taskinstance.py:1157} INFO - Dependencies all met for dep_context=requeueable deps ti=<TaskInstance: spark_job_with_history.submit_spark_job manual__2025-12-09T20:34:25.546659+00:00 [queued]>
[2025-12-09T20:39:38.809+0000] {taskinstance.py:1359} INFO - Starting attempt 2 of 2
[2025-12-09T20:39:38.820+0000] {taskinstance.py:1380} INFO - Executing <Task(SparkSubmitOperator): submit_spark_job> on 2025-12-09 20:34:25.546659+00:00
[2025-12-09T20:39:38.826+0000] {standard_task_runner.py:57} INFO - Started process 1226 to run task
[2025-12-09T20:39:38.829+0000] {standard_task_runner.py:84} INFO - Running: ['***', 'tasks', 'run', 'spark_job_with_history', 'submit_spark_job', 'manual__2025-12-09T20:34:25.546659+00:00', '--job-id', '21', '--raw', '--subdir', 'DAGS_FOLDER/spark_with_logging_dag.py', '--cfg-path', '/tmp/tmpfmp2qd44']
[2025-12-09T20:39:38.832+0000] {standard_task_runner.py:85} INFO - Job 21: Subtask submit_spark_job
[2025-12-09T20:39:38.881+0000] {task_command.py:415} INFO - Running <TaskInstance: spark_job_with_history.submit_spark_job manual__2025-12-09T20:34:25.546659+00:00 [running]> on host 9f0bb37009ef
[2025-12-09T20:39:38.960+0000] {taskinstance.py:1660} INFO - Exporting env vars: AIRFLOW_CTX_DAG_OWNER='***' AIRFLOW_CTX_DAG_ID='spark_job_with_history' AIRFLOW_CTX_TASK_ID='submit_spark_job' AIRFLOW_CTX_EXECUTION_DATE='2025-12-09T20:34:25.546659+00:00' AIRFLOW_CTX_TRY_NUMBER='2' AIRFLOW_CTX_DAG_RUN_ID='manual__2025-12-09T20:34:25.546659+00:00'
[2025-12-09T20:39:38.971+0000] {base.py:73} INFO - Using connection ID 'spark-conn' for task execution.
[2025-12-09T20:39:38.972+0000] {spark_submit.py:340} INFO - Spark-Submit cmd: spark-submit --master spark://spark-master:7077 --conf spark.eventLog.enabled=true --conf spark.eventLog.dir=/opt/spark-events --conf spark.history.fs.logDirectory=/opt/spark-events --name Airflow_Triggered_Job_20251209T203425 jobs/***_spark_job.py
[2025-12-09T20:39:40.843+0000] {spark_submit.py:491} INFO - 25/12/09 20:39:40 INFO SparkContext: Running Spark version 3.4.0
[2025-12-09T20:39:40.894+0000] {spark_submit.py:491} INFO - 25/12/09 20:39:40 WARN NativeCodeLoader: Unable to load native-hadoop library for your platform... using builtin-java classes where applicable
[2025-12-09T20:39:40.970+0000] {spark_submit.py:491} INFO - 25/12/09 20:39:40 INFO ResourceUtils: ==============================================================
[2025-12-09T20:39:40.971+0000] {spark_submit.py:491} INFO - 25/12/09 20:39:40 INFO ResourceUtils: No custom resources configured for spark.driver.
[2025-12-09T20:39:40.972+0000] {spark_submit.py:491} INFO - 25/12/09 20:39:40 INFO ResourceUtils: ==============================================================
[2025-12-09T20:39:40.972+0000] {spark_submit.py:491} INFO - 25/12/09 20:39:40 INFO SparkContext: Submitted application: Airflow_Job_20251209_203940
[2025-12-09T20:39:40.995+0000] {spark_submit.py:491} INFO - 25/12/09 20:39:40 INFO ResourceProfile: Default ResourceProfile created, executor resources: Map(memory -> name: memory, amount: 1024, script: , vendor: , offHeap -> name: offHeap, amount: 0, script: , vendor: ), task resources: Map(cpus -> name: cpus, amount: 1.0)
[2025-12-09T20:39:41.000+0000] {spark_submit.py:491} INFO - 25/12/09 20:39:41 INFO ResourceProfile: Limiting resource is cpu
[2025-12-09T20:39:41.001+0000] {spark_submit.py:491} INFO - 25/12/09 20:39:41 INFO ResourceProfileManager: Added ResourceProfile id: 0
[2025-12-09T20:39:41.041+0000] {spark_submit.py:491} INFO - 25/12/09 20:39:41 INFO SecurityManager: Changing view acls to: root
[2025-12-09T20:39:41.041+0000] {spark_submit.py:491} INFO - 25/12/09 20:39:41 INFO SecurityManager: Changing modify acls to: root
[2025-12-09T20:39:41.041+0000] {spark_submit.py:491} INFO - 25/12/09 20:39:41 INFO SecurityManager: Changing view acls groups to:
[2025-12-09T20:39:41.041+0000] {spark_submit.py:491} INFO - 25/12/09 20:39:41 INFO SecurityManager: Changing modify acls groups to:
[2025-12-09T20:39:41.042+0000] {spark_submit.py:491} INFO - 25/12/09 20:39:41 INFO SecurityManager: SecurityManager: authentication disabled; ui acls disabled; users with view permissions: root; groups with view permissions: EMPTY; users with modify permissions: root; groups with modify permissions: EMPTY
[2025-12-09T20:39:41.248+0000] {spark_submit.py:491} INFO - 25/12/09 20:39:41 INFO Utils: Successfully started service 'sparkDriver' on port 41553.
[2025-12-09T20:39:41.281+0000] {spark_submit.py:491} INFO - 25/12/09 20:39:41 INFO SparkEnv: Registering MapOutputTracker
[2025-12-09T20:39:41.309+0000] {spark_submit.py:491} INFO - 25/12/09 20:39:41 INFO SparkEnv: Registering BlockManagerMaster
[2025-12-09T20:39:41.325+0000] {spark_submit.py:491} INFO - 25/12/09 20:39:41 INFO BlockManagerMasterEndpoint: Using org.apache.spark.storage.DefaultTopologyMapper for getting topology information
[2025-12-09T20:39:41.326+0000] {spark_submit.py:491} INFO - 25/12/09 20:39:41 INFO BlockManagerMasterEndpoint: BlockManagerMasterEndpoint up
[2025-12-09T20:39:41.329+0000] {spark_submit.py:491} INFO - 25/12/09 20:39:41 INFO SparkEnv: Registering BlockManagerMasterHeartbeat
[2025-12-09T20:39:41.344+0000] {spark_submit.py:491} INFO - 25/12/09 20:39:41 INFO DiskBlockManager: Created local directory at /tmp/blockmgr-ecb5e72d-9c0f-4064-a498-ba8dbb803495
[2025-12-09T20:39:41.357+0000] {spark_submit.py:491} INFO - 25/12/09 20:39:41 INFO MemoryStore: MemoryStore started with capacity 434.4 MiB
[2025-12-09T20:39:41.372+0000] {spark_submit.py:491} INFO - 25/12/09 20:39:41 INFO SparkEnv: Registering OutputCommitCoordinator
[2025-12-09T20:39:41.469+0000] {spark_submit.py:491} INFO - 25/12/09 20:39:41 INFO JettyUtils: Start Jetty 0.0.0.0:4040 for SparkUI
[2025-12-09T20:39:41.518+0000] {spark_submit.py:491} INFO - 25/12/09 20:39:41 INFO Utils: Successfully started service 'SparkUI' on port 4040.
[2025-12-09T20:39:41.625+0000] {spark_submit.py:491} INFO - 25/12/09 20:39:41 INFO StandaloneAppClient$ClientEndpoint: Connecting to master spark://spark-master:7077...
[2025-12-09T20:39:41.665+0000] {spark_submit.py:491} INFO - 25/12/09 20:39:41 INFO TransportClientFactory: Successfully created connection to spark-master/172.19.0.4:7077 after 22 ms (0 ms spent in bootstraps)
[2025-12-09T20:39:41.745+0000] {spark_submit.py:491} INFO - 25/12/09 20:39:41 INFO StandaloneSchedulerBackend: Connected to Spark cluster with app ID app-20251209203941-0002
[2025-12-09T20:39:41.747+0000] {spark_submit.py:491} INFO - 25/12/09 20:39:41 INFO StandaloneAppClient$ClientEndpoint: Executor added: app-20251209203941-0002/0 on worker-20251209202933-spark-worker-38099 (spark-worker:38099) with 4 core(s)
[2025-12-09T20:39:41.749+0000] {spark_submit.py:491} INFO - 25/12/09 20:39:41 INFO StandaloneSchedulerBackend: Granted executor ID app-20251209203941-0002/0 on hostPort spark-worker:38099 with 4 core(s), 1024.0 MiB RAM
[2025-12-09T20:39:41.752+0000] {spark_submit.py:491} INFO - 25/12/09 20:39:41 INFO Utils: Successfully started service 'org.apache.spark.network.netty.NettyBlockTransferService' on port 42131.
[2025-12-09T20:39:41.752+0000] {spark_submit.py:491} INFO - 25/12/09 20:39:41 INFO NettyBlockTransferService: Server created on 9f0bb37009ef:42131
[2025-12-09T20:39:41.754+0000] {spark_submit.py:491} INFO - 25/12/09 20:39:41 INFO BlockManager: Using org.apache.spark.storage.RandomBlockReplicationPolicy for block replication policy
[2025-12-09T20:39:41.760+0000] {spark_submit.py:491} INFO - 25/12/09 20:39:41 INFO BlockManagerMaster: Registering BlockManager BlockManagerId(driver, 9f0bb37009ef, 42131, None)
[2025-12-09T20:39:41.763+0000] {spark_submit.py:491} INFO - 25/12/09 20:39:41 INFO BlockManagerMasterEndpoint: Registering block manager 9f0bb37009ef:42131 with 434.4 MiB RAM, BlockManagerId(driver, 9f0bb37009ef, 42131, None)
[2025-12-09T20:39:41.765+0000] {spark_submit.py:491} INFO - 25/12/09 20:39:41 INFO BlockManagerMaster: Registered BlockManager BlockManagerId(driver, 9f0bb37009ef, 42131, None)
[2025-12-09T20:39:41.765+0000] {spark_submit.py:491} INFO - 25/12/09 20:39:41 INFO BlockManager: Initialized BlockManager: BlockManagerId(driver, 9f0bb37009ef, 42131, None)
[2025-12-09T20:39:41.791+0000] {spark_submit.py:491} INFO - 25/12/09 20:39:41 INFO StandaloneAppClient$ClientEndpoint: Executor updated: app-20251209203941-0002/0 is now RUNNING
[2025-12-09T20:39:41.947+0000] {spark_submit.py:491} INFO - 25/12/09 20:39:41 INFO SingleEventLogFileWriter: Logging events to file:/opt/spark-events/app-20251209203941-0002.inprogress
[2025-12-09T20:39:42.137+0000] {spark_submit.py:491} INFO - 25/12/09 20:39:42 INFO StandaloneSchedulerBackend: SchedulerBackend is ready for scheduling beginning after reached minRegisteredResourcesRatio: 0.0
[2025-12-09T20:39:42.332+0000] {spark_submit.py:491} INFO - ============================================================
[2025-12-09T20:39:42.333+0000] {spark_submit.py:491} INFO - 🚀 Airflow-triggered Spark Job Started
[2025-12-09T20:39:42.333+0000] {spark_submit.py:491} INFO - ============================================================
[2025-12-09T20:39:42.559+0000] {spark_submit.py:491} INFO - 25/12/09 20:39:42 INFO SharedState: Setting hive.metastore.warehouse.dir ('null') to the value of spark.sql.warehouse.dir.
[2025-12-09T20:39:42.563+0000] {spark_submit.py:491} INFO - 25/12/09 20:39:42 INFO SharedState: Warehouse path is 'file:/opt/***/spark-warehouse'.
[2025-12-09T20:39:44.106+0000] {spark_submit.py:491} INFO - 25/12/09 20:39:44 INFO StandaloneSchedulerBackend$StandaloneDriverEndpoint: Registered executor NettyRpcEndpointRef(spark-client://Executor) (172.19.0.7:47394) with ID 0,  ResourceProfileId 0
[2025-12-09T20:39:44.195+0000] {spark_submit.py:491} INFO - 25/12/09 20:39:44 INFO BlockManagerMasterEndpoint: Registering block manager spark-worker:38683 with 434.4 MiB RAM, BlockManagerId(0, spark-worker, 38683, None)
[2025-12-09T20:39:44.639+0000] {spark_submit.py:491} INFO - 
[2025-12-09T20:39:44.640+0000] {spark_submit.py:491} INFO - 📊 Sample Data:
[2025-12-09T20:39:45.197+0000] {spark_submit.py:491} INFO - 25/12/09 20:39:45 INFO CodeGenerator: Code generated in 143.809078 ms
[2025-12-09T20:39:45.227+0000] {spark_submit.py:491} INFO - 25/12/09 20:39:45 INFO SparkContext: Starting job: showString at NativeMethodAccessorImpl.java:0
[2025-12-09T20:39:45.238+0000] {spark_submit.py:491} INFO - 25/12/09 20:39:45 INFO DAGScheduler: Got job 0 (showString at NativeMethodAccessorImpl.java:0) with 1 output partitions
[2025-12-09T20:39:45.238+0000] {spark_submit.py:491} INFO - 25/12/09 20:39:45 INFO DAGScheduler: Final stage: ResultStage 0 (showString at NativeMethodAccessorImpl.java:0)
[2025-12-09T20:39:45.238+0000] {spark_submit.py:491} INFO - 25/12/09 20:39:45 INFO DAGScheduler: Parents of final stage: List()
[2025-12-09T20:39:45.240+0000] {spark_submit.py:491} INFO - 25/12/09 20:39:45 INFO DAGScheduler: Missing parents: List()
[2025-12-09T20:39:45.243+0000] {spark_submit.py:491} INFO - 25/12/09 20:39:45 INFO DAGScheduler: Submitting ResultStage 0 (MapPartitionsRDD[6] at showString at NativeMethodAccessorImpl.java:0), which has no missing parents
[2025-12-09T20:39:45.317+0000] {spark_submit.py:491} INFO - 25/12/09 20:39:45 INFO MemoryStore: Block broadcast_0 stored as values in memory (estimated size 13.1 KiB, free 434.4 MiB)
[2025-12-09T20:39:45.345+0000] {spark_submit.py:491} INFO - 25/12/09 20:39:45 INFO MemoryStore: Block broadcast_0_piece0 stored as bytes in memory (estimated size 6.8 KiB, free 434.4 MiB)
[2025-12-09T20:39:45.347+0000] {spark_submit.py:491} INFO - 25/12/09 20:39:45 INFO BlockManagerInfo: Added broadcast_0_piece0 in memory on 9f0bb37009ef:42131 (size: 6.8 KiB, free: 434.4 MiB)
[2025-12-09T20:39:45.350+0000] {spark_submit.py:491} INFO - 25/12/09 20:39:45 INFO SparkContext: Created broadcast 0 from broadcast at DAGScheduler.scala:1535
[2025-12-09T20:39:45.364+0000] {spark_submit.py:491} INFO - 25/12/09 20:39:45 INFO DAGScheduler: Submitting 1 missing tasks from ResultStage 0 (MapPartitionsRDD[6] at showString at NativeMethodAccessorImpl.java:0) (first 15 tasks are for partitions Vector(0))
[2025-12-09T20:39:45.364+0000] {spark_submit.py:491} INFO - 25/12/09 20:39:45 INFO TaskSchedulerImpl: Adding task set 0.0 with 1 tasks resource profile 0
[2025-12-09T20:39:45.409+0000] {spark_submit.py:491} INFO - 25/12/09 20:39:45 INFO TaskSetManager: Starting task 0.0 in stage 0.0 (TID 0) (spark-worker, executor 0, partition 0, PROCESS_LOCAL, 7423 bytes)
[2025-12-09T20:39:45.605+0000] {spark_submit.py:491} INFO - 25/12/09 20:39:45 INFO BlockManagerInfo: Added broadcast_0_piece0 in memory on spark-worker:38683 (size: 6.8 KiB, free: 434.4 MiB)
[2025-12-09T20:39:46.483+0000] {spark_submit.py:491} INFO - 25/12/09 20:39:46 INFO TaskSetManager: Finished task 0.0 in stage 0.0 (TID 0) in 1101 ms on spark-worker (executor 0) (1/1)
[2025-12-09T20:39:46.484+0000] {spark_submit.py:491} INFO - 25/12/09 20:39:46 INFO TaskSchedulerImpl: Removed TaskSet 0.0, whose tasks have all completed, from pool
[2025-12-09T20:39:46.487+0000] {spark_submit.py:491} INFO - 25/12/09 20:39:46 INFO PythonAccumulatorV2: Connected to AccumulatorServer at host: 127.0.0.1 port: 36269
[2025-12-09T20:39:46.492+0000] {spark_submit.py:491} INFO - 25/12/09 20:39:46 INFO DAGScheduler: ResultStage 0 (showString at NativeMethodAccessorImpl.java:0) finished in 1.236 s
[2025-12-09T20:39:46.494+0000] {spark_submit.py:491} INFO - 25/12/09 20:39:46 INFO DAGScheduler: Job 0 is finished. Cancelling potential speculative or zombie tasks for this job
[2025-12-09T20:39:46.495+0000] {spark_submit.py:491} INFO - 25/12/09 20:39:46 INFO TaskSchedulerImpl: Killing all running tasks in stage 0: Stage finished
[2025-12-09T20:39:46.497+0000] {spark_submit.py:491} INFO - 25/12/09 20:39:46 INFO DAGScheduler: Job 0 finished: showString at NativeMethodAccessorImpl.java:0, took 1.269078 s
[2025-12-09T20:39:46.504+0000] {spark_submit.py:491} INFO - 25/12/09 20:39:46 INFO SparkContext: Starting job: showString at NativeMethodAccessorImpl.java:0
[2025-12-09T20:39:46.506+0000] {spark_submit.py:491} INFO - 25/12/09 20:39:46 INFO DAGScheduler: Got job 1 (showString at NativeMethodAccessorImpl.java:0) with 1 output partitions
[2025-12-09T20:39:46.506+0000] {spark_submit.py:491} INFO - 25/12/09 20:39:46 INFO DAGScheduler: Final stage: ResultStage 1 (showString at NativeMethodAccessorImpl.java:0)
[2025-12-09T20:39:46.506+0000] {spark_submit.py:491} INFO - 25/12/09 20:39:46 INFO DAGScheduler: Parents of final stage: List()
[2025-12-09T20:39:46.506+0000] {spark_submit.py:491} INFO - 25/12/09 20:39:46 INFO DAGScheduler: Missing parents: List()
[2025-12-09T20:39:46.507+0000] {spark_submit.py:491} INFO - 25/12/09 20:39:46 INFO DAGScheduler: Submitting ResultStage 1 (MapPartitionsRDD[6] at showString at NativeMethodAccessorImpl.java:0), which has no missing parents
[2025-12-09T20:39:46.514+0000] {spark_submit.py:491} INFO - 25/12/09 20:39:46 INFO MemoryStore: Block broadcast_1 stored as values in memory (estimated size 13.1 KiB, free 434.4 MiB)
[2025-12-09T20:39:46.516+0000] {spark_submit.py:491} INFO - 25/12/09 20:39:46 INFO MemoryStore: Block broadcast_1_piece0 stored as bytes in memory (estimated size 6.8 KiB, free 434.4 MiB)
[2025-12-09T20:39:46.517+0000] {spark_submit.py:491} INFO - 25/12/09 20:39:46 INFO BlockManagerInfo: Added broadcast_1_piece0 in memory on 9f0bb37009ef:42131 (size: 6.8 KiB, free: 434.4 MiB)
[2025-12-09T20:39:46.517+0000] {spark_submit.py:491} INFO - 25/12/09 20:39:46 INFO SparkContext: Created broadcast 1 from broadcast at DAGScheduler.scala:1535
[2025-12-09T20:39:46.519+0000] {spark_submit.py:491} INFO - 25/12/09 20:39:46 INFO DAGScheduler: Submitting 1 missing tasks from ResultStage 1 (MapPartitionsRDD[6] at showString at NativeMethodAccessorImpl.java:0) (first 15 tasks are for partitions Vector(1))
[2025-12-09T20:39:46.519+0000] {spark_submit.py:491} INFO - 25/12/09 20:39:46 INFO TaskSchedulerImpl: Adding task set 1.0 with 1 tasks resource profile 0
[2025-12-09T20:39:46.521+0000] {spark_submit.py:491} INFO - 25/12/09 20:39:46 INFO TaskSetManager: Starting task 0.0 in stage 1.0 (TID 1) (spark-worker, executor 0, partition 1, PROCESS_LOCAL, 7431 bytes)
[2025-12-09T20:39:46.547+0000] {spark_submit.py:491} INFO - 25/12/09 20:39:46 INFO BlockManagerInfo: Added broadcast_1_piece0 in memory on spark-worker:38683 (size: 6.8 KiB, free: 434.4 MiB)
[2025-12-09T20:39:46.618+0000] {spark_submit.py:491} INFO - 25/12/09 20:39:46 INFO TaskSetManager: Finished task 0.0 in stage 1.0 (TID 1) in 97 ms on spark-worker (executor 0) (1/1)
[2025-12-09T20:39:46.618+0000] {spark_submit.py:491} INFO - 25/12/09 20:39:46 INFO TaskSchedulerImpl: Removed TaskSet 1.0, whose tasks have all completed, from pool
[2025-12-09T20:39:46.621+0000] {spark_submit.py:491} INFO - 25/12/09 20:39:46 INFO DAGScheduler: ResultStage 1 (showString at NativeMethodAccessorImpl.java:0) finished in 0.112 s
[2025-12-09T20:39:46.622+0000] {spark_submit.py:491} INFO - 25/12/09 20:39:46 INFO DAGScheduler: Job 1 is finished. Cancelling potential speculative or zombie tasks for this job
[2025-12-09T20:39:46.622+0000] {spark_submit.py:491} INFO - 25/12/09 20:39:46 INFO TaskSchedulerImpl: Killing all running tasks in stage 1: Stage finished
[2025-12-09T20:39:46.623+0000] {spark_submit.py:491} INFO - 25/12/09 20:39:46 INFO DAGScheduler: Job 1 finished: showString at NativeMethodAccessorImpl.java:0, took 0.118572 s
[2025-12-09T20:39:46.663+0000] {spark_submit.py:491} INFO - 25/12/09 20:39:46 INFO CodeGenerator: Code generated in 24.364126 ms
[2025-12-09T20:39:46.673+0000] {spark_submit.py:491} INFO - +---+-------+---+-----------+
[2025-12-09T20:39:46.673+0000] {spark_submit.py:491} INFO - | id|   name|age| department|
[2025-12-09T20:39:46.674+0000] {spark_submit.py:491} INFO - +---+-------+---+-----------+
[2025-12-09T20:39:46.674+0000] {spark_submit.py:491} INFO - |  1|  Alice| 25|Engineering|
[2025-12-09T20:39:46.674+0000] {spark_submit.py:491} INFO - |  2|    Bob| 30|      Sales|
[2025-12-09T20:39:46.674+0000] {spark_submit.py:491} INFO - |  3|Charlie| 35|Engineering|
[2025-12-09T20:39:46.674+0000] {spark_submit.py:491} INFO - |  4|  Diana| 28|  Marketing|
[2025-12-09T20:39:46.674+0000] {spark_submit.py:491} INFO - +---+-------+---+-----------+
[2025-12-09T20:39:46.674+0000] {spark_submit.py:491} INFO - 
[2025-12-09T20:39:46.674+0000] {spark_submit.py:491} INFO - 
[2025-12-09T20:39:46.674+0000] {spark_submit.py:491} INFO - 📈 Department Statistics:
[2025-12-09T20:39:46.931+0000] {spark_submit.py:491} INFO - 25/12/09 20:39:46 INFO CodeGenerator: Code generated in 64.261887 ms
[2025-12-09T20:39:46.969+0000] {spark_submit.py:491} INFO - 25/12/09 20:39:46 INFO DAGScheduler: Registering RDD 8 (showString at NativeMethodAccessorImpl.java:0) as input to shuffle 0
[2025-12-09T20:39:46.971+0000] {spark_submit.py:491} INFO - 25/12/09 20:39:46 INFO DAGScheduler: Got map stage job 2 (showString at NativeMethodAccessorImpl.java:0) with 2 output partitions
[2025-12-09T20:39:46.971+0000] {spark_submit.py:491} INFO - 25/12/09 20:39:46 INFO DAGScheduler: Final stage: ShuffleMapStage 2 (showString at NativeMethodAccessorImpl.java:0)
[2025-12-09T20:39:46.971+0000] {spark_submit.py:491} INFO - 25/12/09 20:39:46 INFO DAGScheduler: Parents of final stage: List()
[2025-12-09T20:39:46.972+0000] {spark_submit.py:491} INFO - 25/12/09 20:39:46 INFO DAGScheduler: Missing parents: List()
[2025-12-09T20:39:46.973+0000] {spark_submit.py:491} INFO - 25/12/09 20:39:46 INFO DAGScheduler: Submitting ShuffleMapStage 2 (MapPartitionsRDD[8] at showString at NativeMethodAccessorImpl.java:0), which has no missing parents
[2025-12-09T20:39:46.988+0000] {spark_submit.py:491} INFO - 25/12/09 20:39:46 INFO MemoryStore: Block broadcast_2 stored as values in memory (estimated size 35.9 KiB, free 434.3 MiB)
[2025-12-09T20:39:46.999+0000] {spark_submit.py:491} INFO - 25/12/09 20:39:46 INFO MemoryStore: Block broadcast_2_piece0 stored as bytes in memory (estimated size 17.2 KiB, free 434.3 MiB)
[2025-12-09T20:39:47.000+0000] {spark_submit.py:491} INFO - 25/12/09 20:39:47 INFO BlockManagerInfo: Added broadcast_2_piece0 in memory on 9f0bb37009ef:42131 (size: 17.2 KiB, free: 434.4 MiB)
[2025-12-09T20:39:47.001+0000] {spark_submit.py:491} INFO - 25/12/09 20:39:47 INFO SparkContext: Created broadcast 2 from broadcast at DAGScheduler.scala:1535
[2025-12-09T20:39:47.002+0000] {spark_submit.py:491} INFO - 25/12/09 20:39:47 INFO DAGScheduler: Submitting 2 missing tasks from ShuffleMapStage 2 (MapPartitionsRDD[8] at showString at NativeMethodAccessorImpl.java:0) (first 15 tasks are for partitions Vector(0, 1))
[2025-12-09T20:39:47.002+0000] {spark_submit.py:491} INFO - 25/12/09 20:39:47 INFO TaskSchedulerImpl: Adding task set 2.0 with 2 tasks resource profile 0
[2025-12-09T20:39:47.005+0000] {spark_submit.py:491} INFO - 25/12/09 20:39:47 INFO TaskSetManager: Starting task 0.0 in stage 2.0 (TID 2) (spark-worker, executor 0, partition 0, PROCESS_LOCAL, 7412 bytes)
[2025-12-09T20:39:47.005+0000] {spark_submit.py:491} INFO - 25/12/09 20:39:47 INFO TaskSetManager: Starting task 1.0 in stage 2.0 (TID 3) (spark-worker, executor 0, partition 1, PROCESS_LOCAL, 7420 bytes)
[2025-12-09T20:39:47.021+0000] {spark_submit.py:491} INFO - 25/12/09 20:39:47 INFO BlockManagerInfo: Removed broadcast_1_piece0 on 9f0bb37009ef:42131 in memory (size: 6.8 KiB, free: 434.4 MiB)
[2025-12-09T20:39:47.031+0000] {spark_submit.py:491} INFO - 25/12/09 20:39:47 INFO BlockManagerInfo: Removed broadcast_1_piece0 on spark-worker:38683 in memory (size: 6.8 KiB, free: 434.4 MiB)
[2025-12-09T20:39:47.038+0000] {spark_submit.py:491} INFO - 25/12/09 20:39:47 INFO BlockManagerInfo: Added broadcast_2_piece0 in memory on spark-worker:38683 (size: 17.2 KiB, free: 434.4 MiB)
[2025-12-09T20:39:47.046+0000] {spark_submit.py:491} INFO - 25/12/09 20:39:47 INFO BlockManagerInfo: Removed broadcast_0_piece0 on 9f0bb37009ef:42131 in memory (size: 6.8 KiB, free: 434.4 MiB)
[2025-12-09T20:39:47.049+0000] {spark_submit.py:491} INFO - 25/12/09 20:39:47 INFO BlockManagerInfo: Removed broadcast_0_piece0 on spark-worker:38683 in memory (size: 6.8 KiB, free: 434.4 MiB)
[2025-12-09T20:39:47.538+0000] {spark_submit.py:491} INFO - 25/12/09 20:39:47 INFO TaskSetManager: Finished task 0.0 in stage 2.0 (TID 2) in 534 ms on spark-worker (executor 0) (1/2)
[2025-12-09T20:39:47.538+0000] {spark_submit.py:491} INFO - 25/12/09 20:39:47 INFO TaskSetManager: Finished task 1.0 in stage 2.0 (TID 3) in 533 ms on spark-worker (executor 0) (2/2)
[2025-12-09T20:39:47.538+0000] {spark_submit.py:491} INFO - 25/12/09 20:39:47 INFO TaskSchedulerImpl: Removed TaskSet 2.0, whose tasks have all completed, from pool
[2025-12-09T20:39:47.543+0000] {spark_submit.py:491} INFO - 25/12/09 20:39:47 INFO DAGScheduler: ShuffleMapStage 2 (showString at NativeMethodAccessorImpl.java:0) finished in 0.564 s
[2025-12-09T20:39:47.545+0000] {spark_submit.py:491} INFO - 25/12/09 20:39:47 INFO DAGScheduler: looking for newly runnable stages
[2025-12-09T20:39:47.546+0000] {spark_submit.py:491} INFO - 25/12/09 20:39:47 INFO DAGScheduler: running: Set()
[2025-12-09T20:39:47.546+0000] {spark_submit.py:491} INFO - 25/12/09 20:39:47 INFO DAGScheduler: waiting: Set()
[2025-12-09T20:39:47.547+0000] {spark_submit.py:491} INFO - 25/12/09 20:39:47 INFO DAGScheduler: failed: Set()
[2025-12-09T20:39:47.574+0000] {spark_submit.py:491} INFO - 25/12/09 20:39:47 INFO ShufflePartitionsUtil: For shuffle(0), advisory target size: 67108864, actual target size 1048576, minimum partition size: 1048576
[2025-12-09T20:39:47.602+0000] {spark_submit.py:491} INFO - 25/12/09 20:39:47 INFO HashAggregateExec: spark.sql.codegen.aggregate.map.twolevel.enabled is set to true, but current version of codegened fast hashmap does not support this aggregate.
[2025-12-09T20:39:47.628+0000] {spark_submit.py:491} INFO - 25/12/09 20:39:47 INFO CodeGenerator: Code generated in 19.227227 ms
[2025-12-09T20:39:47.667+0000] {spark_submit.py:491} INFO - 25/12/09 20:39:47 INFO SparkContext: Starting job: showString at NativeMethodAccessorImpl.java:0
[2025-12-09T20:39:47.670+0000] {spark_submit.py:491} INFO - 25/12/09 20:39:47 INFO DAGScheduler: Got job 3 (showString at NativeMethodAccessorImpl.java:0) with 1 output partitions
[2025-12-09T20:39:47.671+0000] {spark_submit.py:491} INFO - 25/12/09 20:39:47 INFO DAGScheduler: Final stage: ResultStage 4 (showString at NativeMethodAccessorImpl.java:0)
[2025-12-09T20:39:47.671+0000] {spark_submit.py:491} INFO - 25/12/09 20:39:47 INFO DAGScheduler: Parents of final stage: List(ShuffleMapStage 3)
[2025-12-09T20:39:47.671+0000] {spark_submit.py:491} INFO - 25/12/09 20:39:47 INFO DAGScheduler: Missing parents: List()
[2025-12-09T20:39:47.672+0000] {spark_submit.py:491} INFO - 25/12/09 20:39:47 INFO DAGScheduler: Submitting ResultStage 4 (MapPartitionsRDD[11] at showString at NativeMethodAccessorImpl.java:0), which has no missing parents
[2025-12-09T20:39:47.693+0000] {spark_submit.py:491} INFO - 25/12/09 20:39:47 INFO MemoryStore: Block broadcast_3 stored as values in memory (estimated size 38.1 KiB, free 434.3 MiB)
[2025-12-09T20:39:47.699+0000] {spark_submit.py:491} INFO - 25/12/09 20:39:47 INFO MemoryStore: Block broadcast_3_piece0 stored as bytes in memory (estimated size 18.5 KiB, free 434.3 MiB)
[2025-12-09T20:39:47.699+0000] {spark_submit.py:491} INFO - 25/12/09 20:39:47 INFO BlockManagerInfo: Added broadcast_3_piece0 in memory on 9f0bb37009ef:42131 (size: 18.5 KiB, free: 434.4 MiB)
[2025-12-09T20:39:47.702+0000] {spark_submit.py:491} INFO - 25/12/09 20:39:47 INFO SparkContext: Created broadcast 3 from broadcast at DAGScheduler.scala:1535
[2025-12-09T20:39:47.704+0000] {spark_submit.py:491} INFO - 25/12/09 20:39:47 INFO DAGScheduler: Submitting 1 missing tasks from ResultStage 4 (MapPartitionsRDD[11] at showString at NativeMethodAccessorImpl.java:0) (first 15 tasks are for partitions Vector(0))
[2025-12-09T20:39:47.704+0000] {spark_submit.py:491} INFO - 25/12/09 20:39:47 INFO TaskSchedulerImpl: Adding task set 4.0 with 1 tasks resource profile 0
[2025-12-09T20:39:47.713+0000] {spark_submit.py:491} INFO - 25/12/09 20:39:47 INFO TaskSetManager: Starting task 0.0 in stage 4.0 (TID 4) (spark-worker, executor 0, partition 0, NODE_LOCAL, 7367 bytes)
[2025-12-09T20:39:47.738+0000] {spark_submit.py:491} INFO - 25/12/09 20:39:47 INFO BlockManagerInfo: Added broadcast_3_piece0 in memory on spark-worker:38683 (size: 18.5 KiB, free: 434.4 MiB)
[2025-12-09T20:39:47.786+0000] {spark_submit.py:491} INFO - 25/12/09 20:39:47 INFO MapOutputTrackerMasterEndpoint: Asked to send map output locations for shuffle 0 to 172.19.0.7:47394
[2025-12-09T20:39:47.890+0000] {spark_submit.py:491} INFO - 25/12/09 20:39:47 INFO TaskSetManager: Finished task 0.0 in stage 4.0 (TID 4) in 180 ms on spark-worker (executor 0) (1/1)
[2025-12-09T20:39:47.891+0000] {spark_submit.py:491} INFO - 25/12/09 20:39:47 INFO TaskSchedulerImpl: Removed TaskSet 4.0, whose tasks have all completed, from pool
[2025-12-09T20:39:47.895+0000] {spark_submit.py:491} INFO - 25/12/09 20:39:47 INFO DAGScheduler: ResultStage 4 (showString at NativeMethodAccessorImpl.java:0) finished in 0.207 s
[2025-12-09T20:39:47.896+0000] {spark_submit.py:491} INFO - 25/12/09 20:39:47 INFO DAGScheduler: Job 3 is finished. Cancelling potential speculative or zombie tasks for this job
[2025-12-09T20:39:47.896+0000] {spark_submit.py:491} INFO - 25/12/09 20:39:47 INFO TaskSchedulerImpl: Killing all running tasks in stage 4: Stage finished
[2025-12-09T20:39:47.897+0000] {spark_submit.py:491} INFO - 25/12/09 20:39:47 INFO DAGScheduler: Job 3 finished: showString at NativeMethodAccessorImpl.java:0, took 0.229622 s
[2025-12-09T20:39:47.917+0000] {spark_submit.py:491} INFO - 25/12/09 20:39:47 INFO CodeGenerator: Code generated in 12.059114 ms
[2025-12-09T20:39:47.920+0000] {spark_submit.py:491} INFO - +-----------+-----+
[2025-12-09T20:39:47.920+0000] {spark_submit.py:491} INFO - | department|count|
[2025-12-09T20:39:47.920+0000] {spark_submit.py:491} INFO - +-----------+-----+
[2025-12-09T20:39:47.920+0000] {spark_submit.py:491} INFO - |      Sales|    1|
[2025-12-09T20:39:47.921+0000] {spark_submit.py:491} INFO - |Engineering|    2|
[2025-12-09T20:39:47.921+0000] {spark_submit.py:491} INFO - |  Marketing|    1|
[2025-12-09T20:39:47.921+0000] {spark_submit.py:491} INFO - +-----------+-----+
[2025-12-09T20:39:47.921+0000] {spark_submit.py:491} INFO - 
[2025-12-09T20:39:47.921+0000] {spark_submit.py:491} INFO - 
[2025-12-09T20:39:47.921+0000] {spark_submit.py:491} INFO - 💾 Writing results to: s3a://test/***_output_20251209_203947
[2025-12-09T20:39:48.065+0000] {spark_submit.py:491} INFO - 25/12/09 20:39:48 WARN MetricsConfig: Cannot locate configuration: tried hadoop-metrics2-s3a-file-system.properties,hadoop-metrics2.properties
[2025-12-09T20:39:48.081+0000] {spark_submit.py:491} INFO - 25/12/09 20:39:48 INFO MetricsSystemImpl: Scheduled Metric snapshot period at 10 second(s).
[2025-12-09T20:39:48.082+0000] {spark_submit.py:491} INFO - 25/12/09 20:39:48 INFO MetricsSystemImpl: s3a-file-system metrics system started
[2025-12-09T20:39:48.605+0000] {spark_submit.py:491} INFO - 25/12/09 20:39:48 INFO DAGScheduler: Registering RDD 13 (parquet at NativeMethodAccessorImpl.java:0) as input to shuffle 1
[2025-12-09T20:39:48.605+0000] {spark_submit.py:491} INFO - 25/12/09 20:39:48 INFO DAGScheduler: Got map stage job 4 (parquet at NativeMethodAccessorImpl.java:0) with 2 output partitions
[2025-12-09T20:39:48.606+0000] {spark_submit.py:491} INFO - 25/12/09 20:39:48 INFO DAGScheduler: Final stage: ShuffleMapStage 5 (parquet at NativeMethodAccessorImpl.java:0)
[2025-12-09T20:39:48.606+0000] {spark_submit.py:491} INFO - 25/12/09 20:39:48 INFO DAGScheduler: Parents of final stage: List()
[2025-12-09T20:39:48.606+0000] {spark_submit.py:491} INFO - 25/12/09 20:39:48 INFO DAGScheduler: Missing parents: List()
[2025-12-09T20:39:48.606+0000] {spark_submit.py:491} INFO - 25/12/09 20:39:48 INFO DAGScheduler: Submitting ShuffleMapStage 5 (MapPartitionsRDD[13] at parquet at NativeMethodAccessorImpl.java:0), which has no missing parents
[2025-12-09T20:39:48.610+0000] {spark_submit.py:491} INFO - 25/12/09 20:39:48 INFO MemoryStore: Block broadcast_4 stored as values in memory (estimated size 35.9 KiB, free 434.3 MiB)
[2025-12-09T20:39:48.612+0000] {spark_submit.py:491} INFO - 25/12/09 20:39:48 INFO MemoryStore: Block broadcast_4_piece0 stored as bytes in memory (estimated size 17.2 KiB, free 434.2 MiB)
[2025-12-09T20:39:48.615+0000] {spark_submit.py:491} INFO - 25/12/09 20:39:48 INFO BlockManagerInfo: Added broadcast_4_piece0 in memory on 9f0bb37009ef:42131 (size: 17.2 KiB, free: 434.3 MiB)
[2025-12-09T20:39:48.618+0000] {spark_submit.py:491} INFO - 25/12/09 20:39:48 INFO SparkContext: Created broadcast 4 from broadcast at DAGScheduler.scala:1535
[2025-12-09T20:39:48.618+0000] {spark_submit.py:491} INFO - 25/12/09 20:39:48 INFO DAGScheduler: Submitting 2 missing tasks from ShuffleMapStage 5 (MapPartitionsRDD[13] at parquet at NativeMethodAccessorImpl.java:0) (first 15 tasks are for partitions Vector(0, 1))
[2025-12-09T20:39:48.619+0000] {spark_submit.py:491} INFO - 25/12/09 20:39:48 INFO TaskSchedulerImpl: Adding task set 5.0 with 2 tasks resource profile 0
[2025-12-09T20:39:48.621+0000] {spark_submit.py:491} INFO - 25/12/09 20:39:48 INFO TaskSetManager: Starting task 0.0 in stage 5.0 (TID 5) (spark-worker, executor 0, partition 0, PROCESS_LOCAL, 7412 bytes)
[2025-12-09T20:39:48.621+0000] {spark_submit.py:491} INFO - 25/12/09 20:39:48 INFO TaskSetManager: Starting task 1.0 in stage 5.0 (TID 6) (spark-worker, executor 0, partition 1, PROCESS_LOCAL, 7420 bytes)
[2025-12-09T20:39:48.645+0000] {spark_submit.py:491} INFO - 25/12/09 20:39:48 INFO BlockManagerInfo: Added broadcast_4_piece0 in memory on spark-worker:38683 (size: 17.2 KiB, free: 434.3 MiB)
[2025-12-09T20:39:48.713+0000] {spark_submit.py:491} INFO - 25/12/09 20:39:48 INFO TaskSetManager: Finished task 1.0 in stage 5.0 (TID 6) in 92 ms on spark-worker (executor 0) (1/2)
[2025-12-09T20:39:48.714+0000] {spark_submit.py:491} INFO - 25/12/09 20:39:48 INFO TaskSetManager: Finished task 0.0 in stage 5.0 (TID 5) in 94 ms on spark-worker (executor 0) (2/2)
[2025-12-09T20:39:48.715+0000] {spark_submit.py:491} INFO - 25/12/09 20:39:48 INFO TaskSchedulerImpl: Removed TaskSet 5.0, whose tasks have all completed, from pool
[2025-12-09T20:39:48.716+0000] {spark_submit.py:491} INFO - 25/12/09 20:39:48 INFO DAGScheduler: ShuffleMapStage 5 (parquet at NativeMethodAccessorImpl.java:0) finished in 0.109 s
[2025-12-09T20:39:48.717+0000] {spark_submit.py:491} INFO - 25/12/09 20:39:48 INFO DAGScheduler: looking for newly runnable stages
[2025-12-09T20:39:48.717+0000] {spark_submit.py:491} INFO - 25/12/09 20:39:48 INFO DAGScheduler: running: Set()
[2025-12-09T20:39:48.718+0000] {spark_submit.py:491} INFO - 25/12/09 20:39:48 INFO DAGScheduler: waiting: Set()
[2025-12-09T20:39:48.718+0000] {spark_submit.py:491} INFO - 25/12/09 20:39:48 INFO DAGScheduler: failed: Set()
[2025-12-09T20:39:48.723+0000] {spark_submit.py:491} INFO - 25/12/09 20:39:48 INFO ShufflePartitionsUtil: For shuffle(1), advisory target size: 67108864, actual target size 1048576, minimum partition size: 1048576
[2025-12-09T20:39:48.784+0000] {spark_submit.py:491} INFO - 25/12/09 20:39:48 WARN InstanceMetadataServiceResourceFetcher: Fail to retrieve token
[2025-12-09T20:39:48.784+0000] {spark_submit.py:491} INFO - com.amazonaws.SdkClientException: Failed to connect to service endpoint:
[2025-12-09T20:39:48.785+0000] {spark_submit.py:491} INFO - at com.amazonaws.internal.EC2ResourceFetcher.doReadResource(EC2ResourceFetcher.java:100)
[2025-12-09T20:39:48.785+0000] {spark_submit.py:491} INFO - at com.amazonaws.internal.InstanceMetadataServiceResourceFetcher.getToken(InstanceMetadataServiceResourceFetcher.java:91)
[2025-12-09T20:39:48.785+0000] {spark_submit.py:491} INFO - at com.amazonaws.internal.InstanceMetadataServiceResourceFetcher.readResource(InstanceMetadataServiceResourceFetcher.java:69)
[2025-12-09T20:39:48.785+0000] {spark_submit.py:491} INFO - at com.amazonaws.internal.EC2ResourceFetcher.readResource(EC2ResourceFetcher.java:66)
[2025-12-09T20:39:48.785+0000] {spark_submit.py:491} INFO - at com.amazonaws.auth.InstanceMetadataServiceCredentialsFetcher.getCredentialsEndpoint(InstanceMetadataServiceCredentialsFetcher.java:60)
[2025-12-09T20:39:48.785+0000] {spark_submit.py:491} INFO - at com.amazonaws.auth.InstanceMetadataServiceCredentialsFetcher.getCredentialsResponse(InstanceMetadataServiceCredentialsFetcher.java:48)
[2025-12-09T20:39:48.785+0000] {spark_submit.py:491} INFO - at com.amazonaws.auth.BaseCredentialsFetcher.fetchCredentials(BaseCredentialsFetcher.java:124)
[2025-12-09T20:39:48.785+0000] {spark_submit.py:491} INFO - at com.amazonaws.auth.BaseCredentialsFetcher.getCredentials(BaseCredentialsFetcher.java:80)
[2025-12-09T20:39:48.785+0000] {spark_submit.py:491} INFO - at com.amazonaws.auth.InstanceProfileCredentialsProvider.getCredentials(InstanceProfileCredentialsProvider.java:166)
[2025-12-09T20:39:48.785+0000] {spark_submit.py:491} INFO - at com.amazonaws.auth.EC2ContainerCredentialsProviderWrapper.getCredentials(EC2ContainerCredentialsProviderWrapper.java:75)
[2025-12-09T20:39:48.785+0000] {spark_submit.py:491} INFO - at org.apache.hadoop.fs.s3a.auth.IAMInstanceCredentialsProvider.getCredentials(IAMInstanceCredentialsProvider.java:64)
[2025-12-09T20:39:48.785+0000] {spark_submit.py:491} INFO - at org.apache.hadoop.fs.s3a.AWSCredentialProviderList.getCredentials(AWSCredentialProviderList.java:177)
[2025-12-09T20:39:48.785+0000] {spark_submit.py:491} INFO - at com.amazonaws.http.AmazonHttpClient$RequestExecutor.getCredentialsFromContext(AmazonHttpClient.java:1269)
[2025-12-09T20:39:48.785+0000] {spark_submit.py:491} INFO - at com.amazonaws.http.AmazonHttpClient$RequestExecutor.runBeforeRequestHandlers(AmazonHttpClient.java:845)
[2025-12-09T20:39:48.785+0000] {spark_submit.py:491} INFO - at com.amazonaws.http.AmazonHttpClient$RequestExecutor.doExecute(AmazonHttpClient.java:794)
[2025-12-09T20:39:48.785+0000] {spark_submit.py:491} INFO - at com.amazonaws.http.AmazonHttpClient$RequestExecutor.executeWithTimer(AmazonHttpClient.java:781)
[2025-12-09T20:39:48.785+0000] {spark_submit.py:491} INFO - at com.amazonaws.http.AmazonHttpClient$RequestExecutor.execute(AmazonHttpClient.java:755)
[2025-12-09T20:39:48.785+0000] {spark_submit.py:491} INFO - at com.amazonaws.http.AmazonHttpClient$RequestExecutor.access$500(AmazonHttpClient.java:715)
[2025-12-09T20:39:48.785+0000] {spark_submit.py:491} INFO - at com.amazonaws.http.AmazonHttpClient$RequestExecutionBuilderImpl.execute(AmazonHttpClient.java:697)
[2025-12-09T20:39:48.785+0000] {spark_submit.py:491} INFO - at com.amazonaws.http.AmazonHttpClient.execute(AmazonHttpClient.java:561)
[2025-12-09T20:39:48.786+0000] {spark_submit.py:491} INFO - at com.amazonaws.http.AmazonHttpClient.execute(AmazonHttpClient.java:541)
[2025-12-09T20:39:48.786+0000] {spark_submit.py:491} INFO - at com.amazonaws.services.s3.AmazonS3Client.invoke(AmazonS3Client.java:5456)
[2025-12-09T20:39:48.786+0000] {spark_submit.py:491} INFO - at com.amazonaws.services.s3.AmazonS3Client.getBucketRegionViaHeadRequest(AmazonS3Client.java:6431)
[2025-12-09T20:39:48.786+0000] {spark_submit.py:491} INFO - at com.amazonaws.services.s3.AmazonS3Client.fetchRegionFromCache(AmazonS3Client.java:6404)
[2025-12-09T20:39:48.786+0000] {spark_submit.py:491} INFO - at com.amazonaws.services.s3.AmazonS3Client.invoke(AmazonS3Client.java:5441)
[2025-12-09T20:39:48.786+0000] {spark_submit.py:491} INFO - at com.amazonaws.services.s3.AmazonS3Client.invoke(AmazonS3Client.java:5403)
[2025-12-09T20:39:48.786+0000] {spark_submit.py:491} INFO - at com.amazonaws.services.s3.AmazonS3Client.getObjectMetadata(AmazonS3Client.java:1372)
[2025-12-09T20:39:48.786+0000] {spark_submit.py:491} INFO - at org.apache.hadoop.fs.s3a.S3AFileSystem.lambda$getObjectMetadata$10(S3AFileSystem.java:2545)
[2025-12-09T20:39:48.786+0000] {spark_submit.py:491} INFO - at org.apache.hadoop.fs.s3a.Invoker.retryUntranslated(Invoker.java:414)
[2025-12-09T20:39:48.786+0000] {spark_submit.py:491} INFO - at org.apache.hadoop.fs.s3a.Invoker.retryUntranslated(Invoker.java:377)
[2025-12-09T20:39:48.786+0000] {spark_submit.py:491} INFO - at org.apache.hadoop.fs.s3a.S3AFileSystem.getObjectMetadata(S3AFileSystem.java:2533)
[2025-12-09T20:39:48.786+0000] {spark_submit.py:491} INFO - at org.apache.hadoop.fs.s3a.S3AFileSystem.getObjectMetadata(S3AFileSystem.java:2513)
[2025-12-09T20:39:48.786+0000] {spark_submit.py:491} INFO - at org.apache.hadoop.fs.s3a.S3AFileSystem.s3GetFileStatus(S3AFileSystem.java:3776)
[2025-12-09T20:39:48.786+0000] {spark_submit.py:491} INFO - at org.apache.hadoop.fs.s3a.S3AFileSystem.innerGetFileStatus(S3AFileSystem.java:3688)
[2025-12-09T20:39:48.786+0000] {spark_submit.py:491} INFO - at org.apache.hadoop.fs.s3a.S3AFileSystem.lambda$exists$34(S3AFileSystem.java:4703)
[2025-12-09T20:39:48.786+0000] {spark_submit.py:491} INFO - at org.apache.hadoop.fs.statistics.impl.IOStatisticsBinding.lambda$trackDurationOfOperation$5(IOStatisticsBinding.java:499)
[2025-12-09T20:39:48.786+0000] {spark_submit.py:491} INFO - at org.apache.hadoop.fs.statistics.impl.IOStatisticsBinding.trackDuration(IOStatisticsBinding.java:444)
[2025-12-09T20:39:48.786+0000] {spark_submit.py:491} INFO - at org.apache.hadoop.fs.s3a.S3AFileSystem.trackDurationAndSpan(S3AFileSystem.java:2337)
[2025-12-09T20:39:48.786+0000] {spark_submit.py:491} INFO - at org.apache.hadoop.fs.s3a.S3AFileSystem.trackDurationAndSpan(S3AFileSystem.java:2356)
[2025-12-09T20:39:48.786+0000] {spark_submit.py:491} INFO - at org.apache.hadoop.fs.s3a.S3AFileSystem.exists(S3AFileSystem.java:4701)
[2025-12-09T20:39:48.786+0000] {spark_submit.py:491} INFO - at org.apache.spark.sql.execution.datasources.InsertIntoHadoopFsRelationCommand.run(InsertIntoHadoopFsRelationCommand.scala:120)
[2025-12-09T20:39:48.787+0000] {spark_submit.py:491} INFO - at org.apache.spark.sql.execution.command.DataWritingCommandExec.sideEffectResult$lzycompute(commands.scala:113)
[2025-12-09T20:39:48.787+0000] {spark_submit.py:491} INFO - at org.apache.spark.sql.execution.command.DataWritingCommandExec.sideEffectResult(commands.scala:111)
[2025-12-09T20:39:48.787+0000] {spark_submit.py:491} INFO - at org.apache.spark.sql.execution.command.DataWritingCommandExec.executeCollect(commands.scala:125)
[2025-12-09T20:39:48.787+0000] {spark_submit.py:491} INFO - at org.apache.spark.sql.execution.adaptive.AdaptiveSparkPlanExec.$anonfun$executeCollect$1(AdaptiveSparkPlanExec.scala:354)
[2025-12-09T20:39:48.787+0000] {spark_submit.py:491} INFO - at org.apache.spark.sql.execution.adaptive.AdaptiveSparkPlanExec.withFinalPlanUpdate(AdaptiveSparkPlanExec.scala:382)
[2025-12-09T20:39:48.787+0000] {spark_submit.py:491} INFO - at org.apache.spark.sql.execution.adaptive.AdaptiveSparkPlanExec.executeCollect(AdaptiveSparkPlanExec.scala:354)
[2025-12-09T20:39:48.787+0000] {spark_submit.py:491} INFO - at org.apache.spark.sql.execution.QueryExecution$$anonfun$eagerlyExecuteCommands$1.$anonfun$applyOrElse$1(QueryExecution.scala:98)
[2025-12-09T20:39:48.787+0000] {spark_submit.py:491} INFO - at org.apache.spark.sql.execution.SQLExecution$.$anonfun$withNewExecutionId$6(SQLExecution.scala:118)
[2025-12-09T20:39:48.787+0000] {spark_submit.py:491} INFO - at org.apache.spark.sql.execution.SQLExecution$.withSQLConfPropagated(SQLExecution.scala:195)
[2025-12-09T20:39:48.787+0000] {spark_submit.py:491} INFO - at org.apache.spark.sql.execution.SQLExecution$.$anonfun$withNewExecutionId$1(SQLExecution.scala:103)
[2025-12-09T20:39:48.787+0000] {spark_submit.py:491} INFO - at org.apache.spark.sql.SparkSession.withActive(SparkSession.scala:827)
[2025-12-09T20:39:48.787+0000] {spark_submit.py:491} INFO - at org.apache.spark.sql.execution.SQLExecution$.withNewExecutionId(SQLExecution.scala:65)
[2025-12-09T20:39:48.787+0000] {spark_submit.py:491} INFO - at org.apache.spark.sql.execution.QueryExecution$$anonfun$eagerlyExecuteCommands$1.applyOrElse(QueryExecution.scala:98)
[2025-12-09T20:39:48.787+0000] {spark_submit.py:491} INFO - at org.apache.spark.sql.execution.QueryExecution$$anonfun$eagerlyExecuteCommands$1.applyOrElse(QueryExecution.scala:94)
[2025-12-09T20:39:48.787+0000] {spark_submit.py:491} INFO - at org.apache.spark.sql.catalyst.trees.TreeNode.$anonfun$transformDownWithPruning$1(TreeNode.scala:512)
[2025-12-09T20:39:48.787+0000] {spark_submit.py:491} INFO - at org.apache.spark.sql.catalyst.trees.CurrentOrigin$.withOrigin(TreeNode.scala:104)
[2025-12-09T20:39:48.787+0000] {spark_submit.py:491} INFO - at org.apache.spark.sql.catalyst.trees.TreeNode.transformDownWithPruning(TreeNode.scala:512)
[2025-12-09T20:39:48.787+0000] {spark_submit.py:491} INFO - at org.apache.spark.sql.catalyst.plans.logical.LogicalPlan.org$apache$spark$sql$catalyst$plans$logical$AnalysisHelper$$super$transformDownWithPruning(LogicalPlan.scala:31)
[2025-12-09T20:39:48.787+0000] {spark_submit.py:491} INFO - at org.apache.spark.sql.catalyst.plans.logical.AnalysisHelper.transformDownWithPruning(AnalysisHelper.scala:267)
[2025-12-09T20:39:48.787+0000] {spark_submit.py:491} INFO - at org.apache.spark.sql.catalyst.plans.logical.AnalysisHelper.transformDownWithPruning$(AnalysisHelper.scala:263)
[2025-12-09T20:39:48.787+0000] {spark_submit.py:491} INFO - at org.apache.spark.sql.catalyst.plans.logical.LogicalPlan.transformDownWithPruning(LogicalPlan.scala:31)
[2025-12-09T20:39:48.787+0000] {spark_submit.py:491} INFO - at org.apache.spark.sql.catalyst.plans.logical.LogicalPlan.transformDownWithPruning(LogicalPlan.scala:31)
[2025-12-09T20:39:48.787+0000] {spark_submit.py:491} INFO - at org.apache.spark.sql.catalyst.trees.TreeNode.transformDown(TreeNode.scala:488)
[2025-12-09T20:39:48.788+0000] {spark_submit.py:491} INFO - at org.apache.spark.sql.execution.QueryExecution.eagerlyExecuteCommands(QueryExecution.scala:94)
[2025-12-09T20:39:48.788+0000] {spark_submit.py:491} INFO - at org.apache.spark.sql.execution.QueryExecution.commandExecuted$lzycompute(QueryExecution.scala:81)
[2025-12-09T20:39:48.788+0000] {spark_submit.py:491} INFO - at org.apache.spark.sql.execution.QueryExecution.commandExecuted(QueryExecution.scala:79)
[2025-12-09T20:39:48.788+0000] {spark_submit.py:491} INFO - at org.apache.spark.sql.execution.QueryExecution.assertCommandExecuted(QueryExecution.scala:133)
[2025-12-09T20:39:48.788+0000] {spark_submit.py:491} INFO - at org.apache.spark.sql.DataFrameWriter.runCommand(DataFrameWriter.scala:856)
[2025-12-09T20:39:48.788+0000] {spark_submit.py:491} INFO - at org.apache.spark.sql.DataFrameWriter.saveToV1Source(DataFrameWriter.scala:387)
[2025-12-09T20:39:48.788+0000] {spark_submit.py:491} INFO - at org.apache.spark.sql.DataFrameWriter.saveInternal(DataFrameWriter.scala:360)
[2025-12-09T20:39:48.788+0000] {spark_submit.py:491} INFO - at org.apache.spark.sql.DataFrameWriter.save(DataFrameWriter.scala:239)
[2025-12-09T20:39:48.788+0000] {spark_submit.py:491} INFO - at org.apache.spark.sql.DataFrameWriter.parquet(DataFrameWriter.scala:789)
[2025-12-09T20:39:48.788+0000] {spark_submit.py:491} INFO - at java.base/jdk.internal.reflect.NativeMethodAccessorImpl.invoke0(Native Method)
[2025-12-09T20:39:48.788+0000] {spark_submit.py:491} INFO - at java.base/jdk.internal.reflect.NativeMethodAccessorImpl.invoke(NativeMethodAccessorImpl.java:77)
[2025-12-09T20:39:48.788+0000] {spark_submit.py:491} INFO - at java.base/jdk.internal.reflect.DelegatingMethodAccessorImpl.invoke(DelegatingMethodAccessorImpl.java:43)
[2025-12-09T20:39:48.788+0000] {spark_submit.py:491} INFO - at java.base/java.lang.reflect.Method.invoke(Method.java:569)
[2025-12-09T20:39:48.788+0000] {spark_submit.py:491} INFO - at py4j.reflection.MethodInvoker.invoke(MethodInvoker.java:244)
[2025-12-09T20:39:48.788+0000] {spark_submit.py:491} INFO - at py4j.reflection.ReflectionEngine.invoke(ReflectionEngine.java:374)
[2025-12-09T20:39:48.789+0000] {spark_submit.py:491} INFO - at py4j.Gateway.invoke(Gateway.java:282)
[2025-12-09T20:39:48.789+0000] {spark_submit.py:491} INFO - at py4j.commands.AbstractCommand.invokeMethod(AbstractCommand.java:132)
[2025-12-09T20:39:48.789+0000] {spark_submit.py:491} INFO - at py4j.commands.CallCommand.execute(CallCommand.java:79)
[2025-12-09T20:39:48.789+0000] {spark_submit.py:491} INFO - at py4j.ClientServerConnection.waitForCommands(ClientServerConnection.java:182)
[2025-12-09T20:39:48.789+0000] {spark_submit.py:491} INFO - at py4j.ClientServerConnection.run(ClientServerConnection.java:106)
[2025-12-09T20:39:48.789+0000] {spark_submit.py:491} INFO - at java.base/java.lang.Thread.run(Thread.java:840)
[2025-12-09T20:39:48.789+0000] {spark_submit.py:491} INFO - Caused by: java.net.ConnectException: Connection refused
[2025-12-09T20:39:48.789+0000] {spark_submit.py:491} INFO - at java.base/sun.nio.ch.Net.pollConnect(Native Method)
[2025-12-09T20:39:48.789+0000] {spark_submit.py:491} INFO - at java.base/sun.nio.ch.Net.pollConnectNow(Net.java:672)
[2025-12-09T20:39:48.789+0000] {spark_submit.py:491} INFO - at java.base/sun.nio.ch.NioSocketImpl.timedFinishConnect(NioSocketImpl.java:554)
[2025-12-09T20:39:48.789+0000] {spark_submit.py:491} INFO - at java.base/sun.nio.ch.NioSocketImpl.connect(NioSocketImpl.java:602)
[2025-12-09T20:39:48.789+0000] {spark_submit.py:491} INFO - at java.base/java.net.Socket.connect(Socket.java:633)
[2025-12-09T20:39:48.789+0000] {spark_submit.py:491} INFO - at java.base/sun.net.NetworkClient.doConnect(NetworkClient.java:178)
[2025-12-09T20:39:48.789+0000] {spark_submit.py:491} INFO - at java.base/sun.net.www.http.HttpClient.openServer(HttpClient.java:533)
[2025-12-09T20:39:48.789+0000] {spark_submit.py:491} INFO - at java.base/sun.net.www.http.HttpClient.openServer(HttpClient.java:638)
[2025-12-09T20:39:48.789+0000] {spark_submit.py:491} INFO - at java.base/sun.net.www.http.HttpClient.<init>(HttpClient.java:283)
[2025-12-09T20:39:48.789+0000] {spark_submit.py:491} INFO - at java.base/sun.net.www.http.HttpClient.New(HttpClient.java:386)
[2025-12-09T20:39:48.789+0000] {spark_submit.py:491} INFO - at java.base/sun.net.www.http.HttpClient.New(HttpClient.java:408)
[2025-12-09T20:39:48.789+0000] {spark_submit.py:491} INFO - at java.base/sun.net.www.protocol.http.HttpURLConnection.getNewHttpClient(HttpURLConnection.java:1329)
[2025-12-09T20:39:48.789+0000] {spark_submit.py:491} INFO - at java.base/sun.net.www.protocol.http.HttpURLConnection.plainConnect0(HttpURLConnection.java:1307)
[2025-12-09T20:39:48.789+0000] {spark_submit.py:491} INFO - at java.base/sun.net.www.protocol.http.HttpURLConnection.plainConnect(HttpURLConnection.java:1148)
[2025-12-09T20:39:48.789+0000] {spark_submit.py:491} INFO - at java.base/sun.net.www.protocol.http.HttpURLConnection.connect(HttpURLConnection.java:1077)
[2025-12-09T20:39:48.789+0000] {spark_submit.py:491} INFO - at com.amazonaws.internal.ConnectionUtils.connectToEndpoint(ConnectionUtils.java:95)
[2025-12-09T20:39:48.789+0000] {spark_submit.py:491} INFO - at com.amazonaws.internal.EC2ResourceFetcher.doReadResource(EC2ResourceFetcher.java:80)
[2025-12-09T20:39:48.789+0000] {spark_submit.py:491} INFO - ... 84 more
[2025-12-09T20:39:49.009+0000] {spark_submit.py:491} INFO - Traceback (most recent call last):
[2025-12-09T20:39:49.009+0000] {spark_submit.py:491} INFO - File "/opt/***/jobs/***_spark_job.py", line 98, in <module>
[2025-12-09T20:39:49.010+0000] {spark_submit.py:491} INFO - main()
[2025-12-09T20:39:49.010+0000] {spark_submit.py:491} INFO - File "/opt/***/jobs/***_spark_job.py", line 89, in main
[2025-12-09T20:39:49.010+0000] {spark_submit.py:491} INFO - dept_stats.write.mode("overwrite").parquet(output_path)
[2025-12-09T20:39:49.010+0000] {spark_submit.py:491} INFO - File "/home/***/.local/lib/python3.9/site-packages/pyspark/python/lib/pyspark.zip/pyspark/sql/readwriter.py", line 1656, in parquet
[2025-12-09T20:39:49.010+0000] {spark_submit.py:491} INFO - File "/home/***/.local/lib/python3.9/site-packages/pyspark/python/lib/py4j-0.10.9.7-src.zip/py4j/java_gateway.py", line 1322, in __call__
[2025-12-09T20:39:49.010+0000] {spark_submit.py:491} INFO - File "/home/***/.local/lib/python3.9/site-packages/pyspark/python/lib/pyspark.zip/pyspark/errors/exceptions/captured.py", line 169, in deco
[2025-12-09T20:39:49.010+0000] {spark_submit.py:491} INFO - File "/home/***/.local/lib/python3.9/site-packages/pyspark/python/lib/py4j-0.10.9.7-src.zip/py4j/protocol.py", line 326, in get_return_value
[2025-12-09T20:39:49.051+0000] {spark_submit.py:491} INFO - py4j.protocol.Py4JJavaError: An error occurred while calling o51.parquet.
[2025-12-09T20:39:49.052+0000] {spark_submit.py:491} INFO - : java.nio.file.AccessDeniedException: s3a://test/***_output_20251209_203947: org.apache.hadoop.fs.s3a.auth.NoAuthWithAWSException: No AWS Credentials provided by TemporaryAWSCredentialsProvider SimpleAWSCredentialsProvider EnvironmentVariableCredentialsProvider IAMInstanceCredentialsProvider : com.amazonaws.SdkClientException: Unable to load AWS credentials from environment variables (AWS_ACCESS_KEY_ID (or AWS_ACCESS_KEY) and AWS_SECRET_KEY (or AWS_SECRET_ACCESS_KEY))
[2025-12-09T20:39:49.052+0000] {spark_submit.py:491} INFO - at org.apache.hadoop.fs.s3a.S3AUtils.translateException(S3AUtils.java:212)
[2025-12-09T20:39:49.052+0000] {spark_submit.py:491} INFO - at org.apache.hadoop.fs.s3a.S3AUtils.translateException(S3AUtils.java:175)
[2025-12-09T20:39:49.052+0000] {spark_submit.py:491} INFO - at org.apache.hadoop.fs.s3a.S3AFileSystem.s3GetFileStatus(S3AFileSystem.java:3799)
[2025-12-09T20:39:49.052+0000] {spark_submit.py:491} INFO - at org.apache.hadoop.fs.s3a.S3AFileSystem.innerGetFileStatus(S3AFileSystem.java:3688)
[2025-12-09T20:39:49.052+0000] {spark_submit.py:491} INFO - at org.apache.hadoop.fs.s3a.S3AFileSystem.lambda$exists$34(S3AFileSystem.java:4703)
[2025-12-09T20:39:49.052+0000] {spark_submit.py:491} INFO - at org.apache.hadoop.fs.statistics.impl.IOStatisticsBinding.lambda$trackDurationOfOperation$5(IOStatisticsBinding.java:499)
[2025-12-09T20:39:49.052+0000] {spark_submit.py:491} INFO - at org.apache.hadoop.fs.statistics.impl.IOStatisticsBinding.trackDuration(IOStatisticsBinding.java:444)
[2025-12-09T20:39:49.052+0000] {spark_submit.py:491} INFO - at org.apache.hadoop.fs.s3a.S3AFileSystem.trackDurationAndSpan(S3AFileSystem.java:2337)
[2025-12-09T20:39:49.052+0000] {spark_submit.py:491} INFO - at org.apache.hadoop.fs.s3a.S3AFileSystem.trackDurationAndSpan(S3AFileSystem.java:2356)
[2025-12-09T20:39:49.052+0000] {spark_submit.py:491} INFO - at org.apache.hadoop.fs.s3a.S3AFileSystem.exists(S3AFileSystem.java:4701)
[2025-12-09T20:39:49.052+0000] {spark_submit.py:491} INFO - at org.apache.spark.sql.execution.datasources.InsertIntoHadoopFsRelationCommand.run(InsertIntoHadoopFsRelationCommand.scala:120)
[2025-12-09T20:39:49.052+0000] {spark_submit.py:491} INFO - at org.apache.spark.sql.execution.command.DataWritingCommandExec.sideEffectResult$lzycompute(commands.scala:113)
[2025-12-09T20:39:49.052+0000] {spark_submit.py:491} INFO - at org.apache.spark.sql.execution.command.DataWritingCommandExec.sideEffectResult(commands.scala:111)
[2025-12-09T20:39:49.052+0000] {spark_submit.py:491} INFO - at org.apache.spark.sql.execution.command.DataWritingCommandExec.executeCollect(commands.scala:125)
[2025-12-09T20:39:49.052+0000] {spark_submit.py:491} INFO - at org.apache.spark.sql.execution.adaptive.AdaptiveSparkPlanExec.$anonfun$executeCollect$1(AdaptiveSparkPlanExec.scala:354)
[2025-12-09T20:39:49.052+0000] {spark_submit.py:491} INFO - at org.apache.spark.sql.execution.adaptive.AdaptiveSparkPlanExec.withFinalPlanUpdate(AdaptiveSparkPlanExec.scala:382)
[2025-12-09T20:39:49.052+0000] {spark_submit.py:491} INFO - at org.apache.spark.sql.execution.adaptive.AdaptiveSparkPlanExec.executeCollect(AdaptiveSparkPlanExec.scala:354)
[2025-12-09T20:39:49.052+0000] {spark_submit.py:491} INFO - at org.apache.spark.sql.execution.QueryExecution$$anonfun$eagerlyExecuteCommands$1.$anonfun$applyOrElse$1(QueryExecution.scala:98)
[2025-12-09T20:39:49.052+0000] {spark_submit.py:491} INFO - at org.apache.spark.sql.execution.SQLExecution$.$anonfun$withNewExecutionId$6(SQLExecution.scala:118)
[2025-12-09T20:39:49.052+0000] {spark_submit.py:491} INFO - at org.apache.spark.sql.execution.SQLExecution$.withSQLConfPropagated(SQLExecution.scala:195)
[2025-12-09T20:39:49.052+0000] {spark_submit.py:491} INFO - at org.apache.spark.sql.execution.SQLExecution$.$anonfun$withNewExecutionId$1(SQLExecution.scala:103)
[2025-12-09T20:39:49.052+0000] {spark_submit.py:491} INFO - at org.apache.spark.sql.SparkSession.withActive(SparkSession.scala:827)
[2025-12-09T20:39:49.052+0000] {spark_submit.py:491} INFO - at org.apache.spark.sql.execution.SQLExecution$.withNewExecutionId(SQLExecution.scala:65)
[2025-12-09T20:39:49.052+0000] {spark_submit.py:491} INFO - at org.apache.spark.sql.execution.QueryExecution$$anonfun$eagerlyExecuteCommands$1.applyOrElse(QueryExecution.scala:98)
[2025-12-09T20:39:49.052+0000] {spark_submit.py:491} INFO - at org.apache.spark.sql.execution.QueryExecution$$anonfun$eagerlyExecuteCommands$1.applyOrElse(QueryExecution.scala:94)
[2025-12-09T20:39:49.052+0000] {spark_submit.py:491} INFO - at org.apache.spark.sql.catalyst.trees.TreeNode.$anonfun$transformDownWithPruning$1(TreeNode.scala:512)
[2025-12-09T20:39:49.052+0000] {spark_submit.py:491} INFO - at org.apache.spark.sql.catalyst.trees.CurrentOrigin$.withOrigin(TreeNode.scala:104)
[2025-12-09T20:39:49.052+0000] {spark_submit.py:491} INFO - at org.apache.spark.sql.catalyst.trees.TreeNode.transformDownWithPruning(TreeNode.scala:512)
[2025-12-09T20:39:49.052+0000] {spark_submit.py:491} INFO - at org.apache.spark.sql.catalyst.plans.logical.LogicalPlan.org$apache$spark$sql$catalyst$plans$logical$AnalysisHelper$$super$transformDownWithPruning(LogicalPlan.scala:31)
[2025-12-09T20:39:49.052+0000] {spark_submit.py:491} INFO - at org.apache.spark.sql.catalyst.plans.logical.AnalysisHelper.transformDownWithPruning(AnalysisHelper.scala:267)
[2025-12-09T20:39:49.052+0000] {spark_submit.py:491} INFO - at org.apache.spark.sql.catalyst.plans.logical.AnalysisHelper.transformDownWithPruning$(AnalysisHelper.scala:263)
[2025-12-09T20:39:49.052+0000] {spark_submit.py:491} INFO - at org.apache.spark.sql.catalyst.plans.logical.LogicalPlan.transformDownWithPruning(LogicalPlan.scala:31)
[2025-12-09T20:39:49.053+0000] {spark_submit.py:491} INFO - at org.apache.spark.sql.catalyst.plans.logical.LogicalPlan.transformDownWithPruning(LogicalPlan.scala:31)
[2025-12-09T20:39:49.053+0000] {spark_submit.py:491} INFO - at org.apache.spark.sql.catalyst.trees.TreeNode.transformDown(TreeNode.scala:488)
[2025-12-09T20:39:49.053+0000] {spark_submit.py:491} INFO - at org.apache.spark.sql.execution.QueryExecution.eagerlyExecuteCommands(QueryExecution.scala:94)
[2025-12-09T20:39:49.053+0000] {spark_submit.py:491} INFO - at org.apache.spark.sql.execution.QueryExecution.commandExecuted$lzycompute(QueryExecution.scala:81)
[2025-12-09T20:39:49.053+0000] {spark_submit.py:491} INFO - at org.apache.spark.sql.execution.QueryExecution.commandExecuted(QueryExecution.scala:79)
[2025-12-09T20:39:49.053+0000] {spark_submit.py:491} INFO - at org.apache.spark.sql.execution.QueryExecution.assertCommandExecuted(QueryExecution.scala:133)
[2025-12-09T20:39:49.053+0000] {spark_submit.py:491} INFO - at org.apache.spark.sql.DataFrameWriter.runCommand(DataFrameWriter.scala:856)
[2025-12-09T20:39:49.053+0000] {spark_submit.py:491} INFO - at org.apache.spark.sql.DataFrameWriter.saveToV1Source(DataFrameWriter.scala:387)
[2025-12-09T20:39:49.053+0000] {spark_submit.py:491} INFO - at org.apache.spark.sql.DataFrameWriter.saveInternal(DataFrameWriter.scala:360)
[2025-12-09T20:39:49.053+0000] {spark_submit.py:491} INFO - at org.apache.spark.sql.DataFrameWriter.save(DataFrameWriter.scala:239)
[2025-12-09T20:39:49.053+0000] {spark_submit.py:491} INFO - at org.apache.spark.sql.DataFrameWriter.parquet(DataFrameWriter.scala:789)
[2025-12-09T20:39:49.053+0000] {spark_submit.py:491} INFO - at java.base/jdk.internal.reflect.NativeMethodAccessorImpl.invoke0(Native Method)
[2025-12-09T20:39:49.053+0000] {spark_submit.py:491} INFO - at java.base/jdk.internal.reflect.NativeMethodAccessorImpl.invoke(NativeMethodAccessorImpl.java:77)
[2025-12-09T20:39:49.053+0000] {spark_submit.py:491} INFO - at java.base/jdk.internal.reflect.DelegatingMethodAccessorImpl.invoke(DelegatingMethodAccessorImpl.java:43)
[2025-12-09T20:39:49.053+0000] {spark_submit.py:491} INFO - at java.base/java.lang.reflect.Method.invoke(Method.java:569)
[2025-12-09T20:39:49.053+0000] {spark_submit.py:491} INFO - at py4j.reflection.MethodInvoker.invoke(MethodInvoker.java:244)
[2025-12-09T20:39:49.053+0000] {spark_submit.py:491} INFO - at py4j.reflection.ReflectionEngine.invoke(ReflectionEngine.java:374)
[2025-12-09T20:39:49.053+0000] {spark_submit.py:491} INFO - at py4j.Gateway.invoke(Gateway.java:282)
[2025-12-09T20:39:49.053+0000] {spark_submit.py:491} INFO - at py4j.commands.AbstractCommand.invokeMethod(AbstractCommand.java:132)
[2025-12-09T20:39:49.053+0000] {spark_submit.py:491} INFO - at py4j.commands.CallCommand.execute(CallCommand.java:79)
[2025-12-09T20:39:49.053+0000] {spark_submit.py:491} INFO - at py4j.ClientServerConnection.waitForCommands(ClientServerConnection.java:182)
[2025-12-09T20:39:49.053+0000] {spark_submit.py:491} INFO - at py4j.ClientServerConnection.run(ClientServerConnection.java:106)
[2025-12-09T20:39:49.053+0000] {spark_submit.py:491} INFO - at java.base/java.lang.Thread.run(Thread.java:840)
[2025-12-09T20:39:49.053+0000] {spark_submit.py:491} INFO - Caused by: org.apache.hadoop.fs.s3a.auth.NoAuthWithAWSException: No AWS Credentials provided by TemporaryAWSCredentialsProvider SimpleAWSCredentialsProvider EnvironmentVariableCredentialsProvider IAMInstanceCredentialsProvider : com.amazonaws.SdkClientException: Unable to load AWS credentials from environment variables (AWS_ACCESS_KEY_ID (or AWS_ACCESS_KEY) and AWS_SECRET_KEY (or AWS_SECRET_ACCESS_KEY))
[2025-12-09T20:39:49.053+0000] {spark_submit.py:491} INFO - at org.apache.hadoop.fs.s3a.AWSCredentialProviderList.getCredentials(AWSCredentialProviderList.java:216)
[2025-12-09T20:39:49.053+0000] {spark_submit.py:491} INFO - at com.amazonaws.http.AmazonHttpClient$RequestExecutor.getCredentialsFromContext(AmazonHttpClient.java:1269)
[2025-12-09T20:39:49.054+0000] {spark_submit.py:491} INFO - at com.amazonaws.http.AmazonHttpClient$RequestExecutor.runBeforeRequestHandlers(AmazonHttpClient.java:845)
[2025-12-09T20:39:49.054+0000] {spark_submit.py:491} INFO - at com.amazonaws.http.AmazonHttpClient$RequestExecutor.doExecute(AmazonHttpClient.java:794)
[2025-12-09T20:39:49.054+0000] {spark_submit.py:491} INFO - at com.amazonaws.http.AmazonHttpClient$RequestExecutor.executeWithTimer(AmazonHttpClient.java:781)
[2025-12-09T20:39:49.054+0000] {spark_submit.py:491} INFO - at com.amazonaws.http.AmazonHttpClient$RequestExecutor.execute(AmazonHttpClient.java:755)
[2025-12-09T20:39:49.054+0000] {spark_submit.py:491} INFO - at com.amazonaws.http.AmazonHttpClient$RequestExecutor.access$500(AmazonHttpClient.java:715)
[2025-12-09T20:39:49.054+0000] {spark_submit.py:491} INFO - at com.amazonaws.http.AmazonHttpClient$RequestExecutionBuilderImpl.execute(AmazonHttpClient.java:697)
[2025-12-09T20:39:49.054+0000] {spark_submit.py:491} INFO - at com.amazonaws.http.AmazonHttpClient.execute(AmazonHttpClient.java:561)
[2025-12-09T20:39:49.054+0000] {spark_submit.py:491} INFO - at com.amazonaws.http.AmazonHttpClient.execute(AmazonHttpClient.java:541)
[2025-12-09T20:39:49.054+0000] {spark_submit.py:491} INFO - at com.amazonaws.services.s3.AmazonS3Client.invoke(AmazonS3Client.java:5456)
[2025-12-09T20:39:49.054+0000] {spark_submit.py:491} INFO - at com.amazonaws.services.s3.AmazonS3Client.getBucketRegionViaHeadRequest(AmazonS3Client.java:6431)
[2025-12-09T20:39:49.054+0000] {spark_submit.py:491} INFO - at com.amazonaws.services.s3.AmazonS3Client.fetchRegionFromCache(AmazonS3Client.java:6404)
[2025-12-09T20:39:49.054+0000] {spark_submit.py:491} INFO - at com.amazonaws.services.s3.AmazonS3Client.invoke(AmazonS3Client.java:5441)
[2025-12-09T20:39:49.054+0000] {spark_submit.py:491} INFO - at com.amazonaws.services.s3.AmazonS3Client.invoke(AmazonS3Client.java:5403)
[2025-12-09T20:39:49.054+0000] {spark_submit.py:491} INFO - at com.amazonaws.services.s3.AmazonS3Client.getObjectMetadata(AmazonS3Client.java:1372)
[2025-12-09T20:39:49.054+0000] {spark_submit.py:491} INFO - at org.apache.hadoop.fs.s3a.S3AFileSystem.lambda$getObjectMetadata$10(S3AFileSystem.java:2545)
[2025-12-09T20:39:49.054+0000] {spark_submit.py:491} INFO - at org.apache.hadoop.fs.s3a.Invoker.retryUntranslated(Invoker.java:414)
[2025-12-09T20:39:49.054+0000] {spark_submit.py:491} INFO - at org.apache.hadoop.fs.s3a.Invoker.retryUntranslated(Invoker.java:377)
[2025-12-09T20:39:49.054+0000] {spark_submit.py:491} INFO - at org.apache.hadoop.fs.s3a.S3AFileSystem.getObjectMetadata(S3AFileSystem.java:2533)
[2025-12-09T20:39:49.054+0000] {spark_submit.py:491} INFO - at org.apache.hadoop.fs.s3a.S3AFileSystem.getObjectMetadata(S3AFileSystem.java:2513)
[2025-12-09T20:39:49.054+0000] {spark_submit.py:491} INFO - at org.apache.hadoop.fs.s3a.S3AFileSystem.s3GetFileStatus(S3AFileSystem.java:3776)
[2025-12-09T20:39:49.054+0000] {spark_submit.py:491} INFO - ... 52 more
[2025-12-09T20:39:49.054+0000] {spark_submit.py:491} INFO - Caused by: com.amazonaws.SdkClientException: Unable to load AWS credentials from environment variables (AWS_ACCESS_KEY_ID (or AWS_ACCESS_KEY) and AWS_SECRET_KEY (or AWS_SECRET_ACCESS_KEY))
[2025-12-09T20:39:49.054+0000] {spark_submit.py:491} INFO - at com.amazonaws.auth.EnvironmentVariableCredentialsProvider.getCredentials(EnvironmentVariableCredentialsProvider.java:50)
[2025-12-09T20:39:49.054+0000] {spark_submit.py:491} INFO - at org.apache.hadoop.fs.s3a.AWSCredentialProviderList.getCredentials(AWSCredentialProviderList.java:177)
[2025-12-09T20:39:49.054+0000] {spark_submit.py:491} INFO - ... 73 more
[2025-12-09T20:39:49.054+0000] {spark_submit.py:491} INFO - 
[2025-12-09T20:39:49.149+0000] {spark_submit.py:491} INFO - 25/12/09 20:39:49 INFO SparkContext: Invoking stop() from shutdown hook
[2025-12-09T20:39:49.149+0000] {spark_submit.py:491} INFO - 25/12/09 20:39:49 INFO SparkContext: SparkContext is stopping with exitCode 0.
[2025-12-09T20:39:49.161+0000] {spark_submit.py:491} INFO - 25/12/09 20:39:49 INFO SparkUI: Stopped Spark web UI at http://9f0bb37009ef:4040
[2025-12-09T20:39:49.164+0000] {spark_submit.py:491} INFO - 25/12/09 20:39:49 INFO StandaloneSchedulerBackend: Shutting down all executors
[2025-12-09T20:39:49.166+0000] {spark_submit.py:491} INFO - 25/12/09 20:39:49 INFO StandaloneSchedulerBackend$StandaloneDriverEndpoint: Asking each executor to shut down
[2025-12-09T20:39:49.190+0000] {spark_submit.py:491} INFO - 25/12/09 20:39:49 INFO MapOutputTrackerMasterEndpoint: MapOutputTrackerMasterEndpoint stopped!
[2025-12-09T20:39:49.211+0000] {spark_submit.py:491} INFO - 25/12/09 20:39:49 INFO MemoryStore: MemoryStore cleared
[2025-12-09T20:39:49.212+0000] {spark_submit.py:491} INFO - 25/12/09 20:39:49 INFO BlockManager: BlockManager stopped
[2025-12-09T20:39:49.215+0000] {spark_submit.py:491} INFO - 25/12/09 20:39:49 INFO BlockManagerMaster: BlockManagerMaster stopped
[2025-12-09T20:39:49.216+0000] {spark_submit.py:491} INFO - 25/12/09 20:39:49 INFO OutputCommitCoordinator$OutputCommitCoordinatorEndpoint: OutputCommitCoordinator stopped!
[2025-12-09T20:39:49.231+0000] {spark_submit.py:491} INFO - 25/12/09 20:39:49 INFO SparkContext: Successfully stopped SparkContext
[2025-12-09T20:39:49.232+0000] {spark_submit.py:491} INFO - 25/12/09 20:39:49 INFO ShutdownHookManager: Shutdown hook called
[2025-12-09T20:39:49.232+0000] {spark_submit.py:491} INFO - 25/12/09 20:39:49 INFO ShutdownHookManager: Deleting directory /tmp/spark-8665483a-686d-468b-92ab-13f8c2d5393c
[2025-12-09T20:39:49.238+0000] {spark_submit.py:491} INFO - 25/12/09 20:39:49 INFO ShutdownHookManager: Deleting directory /tmp/spark-8665483a-686d-468b-92ab-13f8c2d5393c/pyspark-abd3a619-9f30-4078-8edf-470908a04a8b
[2025-12-09T20:39:49.243+0000] {spark_submit.py:491} INFO - 25/12/09 20:39:49 INFO ShutdownHookManager: Deleting directory /tmp/spark-15b800da-8ce8-45bd-9a21-94161d44451b
[2025-12-09T20:39:49.251+0000] {spark_submit.py:491} INFO - 25/12/09 20:39:49 INFO MetricsSystemImpl: Stopping s3a-file-system metrics system...
[2025-12-09T20:39:49.251+0000] {spark_submit.py:491} INFO - 25/12/09 20:39:49 INFO MetricsSystemImpl: s3a-file-system metrics system stopped.
[2025-12-09T20:39:49.252+0000] {spark_submit.py:491} INFO - 25/12/09 20:39:49 INFO MetricsSystemImpl: s3a-file-system metrics system shutdown complete.
[2025-12-09T20:39:49.306+0000] {taskinstance.py:1935} ERROR - Task failed with exception
Traceback (most recent call last):
  File "/home/airflow/.local/lib/python3.9/site-packages/airflow/providers/apache/spark/operators/spark_submit.py", line 156, in execute
    self._hook.submit(self._application)
  File "/home/airflow/.local/lib/python3.9/site-packages/airflow/providers/apache/spark/hooks/spark_submit.py", line 422, in submit
    raise AirflowException(
airflow.exceptions.AirflowException: Cannot execute: spark-submit --master spark://spark-master:7077 --conf spark.eventLog.enabled=true --conf spark.eventLog.dir=/opt/spark-events --conf spark.history.fs.logDirectory=/opt/spark-events --name Airflow_Triggered_Job_20251209T203425 jobs/***_spark_job.py. Error code is: 1.
[2025-12-09T20:39:49.310+0000] {taskinstance.py:1398} INFO - Marking task as FAILED. dag_id=spark_job_with_history, task_id=submit_spark_job, execution_date=20251209T203425, start_date=20251209T203938, end_date=20251209T203949
[2025-12-09T20:39:49.323+0000] {standard_task_runner.py:104} ERROR - Failed to execute job 21 for task submit_spark_job (Cannot execute: spark-submit --master spark://spark-master:7077 --conf spark.eventLog.enabled=true --conf spark.eventLog.dir=/opt/spark-events --conf spark.history.fs.logDirectory=/opt/spark-events --name Airflow_Triggered_Job_20251209T203425 jobs/***_spark_job.py. Error code is: 1.; 1226)
[2025-12-09T20:39:49.332+0000] {local_task_job_runner.py:228} INFO - Task exited with return code 1
[2025-12-09T20:39:49.348+0000] {taskinstance.py:2776} INFO - 0 downstream tasks scheduled from follow-on schedule check
