[2025-12-09T22:29:39.069+0000] {taskinstance.py:1157} INFO - Dependencies all met for dep_context=non-requeueable deps ti=<TaskInstance: amount_data_s3_processing_pipeline.log_spark_job_start manual__2025-12-09T22:29:11.763670+00:00 [queued]>
[2025-12-09T22:29:39.077+0000] {taskinstance.py:1157} INFO - Dependencies all met for dep_context=requeueable deps ti=<TaskInstance: amount_data_s3_processing_pipeline.log_spark_job_start manual__2025-12-09T22:29:11.763670+00:00 [queued]>
[2025-12-09T22:29:39.078+0000] {taskinstance.py:1359} INFO - Starting attempt 1 of 3
[2025-12-09T22:29:39.089+0000] {taskinstance.py:1380} INFO - Executing <Task(PythonOperator): log_spark_job_start> on 2025-12-09 22:29:11.763670+00:00
[2025-12-09T22:29:39.094+0000] {standard_task_runner.py:57} INFO - Started process 305 to run task
[2025-12-09T22:29:39.098+0000] {standard_task_runner.py:84} INFO - Running: ['***', 'tasks', 'run', 'amount_data_s3_processing_pipeline', 'log_spark_job_start', 'manual__2025-12-09T22:29:11.763670+00:00', '--job-id', '78', '--raw', '--subdir', 'DAGS_FOLDER/amount_data_s3_processing_pipeline.py', '--cfg-path', '/tmp/tmpdcfvq_xl']
[2025-12-09T22:29:39.101+0000] {standard_task_runner.py:85} INFO - Job 78: Subtask log_spark_job_start
[2025-12-09T22:29:39.153+0000] {task_command.py:415} INFO - Running <TaskInstance: amount_data_s3_processing_pipeline.log_spark_job_start manual__2025-12-09T22:29:11.763670+00:00 [running]> on host f91dceacf835
[2025-12-09T22:29:39.233+0000] {taskinstance.py:1660} INFO - Exporting env vars: AIRFLOW_CTX_DAG_OWNER='***' AIRFLOW_CTX_DAG_ID='amount_data_s3_processing_pipeline' AIRFLOW_CTX_TASK_ID='log_spark_job_start' AIRFLOW_CTX_EXECUTION_DATE='2025-12-09T22:29:11.763670+00:00' AIRFLOW_CTX_TRY_NUMBER='1' AIRFLOW_CTX_DAG_RUN_ID='manual__2025-12-09T22:29:11.763670+00:00'
[2025-12-09T22:29:39.245+0000] {logging_mixin.py:151} INFO - 
================================================================================
[2025-12-09T22:29:39.245+0000] {logging_mixin.py:151} INFO -   ⚙️ SPARK JOB SUBMISSION
[2025-12-09T22:29:39.245+0000] {logging_mixin.py:151} INFO - ================================================================================
[2025-12-09T22:29:39.245+0000] {logging_mixin.py:151} INFO -   🔧 Job Name: AmountDataProcessor
[2025-12-09T22:29:39.245+0000] {logging_mixin.py:151} INFO -   📝 Application: s3_amount_processor.py
[2025-12-09T22:29:39.245+0000] {logging_mixin.py:151} INFO -   📄 Processing File: amounts_20251209_222937.json
[2025-12-09T22:29:39.245+0000] {logging_mixin.py:151} INFO -   🎯 Task ID: log_spark_job_start
[2025-12-09T22:29:39.247+0000] {logging_mixin.py:151} WARNING - /home/***/.local/lib/python3.9/site-packages/***/utils/context.py:314 AirflowContextDeprecationWarning: Accessing 'execution_date' from the template is deprecated and will be removed in a future version. Please use 'data_interval_start' or 'logical_date' instead.
[2025-12-09T22:29:39.247+0000] {logging_mixin.py:151} INFO -   📅 Execution Time: 2025-12-09T22:29:11.763670+00:00
[2025-12-09T22:29:39.247+0000] {logging_mixin.py:151} INFO - ================================================================================
[2025-12-09T22:29:39.247+0000] {amount_data_s3_processing_pipeline.py:228} INFO - ⚙️ Spark job started successfully for amounts_20251209_222937.json
[2025-12-09T22:29:39.247+0000] {python.py:194} INFO - Done. Returned value was: None
[2025-12-09T22:29:39.256+0000] {taskinstance.py:1398} INFO - Marking task as SUCCESS. dag_id=amount_data_s3_processing_pipeline, task_id=log_spark_job_start, execution_date=20251209T222911, start_date=20251209T222939, end_date=20251209T222939
[2025-12-09T22:29:39.310+0000] {local_task_job_runner.py:228} INFO - Task exited with return code 0
[2025-12-09T22:29:39.334+0000] {taskinstance.py:2776} INFO - 1 downstream tasks scheduled from follow-on schedule check
