[2025-12-09T22:29:12.815+0000] {taskinstance.py:1157} INFO - Dependencies all met for dep_context=non-requeueable deps ti=<TaskInstance: amount_data_s3_processing_pipeline.log_pipeline_start manual__2025-12-09T22:29:11.763670+00:00 [queued]>
[2025-12-09T22:29:12.824+0000] {taskinstance.py:1157} INFO - Dependencies all met for dep_context=requeueable deps ti=<TaskInstance: amount_data_s3_processing_pipeline.log_pipeline_start manual__2025-12-09T22:29:11.763670+00:00 [queued]>
[2025-12-09T22:29:12.824+0000] {taskinstance.py:1359} INFO - Starting attempt 1 of 3
[2025-12-09T22:29:12.834+0000] {taskinstance.py:1380} INFO - Executing <Task(PythonOperator): log_pipeline_start> on 2025-12-09 22:29:11.763670+00:00
[2025-12-09T22:29:12.838+0000] {standard_task_runner.py:57} INFO - Started process 267 to run task
[2025-12-09T22:29:12.842+0000] {standard_task_runner.py:84} INFO - Running: ['***', 'tasks', 'run', 'amount_data_s3_processing_pipeline', 'log_pipeline_start', 'manual__2025-12-09T22:29:11.763670+00:00', '--job-id', '74', '--raw', '--subdir', 'DAGS_FOLDER/amount_data_s3_processing_pipeline.py', '--cfg-path', '/tmp/tmpo44v4_y5']
[2025-12-09T22:29:12.845+0000] {standard_task_runner.py:85} INFO - Job 74: Subtask log_pipeline_start
[2025-12-09T22:29:12.894+0000] {task_command.py:415} INFO - Running <TaskInstance: amount_data_s3_processing_pipeline.log_pipeline_start manual__2025-12-09T22:29:11.763670+00:00 [running]> on host f91dceacf835
[2025-12-09T22:29:12.970+0000] {taskinstance.py:1660} INFO - Exporting env vars: AIRFLOW_CTX_DAG_OWNER='***' AIRFLOW_CTX_DAG_ID='amount_data_s3_processing_pipeline' AIRFLOW_CTX_TASK_ID='log_pipeline_start' AIRFLOW_CTX_EXECUTION_DATE='2025-12-09T22:29:11.763670+00:00' AIRFLOW_CTX_TRY_NUMBER='1' AIRFLOW_CTX_DAG_RUN_ID='manual__2025-12-09T22:29:11.763670+00:00'
[2025-12-09T22:29:12.972+0000] {logging_mixin.py:151} INFO - 
================================================================================
[2025-12-09T22:29:12.972+0000] {logging_mixin.py:151} INFO -   🚀 AMOUNT DATA PROCESSING PIPELINE STARTED
[2025-12-09T22:29:12.972+0000] {logging_mixin.py:151} INFO - ================================================================================
[2025-12-09T22:29:12.972+0000] {logging_mixin.py:151} INFO -   📊 Timestamp: 2025-12-09 22:29:12
[2025-12-09T22:29:12.972+0000] {logging_mixin.py:151} INFO -   🪣 Source Bucket: test/source/
[2025-12-09T22:29:12.973+0000] {logging_mixin.py:151} INFO -   🪣 Target Bucket: warehouse/processed/
[2025-12-09T22:29:12.973+0000] {logging_mixin.py:151} INFO - ================================================================================
[2025-12-09T22:29:12.973+0000] {amount_data_s3_processing_pipeline.py:188} INFO - ✅ Pipeline initialization complete
[2025-12-09T22:29:12.973+0000] {python.py:194} INFO - Done. Returned value was: None
[2025-12-09T22:29:12.982+0000] {taskinstance.py:1398} INFO - Marking task as SUCCESS. dag_id=amount_data_s3_processing_pipeline, task_id=log_pipeline_start, execution_date=20251209T222911, start_date=20251209T222912, end_date=20251209T222912
[2025-12-09T22:29:13.014+0000] {local_task_job_runner.py:228} INFO - Task exited with return code 0
[2025-12-09T22:29:13.036+0000] {taskinstance.py:2776} INFO - 1 downstream tasks scheduled from follow-on schedule check
