[2025-12-09T21:50:44.740+0000] {taskinstance.py:1157} INFO - Dependencies all met for dep_context=non-requeueable deps ti=<TaskInstance: amount_data_s3_processing_pipeline.move_file_with_timestamp manual__2025-12-09T21:50:41.925246+00:00 [queued]>
[2025-12-09T21:50:44.747+0000] {taskinstance.py:1157} INFO - Dependencies all met for dep_context=requeueable deps ti=<TaskInstance: amount_data_s3_processing_pipeline.move_file_with_timestamp manual__2025-12-09T21:50:41.925246+00:00 [queued]>
[2025-12-09T21:50:44.747+0000] {taskinstance.py:1359} INFO - Starting attempt 1 of 3
[2025-12-09T21:50:44.755+0000] {taskinstance.py:1380} INFO - Executing <Task(PythonOperator): move_file_with_timestamp> on 2025-12-09 21:50:41.925246+00:00
[2025-12-09T21:50:44.761+0000] {standard_task_runner.py:57} INFO - Started process 7332 to run task
[2025-12-09T21:50:44.763+0000] {standard_task_runner.py:84} INFO - Running: ['***', 'tasks', 'run', 'amount_data_s3_processing_pipeline', 'move_file_with_timestamp', 'manual__2025-12-09T21:50:41.925246+00:00', '--job-id', '45', '--raw', '--subdir', 'DAGS_FOLDER/amount_data_s3_processing_pipeline.py', '--cfg-path', '/tmp/tmpizn1o7li']
[2025-12-09T21:50:44.764+0000] {standard_task_runner.py:85} INFO - Job 45: Subtask move_file_with_timestamp
[2025-12-09T21:50:44.804+0000] {task_command.py:415} INFO - Running <TaskInstance: amount_data_s3_processing_pipeline.move_file_with_timestamp manual__2025-12-09T21:50:41.925246+00:00 [running]> on host 9f0bb37009ef
[2025-12-09T21:50:44.869+0000] {taskinstance.py:1660} INFO - Exporting env vars: AIRFLOW_CTX_DAG_OWNER='***' AIRFLOW_CTX_DAG_ID='amount_data_s3_processing_pipeline' AIRFLOW_CTX_TASK_ID='move_file_with_timestamp' AIRFLOW_CTX_EXECUTION_DATE='2025-12-09T21:50:41.925246+00:00' AIRFLOW_CTX_TRY_NUMBER='1' AIRFLOW_CTX_DAG_RUN_ID='manual__2025-12-09T21:50:41.925246+00:00'
[2025-12-09T21:50:44.925+0000] {amount_data_s3_processing_pipeline.py:98} INFO - ================================================================================
[2025-12-09T21:50:44.925+0000] {amount_data_s3_processing_pipeline.py:99} INFO - 📁 MOVING FILE WITH TIMESTAMP
[2025-12-09T21:50:44.925+0000] {amount_data_s3_processing_pipeline.py:100} INFO - ================================================================================
[2025-12-09T21:50:44.934+0000] {amount_data_s3_processing_pipeline.py:126} INFO - 📄 Latest file found: source/orders.json
[2025-12-09T21:50:44.934+0000] {amount_data_s3_processing_pipeline.py:127} INFO -    Upload time: 2025-12-09 21:38:06.242000+00:00
[2025-12-09T21:50:44.934+0000] {amount_data_s3_processing_pipeline.py:135} INFO - ✏️  Renaming to: source/orders_20251209_215044.json
[2025-12-09T21:50:44.941+0000] {amount_data_s3_processing_pipeline.py:144} INFO - ✅ File copied with timestamp: source/orders_20251209_215044.json
[2025-12-09T21:50:44.944+0000] {amount_data_s3_processing_pipeline.py:148} INFO - 🗑️  Original file deleted: source/orders.json
[2025-12-09T21:50:44.974+0000] {amount_data_s3_processing_pipeline.py:160} INFO - 📌 File info stored for Spark job
[2025-12-09T21:50:44.975+0000] {amount_data_s3_processing_pipeline.py:161} INFO - ================================================================================

[2025-12-09T21:50:44.975+0000] {logging_mixin.py:151} INFO - 
================================================================================
[2025-12-09T21:50:44.975+0000] {logging_mixin.py:151} INFO -   ✅ FILE MOVED SUCCESSFULLY WITH TIMESTAMP
[2025-12-09T21:50:44.975+0000] {logging_mixin.py:151} INFO - ================================================================================
[2025-12-09T21:50:44.975+0000] {logging_mixin.py:151} INFO -   Original: orders.json
[2025-12-09T21:50:44.976+0000] {logging_mixin.py:151} INFO -   New Name: orders_20251209_215044.json
[2025-12-09T21:50:44.976+0000] {logging_mixin.py:151} INFO -   Location: source/
[2025-12-09T21:50:44.976+0000] {logging_mixin.py:151} INFO - ================================================================================
[2025-12-09T21:50:44.976+0000] {python.py:194} INFO - Done. Returned value was: True
[2025-12-09T21:50:45.004+0000] {taskinstance.py:1398} INFO - Marking task as SUCCESS. dag_id=amount_data_s3_processing_pipeline, task_id=move_file_with_timestamp, execution_date=20251209T215041, start_date=20251209T215044, end_date=20251209T215045
[2025-12-09T21:50:45.056+0000] {local_task_job_runner.py:228} INFO - Task exited with return code 0
[2025-12-09T21:50:45.087+0000] {taskinstance.py:2776} INFO - 1 downstream tasks scheduled from follow-on schedule check
