[2025-12-09T20:44:59.159+0000] {taskinstance.py:1157} INFO - Dependencies all met for dep_context=non-requeueable deps ti=<TaskInstance: spark_job_with_history.submit_spark_job manual__2025-12-09T20:44:57.836933+00:00 [queued]>
[2025-12-09T20:44:59.172+0000] {taskinstance.py:1157} INFO - Dependencies all met for dep_context=requeueable deps ti=<TaskInstance: spark_job_with_history.submit_spark_job manual__2025-12-09T20:44:57.836933+00:00 [queued]>
[2025-12-09T20:44:59.172+0000] {taskinstance.py:1359} INFO - Starting attempt 1 of 2
[2025-12-09T20:44:59.190+0000] {taskinstance.py:1380} INFO - Executing <Task(SparkSubmitOperator): submit_spark_job> on 2025-12-09 20:44:57.836933+00:00
[2025-12-09T20:44:59.196+0000] {standard_task_runner.py:57} INFO - Started process 1692 to run task
[2025-12-09T20:44:59.198+0000] {standard_task_runner.py:84} INFO - Running: ['***', 'tasks', 'run', 'spark_job_with_history', 'submit_spark_job', 'manual__2025-12-09T20:44:57.836933+00:00', '--job-id', '22', '--raw', '--subdir', 'DAGS_FOLDER/spark_with_logging_dag.py', '--cfg-path', '/tmp/tmpk_c83zg5']
[2025-12-09T20:44:59.199+0000] {standard_task_runner.py:85} INFO - Job 22: Subtask submit_spark_job
[2025-12-09T20:44:59.251+0000] {task_command.py:415} INFO - Running <TaskInstance: spark_job_with_history.submit_spark_job manual__2025-12-09T20:44:57.836933+00:00 [running]> on host 9f0bb37009ef
[2025-12-09T20:44:59.327+0000] {taskinstance.py:1660} INFO - Exporting env vars: AIRFLOW_CTX_DAG_OWNER='***' AIRFLOW_CTX_DAG_ID='spark_job_with_history' AIRFLOW_CTX_TASK_ID='submit_spark_job' AIRFLOW_CTX_EXECUTION_DATE='2025-12-09T20:44:57.836933+00:00' AIRFLOW_CTX_TRY_NUMBER='1' AIRFLOW_CTX_DAG_RUN_ID='manual__2025-12-09T20:44:57.836933+00:00'
[2025-12-09T20:44:59.337+0000] {base.py:73} INFO - Using connection ID 'spark-conn' for task execution.
[2025-12-09T20:44:59.338+0000] {spark_submit.py:340} INFO - Spark-Submit cmd: spark-submit --master spark://spark-master:7077 --conf spark.eventLog.enabled=true --conf spark.eventLog.dir=/opt/spark-events --conf spark.history.fs.logDirectory=/opt/spark-events --conf spark.hadoop.fs.s3a.endpoint=http://minio:9000 --conf spark.hadoop.fs.s3a.access.key=admin --conf spark.hadoop.fs.s3a.secret.key=****** --conf spark.hadoop.fs.s3a.path.style.access=true --conf spark.hadoop.fs.s3a.impl=org.apache.hadoop.fs.s3a.S3AFileSystem --name Airflow_Triggered_Job_20251209T204457 /opt/***/jobs/***_spark_job.py
[2025-12-09T20:45:01.392+0000] {spark_submit.py:491} INFO - 25/12/09 20:45:01 INFO SparkContext: Running Spark version 3.4.0
[2025-12-09T20:45:01.439+0000] {spark_submit.py:491} INFO - 25/12/09 20:45:01 WARN NativeCodeLoader: Unable to load native-hadoop library for your platform... using builtin-java classes where applicable
[2025-12-09T20:45:01.523+0000] {spark_submit.py:491} INFO - 25/12/09 20:45:01 INFO ResourceUtils: ==============================================================
[2025-12-09T20:45:01.524+0000] {spark_submit.py:491} INFO - 25/12/09 20:45:01 INFO ResourceUtils: No custom resources configured for spark.driver.
[2025-12-09T20:45:01.524+0000] {spark_submit.py:491} INFO - 25/12/09 20:45:01 INFO ResourceUtils: ==============================================================
[2025-12-09T20:45:01.524+0000] {spark_submit.py:491} INFO - 25/12/09 20:45:01 INFO SparkContext: Submitted application: Airflow_Job_20251209_204501
[2025-12-09T20:45:01.541+0000] {spark_submit.py:491} INFO - 25/12/09 20:45:01 INFO ResourceProfile: Default ResourceProfile created, executor resources: Map(memory -> name: memory, amount: 1024, script: , vendor: , offHeap -> name: offHeap, amount: 0, script: , vendor: ), task resources: Map(cpus -> name: cpus, amount: 1.0)
[2025-12-09T20:45:01.547+0000] {spark_submit.py:491} INFO - 25/12/09 20:45:01 INFO ResourceProfile: Limiting resource is cpu
[2025-12-09T20:45:01.548+0000] {spark_submit.py:491} INFO - 25/12/09 20:45:01 INFO ResourceProfileManager: Added ResourceProfile id: 0
[2025-12-09T20:45:01.584+0000] {spark_submit.py:491} INFO - 25/12/09 20:45:01 INFO SecurityManager: Changing view acls to: root
[2025-12-09T20:45:01.584+0000] {spark_submit.py:491} INFO - 25/12/09 20:45:01 INFO SecurityManager: Changing modify acls to: root
[2025-12-09T20:45:01.584+0000] {spark_submit.py:491} INFO - 25/12/09 20:45:01 INFO SecurityManager: Changing view acls groups to:
[2025-12-09T20:45:01.585+0000] {spark_submit.py:491} INFO - 25/12/09 20:45:01 INFO SecurityManager: Changing modify acls groups to:
[2025-12-09T20:45:01.585+0000] {spark_submit.py:491} INFO - 25/12/09 20:45:01 INFO SecurityManager: SecurityManager: authentication disabled; ui acls disabled; users with view permissions: root; groups with view permissions: EMPTY; users with modify permissions: root; groups with modify permissions: EMPTY
[2025-12-09T20:45:01.787+0000] {spark_submit.py:491} INFO - 25/12/09 20:45:01 INFO Utils: Successfully started service 'sparkDriver' on port 41339.
[2025-12-09T20:45:01.817+0000] {spark_submit.py:491} INFO - 25/12/09 20:45:01 INFO SparkEnv: Registering MapOutputTracker
[2025-12-09T20:45:01.847+0000] {spark_submit.py:491} INFO - 25/12/09 20:45:01 INFO SparkEnv: Registering BlockManagerMaster
[2025-12-09T20:45:01.861+0000] {spark_submit.py:491} INFO - 25/12/09 20:45:01 INFO BlockManagerMasterEndpoint: Using org.apache.spark.storage.DefaultTopologyMapper for getting topology information
[2025-12-09T20:45:01.862+0000] {spark_submit.py:491} INFO - 25/12/09 20:45:01 INFO BlockManagerMasterEndpoint: BlockManagerMasterEndpoint up
[2025-12-09T20:45:01.865+0000] {spark_submit.py:491} INFO - 25/12/09 20:45:01 INFO SparkEnv: Registering BlockManagerMasterHeartbeat
[2025-12-09T20:45:01.880+0000] {spark_submit.py:491} INFO - 25/12/09 20:45:01 INFO DiskBlockManager: Created local directory at /tmp/blockmgr-539650bf-1336-42e9-b42d-716fb8799552
[2025-12-09T20:45:01.893+0000] {spark_submit.py:491} INFO - 25/12/09 20:45:01 INFO MemoryStore: MemoryStore started with capacity 434.4 MiB
[2025-12-09T20:45:01.917+0000] {spark_submit.py:491} INFO - 25/12/09 20:45:01 INFO SparkEnv: Registering OutputCommitCoordinator
[2025-12-09T20:45:02.050+0000] {spark_submit.py:491} INFO - 25/12/09 20:45:02 INFO JettyUtils: Start Jetty 0.0.0.0:4040 for SparkUI
[2025-12-09T20:45:02.096+0000] {spark_submit.py:491} INFO - 25/12/09 20:45:02 INFO Utils: Successfully started service 'SparkUI' on port 4040.
[2025-12-09T20:45:02.226+0000] {spark_submit.py:491} INFO - 25/12/09 20:45:02 INFO StandaloneAppClient$ClientEndpoint: Connecting to master spark://spark-master:7077...
[2025-12-09T20:45:02.266+0000] {spark_submit.py:491} INFO - 25/12/09 20:45:02 INFO TransportClientFactory: Successfully created connection to spark-master/172.19.0.4:7077 after 19 ms (0 ms spent in bootstraps)
[2025-12-09T20:45:02.342+0000] {spark_submit.py:491} INFO - 25/12/09 20:45:02 INFO StandaloneSchedulerBackend: Connected to Spark cluster with app ID app-20251209204502-0003
[2025-12-09T20:45:02.344+0000] {spark_submit.py:491} INFO - 25/12/09 20:45:02 INFO StandaloneAppClient$ClientEndpoint: Executor added: app-20251209204502-0003/0 on worker-20251209202933-spark-worker-38099 (spark-worker:38099) with 4 core(s)
[2025-12-09T20:45:02.347+0000] {spark_submit.py:491} INFO - 25/12/09 20:45:02 INFO StandaloneSchedulerBackend: Granted executor ID app-20251209204502-0003/0 on hostPort spark-worker:38099 with 4 core(s), 1024.0 MiB RAM
[2025-12-09T20:45:02.348+0000] {spark_submit.py:491} INFO - 25/12/09 20:45:02 INFO Utils: Successfully started service 'org.apache.spark.network.netty.NettyBlockTransferService' on port 34011.
[2025-12-09T20:45:02.349+0000] {spark_submit.py:491} INFO - 25/12/09 20:45:02 INFO NettyBlockTransferService: Server created on 9f0bb37009ef:34011
[2025-12-09T20:45:02.350+0000] {spark_submit.py:491} INFO - 25/12/09 20:45:02 INFO BlockManager: Using org.apache.spark.storage.RandomBlockReplicationPolicy for block replication policy
[2025-12-09T20:45:02.355+0000] {spark_submit.py:491} INFO - 25/12/09 20:45:02 INFO BlockManagerMaster: Registering BlockManager BlockManagerId(driver, 9f0bb37009ef, 34011, None)
[2025-12-09T20:45:02.359+0000] {spark_submit.py:491} INFO - 25/12/09 20:45:02 INFO BlockManagerMasterEndpoint: Registering block manager 9f0bb37009ef:34011 with 434.4 MiB RAM, BlockManagerId(driver, 9f0bb37009ef, 34011, None)
[2025-12-09T20:45:02.360+0000] {spark_submit.py:491} INFO - 25/12/09 20:45:02 INFO BlockManagerMaster: Registered BlockManager BlockManagerId(driver, 9f0bb37009ef, 34011, None)
[2025-12-09T20:45:02.361+0000] {spark_submit.py:491} INFO - 25/12/09 20:45:02 INFO BlockManager: Initialized BlockManager: BlockManagerId(driver, 9f0bb37009ef, 34011, None)
[2025-12-09T20:45:02.387+0000] {spark_submit.py:491} INFO - 25/12/09 20:45:02 INFO StandaloneAppClient$ClientEndpoint: Executor updated: app-20251209204502-0003/0 is now RUNNING
[2025-12-09T20:45:02.532+0000] {spark_submit.py:491} INFO - 25/12/09 20:45:02 INFO SingleEventLogFileWriter: Logging events to file:/opt/spark-events/app-20251209204502-0003.inprogress
[2025-12-09T20:45:02.692+0000] {spark_submit.py:491} INFO - 25/12/09 20:45:02 INFO StandaloneSchedulerBackend: SchedulerBackend is ready for scheduling beginning after reached minRegisteredResourcesRatio: 0.0
[2025-12-09T20:45:02.864+0000] {spark_submit.py:491} INFO - ============================================================
[2025-12-09T20:45:02.864+0000] {spark_submit.py:491} INFO - 🚀 Airflow-triggered Spark Job Started
[2025-12-09T20:45:02.864+0000] {spark_submit.py:491} INFO - ============================================================
[2025-12-09T20:45:03.084+0000] {spark_submit.py:491} INFO - 25/12/09 20:45:03 INFO SharedState: Setting hive.metastore.warehouse.dir ('null') to the value of spark.sql.warehouse.dir.
[2025-12-09T20:45:03.086+0000] {spark_submit.py:491} INFO - 25/12/09 20:45:03 INFO SharedState: Warehouse path is 'file:/opt/***/spark-warehouse'.
[2025-12-09T20:45:04.764+0000] {spark_submit.py:491} INFO - 25/12/09 20:45:04 INFO StandaloneSchedulerBackend$StandaloneDriverEndpoint: Registered executor NettyRpcEndpointRef(spark-client://Executor) (172.19.0.7:36650) with ID 0,  ResourceProfileId 0
[2025-12-09T20:45:04.834+0000] {spark_submit.py:491} INFO - 25/12/09 20:45:04 INFO BlockManagerMasterEndpoint: Registering block manager spark-worker:42673 with 434.4 MiB RAM, BlockManagerId(0, spark-worker, 42673, None)
[2025-12-09T20:45:05.369+0000] {spark_submit.py:491} INFO - 
[2025-12-09T20:45:05.370+0000] {spark_submit.py:491} INFO - 📊 Sample Data:
[2025-12-09T20:45:06.010+0000] {spark_submit.py:491} INFO - 25/12/09 20:45:06 INFO CodeGenerator: Code generated in 145.470743 ms
[2025-12-09T20:45:06.045+0000] {spark_submit.py:491} INFO - 25/12/09 20:45:06 INFO SparkContext: Starting job: showString at NativeMethodAccessorImpl.java:0
[2025-12-09T20:45:06.056+0000] {spark_submit.py:491} INFO - 25/12/09 20:45:06 INFO DAGScheduler: Got job 0 (showString at NativeMethodAccessorImpl.java:0) with 1 output partitions
[2025-12-09T20:45:06.057+0000] {spark_submit.py:491} INFO - 25/12/09 20:45:06 INFO DAGScheduler: Final stage: ResultStage 0 (showString at NativeMethodAccessorImpl.java:0)
[2025-12-09T20:45:06.057+0000] {spark_submit.py:491} INFO - 25/12/09 20:45:06 INFO DAGScheduler: Parents of final stage: List()
[2025-12-09T20:45:06.058+0000] {spark_submit.py:491} INFO - 25/12/09 20:45:06 INFO DAGScheduler: Missing parents: List()
[2025-12-09T20:45:06.061+0000] {spark_submit.py:491} INFO - 25/12/09 20:45:06 INFO DAGScheduler: Submitting ResultStage 0 (MapPartitionsRDD[6] at showString at NativeMethodAccessorImpl.java:0), which has no missing parents
[2025-12-09T20:45:06.132+0000] {spark_submit.py:491} INFO - 25/12/09 20:45:06 INFO MemoryStore: Block broadcast_0 stored as values in memory (estimated size 13.1 KiB, free 434.4 MiB)
[2025-12-09T20:45:06.161+0000] {spark_submit.py:491} INFO - 25/12/09 20:45:06 INFO MemoryStore: Block broadcast_0_piece0 stored as bytes in memory (estimated size 6.8 KiB, free 434.4 MiB)
[2025-12-09T20:45:06.167+0000] {spark_submit.py:491} INFO - 25/12/09 20:45:06 INFO BlockManagerInfo: Added broadcast_0_piece0 in memory on 9f0bb37009ef:34011 (size: 6.8 KiB, free: 434.4 MiB)
[2025-12-09T20:45:06.172+0000] {spark_submit.py:491} INFO - 25/12/09 20:45:06 INFO SparkContext: Created broadcast 0 from broadcast at DAGScheduler.scala:1535
[2025-12-09T20:45:06.188+0000] {spark_submit.py:491} INFO - 25/12/09 20:45:06 INFO DAGScheduler: Submitting 1 missing tasks from ResultStage 0 (MapPartitionsRDD[6] at showString at NativeMethodAccessorImpl.java:0) (first 15 tasks are for partitions Vector(0))
[2025-12-09T20:45:06.189+0000] {spark_submit.py:491} INFO - 25/12/09 20:45:06 INFO TaskSchedulerImpl: Adding task set 0.0 with 1 tasks resource profile 0
[2025-12-09T20:45:06.229+0000] {spark_submit.py:491} INFO - 25/12/09 20:45:06 INFO TaskSetManager: Starting task 0.0 in stage 0.0 (TID 0) (spark-worker, executor 0, partition 0, PROCESS_LOCAL, 7423 bytes)
[2025-12-09T20:45:06.450+0000] {spark_submit.py:491} INFO - 25/12/09 20:45:06 INFO BlockManagerInfo: Added broadcast_0_piece0 in memory on spark-worker:42673 (size: 6.8 KiB, free: 434.4 MiB)
[2025-12-09T20:45:07.296+0000] {spark_submit.py:491} INFO - 25/12/09 20:45:07 INFO TaskSetManager: Finished task 0.0 in stage 0.0 (TID 0) in 1081 ms on spark-worker (executor 0) (1/1)
[2025-12-09T20:45:07.297+0000] {spark_submit.py:491} INFO - 25/12/09 20:45:07 INFO TaskSchedulerImpl: Removed TaskSet 0.0, whose tasks have all completed, from pool
[2025-12-09T20:45:07.300+0000] {spark_submit.py:491} INFO - 25/12/09 20:45:07 INFO PythonAccumulatorV2: Connected to AccumulatorServer at host: 127.0.0.1 port: 53993
[2025-12-09T20:45:07.305+0000] {spark_submit.py:491} INFO - 25/12/09 20:45:07 INFO DAGScheduler: ResultStage 0 (showString at NativeMethodAccessorImpl.java:0) finished in 1.233 s
[2025-12-09T20:45:07.308+0000] {spark_submit.py:491} INFO - 25/12/09 20:45:07 INFO DAGScheduler: Job 0 is finished. Cancelling potential speculative or zombie tasks for this job
[2025-12-09T20:45:07.315+0000] {spark_submit.py:491} INFO - 25/12/09 20:45:07 INFO TaskSchedulerImpl: Killing all running tasks in stage 0: Stage finished
[2025-12-09T20:45:07.319+0000] {spark_submit.py:491} INFO - 25/12/09 20:45:07 INFO DAGScheduler: Job 0 finished: showString at NativeMethodAccessorImpl.java:0, took 1.271887 s
[2025-12-09T20:45:07.331+0000] {spark_submit.py:491} INFO - 25/12/09 20:45:07 INFO SparkContext: Starting job: showString at NativeMethodAccessorImpl.java:0
[2025-12-09T20:45:07.333+0000] {spark_submit.py:491} INFO - 25/12/09 20:45:07 INFO DAGScheduler: Got job 1 (showString at NativeMethodAccessorImpl.java:0) with 1 output partitions
[2025-12-09T20:45:07.334+0000] {spark_submit.py:491} INFO - 25/12/09 20:45:07 INFO DAGScheduler: Final stage: ResultStage 1 (showString at NativeMethodAccessorImpl.java:0)
[2025-12-09T20:45:07.334+0000] {spark_submit.py:491} INFO - 25/12/09 20:45:07 INFO DAGScheduler: Parents of final stage: List()
[2025-12-09T20:45:07.334+0000] {spark_submit.py:491} INFO - 25/12/09 20:45:07 INFO DAGScheduler: Missing parents: List()
[2025-12-09T20:45:07.335+0000] {spark_submit.py:491} INFO - 25/12/09 20:45:07 INFO DAGScheduler: Submitting ResultStage 1 (MapPartitionsRDD[6] at showString at NativeMethodAccessorImpl.java:0), which has no missing parents
[2025-12-09T20:45:07.340+0000] {spark_submit.py:491} INFO - 25/12/09 20:45:07 INFO MemoryStore: Block broadcast_1 stored as values in memory (estimated size 13.1 KiB, free 434.4 MiB)
[2025-12-09T20:45:07.348+0000] {spark_submit.py:491} INFO - 25/12/09 20:45:07 INFO MemoryStore: Block broadcast_1_piece0 stored as bytes in memory (estimated size 6.8 KiB, free 434.4 MiB)
[2025-12-09T20:45:07.348+0000] {spark_submit.py:491} INFO - 25/12/09 20:45:07 INFO BlockManagerInfo: Added broadcast_1_piece0 in memory on 9f0bb37009ef:34011 (size: 6.8 KiB, free: 434.4 MiB)
[2025-12-09T20:45:07.349+0000] {spark_submit.py:491} INFO - 25/12/09 20:45:07 INFO SparkContext: Created broadcast 1 from broadcast at DAGScheduler.scala:1535
[2025-12-09T20:45:07.351+0000] {spark_submit.py:491} INFO - 25/12/09 20:45:07 INFO DAGScheduler: Submitting 1 missing tasks from ResultStage 1 (MapPartitionsRDD[6] at showString at NativeMethodAccessorImpl.java:0) (first 15 tasks are for partitions Vector(1))
[2025-12-09T20:45:07.351+0000] {spark_submit.py:491} INFO - 25/12/09 20:45:07 INFO TaskSchedulerImpl: Adding task set 1.0 with 1 tasks resource profile 0
[2025-12-09T20:45:07.353+0000] {spark_submit.py:491} INFO - 25/12/09 20:45:07 INFO TaskSetManager: Starting task 0.0 in stage 1.0 (TID 1) (spark-worker, executor 0, partition 1, PROCESS_LOCAL, 7431 bytes)
[2025-12-09T20:45:07.379+0000] {spark_submit.py:491} INFO - 25/12/09 20:45:07 INFO BlockManagerInfo: Added broadcast_1_piece0 in memory on spark-worker:42673 (size: 6.8 KiB, free: 434.4 MiB)
[2025-12-09T20:45:07.452+0000] {spark_submit.py:491} INFO - 25/12/09 20:45:07 INFO TaskSetManager: Finished task 0.0 in stage 1.0 (TID 1) in 100 ms on spark-worker (executor 0) (1/1)
[2025-12-09T20:45:07.453+0000] {spark_submit.py:491} INFO - 25/12/09 20:45:07 INFO TaskSchedulerImpl: Removed TaskSet 1.0, whose tasks have all completed, from pool
[2025-12-09T20:45:07.455+0000] {spark_submit.py:491} INFO - 25/12/09 20:45:07 INFO DAGScheduler: ResultStage 1 (showString at NativeMethodAccessorImpl.java:0) finished in 0.118 s
[2025-12-09T20:45:07.456+0000] {spark_submit.py:491} INFO - 25/12/09 20:45:07 INFO DAGScheduler: Job 1 is finished. Cancelling potential speculative or zombie tasks for this job
[2025-12-09T20:45:07.456+0000] {spark_submit.py:491} INFO - 25/12/09 20:45:07 INFO TaskSchedulerImpl: Killing all running tasks in stage 1: Stage finished
[2025-12-09T20:45:07.457+0000] {spark_submit.py:491} INFO - 25/12/09 20:45:07 INFO DAGScheduler: Job 1 finished: showString at NativeMethodAccessorImpl.java:0, took 0.124883 s
[2025-12-09T20:45:07.502+0000] {spark_submit.py:491} INFO - 25/12/09 20:45:07 INFO CodeGenerator: Code generated in 28.888358 ms
[2025-12-09T20:45:07.537+0000] {spark_submit.py:491} INFO - +---+-------+---+-----------+
[2025-12-09T20:45:07.538+0000] {spark_submit.py:491} INFO - | id|   name|age| department|
[2025-12-09T20:45:07.538+0000] {spark_submit.py:491} INFO - +---+-------+---+-----------+
[2025-12-09T20:45:07.538+0000] {spark_submit.py:491} INFO - |  1|  Alice| 25|Engineering|
[2025-12-09T20:45:07.538+0000] {spark_submit.py:491} INFO - |  2|    Bob| 30|      Sales|
[2025-12-09T20:45:07.538+0000] {spark_submit.py:491} INFO - |  3|Charlie| 35|Engineering|
[2025-12-09T20:45:07.538+0000] {spark_submit.py:491} INFO - |  4|  Diana| 28|  Marketing|
[2025-12-09T20:45:07.538+0000] {spark_submit.py:491} INFO - +---+-------+---+-----------+
[2025-12-09T20:45:07.538+0000] {spark_submit.py:491} INFO - 
[2025-12-09T20:45:07.538+0000] {spark_submit.py:491} INFO - 
[2025-12-09T20:45:07.538+0000] {spark_submit.py:491} INFO - 📈 Department Statistics:
[2025-12-09T20:45:07.548+0000] {spark_submit.py:491} INFO - 25/12/09 20:45:07 INFO BlockManagerInfo: Removed broadcast_0_piece0 on 9f0bb37009ef:34011 in memory (size: 6.8 KiB, free: 434.4 MiB)
[2025-12-09T20:45:07.557+0000] {spark_submit.py:491} INFO - 25/12/09 20:45:07 INFO BlockManagerInfo: Removed broadcast_0_piece0 on spark-worker:42673 in memory (size: 6.8 KiB, free: 434.4 MiB)
[2025-12-09T20:45:07.573+0000] {spark_submit.py:491} INFO - 25/12/09 20:45:07 INFO BlockManagerInfo: Removed broadcast_1_piece0 on 9f0bb37009ef:34011 in memory (size: 6.8 KiB, free: 434.4 MiB)
[2025-12-09T20:45:07.577+0000] {spark_submit.py:491} INFO - 25/12/09 20:45:07 INFO BlockManagerInfo: Removed broadcast_1_piece0 on spark-worker:42673 in memory (size: 6.8 KiB, free: 434.4 MiB)
[2025-12-09T20:45:07.838+0000] {spark_submit.py:491} INFO - 25/12/09 20:45:07 INFO CodeGenerator: Code generated in 66.434441 ms
[2025-12-09T20:45:07.879+0000] {spark_submit.py:491} INFO - 25/12/09 20:45:07 INFO DAGScheduler: Registering RDD 8 (showString at NativeMethodAccessorImpl.java:0) as input to shuffle 0
[2025-12-09T20:45:07.882+0000] {spark_submit.py:491} INFO - 25/12/09 20:45:07 INFO DAGScheduler: Got map stage job 2 (showString at NativeMethodAccessorImpl.java:0) with 2 output partitions
[2025-12-09T20:45:07.883+0000] {spark_submit.py:491} INFO - 25/12/09 20:45:07 INFO DAGScheduler: Final stage: ShuffleMapStage 2 (showString at NativeMethodAccessorImpl.java:0)
[2025-12-09T20:45:07.883+0000] {spark_submit.py:491} INFO - 25/12/09 20:45:07 INFO DAGScheduler: Parents of final stage: List()
[2025-12-09T20:45:07.883+0000] {spark_submit.py:491} INFO - 25/12/09 20:45:07 INFO DAGScheduler: Missing parents: List()
[2025-12-09T20:45:07.885+0000] {spark_submit.py:491} INFO - 25/12/09 20:45:07 INFO DAGScheduler: Submitting ShuffleMapStage 2 (MapPartitionsRDD[8] at showString at NativeMethodAccessorImpl.java:0), which has no missing parents
[2025-12-09T20:45:07.899+0000] {spark_submit.py:491} INFO - 25/12/09 20:45:07 INFO MemoryStore: Block broadcast_2 stored as values in memory (estimated size 35.9 KiB, free 434.4 MiB)
[2025-12-09T20:45:07.901+0000] {spark_submit.py:491} INFO - 25/12/09 20:45:07 INFO MemoryStore: Block broadcast_2_piece0 stored as bytes in memory (estimated size 17.2 KiB, free 434.3 MiB)
[2025-12-09T20:45:07.903+0000] {spark_submit.py:491} INFO - 25/12/09 20:45:07 INFO BlockManagerInfo: Added broadcast_2_piece0 in memory on 9f0bb37009ef:34011 (size: 17.2 KiB, free: 434.4 MiB)
[2025-12-09T20:45:07.904+0000] {spark_submit.py:491} INFO - 25/12/09 20:45:07 INFO SparkContext: Created broadcast 2 from broadcast at DAGScheduler.scala:1535
[2025-12-09T20:45:07.906+0000] {spark_submit.py:491} INFO - 25/12/09 20:45:07 INFO DAGScheduler: Submitting 2 missing tasks from ShuffleMapStage 2 (MapPartitionsRDD[8] at showString at NativeMethodAccessorImpl.java:0) (first 15 tasks are for partitions Vector(0, 1))
[2025-12-09T20:45:07.906+0000] {spark_submit.py:491} INFO - 25/12/09 20:45:07 INFO TaskSchedulerImpl: Adding task set 2.0 with 2 tasks resource profile 0
[2025-12-09T20:45:07.909+0000] {spark_submit.py:491} INFO - 25/12/09 20:45:07 INFO TaskSetManager: Starting task 0.0 in stage 2.0 (TID 2) (spark-worker, executor 0, partition 0, PROCESS_LOCAL, 7412 bytes)
[2025-12-09T20:45:07.909+0000] {spark_submit.py:491} INFO - 25/12/09 20:45:07 INFO TaskSetManager: Starting task 1.0 in stage 2.0 (TID 3) (spark-worker, executor 0, partition 1, PROCESS_LOCAL, 7420 bytes)
[2025-12-09T20:45:07.937+0000] {spark_submit.py:491} INFO - 25/12/09 20:45:07 INFO BlockManagerInfo: Added broadcast_2_piece0 in memory on spark-worker:42673 (size: 17.2 KiB, free: 434.4 MiB)
[2025-12-09T20:45:08.412+0000] {spark_submit.py:491} INFO - 25/12/09 20:45:08 INFO TaskSetManager: Finished task 1.0 in stage 2.0 (TID 3) in 503 ms on spark-worker (executor 0) (1/2)
[2025-12-09T20:45:08.413+0000] {spark_submit.py:491} INFO - 25/12/09 20:45:08 INFO TaskSetManager: Finished task 0.0 in stage 2.0 (TID 2) in 504 ms on spark-worker (executor 0) (2/2)
[2025-12-09T20:45:08.413+0000] {spark_submit.py:491} INFO - 25/12/09 20:45:08 INFO TaskSchedulerImpl: Removed TaskSet 2.0, whose tasks have all completed, from pool
[2025-12-09T20:45:08.420+0000] {spark_submit.py:491} INFO - 25/12/09 20:45:08 INFO DAGScheduler: ShuffleMapStage 2 (showString at NativeMethodAccessorImpl.java:0) finished in 0.533 s
[2025-12-09T20:45:08.421+0000] {spark_submit.py:491} INFO - 25/12/09 20:45:08 INFO DAGScheduler: looking for newly runnable stages
[2025-12-09T20:45:08.422+0000] {spark_submit.py:491} INFO - 25/12/09 20:45:08 INFO DAGScheduler: running: Set()
[2025-12-09T20:45:08.423+0000] {spark_submit.py:491} INFO - 25/12/09 20:45:08 INFO DAGScheduler: waiting: Set()
[2025-12-09T20:45:08.424+0000] {spark_submit.py:491} INFO - 25/12/09 20:45:08 INFO DAGScheduler: failed: Set()
[2025-12-09T20:45:08.458+0000] {spark_submit.py:491} INFO - 25/12/09 20:45:08 INFO ShufflePartitionsUtil: For shuffle(0), advisory target size: 67108864, actual target size 1048576, minimum partition size: 1048576
[2025-12-09T20:45:08.483+0000] {spark_submit.py:491} INFO - 25/12/09 20:45:08 INFO HashAggregateExec: spark.sql.codegen.aggregate.map.twolevel.enabled is set to true, but current version of codegened fast hashmap does not support this aggregate.
[2025-12-09T20:45:08.519+0000] {spark_submit.py:491} INFO - 25/12/09 20:45:08 INFO CodeGenerator: Code generated in 23.383312 ms
[2025-12-09T20:45:08.564+0000] {spark_submit.py:491} INFO - 25/12/09 20:45:08 INFO SparkContext: Starting job: showString at NativeMethodAccessorImpl.java:0
[2025-12-09T20:45:08.567+0000] {spark_submit.py:491} INFO - 25/12/09 20:45:08 INFO DAGScheduler: Got job 3 (showString at NativeMethodAccessorImpl.java:0) with 1 output partitions
[2025-12-09T20:45:08.567+0000] {spark_submit.py:491} INFO - 25/12/09 20:45:08 INFO DAGScheduler: Final stage: ResultStage 4 (showString at NativeMethodAccessorImpl.java:0)
[2025-12-09T20:45:08.568+0000] {spark_submit.py:491} INFO - 25/12/09 20:45:08 INFO DAGScheduler: Parents of final stage: List(ShuffleMapStage 3)
[2025-12-09T20:45:08.568+0000] {spark_submit.py:491} INFO - 25/12/09 20:45:08 INFO DAGScheduler: Missing parents: List()
[2025-12-09T20:45:08.570+0000] {spark_submit.py:491} INFO - 25/12/09 20:45:08 INFO DAGScheduler: Submitting ResultStage 4 (MapPartitionsRDD[11] at showString at NativeMethodAccessorImpl.java:0), which has no missing parents
[2025-12-09T20:45:08.593+0000] {spark_submit.py:491} INFO - 25/12/09 20:45:08 INFO MemoryStore: Block broadcast_3 stored as values in memory (estimated size 38.1 KiB, free 434.3 MiB)
[2025-12-09T20:45:08.595+0000] {spark_submit.py:491} INFO - 25/12/09 20:45:08 INFO MemoryStore: Block broadcast_3_piece0 stored as bytes in memory (estimated size 18.5 KiB, free 434.3 MiB)
[2025-12-09T20:45:08.596+0000] {spark_submit.py:491} INFO - 25/12/09 20:45:08 INFO BlockManagerInfo: Added broadcast_3_piece0 in memory on 9f0bb37009ef:34011 (size: 18.5 KiB, free: 434.4 MiB)
[2025-12-09T20:45:08.598+0000] {spark_submit.py:491} INFO - 25/12/09 20:45:08 INFO SparkContext: Created broadcast 3 from broadcast at DAGScheduler.scala:1535
[2025-12-09T20:45:08.599+0000] {spark_submit.py:491} INFO - 25/12/09 20:45:08 INFO DAGScheduler: Submitting 1 missing tasks from ResultStage 4 (MapPartitionsRDD[11] at showString at NativeMethodAccessorImpl.java:0) (first 15 tasks are for partitions Vector(0))
[2025-12-09T20:45:08.600+0000] {spark_submit.py:491} INFO - 25/12/09 20:45:08 INFO TaskSchedulerImpl: Adding task set 4.0 with 1 tasks resource profile 0
[2025-12-09T20:45:08.605+0000] {spark_submit.py:491} INFO - 25/12/09 20:45:08 INFO TaskSetManager: Starting task 0.0 in stage 4.0 (TID 4) (spark-worker, executor 0, partition 0, NODE_LOCAL, 7367 bytes)
[2025-12-09T20:45:08.639+0000] {spark_submit.py:491} INFO - 25/12/09 20:45:08 INFO BlockManagerInfo: Added broadcast_3_piece0 in memory on spark-worker:42673 (size: 18.5 KiB, free: 434.4 MiB)
[2025-12-09T20:45:08.692+0000] {spark_submit.py:491} INFO - 25/12/09 20:45:08 INFO MapOutputTrackerMasterEndpoint: Asked to send map output locations for shuffle 0 to 172.19.0.7:36650
[2025-12-09T20:45:08.809+0000] {spark_submit.py:491} INFO - 25/12/09 20:45:08 INFO TaskSetManager: Finished task 0.0 in stage 4.0 (TID 4) in 205 ms on spark-worker (executor 0) (1/1)
[2025-12-09T20:45:08.809+0000] {spark_submit.py:491} INFO - 25/12/09 20:45:08 INFO TaskSchedulerImpl: Removed TaskSet 4.0, whose tasks have all completed, from pool
[2025-12-09T20:45:08.812+0000] {spark_submit.py:491} INFO - 25/12/09 20:45:08 INFO DAGScheduler: ResultStage 4 (showString at NativeMethodAccessorImpl.java:0) finished in 0.226 s
[2025-12-09T20:45:08.812+0000] {spark_submit.py:491} INFO - 25/12/09 20:45:08 INFO DAGScheduler: Job 3 is finished. Cancelling potential speculative or zombie tasks for this job
[2025-12-09T20:45:08.813+0000] {spark_submit.py:491} INFO - 25/12/09 20:45:08 INFO TaskSchedulerImpl: Killing all running tasks in stage 4: Stage finished
[2025-12-09T20:45:08.814+0000] {spark_submit.py:491} INFO - 25/12/09 20:45:08 INFO DAGScheduler: Job 3 finished: showString at NativeMethodAccessorImpl.java:0, took 0.248720 s
[2025-12-09T20:45:08.835+0000] {spark_submit.py:491} INFO - 25/12/09 20:45:08 INFO CodeGenerator: Code generated in 13.465001 ms
[2025-12-09T20:45:08.839+0000] {spark_submit.py:491} INFO - +-----------+-----+
[2025-12-09T20:45:08.839+0000] {spark_submit.py:491} INFO - | department|count|
[2025-12-09T20:45:08.839+0000] {spark_submit.py:491} INFO - +-----------+-----+
[2025-12-09T20:45:08.839+0000] {spark_submit.py:491} INFO - |      Sales|    1|
[2025-12-09T20:45:08.839+0000] {spark_submit.py:491} INFO - |Engineering|    2|
[2025-12-09T20:45:08.839+0000] {spark_submit.py:491} INFO - |  Marketing|    1|
[2025-12-09T20:45:08.839+0000] {spark_submit.py:491} INFO - +-----------+-----+
[2025-12-09T20:45:08.839+0000] {spark_submit.py:491} INFO - 
[2025-12-09T20:45:08.839+0000] {spark_submit.py:491} INFO - 
[2025-12-09T20:45:08.839+0000] {spark_submit.py:491} INFO - 💾 Writing results to: s3a://test/***_output_20251209_204508
[2025-12-09T20:45:08.968+0000] {spark_submit.py:491} INFO - 25/12/09 20:45:08 WARN MetricsConfig: Cannot locate configuration: tried hadoop-metrics2-s3a-file-system.properties,hadoop-metrics2.properties
[2025-12-09T20:45:08.979+0000] {spark_submit.py:491} INFO - 25/12/09 20:45:08 INFO MetricsSystemImpl: Scheduled Metric snapshot period at 10 second(s).
[2025-12-09T20:45:08.979+0000] {spark_submit.py:491} INFO - 25/12/09 20:45:08 INFO MetricsSystemImpl: s3a-file-system metrics system started
[2025-12-09T20:45:09.521+0000] {spark_submit.py:491} INFO - 25/12/09 20:45:09 INFO DAGScheduler: Registering RDD 13 (parquet at NativeMethodAccessorImpl.java:0) as input to shuffle 1
[2025-12-09T20:45:09.522+0000] {spark_submit.py:491} INFO - 25/12/09 20:45:09 INFO DAGScheduler: Got map stage job 4 (parquet at NativeMethodAccessorImpl.java:0) with 2 output partitions
[2025-12-09T20:45:09.522+0000] {spark_submit.py:491} INFO - 25/12/09 20:45:09 INFO DAGScheduler: Final stage: ShuffleMapStage 5 (parquet at NativeMethodAccessorImpl.java:0)
[2025-12-09T20:45:09.522+0000] {spark_submit.py:491} INFO - 25/12/09 20:45:09 INFO DAGScheduler: Parents of final stage: List()
[2025-12-09T20:45:09.522+0000] {spark_submit.py:491} INFO - 25/12/09 20:45:09 INFO DAGScheduler: Missing parents: List()
[2025-12-09T20:45:09.523+0000] {spark_submit.py:491} INFO - 25/12/09 20:45:09 INFO DAGScheduler: Submitting ShuffleMapStage 5 (MapPartitionsRDD[13] at parquet at NativeMethodAccessorImpl.java:0), which has no missing parents
[2025-12-09T20:45:09.528+0000] {spark_submit.py:491} INFO - 25/12/09 20:45:09 INFO MemoryStore: Block broadcast_4 stored as values in memory (estimated size 35.9 KiB, free 434.3 MiB)
[2025-12-09T20:45:09.534+0000] {spark_submit.py:491} INFO - 25/12/09 20:45:09 INFO MemoryStore: Block broadcast_4_piece0 stored as bytes in memory (estimated size 17.2 KiB, free 434.2 MiB)
[2025-12-09T20:45:09.535+0000] {spark_submit.py:491} INFO - 25/12/09 20:45:09 INFO BlockManagerInfo: Added broadcast_4_piece0 in memory on 9f0bb37009ef:34011 (size: 17.2 KiB, free: 434.3 MiB)
[2025-12-09T20:45:09.536+0000] {spark_submit.py:491} INFO - 25/12/09 20:45:09 INFO SparkContext: Created broadcast 4 from broadcast at DAGScheduler.scala:1535
[2025-12-09T20:45:09.537+0000] {spark_submit.py:491} INFO - 25/12/09 20:45:09 INFO DAGScheduler: Submitting 2 missing tasks from ShuffleMapStage 5 (MapPartitionsRDD[13] at parquet at NativeMethodAccessorImpl.java:0) (first 15 tasks are for partitions Vector(0, 1))
[2025-12-09T20:45:09.537+0000] {spark_submit.py:491} INFO - 25/12/09 20:45:09 INFO TaskSchedulerImpl: Adding task set 5.0 with 2 tasks resource profile 0
[2025-12-09T20:45:09.539+0000] {spark_submit.py:491} INFO - 25/12/09 20:45:09 INFO TaskSetManager: Starting task 0.0 in stage 5.0 (TID 5) (spark-worker, executor 0, partition 0, PROCESS_LOCAL, 7412 bytes)
[2025-12-09T20:45:09.540+0000] {spark_submit.py:491} INFO - 25/12/09 20:45:09 INFO TaskSetManager: Starting task 1.0 in stage 5.0 (TID 6) (spark-worker, executor 0, partition 1, PROCESS_LOCAL, 7420 bytes)
[2025-12-09T20:45:09.564+0000] {spark_submit.py:491} INFO - 25/12/09 20:45:09 INFO BlockManagerInfo: Added broadcast_4_piece0 in memory on spark-worker:42673 (size: 17.2 KiB, free: 434.3 MiB)
[2025-12-09T20:45:09.645+0000] {spark_submit.py:491} INFO - 25/12/09 20:45:09 INFO TaskSetManager: Finished task 0.0 in stage 5.0 (TID 5) in 107 ms on spark-worker (executor 0) (1/2)
[2025-12-09T20:45:09.646+0000] {spark_submit.py:491} INFO - 25/12/09 20:45:09 INFO TaskSetManager: Finished task 1.0 in stage 5.0 (TID 6) in 106 ms on spark-worker (executor 0) (2/2)
[2025-12-09T20:45:09.646+0000] {spark_submit.py:491} INFO - 25/12/09 20:45:09 INFO TaskSchedulerImpl: Removed TaskSet 5.0, whose tasks have all completed, from pool
[2025-12-09T20:45:09.649+0000] {spark_submit.py:491} INFO - 25/12/09 20:45:09 INFO DAGScheduler: ShuffleMapStage 5 (parquet at NativeMethodAccessorImpl.java:0) finished in 0.123 s
[2025-12-09T20:45:09.649+0000] {spark_submit.py:491} INFO - 25/12/09 20:45:09 INFO DAGScheduler: looking for newly runnable stages
[2025-12-09T20:45:09.650+0000] {spark_submit.py:491} INFO - 25/12/09 20:45:09 INFO DAGScheduler: running: Set()
[2025-12-09T20:45:09.650+0000] {spark_submit.py:491} INFO - 25/12/09 20:45:09 INFO DAGScheduler: waiting: Set()
[2025-12-09T20:45:09.650+0000] {spark_submit.py:491} INFO - 25/12/09 20:45:09 INFO DAGScheduler: failed: Set()
[2025-12-09T20:45:09.657+0000] {spark_submit.py:491} INFO - 25/12/09 20:45:09 INFO ShufflePartitionsUtil: For shuffle(1), advisory target size: 67108864, actual target size 1048576, minimum partition size: 1048576
[2025-12-09T20:45:09.872+0000] {spark_submit.py:491} INFO - 25/12/09 20:45:09 INFO ParquetUtils: Using default output committer for Parquet: org.apache.parquet.hadoop.ParquetOutputCommitter
[2025-12-09T20:45:09.894+0000] {spark_submit.py:491} INFO - 25/12/09 20:45:09 INFO FileOutputCommitter: File Output Committer Algorithm version is 1
[2025-12-09T20:45:09.895+0000] {spark_submit.py:491} INFO - 25/12/09 20:45:09 INFO FileOutputCommitter: FileOutputCommitter skip cleanup _temporary folders under output directory:false, ignore cleanup failures: false
[2025-12-09T20:45:09.895+0000] {spark_submit.py:491} INFO - 25/12/09 20:45:09 INFO SQLHadoopMapReduceCommitProtocol: Using user defined output committer class org.apache.parquet.hadoop.ParquetOutputCommitter
[2025-12-09T20:45:09.896+0000] {spark_submit.py:491} INFO - 25/12/09 20:45:09 INFO FileOutputCommitter: File Output Committer Algorithm version is 1
[2025-12-09T20:45:09.897+0000] {spark_submit.py:491} INFO - 25/12/09 20:45:09 INFO FileOutputCommitter: FileOutputCommitter skip cleanup _temporary folders under output directory:false, ignore cleanup failures: false
[2025-12-09T20:45:09.898+0000] {spark_submit.py:491} INFO - 25/12/09 20:45:09 INFO SQLHadoopMapReduceCommitProtocol: Using output committer class org.apache.parquet.hadoop.ParquetOutputCommitter
[2025-12-09T20:45:10.027+0000] {spark_submit.py:491} INFO - 25/12/09 20:45:10 INFO HashAggregateExec: spark.sql.codegen.aggregate.map.twolevel.enabled is set to true, but current version of codegened fast hashmap does not support this aggregate.
[2025-12-09T20:45:10.052+0000] {spark_submit.py:491} INFO - 25/12/09 20:45:10 INFO CodeGenerator: Code generated in 18.607121 ms
[2025-12-09T20:45:10.061+0000] {spark_submit.py:491} INFO - 25/12/09 20:45:10 INFO SparkContext: Starting job: parquet at NativeMethodAccessorImpl.java:0
[2025-12-09T20:45:10.064+0000] {spark_submit.py:491} INFO - 25/12/09 20:45:10 INFO DAGScheduler: Got job 5 (parquet at NativeMethodAccessorImpl.java:0) with 1 output partitions
[2025-12-09T20:45:10.064+0000] {spark_submit.py:491} INFO - 25/12/09 20:45:10 INFO DAGScheduler: Final stage: ResultStage 7 (parquet at NativeMethodAccessorImpl.java:0)
[2025-12-09T20:45:10.064+0000] {spark_submit.py:491} INFO - 25/12/09 20:45:10 INFO DAGScheduler: Parents of final stage: List(ShuffleMapStage 6)
[2025-12-09T20:45:10.064+0000] {spark_submit.py:491} INFO - 25/12/09 20:45:10 INFO DAGScheduler: Missing parents: List()
[2025-12-09T20:45:10.065+0000] {spark_submit.py:491} INFO - 25/12/09 20:45:10 INFO DAGScheduler: Submitting ResultStage 7 (MapPartitionsRDD[16] at parquet at NativeMethodAccessorImpl.java:0), which has no missing parents
[2025-12-09T20:45:10.096+0000] {spark_submit.py:491} INFO - 25/12/09 20:45:10 INFO MemoryStore: Block broadcast_5 stored as values in memory (estimated size 239.7 KiB, free 434.0 MiB)
[2025-12-09T20:45:10.110+0000] {spark_submit.py:491} INFO - 25/12/09 20:45:10 INFO MemoryStore: Block broadcast_5_piece0 stored as bytes in memory (estimated size 89.4 KiB, free 433.9 MiB)
[2025-12-09T20:45:10.111+0000] {spark_submit.py:491} INFO - 25/12/09 20:45:10 INFO BlockManagerInfo: Added broadcast_5_piece0 in memory on 9f0bb37009ef:34011 (size: 89.4 KiB, free: 434.3 MiB)
[2025-12-09T20:45:10.112+0000] {spark_submit.py:491} INFO - 25/12/09 20:45:10 INFO SparkContext: Created broadcast 5 from broadcast at DAGScheduler.scala:1535
[2025-12-09T20:45:10.112+0000] {spark_submit.py:491} INFO - 25/12/09 20:45:10 INFO BlockManagerInfo: Removed broadcast_3_piece0 on 9f0bb37009ef:34011 in memory (size: 18.5 KiB, free: 434.3 MiB)
[2025-12-09T20:45:10.112+0000] {spark_submit.py:491} INFO - 25/12/09 20:45:10 INFO DAGScheduler: Submitting 1 missing tasks from ResultStage 7 (MapPartitionsRDD[16] at parquet at NativeMethodAccessorImpl.java:0) (first 15 tasks are for partitions Vector(0))
[2025-12-09T20:45:10.113+0000] {spark_submit.py:491} INFO - 25/12/09 20:45:10 INFO TaskSchedulerImpl: Adding task set 7.0 with 1 tasks resource profile 0
[2025-12-09T20:45:10.115+0000] {spark_submit.py:491} INFO - 25/12/09 20:45:10 INFO TaskSetManager: Starting task 0.0 in stage 7.0 (TID 7) (spark-worker, executor 0, partition 0, NODE_LOCAL, 7367 bytes)
[2025-12-09T20:45:10.117+0000] {spark_submit.py:491} INFO - 25/12/09 20:45:10 INFO BlockManagerInfo: Removed broadcast_3_piece0 on spark-worker:42673 in memory (size: 18.5 KiB, free: 434.4 MiB)
[2025-12-09T20:45:10.130+0000] {spark_submit.py:491} INFO - 25/12/09 20:45:10 INFO BlockManagerInfo: Removed broadcast_4_piece0 on 9f0bb37009ef:34011 in memory (size: 17.2 KiB, free: 434.3 MiB)
[2025-12-09T20:45:10.133+0000] {spark_submit.py:491} INFO - 25/12/09 20:45:10 INFO BlockManagerInfo: Removed broadcast_4_piece0 on spark-worker:42673 in memory (size: 17.2 KiB, free: 434.4 MiB)
[2025-12-09T20:45:10.138+0000] {spark_submit.py:491} INFO - 25/12/09 20:45:10 INFO BlockManagerInfo: Added broadcast_5_piece0 in memory on spark-worker:42673 (size: 89.4 KiB, free: 434.3 MiB)
[2025-12-09T20:45:10.144+0000] {spark_submit.py:491} INFO - 25/12/09 20:45:10 INFO BlockManagerInfo: Removed broadcast_2_piece0 on 9f0bb37009ef:34011 in memory (size: 17.2 KiB, free: 434.3 MiB)
[2025-12-09T20:45:10.147+0000] {spark_submit.py:491} INFO - 25/12/09 20:45:10 INFO BlockManagerInfo: Removed broadcast_2_piece0 on spark-worker:42673 in memory (size: 17.2 KiB, free: 434.3 MiB)
[2025-12-09T20:45:10.231+0000] {spark_submit.py:491} INFO - 25/12/09 20:45:10 INFO MapOutputTrackerMasterEndpoint: Asked to send map output locations for shuffle 1 to 172.19.0.7:36650
[2025-12-09T20:45:11.927+0000] {spark_submit.py:491} INFO - 25/12/09 20:45:11 INFO TaskSetManager: Finished task 0.0 in stage 7.0 (TID 7) in 1813 ms on spark-worker (executor 0) (1/1)
[2025-12-09T20:45:11.928+0000] {spark_submit.py:491} INFO - 25/12/09 20:45:11 INFO TaskSchedulerImpl: Removed TaskSet 7.0, whose tasks have all completed, from pool
[2025-12-09T20:45:11.930+0000] {spark_submit.py:491} INFO - 25/12/09 20:45:11 INFO DAGScheduler: ResultStage 7 (parquet at NativeMethodAccessorImpl.java:0) finished in 1.860 s
[2025-12-09T20:45:11.930+0000] {spark_submit.py:491} INFO - 25/12/09 20:45:11 INFO DAGScheduler: Job 5 is finished. Cancelling potential speculative or zombie tasks for this job
[2025-12-09T20:45:11.930+0000] {spark_submit.py:491} INFO - 25/12/09 20:45:11 INFO TaskSchedulerImpl: Killing all running tasks in stage 7: Stage finished
[2025-12-09T20:45:11.931+0000] {spark_submit.py:491} INFO - 25/12/09 20:45:11 INFO DAGScheduler: Job 5 finished: parquet at NativeMethodAccessorImpl.java:0, took 1.868992 s
[2025-12-09T20:45:11.933+0000] {spark_submit.py:491} INFO - 25/12/09 20:45:11 INFO FileFormatWriter: Start to commit write Job c5e74a3c-5c1e-4455-baca-f7d573dc8046.
[2025-12-09T20:45:12.188+0000] {spark_submit.py:491} INFO - 25/12/09 20:45:12 INFO FileFormatWriter: Write Job c5e74a3c-5c1e-4455-baca-f7d573dc8046 committed. Elapsed time: 253 ms.
[2025-12-09T20:45:12.191+0000] {spark_submit.py:491} INFO - 25/12/09 20:45:12 INFO FileFormatWriter: Finished processing stats for write job c5e74a3c-5c1e-4455-baca-f7d573dc8046.
[2025-12-09T20:45:12.193+0000] {spark_submit.py:491} INFO - 
[2025-12-09T20:45:12.194+0000] {spark_submit.py:491} INFO - ============================================================
[2025-12-09T20:45:12.194+0000] {spark_submit.py:491} INFO - ✅ Job Completed Successfully
[2025-12-09T20:45:12.194+0000] {spark_submit.py:491} INFO - 📊 Check History Server: http://localhost:18080
[2025-12-09T20:45:12.194+0000] {spark_submit.py:491} INFO - 💾 Check MinIO Console: http://localhost:9001
[2025-12-09T20:45:12.194+0000] {spark_submit.py:491} INFO - ============================================================
[2025-12-09T20:45:12.194+0000] {spark_submit.py:491} INFO - 25/12/09 20:45:12 INFO SparkContext: SparkContext is stopping with exitCode 0.
[2025-12-09T20:45:12.208+0000] {spark_submit.py:491} INFO - 25/12/09 20:45:12 INFO SparkUI: Stopped Spark web UI at http://9f0bb37009ef:4040
[2025-12-09T20:45:12.211+0000] {spark_submit.py:491} INFO - 25/12/09 20:45:12 INFO StandaloneSchedulerBackend: Shutting down all executors
[2025-12-09T20:45:12.212+0000] {spark_submit.py:491} INFO - 25/12/09 20:45:12 INFO StandaloneSchedulerBackend$StandaloneDriverEndpoint: Asking each executor to shut down
[2025-12-09T20:45:12.233+0000] {spark_submit.py:491} INFO - 25/12/09 20:45:12 INFO MapOutputTrackerMasterEndpoint: MapOutputTrackerMasterEndpoint stopped!
[2025-12-09T20:45:12.253+0000] {spark_submit.py:491} INFO - 25/12/09 20:45:12 INFO MemoryStore: MemoryStore cleared
[2025-12-09T20:45:12.254+0000] {spark_submit.py:491} INFO - 25/12/09 20:45:12 INFO BlockManager: BlockManager stopped
[2025-12-09T20:45:12.259+0000] {spark_submit.py:491} INFO - 25/12/09 20:45:12 INFO BlockManagerMaster: BlockManagerMaster stopped
[2025-12-09T20:45:12.263+0000] {spark_submit.py:491} INFO - 25/12/09 20:45:12 INFO OutputCommitCoordinator$OutputCommitCoordinatorEndpoint: OutputCommitCoordinator stopped!
[2025-12-09T20:45:12.281+0000] {spark_submit.py:491} INFO - 25/12/09 20:45:12 INFO SparkContext: Successfully stopped SparkContext
[2025-12-09T20:45:13.024+0000] {spark_submit.py:491} INFO - 25/12/09 20:45:13 INFO ShutdownHookManager: Shutdown hook called
[2025-12-09T20:45:13.024+0000] {spark_submit.py:491} INFO - 25/12/09 20:45:13 INFO ShutdownHookManager: Deleting directory /tmp/spark-808b8c02-b26b-4ac2-a8a6-d6e747127da5
[2025-12-09T20:45:13.029+0000] {spark_submit.py:491} INFO - 25/12/09 20:45:13 INFO ShutdownHookManager: Deleting directory /tmp/spark-0fb8151b-4c52-40d9-b33c-02fb8ee7611a/pyspark-27b5538a-0652-4d57-826e-f3d24dc38eaa
[2025-12-09T20:45:13.036+0000] {spark_submit.py:491} INFO - 25/12/09 20:45:13 INFO ShutdownHookManager: Deleting directory /tmp/spark-0fb8151b-4c52-40d9-b33c-02fb8ee7611a
[2025-12-09T20:45:13.044+0000] {spark_submit.py:491} INFO - 25/12/09 20:45:13 INFO MetricsSystemImpl: Stopping s3a-file-system metrics system...
[2025-12-09T20:45:13.045+0000] {spark_submit.py:491} INFO - 25/12/09 20:45:13 INFO MetricsSystemImpl: s3a-file-system metrics system stopped.
[2025-12-09T20:45:13.045+0000] {spark_submit.py:491} INFO - 25/12/09 20:45:13 INFO MetricsSystemImpl: s3a-file-system metrics system shutdown complete.
[2025-12-09T20:45:13.109+0000] {taskinstance.py:1398} INFO - Marking task as SUCCESS. dag_id=spark_job_with_history, task_id=submit_spark_job, execution_date=20251209T204457, start_date=20251209T204459, end_date=20251209T204513
[2025-12-09T20:45:13.163+0000] {local_task_job_runner.py:228} INFO - Task exited with return code 0
[2025-12-09T20:45:13.178+0000] {taskinstance.py:2776} INFO - 0 downstream tasks scheduled from follow-on schedule check
