[2025-12-09T21:38:14.953+0000] {taskinstance.py:1157} INFO - Dependencies all met for dep_context=non-requeueable deps ti=<TaskInstance: amount_data_s3_processing_pipeline.log_spark_job_start manual__2025-12-09T21:38:10.881594+00:00 [queued]>
[2025-12-09T21:38:14.960+0000] {taskinstance.py:1157} INFO - Dependencies all met for dep_context=requeueable deps ti=<TaskInstance: amount_data_s3_processing_pipeline.log_spark_job_start manual__2025-12-09T21:38:10.881594+00:00 [queued]>
[2025-12-09T21:38:14.960+0000] {taskinstance.py:1359} INFO - Starting attempt 1 of 3
[2025-12-09T21:38:14.969+0000] {taskinstance.py:1380} INFO - Executing <Task(PythonOperator): log_spark_job_start> on 2025-12-09 21:38:10.881594+00:00
[2025-12-09T21:38:14.974+0000] {standard_task_runner.py:57} INFO - Started process 6152 to run task
[2025-12-09T21:38:14.977+0000] {standard_task_runner.py:84} INFO - Running: ['***', 'tasks', 'run', 'amount_data_s3_processing_pipeline', 'log_spark_job_start', 'manual__2025-12-09T21:38:10.881594+00:00', '--job-id', '40', '--raw', '--subdir', 'DAGS_FOLDER/amount_data_s3_processing_pipeline.py', '--cfg-path', '/tmp/tmp7opf16rh']
[2025-12-09T21:38:14.978+0000] {standard_task_runner.py:85} INFO - Job 40: Subtask log_spark_job_start
[2025-12-09T21:38:15.025+0000] {task_command.py:415} INFO - Running <TaskInstance: amount_data_s3_processing_pipeline.log_spark_job_start manual__2025-12-09T21:38:10.881594+00:00 [running]> on host 9f0bb37009ef
[2025-12-09T21:38:15.097+0000] {taskinstance.py:1660} INFO - Exporting env vars: AIRFLOW_CTX_DAG_OWNER='***' AIRFLOW_CTX_DAG_ID='amount_data_s3_processing_pipeline' AIRFLOW_CTX_TASK_ID='log_spark_job_start' AIRFLOW_CTX_EXECUTION_DATE='2025-12-09T21:38:10.881594+00:00' AIRFLOW_CTX_TRY_NUMBER='1' AIRFLOW_CTX_DAG_RUN_ID='manual__2025-12-09T21:38:10.881594+00:00'
[2025-12-09T21:38:15.098+0000] {logging_mixin.py:151} INFO - 
================================================================================
[2025-12-09T21:38:15.098+0000] {logging_mixin.py:151} INFO -   ⚙️ SPARK JOB SUBMISSION
[2025-12-09T21:38:15.098+0000] {logging_mixin.py:151} INFO - ================================================================================
[2025-12-09T21:38:15.098+0000] {logging_mixin.py:151} INFO -   🔧 Job Name: AmountDataProcessor
[2025-12-09T21:38:15.098+0000] {logging_mixin.py:151} INFO -   📝 Application: s3_amount_processor.py
[2025-12-09T21:38:15.099+0000] {logging_mixin.py:151} INFO -   🎯 Task ID: log_spark_job_start
[2025-12-09T21:38:15.100+0000] {logging_mixin.py:151} WARNING - /home/***/.local/lib/python3.9/site-packages/***/utils/context.py:314 AirflowContextDeprecationWarning: Accessing 'execution_date' from the template is deprecated and will be removed in a future version. Please use 'data_interval_start' or 'logical_date' instead.
[2025-12-09T21:38:15.100+0000] {logging_mixin.py:151} INFO -   📅 Execution Time: 2025-12-09T21:38:10.881594+00:00
[2025-12-09T21:38:15.100+0000] {logging_mixin.py:151} INFO - ================================================================================
[2025-12-09T21:38:15.100+0000] {amount_data_s3_processing_pipeline.py:113} INFO - ⚙️ Spark job started successfully
[2025-12-09T21:38:15.100+0000] {python.py:194} INFO - Done. Returned value was: None
[2025-12-09T21:38:15.111+0000] {taskinstance.py:1398} INFO - Marking task as SUCCESS. dag_id=amount_data_s3_processing_pipeline, task_id=log_spark_job_start, execution_date=20251209T213810, start_date=20251209T213814, end_date=20251209T213815
[2025-12-09T21:38:15.149+0000] {local_task_job_runner.py:228} INFO - Task exited with return code 0
[2025-12-09T21:38:15.174+0000] {taskinstance.py:2776} INFO - 0 downstream tasks scheduled from follow-on schedule check
