[2025-12-09T22:16:12.736+0000] {taskinstance.py:1157} INFO - Dependencies all met for dep_context=non-requeueable deps ti=<TaskInstance: amount_data_s3_processing_pipeline.log_spark_job_start manual__2025-12-09T22:13:33.168137+00:00 [queued]>
[2025-12-09T22:16:12.743+0000] {taskinstance.py:1157} INFO - Dependencies all met for dep_context=requeueable deps ti=<TaskInstance: amount_data_s3_processing_pipeline.log_spark_job_start manual__2025-12-09T22:13:33.168137+00:00 [queued]>
[2025-12-09T22:16:12.743+0000] {taskinstance.py:1359} INFO - Starting attempt 1 of 3
[2025-12-09T22:16:12.753+0000] {taskinstance.py:1380} INFO - Executing <Task(PythonOperator): log_spark_job_start> on 2025-12-09 22:13:33.168137+00:00
[2025-12-09T22:16:12.758+0000] {standard_task_runner.py:57} INFO - Started process 458 to run task
[2025-12-09T22:16:12.761+0000] {standard_task_runner.py:84} INFO - Running: ['***', 'tasks', 'run', 'amount_data_s3_processing_pipeline', 'log_spark_job_start', 'manual__2025-12-09T22:13:33.168137+00:00', '--job-id', '65', '--raw', '--subdir', 'DAGS_FOLDER/amount_data_s3_processing_pipeline.py', '--cfg-path', '/tmp/tmplmv2xl3n']
[2025-12-09T22:16:12.763+0000] {standard_task_runner.py:85} INFO - Job 65: Subtask log_spark_job_start
[2025-12-09T22:16:12.813+0000] {task_command.py:415} INFO - Running <TaskInstance: amount_data_s3_processing_pipeline.log_spark_job_start manual__2025-12-09T22:13:33.168137+00:00 [running]> on host 9a461450159a
[2025-12-09T22:16:12.888+0000] {taskinstance.py:1660} INFO - Exporting env vars: AIRFLOW_CTX_DAG_OWNER='***' AIRFLOW_CTX_DAG_ID='amount_data_s3_processing_pipeline' AIRFLOW_CTX_TASK_ID='log_spark_job_start' AIRFLOW_CTX_EXECUTION_DATE='2025-12-09T22:13:33.168137+00:00' AIRFLOW_CTX_TRY_NUMBER='1' AIRFLOW_CTX_DAG_RUN_ID='manual__2025-12-09T22:13:33.168137+00:00'
[2025-12-09T22:16:12.898+0000] {logging_mixin.py:151} INFO - 
================================================================================
[2025-12-09T22:16:12.899+0000] {logging_mixin.py:151} INFO -   ⚙️ SPARK JOB SUBMISSION
[2025-12-09T22:16:12.899+0000] {logging_mixin.py:151} INFO - ================================================================================
[2025-12-09T22:16:12.899+0000] {logging_mixin.py:151} INFO -   🔧 Job Name: AmountDataProcessor
[2025-12-09T22:16:12.899+0000] {logging_mixin.py:151} INFO -   📝 Application: s3_amount_processor.py
[2025-12-09T22:16:12.899+0000] {logging_mixin.py:151} INFO -   📄 Processing File: amounts_20251209_221610.json
[2025-12-09T22:16:12.899+0000] {logging_mixin.py:151} INFO -   🎯 Task ID: log_spark_job_start
[2025-12-09T22:16:12.900+0000] {logging_mixin.py:151} WARNING - /home/***/.local/lib/python3.9/site-packages/***/utils/context.py:314 AirflowContextDeprecationWarning: Accessing 'execution_date' from the template is deprecated and will be removed in a future version. Please use 'data_interval_start' or 'logical_date' instead.
[2025-12-09T22:16:12.901+0000] {logging_mixin.py:151} INFO -   📅 Execution Time: 2025-12-09T22:13:33.168137+00:00
[2025-12-09T22:16:12.901+0000] {logging_mixin.py:151} INFO - ================================================================================
[2025-12-09T22:16:12.901+0000] {amount_data_s3_processing_pipeline.py:228} INFO - ⚙️ Spark job started successfully for amounts_20251209_221610.json
[2025-12-09T22:16:12.901+0000] {python.py:194} INFO - Done. Returned value was: None
[2025-12-09T22:16:12.910+0000] {taskinstance.py:1398} INFO - Marking task as SUCCESS. dag_id=amount_data_s3_processing_pipeline, task_id=log_spark_job_start, execution_date=20251209T221333, start_date=20251209T221612, end_date=20251209T221612
[2025-12-09T22:16:12.934+0000] {local_task_job_runner.py:228} INFO - Task exited with return code 0
[2025-12-09T22:16:12.955+0000] {taskinstance.py:2776} INFO - 1 downstream tasks scheduled from follow-on schedule check
