[2025-12-09T19:53:49.967+0000] {taskinstance.py:1157} INFO - Dependencies all met for dep_context=non-requeueable deps ti=<TaskInstance: dag_incremental_etl.python_job scheduled__2025-12-08T00:00:00+00:00 [queued]>
[2025-12-09T19:53:49.973+0000] {taskinstance.py:1157} INFO - Dependencies all met for dep_context=requeueable deps ti=<TaskInstance: dag_incremental_etl.python_job scheduled__2025-12-08T00:00:00+00:00 [queued]>
[2025-12-09T19:53:49.973+0000] {taskinstance.py:1359} INFO - Starting attempt 1 of 1
[2025-12-09T19:53:49.984+0000] {taskinstance.py:1380} INFO - Executing <Task(SparkSubmitOperator): python_job> on 2025-12-08 00:00:00+00:00
[2025-12-09T19:53:49.988+0000] {standard_task_runner.py:57} INFO - Started process 511 to run task
[2025-12-09T19:53:49.992+0000] {standard_task_runner.py:84} INFO - Running: ['***', 'tasks', 'run', 'dag_incremental_etl', 'python_job', 'scheduled__2025-12-08T00:00:00+00:00', '--job-id', '8', '--raw', '--subdir', 'DAGS_FOLDER/minio.py', '--cfg-path', '/tmp/tmphldksl2g']
[2025-12-09T19:53:49.994+0000] {standard_task_runner.py:85} INFO - Job 8: Subtask python_job
[2025-12-09T19:53:50.086+0000] {task_command.py:415} INFO - Running <TaskInstance: dag_incremental_etl.python_job scheduled__2025-12-08T00:00:00+00:00 [running]> on host ead6510418b0
[2025-12-09T19:53:50.156+0000] {taskinstance.py:1660} INFO - Exporting env vars: AIRFLOW_CTX_DAG_OWNER='Soumil Shah' AIRFLOW_CTX_DAG_ID='dag_incremental_etl' AIRFLOW_CTX_TASK_ID='python_job' AIRFLOW_CTX_EXECUTION_DATE='2025-12-08T00:00:00+00:00' AIRFLOW_CTX_TRY_NUMBER='1' AIRFLOW_CTX_DAG_RUN_ID='scheduled__2025-12-08T00:00:00+00:00'
[2025-12-09T19:53:50.165+0000] {base.py:73} INFO - Using connection ID 'spark-conn' for task execution.
[2025-12-09T19:53:50.166+0000] {spark_submit.py:340} INFO - Spark-Submit cmd: spark-submit --master spark://spark-master:7077 --conf spark.driver.memory=1g --conf spark.executor.memory=1g --conf spark.executor.instances=1 --packages org.apache.hudi:hudi-spark3.4-bundle_2.12:0.14.0,org.apache.hadoop:hadoop-aws:3.3.2 --name arrow-spark jobs/minio_spark.py
[2025-12-09T19:53:54.303+0000] {spark_submit.py:491} INFO - :: loading settings :: url = jar:file:/home/***/.local/lib/python3.9/site-packages/pyspark/jars/ivy-2.5.1.jar!/org/apache/ivy/core/settings/ivysettings.xml
[2025-12-09T19:53:54.466+0000] {spark_submit.py:491} INFO - Ivy Default Cache set to: /root/.ivy2/cache
[2025-12-09T19:53:54.466+0000] {spark_submit.py:491} INFO - The jars for the packages stored in: /root/.ivy2/jars
[2025-12-09T19:53:54.471+0000] {spark_submit.py:491} INFO - org.apache.hudi#hudi-spark3.4-bundle_2.12 added as a dependency
[2025-12-09T19:53:54.472+0000] {spark_submit.py:491} INFO - org.apache.hadoop#hadoop-aws added as a dependency
[2025-12-09T19:53:54.474+0000] {spark_submit.py:491} INFO - :: resolving dependencies :: org.apache.spark#spark-submit-parent-c052cb97-ad86-400f-9517-e23519f28def;1.0
[2025-12-09T19:53:54.474+0000] {spark_submit.py:491} INFO - confs: [default]
[2025-12-09T19:53:56.789+0000] {spark_submit.py:491} INFO - found org.apache.hudi#hudi-spark3.4-bundle_2.12;0.14.0 in central
[2025-12-09T19:53:59.215+0000] {spark_submit.py:491} INFO - found org.apache.hadoop#hadoop-aws;3.3.2 in central
[2025-12-09T19:54:00.322+0000] {spark_submit.py:491} INFO - found com.amazonaws#aws-java-sdk-bundle;1.11.1026 in central
[2025-12-09T19:54:03.302+0000] {spark_submit.py:491} INFO - found org.wildfly.openssl#wildfly-openssl;1.0.7.Final in central
[2025-12-09T19:54:03.344+0000] {spark_submit.py:491} INFO - downloading https://repo1.maven.org/maven2/org/apache/hudi/hudi-spark3.4-bundle_2.12/0.14.0/hudi-spark3.4-bundle_2.12-0.14.0.jar ...
[2025-12-09T19:54:32.087+0000] {spark_submit.py:491} INFO - [SUCCESSFUL ] org.apache.hudi#hudi-spark3.4-bundle_2.12;0.14.0!hudi-spark3.4-bundle_2.12.jar (28775ms)
[2025-12-09T19:54:32.120+0000] {spark_submit.py:491} INFO - downloading https://repo1.maven.org/maven2/org/apache/hadoop/hadoop-aws/3.3.2/hadoop-aws-3.3.2.jar ...
[2025-12-09T19:54:32.364+0000] {spark_submit.py:491} INFO - [SUCCESSFUL ] org.apache.hadoop#hadoop-aws;3.3.2!hadoop-aws.jar (276ms)
[2025-12-09T19:54:32.393+0000] {spark_submit.py:491} INFO - downloading https://repo1.maven.org/maven2/com/amazonaws/aws-java-sdk-bundle/1.11.1026/aws-java-sdk-bundle-1.11.1026.jar ...
[2025-12-09T19:55:39.992+0000] {spark_submit.py:491} INFO - [SUCCESSFUL ] com.amazonaws#aws-java-sdk-bundle;1.11.1026!aws-java-sdk-bundle.jar (67627ms)
[2025-12-09T19:55:40.032+0000] {spark_submit.py:491} INFO - downloading https://repo1.maven.org/maven2/org/wildfly/openssl/wildfly-openssl/1.0.7.Final/wildfly-openssl-1.0.7.Final.jar ...
[2025-12-09T19:55:40.147+0000] {spark_submit.py:491} INFO - [SUCCESSFUL ] org.wildfly.openssl#wildfly-openssl;1.0.7.Final!wildfly-openssl.jar (153ms)
[2025-12-09T19:55:40.147+0000] {spark_submit.py:491} INFO - :: resolution report :: resolve 8836ms :: artifacts dl 96838ms
[2025-12-09T19:55:40.147+0000] {spark_submit.py:491} INFO - :: modules in use:
[2025-12-09T19:55:40.148+0000] {spark_submit.py:491} INFO - com.amazonaws#aws-java-sdk-bundle;1.11.1026 from central in [default]
[2025-12-09T19:55:40.148+0000] {spark_submit.py:491} INFO - org.apache.hadoop#hadoop-aws;3.3.2 from central in [default]
[2025-12-09T19:55:40.148+0000] {spark_submit.py:491} INFO - org.apache.hudi#hudi-spark3.4-bundle_2.12;0.14.0 from central in [default]
[2025-12-09T19:55:40.148+0000] {spark_submit.py:491} INFO - org.wildfly.openssl#wildfly-openssl;1.0.7.Final from central in [default]
[2025-12-09T19:55:40.148+0000] {spark_submit.py:491} INFO - ---------------------------------------------------------------------
[2025-12-09T19:55:40.148+0000] {spark_submit.py:491} INFO - |                  |            modules            ||   artifacts   |
[2025-12-09T19:55:40.148+0000] {spark_submit.py:491} INFO - |       conf       | number| search|dwnlded|evicted|| number|dwnlded|
[2025-12-09T19:55:40.148+0000] {spark_submit.py:491} INFO - ---------------------------------------------------------------------
[2025-12-09T19:55:40.148+0000] {spark_submit.py:491} INFO - |      default     |   4   |   4   |   4   |   0   ||   4   |   4   |
[2025-12-09T19:55:40.148+0000] {spark_submit.py:491} INFO - ---------------------------------------------------------------------
[2025-12-09T19:55:40.151+0000] {spark_submit.py:491} INFO - :: retrieving :: org.apache.spark#spark-submit-parent-c052cb97-ad86-400f-9517-e23519f28def
[2025-12-09T19:55:40.151+0000] {spark_submit.py:491} INFO - confs: [default]
[2025-12-09T19:55:44.066+0000] {spark_submit.py:491} INFO - 4 artifacts copied, 0 already retrieved (324965kB/3915ms)
[2025-12-09T19:55:44.355+0000] {spark_submit.py:491} INFO - 25/12/09 19:55:44 WARN NativeCodeLoader: Unable to load native-hadoop library for your platform... using builtin-java classes where applicable
[2025-12-09T19:55:46.734+0000] {spark_submit.py:491} INFO - 25/12/09 19:55:46 INFO SparkContext: Running Spark version 3.4.0
[2025-12-09T19:55:46.767+0000] {spark_submit.py:491} INFO - 25/12/09 19:55:46 INFO ResourceUtils: ==============================================================
[2025-12-09T19:55:46.767+0000] {spark_submit.py:491} INFO - 25/12/09 19:55:46 INFO ResourceUtils: No custom resources configured for spark.driver.
[2025-12-09T19:55:46.768+0000] {spark_submit.py:491} INFO - 25/12/09 19:55:46 INFO ResourceUtils: ==============================================================
[2025-12-09T19:55:46.768+0000] {spark_submit.py:491} INFO - 25/12/09 19:55:46 INFO SparkContext: Submitted application: arrow-spark
[2025-12-09T19:55:46.810+0000] {spark_submit.py:491} INFO - 25/12/09 19:55:46 INFO ResourceProfile: Default ResourceProfile created, executor resources: Map(memory -> name: memory, amount: 1024, script: , vendor: , offHeap -> name: offHeap, amount: 0, script: , vendor: ), task resources: Map(cpus -> name: cpus, amount: 1.0)
[2025-12-09T19:55:46.816+0000] {spark_submit.py:491} INFO - 25/12/09 19:55:46 INFO ResourceProfile: Limiting resource is cpu
[2025-12-09T19:55:46.817+0000] {spark_submit.py:491} INFO - 25/12/09 19:55:46 INFO ResourceProfileManager: Added ResourceProfile id: 0
[2025-12-09T19:55:46.900+0000] {spark_submit.py:491} INFO - 25/12/09 19:55:46 INFO SecurityManager: Changing view acls to: root
[2025-12-09T19:55:46.901+0000] {spark_submit.py:491} INFO - 25/12/09 19:55:46 INFO SecurityManager: Changing modify acls to: root
[2025-12-09T19:55:46.901+0000] {spark_submit.py:491} INFO - 25/12/09 19:55:46 INFO SecurityManager: Changing view acls groups to:
[2025-12-09T19:55:46.901+0000] {spark_submit.py:491} INFO - 25/12/09 19:55:46 INFO SecurityManager: Changing modify acls groups to:
[2025-12-09T19:55:46.901+0000] {spark_submit.py:491} INFO - 25/12/09 19:55:46 INFO SecurityManager: SecurityManager: authentication disabled; ui acls disabled; users with view permissions: root; groups with view permissions: EMPTY; users with modify permissions: root; groups with modify permissions: EMPTY
[2025-12-09T19:55:47.213+0000] {spark_submit.py:491} INFO - 25/12/09 19:55:47 INFO Utils: Successfully started service 'sparkDriver' on port 41713.
[2025-12-09T19:55:47.261+0000] {spark_submit.py:491} INFO - 25/12/09 19:55:47 INFO SparkEnv: Registering MapOutputTracker
[2025-12-09T19:55:47.299+0000] {spark_submit.py:491} INFO - 25/12/09 19:55:47 INFO SparkEnv: Registering BlockManagerMaster
[2025-12-09T19:55:47.323+0000] {spark_submit.py:491} INFO - 25/12/09 19:55:47 INFO BlockManagerMasterEndpoint: Using org.apache.spark.storage.DefaultTopologyMapper for getting topology information
[2025-12-09T19:55:47.324+0000] {spark_submit.py:491} INFO - 25/12/09 19:55:47 INFO BlockManagerMasterEndpoint: BlockManagerMasterEndpoint up
[2025-12-09T19:55:47.329+0000] {spark_submit.py:491} INFO - 25/12/09 19:55:47 INFO SparkEnv: Registering BlockManagerMasterHeartbeat
[2025-12-09T19:55:47.371+0000] {spark_submit.py:491} INFO - 25/12/09 19:55:47 INFO DiskBlockManager: Created local directory at /tmp/blockmgr-dbb7f91c-9c24-4f67-8586-fc7170411f03
[2025-12-09T19:55:47.390+0000] {spark_submit.py:491} INFO - 25/12/09 19:55:47 INFO MemoryStore: MemoryStore started with capacity 434.4 MiB
[2025-12-09T19:55:47.406+0000] {spark_submit.py:491} INFO - 25/12/09 19:55:47 INFO SparkEnv: Registering OutputCommitCoordinator
[2025-12-09T19:55:47.607+0000] {spark_submit.py:491} INFO - 25/12/09 19:55:47 INFO JettyUtils: Start Jetty 0.0.0.0:4040 for SparkUI
[2025-12-09T19:55:47.706+0000] {spark_submit.py:491} INFO - 25/12/09 19:55:47 INFO Utils: Successfully started service 'SparkUI' on port 4040.
[2025-12-09T19:55:47.738+0000] {spark_submit.py:491} INFO - 25/12/09 19:55:47 INFO SparkContext: Added JAR file:///root/.ivy2/jars/org.apache.hudi_hudi-spark3.4-bundle_2.12-0.14.0.jar at spark://ead6510418b0:41713/jars/org.apache.hudi_hudi-spark3.4-bundle_2.12-0.14.0.jar with timestamp 1765310146726
[2025-12-09T19:55:47.738+0000] {spark_submit.py:491} INFO - 25/12/09 19:55:47 INFO SparkContext: Added JAR file:///root/.ivy2/jars/org.apache.hadoop_hadoop-aws-3.3.2.jar at spark://ead6510418b0:41713/jars/org.apache.hadoop_hadoop-aws-3.3.2.jar with timestamp 1765310146726
[2025-12-09T19:55:47.738+0000] {spark_submit.py:491} INFO - 25/12/09 19:55:47 INFO SparkContext: Added JAR file:///root/.ivy2/jars/com.amazonaws_aws-java-sdk-bundle-1.11.1026.jar at spark://ead6510418b0:41713/jars/com.amazonaws_aws-java-sdk-bundle-1.11.1026.jar with timestamp 1765310146726
[2025-12-09T19:55:47.738+0000] {spark_submit.py:491} INFO - 25/12/09 19:55:47 INFO SparkContext: Added JAR file:///root/.ivy2/jars/org.wildfly.openssl_wildfly-openssl-1.0.7.Final.jar at spark://ead6510418b0:41713/jars/org.wildfly.openssl_wildfly-openssl-1.0.7.Final.jar with timestamp 1765310146726
[2025-12-09T19:55:47.740+0000] {spark_submit.py:491} INFO - 25/12/09 19:55:47 INFO SparkContext: Added file file:///root/.ivy2/jars/org.apache.hudi_hudi-spark3.4-bundle_2.12-0.14.0.jar at spark://ead6510418b0:41713/files/org.apache.hudi_hudi-spark3.4-bundle_2.12-0.14.0.jar with timestamp 1765310146726
[2025-12-09T19:55:47.741+0000] {spark_submit.py:491} INFO - 25/12/09 19:55:47 INFO Utils: Copying /root/.ivy2/jars/org.apache.hudi_hudi-spark3.4-bundle_2.12-0.14.0.jar to /tmp/spark-3160f041-3eae-4149-a375-b330641dac2e/userFiles-d4eeb523-bfe3-4b30-b57f-990c5b6dd4eb/org.apache.hudi_hudi-spark3.4-bundle_2.12-0.14.0.jar
[2025-12-09T19:55:48.732+0000] {spark_submit.py:491} INFO - 25/12/09 19:55:48 INFO SparkContext: Added file file:///root/.ivy2/jars/org.apache.hadoop_hadoop-aws-3.3.2.jar at spark://ead6510418b0:41713/files/org.apache.hadoop_hadoop-aws-3.3.2.jar with timestamp 1765310146726
[2025-12-09T19:55:48.733+0000] {spark_submit.py:491} INFO - 25/12/09 19:55:48 INFO Utils: Copying /root/.ivy2/jars/org.apache.hadoop_hadoop-aws-3.3.2.jar to /tmp/spark-3160f041-3eae-4149-a375-b330641dac2e/userFiles-d4eeb523-bfe3-4b30-b57f-990c5b6dd4eb/org.apache.hadoop_hadoop-aws-3.3.2.jar
[2025-12-09T19:55:48.742+0000] {spark_submit.py:491} INFO - 25/12/09 19:55:48 INFO SparkContext: Added file file:///root/.ivy2/jars/com.amazonaws_aws-java-sdk-bundle-1.11.1026.jar at spark://ead6510418b0:41713/files/com.amazonaws_aws-java-sdk-bundle-1.11.1026.jar with timestamp 1765310146726
[2025-12-09T19:55:48.742+0000] {spark_submit.py:491} INFO - 25/12/09 19:55:48 INFO Utils: Copying /root/.ivy2/jars/com.amazonaws_aws-java-sdk-bundle-1.11.1026.jar to /tmp/spark-3160f041-3eae-4149-a375-b330641dac2e/userFiles-d4eeb523-bfe3-4b30-b57f-990c5b6dd4eb/com.amazonaws_aws-java-sdk-bundle-1.11.1026.jar
[2025-12-09T19:55:50.510+0000] {spark_submit.py:491} INFO - 25/12/09 19:55:50 INFO SparkContext: Added file file:///root/.ivy2/jars/org.wildfly.openssl_wildfly-openssl-1.0.7.Final.jar at spark://ead6510418b0:41713/files/org.wildfly.openssl_wildfly-openssl-1.0.7.Final.jar with timestamp 1765310146726
[2025-12-09T19:55:50.510+0000] {spark_submit.py:491} INFO - 25/12/09 19:55:50 INFO Utils: Copying /root/.ivy2/jars/org.wildfly.openssl_wildfly-openssl-1.0.7.Final.jar to /tmp/spark-3160f041-3eae-4149-a375-b330641dac2e/userFiles-d4eeb523-bfe3-4b30-b57f-990c5b6dd4eb/org.wildfly.openssl_wildfly-openssl-1.0.7.Final.jar
[2025-12-09T19:55:50.653+0000] {spark_submit.py:491} INFO - 25/12/09 19:55:50 INFO StandaloneAppClient$ClientEndpoint: Connecting to master spark://spark-master:7077...
[2025-12-09T19:55:50.712+0000] {spark_submit.py:491} INFO - 25/12/09 19:55:50 INFO TransportClientFactory: Successfully created connection to spark-master/172.19.0.5:7077 after 31 ms (0 ms spent in bootstraps)
[2025-12-09T19:55:50.837+0000] {spark_submit.py:491} INFO - 25/12/09 19:55:50 INFO StandaloneSchedulerBackend: Connected to Spark cluster with app ID app-20251209195550-0002
[2025-12-09T19:55:50.841+0000] {spark_submit.py:491} INFO - 25/12/09 19:55:50 INFO StandaloneAppClient$ClientEndpoint: Executor added: app-20251209195550-0002/0 on worker-20251209193211-spark-worker-44899 (spark-worker:44899) with 4 core(s)
[2025-12-09T19:55:50.843+0000] {spark_submit.py:491} INFO - 25/12/09 19:55:50 INFO StandaloneSchedulerBackend: Granted executor ID app-20251209195550-0002/0 on hostPort spark-worker:44899 with 4 core(s), 1024.0 MiB RAM
[2025-12-09T19:55:50.847+0000] {spark_submit.py:491} INFO - 25/12/09 19:55:50 INFO Utils: Successfully started service 'org.apache.spark.network.netty.NettyBlockTransferService' on port 41401.
[2025-12-09T19:55:50.847+0000] {spark_submit.py:491} INFO - 25/12/09 19:55:50 INFO NettyBlockTransferService: Server created on ead6510418b0:41401
[2025-12-09T19:55:50.849+0000] {spark_submit.py:491} INFO - 25/12/09 19:55:50 INFO BlockManager: Using org.apache.spark.storage.RandomBlockReplicationPolicy for block replication policy
[2025-12-09T19:55:50.858+0000] {spark_submit.py:491} INFO - 25/12/09 19:55:50 INFO BlockManagerMaster: Registering BlockManager BlockManagerId(driver, ead6510418b0, 41401, None)
[2025-12-09T19:55:50.861+0000] {spark_submit.py:491} INFO - 25/12/09 19:55:50 INFO BlockManagerMasterEndpoint: Registering block manager ead6510418b0:41401 with 434.4 MiB RAM, BlockManagerId(driver, ead6510418b0, 41401, None)
[2025-12-09T19:55:50.863+0000] {spark_submit.py:491} INFO - 25/12/09 19:55:50 INFO BlockManagerMaster: Registered BlockManager BlockManagerId(driver, ead6510418b0, 41401, None)
[2025-12-09T19:55:50.864+0000] {spark_submit.py:491} INFO - 25/12/09 19:55:50 INFO BlockManager: Initialized BlockManager: BlockManagerId(driver, ead6510418b0, 41401, None)
[2025-12-09T19:55:50.893+0000] {spark_submit.py:491} INFO - 25/12/09 19:55:50 INFO StandaloneAppClient$ClientEndpoint: Executor updated: app-20251209195550-0002/0 is now RUNNING
[2025-12-09T19:55:51.108+0000] {spark_submit.py:491} INFO - 25/12/09 19:55:51 INFO StandaloneSchedulerBackend: SchedulerBackend is ready for scheduling beginning after reached minRegisteredResourcesRatio: 0.0
[2025-12-09T19:55:53.044+0000] {spark_submit.py:491} INFO - 25/12/09 19:55:53 INFO SharedState: Setting hive.metastore.warehouse.dir ('null') to the value of spark.sql.warehouse.dir.
[2025-12-09T19:55:53.046+0000] {spark_submit.py:491} INFO - 25/12/09 19:55:53 INFO SharedState: Warehouse path is 'file:/opt/***/spark-warehouse'.
[2025-12-09T19:55:55.898+0000] {spark_submit.py:491} INFO - 25/12/09 19:55:55 INFO StandaloneSchedulerBackend$StandaloneDriverEndpoint: Registered executor NettyRpcEndpointRef(spark-client://Executor) (172.19.0.9:52284) with ID 0,  ResourceProfileId 0
[2025-12-09T19:55:56.000+0000] {spark_submit.py:491} INFO - 25/12/09 19:55:56 INFO BlockManagerMasterEndpoint: Registering block manager spark-worker:35103 with 434.4 MiB RAM, BlockManagerId(0, spark-worker, 35103, None)
[2025-12-09T19:55:57.091+0000] {spark_submit.py:491} INFO - 25/12/09 19:55:57 WARN MetricsConfig: Cannot locate configuration: tried hadoop-metrics2-s3a-file-system.properties,hadoop-metrics2.properties
[2025-12-09T19:55:57.109+0000] {spark_submit.py:491} INFO - 25/12/09 19:55:57 INFO MetricsSystemImpl: Scheduled Metric snapshot period at 10 second(s).
[2025-12-09T19:55:57.109+0000] {spark_submit.py:491} INFO - 25/12/09 19:55:57 INFO MetricsSystemImpl: s3a-file-system metrics system started
[2025-12-09T19:56:00.084+0000] {spark_submit.py:491} INFO - 25/12/09 19:56:00 WARN AbstractS3ACommitterFactory: Using standard FileOutputCommitter to commit work. This is slow and potentially unsafe.
[2025-12-09T19:56:00.084+0000] {spark_submit.py:491} INFO - 25/12/09 19:56:00 INFO FileOutputCommitter: File Output Committer Algorithm version is 1
[2025-12-09T19:56:00.085+0000] {spark_submit.py:491} INFO - 25/12/09 19:56:00 INFO FileOutputCommitter: FileOutputCommitter skip cleanup _temporary folders under output directory:false, ignore cleanup failures: false
[2025-12-09T19:56:00.086+0000] {spark_submit.py:491} INFO - 25/12/09 19:56:00 INFO AbstractS3ACommitterFactory: Using Committer FileOutputCommitter{PathOutputCommitter{context=TaskAttemptContextImpl{JobContextImpl{jobId=job_20251209195600446559339784760550_0000}; taskId=attempt_20251209195600446559339784760550_0000_m_000000_0, status=''}; org.apache.hadoop.mapreduce.lib.output.FileOutputCommitter@3c95b0ca}; outputPath=s3a://test/outputv2_data, workPath=s3a://test/outputv2_data/_temporary/0/_temporary/attempt_20251209195600446559339784760550_0000_m_000000_0, algorithmVersion=1, skipCleanup=false, ignoreCleanupFailures=false} for s3a://test/outputv2_data
[2025-12-09T19:56:00.087+0000] {spark_submit.py:491} INFO - 25/12/09 19:56:00 INFO SQLHadoopMapReduceCommitProtocol: Using output committer class org.apache.hadoop.mapreduce.lib.output.FileOutputCommitter
[2025-12-09T19:56:00.805+0000] {spark_submit.py:491} INFO - 25/12/09 19:56:00 INFO CodeGenerator: Code generated in 305.060416 ms
[2025-12-09T19:56:00.864+0000] {spark_submit.py:491} INFO - 25/12/09 19:56:00 INFO SparkContext: Starting job: save at NativeMethodAccessorImpl.java:0
[2025-12-09T19:56:00.884+0000] {spark_submit.py:491} INFO - 25/12/09 19:56:00 INFO DAGScheduler: Got job 0 (save at NativeMethodAccessorImpl.java:0) with 2 output partitions
[2025-12-09T19:56:00.885+0000] {spark_submit.py:491} INFO - 25/12/09 19:56:00 INFO DAGScheduler: Final stage: ResultStage 0 (save at NativeMethodAccessorImpl.java:0)
[2025-12-09T19:56:00.885+0000] {spark_submit.py:491} INFO - 25/12/09 19:56:00 INFO DAGScheduler: Parents of final stage: List()
[2025-12-09T19:56:00.885+0000] {spark_submit.py:491} INFO - 25/12/09 19:56:00 INFO DAGScheduler: Missing parents: List()
[2025-12-09T19:56:00.888+0000] {spark_submit.py:491} INFO - 25/12/09 19:56:00 INFO DAGScheduler: Submitting ResultStage 0 (MapPartitionsRDD[6] at save at NativeMethodAccessorImpl.java:0), which has no missing parents
[2025-12-09T19:56:01.077+0000] {spark_submit.py:491} INFO - 25/12/09 19:56:01 INFO MemoryStore: Block broadcast_0 stored as values in memory (estimated size 219.4 KiB, free 434.2 MiB)
[2025-12-09T19:56:01.556+0000] {spark_submit.py:491} INFO - 25/12/09 19:56:01 INFO MemoryStore: Block broadcast_0_piece0 stored as bytes in memory (estimated size 79.8 KiB, free 434.1 MiB)
[2025-12-09T19:56:01.560+0000] {spark_submit.py:491} INFO - 25/12/09 19:56:01 INFO BlockManagerInfo: Added broadcast_0_piece0 in memory on ead6510418b0:41401 (size: 79.8 KiB, free: 434.3 MiB)
[2025-12-09T19:56:01.562+0000] {spark_submit.py:491} INFO - 25/12/09 19:56:01 INFO SparkContext: Created broadcast 0 from broadcast at DAGScheduler.scala:1535
[2025-12-09T19:56:01.577+0000] {spark_submit.py:491} INFO - 25/12/09 19:56:01 INFO DAGScheduler: Submitting 2 missing tasks from ResultStage 0 (MapPartitionsRDD[6] at save at NativeMethodAccessorImpl.java:0) (first 15 tasks are for partitions Vector(0, 1))
[2025-12-09T19:56:01.578+0000] {spark_submit.py:491} INFO - 25/12/09 19:56:01 INFO TaskSchedulerImpl: Adding task set 0.0 with 2 tasks resource profile 0
[2025-12-09T19:56:06.324+0000] {spark_submit.py:491} INFO - 25/12/09 19:56:06 INFO TaskSetManager: Starting task 0.0 in stage 0.0 (TID 0) (spark-worker, executor 0, partition 0, PROCESS_LOCAL, 7276 bytes)
[2025-12-09T19:56:06.327+0000] {spark_submit.py:491} INFO - 25/12/09 19:56:06 INFO TaskSetManager: Starting task 1.0 in stage 0.0 (TID 1) (spark-worker, executor 0, partition 1, PROCESS_LOCAL, 7308 bytes)
[2025-12-09T19:56:07.008+0000] {spark_submit.py:491} INFO - 25/12/09 19:56:07 INFO BlockManagerInfo: Added broadcast_0_piece0 in memory on spark-worker:35103 (size: 79.8 KiB, free: 434.3 MiB)
[2025-12-09T19:56:10.267+0000] {spark_submit.py:491} INFO - 25/12/09 19:56:10 INFO TaskSetManager: Finished task 1.0 in stage 0.0 (TID 1) in 3940 ms on spark-worker (executor 0) (1/2)
[2025-12-09T19:56:10.269+0000] {spark_submit.py:491} INFO - 25/12/09 19:56:10 INFO TaskSetManager: Finished task 0.0 in stage 0.0 (TID 0) in 3954 ms on spark-worker (executor 0) (2/2)
[2025-12-09T19:56:10.270+0000] {spark_submit.py:491} INFO - 25/12/09 19:56:10 INFO TaskSchedulerImpl: Removed TaskSet 0.0, whose tasks have all completed, from pool
[2025-12-09T19:56:10.272+0000] {spark_submit.py:491} INFO - 25/12/09 19:56:10 INFO PythonAccumulatorV2: Connected to AccumulatorServer at host: 127.0.0.1 port: 41281
[2025-12-09T19:56:10.281+0000] {spark_submit.py:491} INFO - 25/12/09 19:56:10 INFO DAGScheduler: ResultStage 0 (save at NativeMethodAccessorImpl.java:0) finished in 9.373 s
[2025-12-09T19:56:10.285+0000] {spark_submit.py:491} INFO - 25/12/09 19:56:10 INFO DAGScheduler: Job 0 is finished. Cancelling potential speculative or zombie tasks for this job
[2025-12-09T19:56:10.285+0000] {spark_submit.py:491} INFO - 25/12/09 19:56:10 INFO TaskSchedulerImpl: Killing all running tasks in stage 0: Stage finished
[2025-12-09T19:56:10.288+0000] {spark_submit.py:491} INFO - 25/12/09 19:56:10 INFO DAGScheduler: Job 0 finished: save at NativeMethodAccessorImpl.java:0, took 9.423135 s
[2025-12-09T19:56:10.291+0000] {spark_submit.py:491} INFO - 25/12/09 19:56:10 INFO FileFormatWriter: Start to commit write Job ea7d140a-c902-47d5-99a7-b47b9093ae7c.
[2025-12-09T19:56:10.606+0000] {spark_submit.py:491} INFO - 25/12/09 19:56:10 INFO FileFormatWriter: Write Job ea7d140a-c902-47d5-99a7-b47b9093ae7c committed. Elapsed time: 314 ms.
[2025-12-09T19:56:10.609+0000] {spark_submit.py:491} INFO - 25/12/09 19:56:10 INFO FileFormatWriter: Finished processing stats for write job ea7d140a-c902-47d5-99a7-b47b9093ae7c.
[2025-12-09T19:56:10.612+0000] {spark_submit.py:491} INFO - Data written successfully to s3a://test/outputv2_data
[2025-12-09T19:56:10.612+0000] {spark_submit.py:491} INFO - 25/12/09 19:56:10 INFO SparkContext: SparkContext is stopping with exitCode 0.
[2025-12-09T19:56:10.627+0000] {spark_submit.py:491} INFO - 25/12/09 19:56:10 INFO SparkUI: Stopped Spark web UI at http://ead6510418b0:4040
[2025-12-09T19:56:10.630+0000] {spark_submit.py:491} INFO - 25/12/09 19:56:10 INFO StandaloneSchedulerBackend: Shutting down all executors
[2025-12-09T19:56:10.631+0000] {spark_submit.py:491} INFO - 25/12/09 19:56:10 INFO StandaloneSchedulerBackend$StandaloneDriverEndpoint: Asking each executor to shut down
[2025-12-09T19:56:10.650+0000] {spark_submit.py:491} INFO - 25/12/09 19:56:10 INFO MapOutputTrackerMasterEndpoint: MapOutputTrackerMasterEndpoint stopped!
[2025-12-09T19:56:10.685+0000] {spark_submit.py:491} INFO - 25/12/09 19:56:10 INFO MemoryStore: MemoryStore cleared
[2025-12-09T19:56:10.686+0000] {spark_submit.py:491} INFO - 25/12/09 19:56:10 INFO BlockManager: BlockManager stopped
[2025-12-09T19:56:10.690+0000] {spark_submit.py:491} INFO - 25/12/09 19:56:10 INFO BlockManagerMaster: BlockManagerMaster stopped
[2025-12-09T19:56:10.692+0000] {spark_submit.py:491} INFO - 25/12/09 19:56:10 INFO OutputCommitCoordinator$OutputCommitCoordinatorEndpoint: OutputCommitCoordinator stopped!
[2025-12-09T19:56:10.727+0000] {spark_submit.py:491} INFO - 25/12/09 19:56:10 INFO SparkContext: Successfully stopped SparkContext
[2025-12-09T19:56:11.501+0000] {spark_submit.py:491} INFO - 25/12/09 19:56:11 INFO ShutdownHookManager: Shutdown hook called
[2025-12-09T19:56:11.503+0000] {spark_submit.py:491} INFO - 25/12/09 19:56:11 INFO ShutdownHookManager: Deleting directory /tmp/spark-875dd65e-4940-479c-9b7d-de9ae70783cb
[2025-12-09T19:56:11.509+0000] {spark_submit.py:491} INFO - 25/12/09 19:56:11 INFO ShutdownHookManager: Deleting directory /tmp/spark-3160f041-3eae-4149-a375-b330641dac2e/pyspark-baf01d40-ba76-4ee9-8b5d-45c348518eeb
[2025-12-09T19:56:11.514+0000] {spark_submit.py:491} INFO - 25/12/09 19:56:11 INFO ShutdownHookManager: Deleting directory /tmp/spark-3160f041-3eae-4149-a375-b330641dac2e
[2025-12-09T19:56:11.525+0000] {spark_submit.py:491} INFO - 25/12/09 19:56:11 INFO MetricsSystemImpl: Stopping s3a-file-system metrics system...
[2025-12-09T19:56:11.526+0000] {spark_submit.py:491} INFO - 25/12/09 19:56:11 INFO MetricsSystemImpl: s3a-file-system metrics system stopped.
[2025-12-09T19:56:11.526+0000] {spark_submit.py:491} INFO - 25/12/09 19:56:11 INFO MetricsSystemImpl: s3a-file-system metrics system shutdown complete.
[2025-12-09T19:56:11.614+0000] {taskinstance.py:1398} INFO - Marking task as SUCCESS. dag_id=dag_incremental_etl, task_id=python_job, execution_date=20251208T000000, start_date=20251209T195349, end_date=20251209T195611
[2025-12-09T19:56:11.653+0000] {local_task_job_runner.py:228} INFO - Task exited with return code 0
[2025-12-09T19:56:11.682+0000] {taskinstance.py:2776} INFO - 1 downstream tasks scheduled from follow-on schedule check
