[2025-12-09T21:51:59.611+0000] {taskinstance.py:1157} INFO - Dependencies all met for dep_context=non-requeueable deps ti=<TaskInstance: amount_data_s3_processing_pipeline.submit_spark_job manual__2025-12-09T21:50:41.925246+00:00 [queued]>
[2025-12-09T21:51:59.622+0000] {taskinstance.py:1157} INFO - Dependencies all met for dep_context=requeueable deps ti=<TaskInstance: amount_data_s3_processing_pipeline.submit_spark_job manual__2025-12-09T21:50:41.925246+00:00 [queued]>
[2025-12-09T21:51:59.622+0000] {taskinstance.py:1359} INFO - Starting attempt 2 of 4
[2025-12-09T21:51:59.636+0000] {taskinstance.py:1380} INFO - Executing <Task(SparkSubmitOperator): submit_spark_job> on 2025-12-09 21:50:41.925246+00:00
[2025-12-09T21:51:59.640+0000] {standard_task_runner.py:57} INFO - Started process 7487 to run task
[2025-12-09T21:51:59.644+0000] {standard_task_runner.py:84} INFO - Running: ['***', 'tasks', 'run', 'amount_data_s3_processing_pipeline', 'submit_spark_job', 'manual__2025-12-09T21:50:41.925246+00:00', '--job-id', '49', '--raw', '--subdir', 'DAGS_FOLDER/amount_data_s3_processing_pipeline.py', '--cfg-path', '/tmp/tmpa1y5haxe']
[2025-12-09T21:51:59.646+0000] {standard_task_runner.py:85} INFO - Job 49: Subtask submit_spark_job
[2025-12-09T21:51:59.696+0000] {task_command.py:415} INFO - Running <TaskInstance: amount_data_s3_processing_pipeline.submit_spark_job manual__2025-12-09T21:50:41.925246+00:00 [running]> on host 9f0bb37009ef
[2025-12-09T21:51:59.786+0000] {taskinstance.py:1660} INFO - Exporting env vars: AIRFLOW_CTX_DAG_OWNER='***' AIRFLOW_CTX_DAG_ID='amount_data_s3_processing_pipeline' AIRFLOW_CTX_TASK_ID='submit_spark_job' AIRFLOW_CTX_EXECUTION_DATE='2025-12-09T21:50:41.925246+00:00' AIRFLOW_CTX_TRY_NUMBER='2' AIRFLOW_CTX_DAG_RUN_ID='manual__2025-12-09T21:50:41.925246+00:00'
[2025-12-09T21:51:59.800+0000] {spark_submit.py:218} INFO - Could not load connection string spark_default, defaulting to yarn
[2025-12-09T21:51:59.801+0000] {spark_submit.py:340} INFO - Spark-Submit cmd: spark-submit --master yarn --conf spark.eventLog.enabled=true --conf spark.eventLog.dir=/opt/spark-events --conf spark.history.fs.logDirectory=/opt/spark-events --conf spark.hadoop.fs.s3a.endpoint=http://minio:9000 --conf spark.hadoop.fs.s3a.access.key=admin --conf spark.hadoop.fs.s3a.secret.key=****** --conf spark.hadoop.fs.s3a.path.style.access=true --conf spark.hadoop.fs.s3a.impl=org.apache.hadoop.fs.s3a.S3AFileSystem --conf spark.sql.shuffle.partitions=200 --conf spark.dynamicAllocation.enabled=false --num-executors 2 --executor-cores 2 --executor-memory 2g --driver-memory 1g --name AmountDataProcessor_20251209T215041 --verbose jobs/s3_amount_processor.py
[2025-12-09T21:52:00.856+0000] {spark_submit.py:491} INFO - Using properties file: null
[2025-12-09T21:52:00.942+0000] {spark_submit.py:491} INFO - Exception in thread "main" org.apache.spark.SparkException: When running with master 'yarn' either HADOOP_CONF_DIR or YARN_CONF_DIR must be set in the environment.
[2025-12-09T21:52:00.943+0000] {spark_submit.py:491} INFO - at org.apache.spark.deploy.SparkSubmitArguments.error(SparkSubmitArguments.scala:650)
[2025-12-09T21:52:00.943+0000] {spark_submit.py:491} INFO - at org.apache.spark.deploy.SparkSubmitArguments.validateSubmitArguments(SparkSubmitArguments.scala:281)
[2025-12-09T21:52:00.943+0000] {spark_submit.py:491} INFO - at org.apache.spark.deploy.SparkSubmitArguments.validateArguments(SparkSubmitArguments.scala:237)
[2025-12-09T21:52:00.943+0000] {spark_submit.py:491} INFO - at org.apache.spark.deploy.SparkSubmitArguments.<init>(SparkSubmitArguments.scala:122)
[2025-12-09T21:52:00.943+0000] {spark_submit.py:491} INFO - at org.apache.spark.deploy.SparkSubmit$$anon$2$$anon$3.<init>(SparkSubmit.scala:1094)
[2025-12-09T21:52:00.943+0000] {spark_submit.py:491} INFO - at org.apache.spark.deploy.SparkSubmit$$anon$2.parseArguments(SparkSubmit.scala:1094)
[2025-12-09T21:52:00.943+0000] {spark_submit.py:491} INFO - at org.apache.spark.deploy.SparkSubmit.doSubmit(SparkSubmit.scala:86)
[2025-12-09T21:52:00.943+0000] {spark_submit.py:491} INFO - at org.apache.spark.deploy.SparkSubmit$$anon$2.doSubmit(SparkSubmit.scala:1111)
[2025-12-09T21:52:00.943+0000] {spark_submit.py:491} INFO - at org.apache.spark.deploy.SparkSubmit$.main(SparkSubmit.scala:1120)
[2025-12-09T21:52:00.943+0000] {spark_submit.py:491} INFO - at org.apache.spark.deploy.SparkSubmit.main(SparkSubmit.scala)
[2025-12-09T21:52:00.973+0000] {taskinstance.py:1935} ERROR - Task failed with exception
Traceback (most recent call last):
  File "/home/airflow/.local/lib/python3.9/site-packages/airflow/providers/apache/spark/operators/spark_submit.py", line 156, in execute
    self._hook.submit(self._application)
  File "/home/airflow/.local/lib/python3.9/site-packages/airflow/providers/apache/spark/hooks/spark_submit.py", line 422, in submit
    raise AirflowException(
airflow.exceptions.AirflowException: Cannot execute: spark-submit --master yarn --conf spark.eventLog.enabled=true --conf spark.eventLog.dir=/opt/spark-events --conf spark.history.fs.logDirectory=/opt/spark-events --conf spark.hadoop.fs.s3a.endpoint=http://minio:9000 --conf spark.hadoop.fs.s3a.access.key=admin --conf spark.hadoop.fs.s3a.secret.key=****** --conf spark.hadoop.fs.s3a.path.style.access=true --conf spark.hadoop.fs.s3a.impl=org.apache.hadoop.fs.s3a.S3AFileSystem --conf spark.sql.shuffle.partitions=200 --conf spark.dynamicAllocation.enabled=false --num-executors 2 --executor-cores 2 --executor-memory 2g --driver-memory 1g --name AmountDataProcessor_20251209T215041 --verbose jobs/s3_amount_processor.py. Error code is: 1.
[2025-12-09T21:52:00.976+0000] {taskinstance.py:1398} INFO - Marking task as UP_FOR_RETRY. dag_id=amount_data_s3_processing_pipeline, task_id=submit_spark_job, execution_date=20251209T215041, start_date=20251209T215159, end_date=20251209T215200
[2025-12-09T21:52:00.986+0000] {standard_task_runner.py:104} ERROR - Failed to execute job 49 for task submit_spark_job (Cannot execute: spark-submit --master yarn --conf spark.eventLog.enabled=true --conf spark.eventLog.dir=/opt/spark-events --conf spark.history.fs.logDirectory=/opt/spark-events --conf spark.hadoop.fs.s3a.endpoint=http://minio:9000 --conf spark.hadoop.fs.s3a.access.key=admin --conf spark.hadoop.fs.s3a.secret.key=****** --conf spark.hadoop.fs.s3a.path.style.access=true --conf spark.hadoop.fs.s3a.impl=org.apache.hadoop.fs.s3a.S3AFileSystem --conf spark.sql.shuffle.partitions=200 --conf spark.dynamicAllocation.enabled=false --num-executors 2 --executor-cores 2 --executor-memory 2g --driver-memory 1g --name AmountDataProcessor_20251209T215041 --verbose jobs/s3_amount_processor.py. Error code is: 1.; 7487)
[2025-12-09T21:52:01.022+0000] {local_task_job_runner.py:228} INFO - Task exited with return code 1
[2025-12-09T21:52:01.043+0000] {taskinstance.py:2776} INFO - 0 downstream tasks scheduled from follow-on schedule check
