[2025-12-09T20:32:30.088+0000] {taskinstance.py:1157} INFO - Dependencies all met for dep_context=non-requeueable deps ti=<TaskInstance: spark_job_with_history.submit_spark_job manual__2025-12-09T20:32:29.262570+00:00 [queued]>
[2025-12-09T20:32:30.095+0000] {taskinstance.py:1157} INFO - Dependencies all met for dep_context=requeueable deps ti=<TaskInstance: spark_job_with_history.submit_spark_job manual__2025-12-09T20:32:29.262570+00:00 [queued]>
[2025-12-09T20:32:30.096+0000] {taskinstance.py:1359} INFO - Starting attempt 1 of 2
[2025-12-09T20:32:30.106+0000] {taskinstance.py:1380} INFO - Executing <Task(SparkSubmitOperator): submit_spark_job> on 2025-12-09 20:32:29.262570+00:00
[2025-12-09T20:32:30.112+0000] {standard_task_runner.py:57} INFO - Started process 413 to run task
[2025-12-09T20:32:30.115+0000] {standard_task_runner.py:84} INFO - Running: ['***', 'tasks', 'run', 'spark_job_with_history', 'submit_spark_job', 'manual__2025-12-09T20:32:29.262570+00:00', '--job-id', '19', '--raw', '--subdir', 'DAGS_FOLDER/spark_with_logging_dag.py', '--cfg-path', '/tmp/tmp5p_dlfr3']
[2025-12-09T20:32:30.117+0000] {standard_task_runner.py:85} INFO - Job 19: Subtask submit_spark_job
[2025-12-09T20:32:30.167+0000] {task_command.py:415} INFO - Running <TaskInstance: spark_job_with_history.submit_spark_job manual__2025-12-09T20:32:29.262570+00:00 [running]> on host 9f0bb37009ef
[2025-12-09T20:32:30.243+0000] {taskinstance.py:1660} INFO - Exporting env vars: AIRFLOW_CTX_DAG_OWNER='***' AIRFLOW_CTX_DAG_ID='spark_job_with_history' AIRFLOW_CTX_TASK_ID='submit_spark_job' AIRFLOW_CTX_EXECUTION_DATE='2025-12-09T20:32:29.262570+00:00' AIRFLOW_CTX_TRY_NUMBER='1' AIRFLOW_CTX_DAG_RUN_ID='manual__2025-12-09T20:32:29.262570+00:00'
[2025-12-09T20:32:30.252+0000] {base.py:73} INFO - Using connection ID 'spark-conn' for task execution.
[2025-12-09T20:32:30.253+0000] {spark_submit.py:340} INFO - Spark-Submit cmd: spark-submit --master spark://spark-master:7077 --conf spark.eventLog.enabled=true --conf spark.eventLog.dir=/opt/spark-events --conf spark.history.fs.logDirectory=/opt/spark-events --name Airflow_Triggered_Job_20251209T203229 jobs/***_spark_job.py
[2025-12-09T20:32:32.332+0000] {spark_submit.py:491} INFO - 25/12/09 20:32:32 INFO SparkContext: Running Spark version 3.4.0
[2025-12-09T20:32:32.403+0000] {spark_submit.py:491} INFO - 25/12/09 20:32:32 WARN NativeCodeLoader: Unable to load native-hadoop library for your platform... using builtin-java classes where applicable
[2025-12-09T20:32:32.493+0000] {spark_submit.py:491} INFO - 25/12/09 20:32:32 INFO ResourceUtils: ==============================================================
[2025-12-09T20:32:32.493+0000] {spark_submit.py:491} INFO - 25/12/09 20:32:32 INFO ResourceUtils: No custom resources configured for spark.driver.
[2025-12-09T20:32:32.494+0000] {spark_submit.py:491} INFO - 25/12/09 20:32:32 INFO ResourceUtils: ==============================================================
[2025-12-09T20:32:32.494+0000] {spark_submit.py:491} INFO - 25/12/09 20:32:32 INFO SparkContext: Submitted application: Airflow_Job_20251209_203232
[2025-12-09T20:32:32.514+0000] {spark_submit.py:491} INFO - 25/12/09 20:32:32 INFO ResourceProfile: Default ResourceProfile created, executor resources: Map(memory -> name: memory, amount: 1024, script: , vendor: , offHeap -> name: offHeap, amount: 0, script: , vendor: ), task resources: Map(cpus -> name: cpus, amount: 1.0)
[2025-12-09T20:32:32.519+0000] {spark_submit.py:491} INFO - 25/12/09 20:32:32 INFO ResourceProfile: Limiting resource is cpu
[2025-12-09T20:32:32.520+0000] {spark_submit.py:491} INFO - 25/12/09 20:32:32 INFO ResourceProfileManager: Added ResourceProfile id: 0
[2025-12-09T20:32:32.565+0000] {spark_submit.py:491} INFO - 25/12/09 20:32:32 INFO SecurityManager: Changing view acls to: root
[2025-12-09T20:32:32.565+0000] {spark_submit.py:491} INFO - 25/12/09 20:32:32 INFO SecurityManager: Changing modify acls to: root
[2025-12-09T20:32:32.566+0000] {spark_submit.py:491} INFO - 25/12/09 20:32:32 INFO SecurityManager: Changing view acls groups to:
[2025-12-09T20:32:32.566+0000] {spark_submit.py:491} INFO - 25/12/09 20:32:32 INFO SecurityManager: Changing modify acls groups to:
[2025-12-09T20:32:32.566+0000] {spark_submit.py:491} INFO - 25/12/09 20:32:32 INFO SecurityManager: SecurityManager: authentication disabled; ui acls disabled; users with view permissions: root; groups with view permissions: EMPTY; users with modify permissions: root; groups with modify permissions: EMPTY
[2025-12-09T20:32:32.828+0000] {spark_submit.py:491} INFO - 25/12/09 20:32:32 INFO Utils: Successfully started service 'sparkDriver' on port 43299.
[2025-12-09T20:32:32.875+0000] {spark_submit.py:491} INFO - 25/12/09 20:32:32 INFO SparkEnv: Registering MapOutputTracker
[2025-12-09T20:32:32.910+0000] {spark_submit.py:491} INFO - 25/12/09 20:32:32 INFO SparkEnv: Registering BlockManagerMaster
[2025-12-09T20:32:32.930+0000] {spark_submit.py:491} INFO - 25/12/09 20:32:32 INFO BlockManagerMasterEndpoint: Using org.apache.spark.storage.DefaultTopologyMapper for getting topology information
[2025-12-09T20:32:32.930+0000] {spark_submit.py:491} INFO - 25/12/09 20:32:32 INFO BlockManagerMasterEndpoint: BlockManagerMasterEndpoint up
[2025-12-09T20:32:32.935+0000] {spark_submit.py:491} INFO - 25/12/09 20:32:32 INFO SparkEnv: Registering BlockManagerMasterHeartbeat
[2025-12-09T20:32:32.962+0000] {spark_submit.py:491} INFO - 25/12/09 20:32:32 INFO DiskBlockManager: Created local directory at /tmp/blockmgr-744cf087-db7a-4a22-b6de-e6e892bd82f9
[2025-12-09T20:32:32.986+0000] {spark_submit.py:491} INFO - 25/12/09 20:32:32 INFO MemoryStore: MemoryStore started with capacity 434.4 MiB
[2025-12-09T20:32:33.016+0000] {spark_submit.py:491} INFO - 25/12/09 20:32:33 INFO SparkEnv: Registering OutputCommitCoordinator
[2025-12-09T20:32:33.143+0000] {spark_submit.py:491} INFO - 25/12/09 20:32:33 INFO JettyUtils: Start Jetty 0.0.0.0:4040 for SparkUI
[2025-12-09T20:32:33.209+0000] {spark_submit.py:491} INFO - 25/12/09 20:32:33 INFO Utils: Successfully started service 'SparkUI' on port 4040.
[2025-12-09T20:32:33.350+0000] {spark_submit.py:491} INFO - 25/12/09 20:32:33 INFO StandaloneAppClient$ClientEndpoint: Connecting to master spark://spark-master:7077...
[2025-12-09T20:32:33.403+0000] {spark_submit.py:491} INFO - 25/12/09 20:32:33 INFO TransportClientFactory: Successfully created connection to spark-master/172.19.0.4:7077 after 29 ms (0 ms spent in bootstraps)
[2025-12-09T20:32:33.550+0000] {spark_submit.py:491} INFO - 25/12/09 20:32:33 INFO StandaloneSchedulerBackend: Connected to Spark cluster with app ID app-20251209203233-0000
[2025-12-09T20:32:33.560+0000] {spark_submit.py:491} INFO - 25/12/09 20:32:33 INFO Utils: Successfully started service 'org.apache.spark.network.netty.NettyBlockTransferService' on port 36081.
[2025-12-09T20:32:33.561+0000] {spark_submit.py:491} INFO - 25/12/09 20:32:33 INFO NettyBlockTransferService: Server created on 9f0bb37009ef:36081
[2025-12-09T20:32:33.565+0000] {spark_submit.py:491} INFO - 25/12/09 20:32:33 INFO BlockManager: Using org.apache.spark.storage.RandomBlockReplicationPolicy for block replication policy
[2025-12-09T20:32:33.572+0000] {spark_submit.py:491} INFO - 25/12/09 20:32:33 INFO BlockManagerMaster: Registering BlockManager BlockManagerId(driver, 9f0bb37009ef, 36081, None)
[2025-12-09T20:32:33.579+0000] {spark_submit.py:491} INFO - 25/12/09 20:32:33 INFO BlockManagerMasterEndpoint: Registering block manager 9f0bb37009ef:36081 with 434.4 MiB RAM, BlockManagerId(driver, 9f0bb37009ef, 36081, None)
[2025-12-09T20:32:33.580+0000] {spark_submit.py:491} INFO - 25/12/09 20:32:33 INFO StandaloneAppClient$ClientEndpoint: Executor added: app-20251209203233-0000/0 on worker-20251209202933-spark-worker-38099 (spark-worker:38099) with 4 core(s)
[2025-12-09T20:32:33.582+0000] {spark_submit.py:491} INFO - 25/12/09 20:32:33 INFO StandaloneSchedulerBackend: Granted executor ID app-20251209203233-0000/0 on hostPort spark-worker:38099 with 4 core(s), 1024.0 MiB RAM
[2025-12-09T20:32:33.582+0000] {spark_submit.py:491} INFO - 25/12/09 20:32:33 INFO BlockManagerMaster: Registered BlockManager BlockManagerId(driver, 9f0bb37009ef, 36081, None)
[2025-12-09T20:32:33.583+0000] {spark_submit.py:491} INFO - 25/12/09 20:32:33 INFO BlockManager: Initialized BlockManager: BlockManagerId(driver, 9f0bb37009ef, 36081, None)
[2025-12-09T20:32:33.805+0000] {spark_submit.py:491} INFO - 25/12/09 20:32:33 INFO StandaloneAppClient$ClientEndpoint: Executor updated: app-20251209203233-0000/0 is now RUNNING
[2025-12-09T20:32:33.936+0000] {spark_submit.py:491} INFO - 25/12/09 20:32:33 INFO SingleEventLogFileWriter: Logging events to file:/opt/spark-events/app-20251209203233-0000.inprogress
[2025-12-09T20:32:34.098+0000] {spark_submit.py:491} INFO - 25/12/09 20:32:34 INFO StandaloneSchedulerBackend: SchedulerBackend is ready for scheduling beginning after reached minRegisteredResourcesRatio: 0.0
[2025-12-09T20:32:34.330+0000] {spark_submit.py:491} INFO - ============================================================
[2025-12-09T20:32:34.330+0000] {spark_submit.py:491} INFO - 🚀 Airflow-triggered Spark Job Started
[2025-12-09T20:32:34.330+0000] {spark_submit.py:491} INFO - ============================================================
[2025-12-09T20:32:35.221+0000] {spark_submit.py:491} INFO - 25/12/09 20:32:35 INFO SharedState: Setting hive.metastore.warehouse.dir ('null') to the value of spark.sql.warehouse.dir.
[2025-12-09T20:32:35.227+0000] {spark_submit.py:491} INFO - 25/12/09 20:32:35 INFO SharedState: Warehouse path is 'file:/opt/***/spark-warehouse'.
[2025-12-09T20:32:36.058+0000] {spark_submit.py:491} INFO - 25/12/09 20:32:36 INFO StandaloneSchedulerBackend$StandaloneDriverEndpoint: Registered executor NettyRpcEndpointRef(spark-client://Executor) (172.19.0.7:37262) with ID 0,  ResourceProfileId 0
[2025-12-09T20:32:36.137+0000] {spark_submit.py:491} INFO - 25/12/09 20:32:36 INFO BlockManagerMasterEndpoint: Registering block manager spark-worker:34369 with 434.4 MiB RAM, BlockManagerId(0, spark-worker, 34369, None)
[2025-12-09T20:32:37.616+0000] {spark_submit.py:491} INFO - 
[2025-12-09T20:32:37.617+0000] {spark_submit.py:491} INFO - 📊 Sample Data:
[2025-12-09T20:32:38.321+0000] {spark_submit.py:491} INFO - 25/12/09 20:32:38 INFO CodeGenerator: Code generated in 166.972011 ms
[2025-12-09T20:32:38.355+0000] {spark_submit.py:491} INFO - 25/12/09 20:32:38 INFO SparkContext: Starting job: showString at NativeMethodAccessorImpl.java:0
[2025-12-09T20:32:38.365+0000] {spark_submit.py:491} INFO - 25/12/09 20:32:38 INFO DAGScheduler: Got job 0 (showString at NativeMethodAccessorImpl.java:0) with 1 output partitions
[2025-12-09T20:32:38.366+0000] {spark_submit.py:491} INFO - 25/12/09 20:32:38 INFO DAGScheduler: Final stage: ResultStage 0 (showString at NativeMethodAccessorImpl.java:0)
[2025-12-09T20:32:38.366+0000] {spark_submit.py:491} INFO - 25/12/09 20:32:38 INFO DAGScheduler: Parents of final stage: List()
[2025-12-09T20:32:38.366+0000] {spark_submit.py:491} INFO - 25/12/09 20:32:38 INFO DAGScheduler: Missing parents: List()
[2025-12-09T20:32:38.369+0000] {spark_submit.py:491} INFO - 25/12/09 20:32:38 INFO DAGScheduler: Submitting ResultStage 0 (MapPartitionsRDD[6] at showString at NativeMethodAccessorImpl.java:0), which has no missing parents
[2025-12-09T20:32:38.439+0000] {spark_submit.py:491} INFO - 25/12/09 20:32:38 INFO MemoryStore: Block broadcast_0 stored as values in memory (estimated size 13.1 KiB, free 434.4 MiB)
[2025-12-09T20:32:38.469+0000] {spark_submit.py:491} INFO - 25/12/09 20:32:38 INFO MemoryStore: Block broadcast_0_piece0 stored as bytes in memory (estimated size 6.8 KiB, free 434.4 MiB)
[2025-12-09T20:32:38.473+0000] {spark_submit.py:491} INFO - 25/12/09 20:32:38 INFO BlockManagerInfo: Added broadcast_0_piece0 in memory on 9f0bb37009ef:36081 (size: 6.8 KiB, free: 434.4 MiB)
[2025-12-09T20:32:38.477+0000] {spark_submit.py:491} INFO - 25/12/09 20:32:38 INFO SparkContext: Created broadcast 0 from broadcast at DAGScheduler.scala:1535
[2025-12-09T20:32:38.490+0000] {spark_submit.py:491} INFO - 25/12/09 20:32:38 INFO DAGScheduler: Submitting 1 missing tasks from ResultStage 0 (MapPartitionsRDD[6] at showString at NativeMethodAccessorImpl.java:0) (first 15 tasks are for partitions Vector(0))
[2025-12-09T20:32:38.491+0000] {spark_submit.py:491} INFO - 25/12/09 20:32:38 INFO TaskSchedulerImpl: Adding task set 0.0 with 1 tasks resource profile 0
[2025-12-09T20:32:38.537+0000] {spark_submit.py:491} INFO - 25/12/09 20:32:38 INFO TaskSetManager: Starting task 0.0 in stage 0.0 (TID 0) (spark-worker, executor 0, partition 0, PROCESS_LOCAL, 7401 bytes)
[2025-12-09T20:32:38.758+0000] {spark_submit.py:491} INFO - 25/12/09 20:32:38 INFO BlockManagerInfo: Added broadcast_0_piece0 in memory on spark-worker:34369 (size: 6.8 KiB, free: 434.4 MiB)
[2025-12-09T20:32:39.815+0000] {spark_submit.py:491} INFO - 25/12/09 20:32:39 INFO TaskSetManager: Finished task 0.0 in stage 0.0 (TID 0) in 1295 ms on spark-worker (executor 0) (1/1)
[2025-12-09T20:32:39.817+0000] {spark_submit.py:491} INFO - 25/12/09 20:32:39 INFO TaskSchedulerImpl: Removed TaskSet 0.0, whose tasks have all completed, from pool
[2025-12-09T20:32:39.821+0000] {spark_submit.py:491} INFO - 25/12/09 20:32:39 INFO PythonAccumulatorV2: Connected to AccumulatorServer at host: 127.0.0.1 port: 44187
[2025-12-09T20:32:39.826+0000] {spark_submit.py:491} INFO - 25/12/09 20:32:39 INFO DAGScheduler: ResultStage 0 (showString at NativeMethodAccessorImpl.java:0) finished in 1.441 s
[2025-12-09T20:32:39.829+0000] {spark_submit.py:491} INFO - 25/12/09 20:32:39 INFO DAGScheduler: Job 0 is finished. Cancelling potential speculative or zombie tasks for this job
[2025-12-09T20:32:39.830+0000] {spark_submit.py:491} INFO - 25/12/09 20:32:39 INFO TaskSchedulerImpl: Killing all running tasks in stage 0: Stage finished
[2025-12-09T20:32:39.832+0000] {spark_submit.py:491} INFO - 25/12/09 20:32:39 INFO DAGScheduler: Job 0 finished: showString at NativeMethodAccessorImpl.java:0, took 1.475593 s
[2025-12-09T20:32:39.838+0000] {spark_submit.py:491} INFO - 25/12/09 20:32:39 INFO SparkContext: Starting job: showString at NativeMethodAccessorImpl.java:0
[2025-12-09T20:32:39.840+0000] {spark_submit.py:491} INFO - 25/12/09 20:32:39 INFO DAGScheduler: Got job 1 (showString at NativeMethodAccessorImpl.java:0) with 3 output partitions
[2025-12-09T20:32:39.840+0000] {spark_submit.py:491} INFO - 25/12/09 20:32:39 INFO DAGScheduler: Final stage: ResultStage 1 (showString at NativeMethodAccessorImpl.java:0)
[2025-12-09T20:32:39.841+0000] {spark_submit.py:491} INFO - 25/12/09 20:32:39 INFO DAGScheduler: Parents of final stage: List()
[2025-12-09T20:32:39.841+0000] {spark_submit.py:491} INFO - 25/12/09 20:32:39 INFO DAGScheduler: Missing parents: List()
[2025-12-09T20:32:39.841+0000] {spark_submit.py:491} INFO - 25/12/09 20:32:39 INFO DAGScheduler: Submitting ResultStage 1 (MapPartitionsRDD[6] at showString at NativeMethodAccessorImpl.java:0), which has no missing parents
[2025-12-09T20:32:39.847+0000] {spark_submit.py:491} INFO - 25/12/09 20:32:39 INFO MemoryStore: Block broadcast_1 stored as values in memory (estimated size 13.1 KiB, free 434.4 MiB)
[2025-12-09T20:32:39.849+0000] {spark_submit.py:491} INFO - 25/12/09 20:32:39 INFO MemoryStore: Block broadcast_1_piece0 stored as bytes in memory (estimated size 6.8 KiB, free 434.4 MiB)
[2025-12-09T20:32:39.850+0000] {spark_submit.py:491} INFO - 25/12/09 20:32:39 INFO BlockManagerInfo: Added broadcast_1_piece0 in memory on 9f0bb37009ef:36081 (size: 6.8 KiB, free: 434.4 MiB)
[2025-12-09T20:32:39.850+0000] {spark_submit.py:491} INFO - 25/12/09 20:32:39 INFO SparkContext: Created broadcast 1 from broadcast at DAGScheduler.scala:1535
[2025-12-09T20:32:39.851+0000] {spark_submit.py:491} INFO - 25/12/09 20:32:39 INFO DAGScheduler: Submitting 3 missing tasks from ResultStage 1 (MapPartitionsRDD[6] at showString at NativeMethodAccessorImpl.java:0) (first 15 tasks are for partitions Vector(1, 2, 3))
[2025-12-09T20:32:39.851+0000] {spark_submit.py:491} INFO - 25/12/09 20:32:39 INFO TaskSchedulerImpl: Adding task set 1.0 with 3 tasks resource profile 0
[2025-12-09T20:32:39.853+0000] {spark_submit.py:491} INFO - 25/12/09 20:32:39 INFO TaskSetManager: Starting task 0.0 in stage 1.0 (TID 1) (spark-worker, executor 0, partition 1, PROCESS_LOCAL, 7393 bytes)
[2025-12-09T20:32:39.853+0000] {spark_submit.py:491} INFO - 25/12/09 20:32:39 INFO TaskSetManager: Starting task 1.0 in stage 1.0 (TID 2) (spark-worker, executor 0, partition 2, PROCESS_LOCAL, 7403 bytes)
[2025-12-09T20:32:39.853+0000] {spark_submit.py:491} INFO - 25/12/09 20:32:39 INFO TaskSetManager: Starting task 2.0 in stage 1.0 (TID 3) (spark-worker, executor 0, partition 3, PROCESS_LOCAL, 7399 bytes)
[2025-12-09T20:32:39.882+0000] {spark_submit.py:491} INFO - 25/12/09 20:32:39 INFO BlockManagerInfo: Added broadcast_1_piece0 in memory on spark-worker:34369 (size: 6.8 KiB, free: 434.4 MiB)
[2025-12-09T20:32:39.957+0000] {spark_submit.py:491} INFO - 25/12/09 20:32:39 INFO TaskSetManager: Finished task 2.0 in stage 1.0 (TID 3) in 103 ms on spark-worker (executor 0) (1/3)
[2025-12-09T20:32:39.963+0000] {spark_submit.py:491} INFO - 25/12/09 20:32:39 INFO TaskSetManager: Finished task 0.0 in stage 1.0 (TID 1) in 110 ms on spark-worker (executor 0) (2/3)
[2025-12-09T20:32:39.968+0000] {spark_submit.py:491} INFO - 25/12/09 20:32:39 INFO TaskSetManager: Finished task 1.0 in stage 1.0 (TID 2) in 115 ms on spark-worker (executor 0) (3/3)
[2025-12-09T20:32:39.969+0000] {spark_submit.py:491} INFO - 25/12/09 20:32:39 INFO TaskSchedulerImpl: Removed TaskSet 1.0, whose tasks have all completed, from pool
[2025-12-09T20:32:39.970+0000] {spark_submit.py:491} INFO - 25/12/09 20:32:39 INFO DAGScheduler: ResultStage 1 (showString at NativeMethodAccessorImpl.java:0) finished in 0.126 s
[2025-12-09T20:32:39.971+0000] {spark_submit.py:491} INFO - 25/12/09 20:32:39 INFO DAGScheduler: Job 1 is finished. Cancelling potential speculative or zombie tasks for this job
[2025-12-09T20:32:39.971+0000] {spark_submit.py:491} INFO - 25/12/09 20:32:39 INFO TaskSchedulerImpl: Killing all running tasks in stage 1: Stage finished
[2025-12-09T20:32:39.971+0000] {spark_submit.py:491} INFO - 25/12/09 20:32:39 INFO DAGScheduler: Job 1 finished: showString at NativeMethodAccessorImpl.java:0, took 0.132786 s
[2025-12-09T20:32:40.014+0000] {spark_submit.py:491} INFO - 25/12/09 20:32:40 INFO CodeGenerator: Code generated in 25.068604 ms
[2025-12-09T20:32:40.024+0000] {spark_submit.py:491} INFO - +---+-------+---+-----------+
[2025-12-09T20:32:40.025+0000] {spark_submit.py:491} INFO - | id|   name|age| department|
[2025-12-09T20:32:40.025+0000] {spark_submit.py:491} INFO - +---+-------+---+-----------+
[2025-12-09T20:32:40.026+0000] {spark_submit.py:491} INFO - |  1|  Alice| 25|Engineering|
[2025-12-09T20:32:40.026+0000] {spark_submit.py:491} INFO - |  2|    Bob| 30|      Sales|
[2025-12-09T20:32:40.026+0000] {spark_submit.py:491} INFO - |  3|Charlie| 35|Engineering|
[2025-12-09T20:32:40.026+0000] {spark_submit.py:491} INFO - |  4|  Diana| 28|  Marketing|
[2025-12-09T20:32:40.026+0000] {spark_submit.py:491} INFO - +---+-------+---+-----------+
[2025-12-09T20:32:40.026+0000] {spark_submit.py:491} INFO - 
[2025-12-09T20:32:40.026+0000] {spark_submit.py:491} INFO - 
[2025-12-09T20:32:40.026+0000] {spark_submit.py:491} INFO - 📈 Department Statistics:
[2025-12-09T20:32:40.334+0000] {spark_submit.py:491} INFO - 25/12/09 20:32:40 INFO CodeGenerator: Code generated in 89.830655 ms
[2025-12-09T20:32:40.379+0000] {spark_submit.py:491} INFO - 25/12/09 20:32:40 INFO DAGScheduler: Registering RDD 8 (showString at NativeMethodAccessorImpl.java:0) as input to shuffle 0
[2025-12-09T20:32:40.383+0000] {spark_submit.py:491} INFO - 25/12/09 20:32:40 INFO DAGScheduler: Got map stage job 2 (showString at NativeMethodAccessorImpl.java:0) with 4 output partitions
[2025-12-09T20:32:40.384+0000] {spark_submit.py:491} INFO - 25/12/09 20:32:40 INFO DAGScheduler: Final stage: ShuffleMapStage 2 (showString at NativeMethodAccessorImpl.java:0)
[2025-12-09T20:32:40.385+0000] {spark_submit.py:491} INFO - 25/12/09 20:32:40 INFO DAGScheduler: Parents of final stage: List()
[2025-12-09T20:32:40.385+0000] {spark_submit.py:491} INFO - 25/12/09 20:32:40 INFO DAGScheduler: Missing parents: List()
[2025-12-09T20:32:40.386+0000] {spark_submit.py:491} INFO - 25/12/09 20:32:40 INFO DAGScheduler: Submitting ShuffleMapStage 2 (MapPartitionsRDD[8] at showString at NativeMethodAccessorImpl.java:0), which has no missing parents
[2025-12-09T20:32:40.398+0000] {spark_submit.py:491} INFO - 25/12/09 20:32:40 INFO MemoryStore: Block broadcast_2 stored as values in memory (estimated size 35.9 KiB, free 434.3 MiB)
[2025-12-09T20:32:40.406+0000] {spark_submit.py:491} INFO - 25/12/09 20:32:40 INFO MemoryStore: Block broadcast_2_piece0 stored as bytes in memory (estimated size 17.2 KiB, free 434.3 MiB)
[2025-12-09T20:32:40.409+0000] {spark_submit.py:491} INFO - 25/12/09 20:32:40 INFO BlockManagerInfo: Added broadcast_2_piece0 in memory on 9f0bb37009ef:36081 (size: 17.2 KiB, free: 434.4 MiB)
[2025-12-09T20:32:40.410+0000] {spark_submit.py:491} INFO - 25/12/09 20:32:40 INFO SparkContext: Created broadcast 2 from broadcast at DAGScheduler.scala:1535
[2025-12-09T20:32:40.412+0000] {spark_submit.py:491} INFO - 25/12/09 20:32:40 INFO DAGScheduler: Submitting 4 missing tasks from ShuffleMapStage 2 (MapPartitionsRDD[8] at showString at NativeMethodAccessorImpl.java:0) (first 15 tasks are for partitions Vector(0, 1, 2, 3))
[2025-12-09T20:32:40.413+0000] {spark_submit.py:491} INFO - 25/12/09 20:32:40 INFO TaskSchedulerImpl: Adding task set 2.0 with 4 tasks resource profile 0
[2025-12-09T20:32:40.416+0000] {spark_submit.py:491} INFO - 25/12/09 20:32:40 INFO TaskSetManager: Starting task 0.0 in stage 2.0 (TID 4) (spark-worker, executor 0, partition 0, PROCESS_LOCAL, 7390 bytes)
[2025-12-09T20:32:40.416+0000] {spark_submit.py:491} INFO - 25/12/09 20:32:40 INFO TaskSetManager: Starting task 1.0 in stage 2.0 (TID 5) (spark-worker, executor 0, partition 1, PROCESS_LOCAL, 7382 bytes)
[2025-12-09T20:32:40.417+0000] {spark_submit.py:491} INFO - 25/12/09 20:32:40 INFO TaskSetManager: Starting task 2.0 in stage 2.0 (TID 6) (spark-worker, executor 0, partition 2, PROCESS_LOCAL, 7392 bytes)
[2025-12-09T20:32:40.418+0000] {spark_submit.py:491} INFO - 25/12/09 20:32:40 INFO TaskSetManager: Starting task 3.0 in stage 2.0 (TID 7) (spark-worker, executor 0, partition 3, PROCESS_LOCAL, 7388 bytes)
[2025-12-09T20:32:40.431+0000] {spark_submit.py:491} INFO - 25/12/09 20:32:40 INFO BlockManagerInfo: Removed broadcast_1_piece0 on 9f0bb37009ef:36081 in memory (size: 6.8 KiB, free: 434.4 MiB)
[2025-12-09T20:32:40.446+0000] {spark_submit.py:491} INFO - 25/12/09 20:32:40 INFO BlockManagerInfo: Removed broadcast_1_piece0 on spark-worker:34369 in memory (size: 6.8 KiB, free: 434.4 MiB)
[2025-12-09T20:32:40.456+0000] {spark_submit.py:491} INFO - 25/12/09 20:32:40 INFO BlockManagerInfo: Added broadcast_2_piece0 in memory on spark-worker:34369 (size: 17.2 KiB, free: 434.4 MiB)
[2025-12-09T20:32:40.464+0000] {spark_submit.py:491} INFO - 25/12/09 20:32:40 INFO BlockManagerInfo: Removed broadcast_0_piece0 on 9f0bb37009ef:36081 in memory (size: 6.8 KiB, free: 434.4 MiB)
[2025-12-09T20:32:40.469+0000] {spark_submit.py:491} INFO - 25/12/09 20:32:40 INFO BlockManagerInfo: Removed broadcast_0_piece0 on spark-worker:34369 in memory (size: 6.8 KiB, free: 434.4 MiB)
[2025-12-09T20:32:41.054+0000] {spark_submit.py:491} INFO - 25/12/09 20:32:41 INFO TaskSetManager: Finished task 3.0 in stage 2.0 (TID 7) in 636 ms on spark-worker (executor 0) (1/4)
[2025-12-09T20:32:41.054+0000] {spark_submit.py:491} INFO - 25/12/09 20:32:41 INFO TaskSetManager: Finished task 2.0 in stage 2.0 (TID 6) in 637 ms on spark-worker (executor 0) (2/4)
[2025-12-09T20:32:41.054+0000] {spark_submit.py:491} INFO - 25/12/09 20:32:41 INFO TaskSetManager: Finished task 0.0 in stage 2.0 (TID 4) in 640 ms on spark-worker (executor 0) (3/4)
[2025-12-09T20:32:41.056+0000] {spark_submit.py:491} INFO - 25/12/09 20:32:41 INFO TaskSetManager: Finished task 1.0 in stage 2.0 (TID 5) in 640 ms on spark-worker (executor 0) (4/4)
[2025-12-09T20:32:41.057+0000] {spark_submit.py:491} INFO - 25/12/09 20:32:41 INFO TaskSchedulerImpl: Removed TaskSet 2.0, whose tasks have all completed, from pool
[2025-12-09T20:32:41.063+0000] {spark_submit.py:491} INFO - 25/12/09 20:32:41 INFO DAGScheduler: ShuffleMapStage 2 (showString at NativeMethodAccessorImpl.java:0) finished in 0.675 s
[2025-12-09T20:32:41.064+0000] {spark_submit.py:491} INFO - 25/12/09 20:32:41 INFO DAGScheduler: looking for newly runnable stages
[2025-12-09T20:32:41.065+0000] {spark_submit.py:491} INFO - 25/12/09 20:32:41 INFO DAGScheduler: running: Set()
[2025-12-09T20:32:41.066+0000] {spark_submit.py:491} INFO - 25/12/09 20:32:41 INFO DAGScheduler: waiting: Set()
[2025-12-09T20:32:41.066+0000] {spark_submit.py:491} INFO - 25/12/09 20:32:41 INFO DAGScheduler: failed: Set()
[2025-12-09T20:32:41.093+0000] {spark_submit.py:491} INFO - 25/12/09 20:32:41 INFO ShufflePartitionsUtil: For shuffle(0), advisory target size: 67108864, actual target size 1048576, minimum partition size: 1048576
[2025-12-09T20:32:41.109+0000] {spark_submit.py:491} INFO - 25/12/09 20:32:41 INFO HashAggregateExec: spark.sql.codegen.aggregate.map.twolevel.enabled is set to true, but current version of codegened fast hashmap does not support this aggregate.
[2025-12-09T20:32:41.135+0000] {spark_submit.py:491} INFO - 25/12/09 20:32:41 INFO CodeGenerator: Code generated in 18.638264 ms
[2025-12-09T20:32:41.186+0000] {spark_submit.py:491} INFO - 25/12/09 20:32:41 INFO SparkContext: Starting job: showString at NativeMethodAccessorImpl.java:0
[2025-12-09T20:32:41.190+0000] {spark_submit.py:491} INFO - 25/12/09 20:32:41 INFO DAGScheduler: Got job 3 (showString at NativeMethodAccessorImpl.java:0) with 1 output partitions
[2025-12-09T20:32:41.190+0000] {spark_submit.py:491} INFO - 25/12/09 20:32:41 INFO DAGScheduler: Final stage: ResultStage 4 (showString at NativeMethodAccessorImpl.java:0)
[2025-12-09T20:32:41.190+0000] {spark_submit.py:491} INFO - 25/12/09 20:32:41 INFO DAGScheduler: Parents of final stage: List(ShuffleMapStage 3)
[2025-12-09T20:32:41.190+0000] {spark_submit.py:491} INFO - 25/12/09 20:32:41 INFO DAGScheduler: Missing parents: List()
[2025-12-09T20:32:41.192+0000] {spark_submit.py:491} INFO - 25/12/09 20:32:41 INFO DAGScheduler: Submitting ResultStage 4 (MapPartitionsRDD[11] at showString at NativeMethodAccessorImpl.java:0), which has no missing parents
[2025-12-09T20:32:41.213+0000] {spark_submit.py:491} INFO - 25/12/09 20:32:41 INFO MemoryStore: Block broadcast_3 stored as values in memory (estimated size 38.1 KiB, free 434.3 MiB)
[2025-12-09T20:32:41.219+0000] {spark_submit.py:491} INFO - 25/12/09 20:32:41 INFO MemoryStore: Block broadcast_3_piece0 stored as bytes in memory (estimated size 18.5 KiB, free 434.3 MiB)
[2025-12-09T20:32:41.221+0000] {spark_submit.py:491} INFO - 25/12/09 20:32:41 INFO BlockManagerInfo: Added broadcast_3_piece0 in memory on 9f0bb37009ef:36081 (size: 18.5 KiB, free: 434.4 MiB)
[2025-12-09T20:32:41.222+0000] {spark_submit.py:491} INFO - 25/12/09 20:32:41 INFO SparkContext: Created broadcast 3 from broadcast at DAGScheduler.scala:1535
[2025-12-09T20:32:41.223+0000] {spark_submit.py:491} INFO - 25/12/09 20:32:41 INFO DAGScheduler: Submitting 1 missing tasks from ResultStage 4 (MapPartitionsRDD[11] at showString at NativeMethodAccessorImpl.java:0) (first 15 tasks are for partitions Vector(0))
[2025-12-09T20:32:41.224+0000] {spark_submit.py:491} INFO - 25/12/09 20:32:41 INFO TaskSchedulerImpl: Adding task set 4.0 with 1 tasks resource profile 0
[2025-12-09T20:32:41.235+0000] {spark_submit.py:491} INFO - 25/12/09 20:32:41 INFO TaskSetManager: Starting task 0.0 in stage 4.0 (TID 8) (spark-worker, executor 0, partition 0, NODE_LOCAL, 7367 bytes)
[2025-12-09T20:32:41.267+0000] {spark_submit.py:491} INFO - 25/12/09 20:32:41 INFO BlockManagerInfo: Added broadcast_3_piece0 in memory on spark-worker:34369 (size: 18.5 KiB, free: 434.4 MiB)
[2025-12-09T20:32:41.339+0000] {spark_submit.py:491} INFO - 25/12/09 20:32:41 INFO MapOutputTrackerMasterEndpoint: Asked to send map output locations for shuffle 0 to 172.19.0.7:37262
[2025-12-09T20:32:41.479+0000] {spark_submit.py:491} INFO - 25/12/09 20:32:41 INFO TaskSetManager: Finished task 0.0 in stage 4.0 (TID 8) in 246 ms on spark-worker (executor 0) (1/1)
[2025-12-09T20:32:41.479+0000] {spark_submit.py:491} INFO - 25/12/09 20:32:41 INFO TaskSchedulerImpl: Removed TaskSet 4.0, whose tasks have all completed, from pool
[2025-12-09T20:32:41.482+0000] {spark_submit.py:491} INFO - 25/12/09 20:32:41 INFO DAGScheduler: ResultStage 4 (showString at NativeMethodAccessorImpl.java:0) finished in 0.277 s
[2025-12-09T20:32:41.483+0000] {spark_submit.py:491} INFO - 25/12/09 20:32:41 INFO DAGScheduler: Job 3 is finished. Cancelling potential speculative or zombie tasks for this job
[2025-12-09T20:32:41.483+0000] {spark_submit.py:491} INFO - 25/12/09 20:32:41 INFO TaskSchedulerImpl: Killing all running tasks in stage 4: Stage finished
[2025-12-09T20:32:41.483+0000] {spark_submit.py:491} INFO - 25/12/09 20:32:41 INFO DAGScheduler: Job 3 finished: showString at NativeMethodAccessorImpl.java:0, took 0.296228 s
[2025-12-09T20:32:41.503+0000] {spark_submit.py:491} INFO - 25/12/09 20:32:41 INFO CodeGenerator: Code generated in 11.133449 ms
[2025-12-09T20:32:41.505+0000] {spark_submit.py:491} INFO - +-----------+-----+
[2025-12-09T20:32:41.506+0000] {spark_submit.py:491} INFO - | department|count|
[2025-12-09T20:32:41.506+0000] {spark_submit.py:491} INFO - +-----------+-----+
[2025-12-09T20:32:41.506+0000] {spark_submit.py:491} INFO - |Engineering|    2|
[2025-12-09T20:32:41.506+0000] {spark_submit.py:491} INFO - |      Sales|    1|
[2025-12-09T20:32:41.506+0000] {spark_submit.py:491} INFO - |  Marketing|    1|
[2025-12-09T20:32:41.506+0000] {spark_submit.py:491} INFO - +-----------+-----+
[2025-12-09T20:32:41.506+0000] {spark_submit.py:491} INFO - 
[2025-12-09T20:32:41.506+0000] {spark_submit.py:491} INFO - 
[2025-12-09T20:32:41.506+0000] {spark_submit.py:491} INFO - 💾 Writing results to: s3a://test/***_output_20251209_203241
[2025-12-09T20:32:41.727+0000] {spark_submit.py:491} INFO - 25/12/09 20:32:41 WARN MetricsConfig: Cannot locate configuration: tried hadoop-metrics2-s3a-file-system.properties,hadoop-metrics2.properties
[2025-12-09T20:32:41.744+0000] {spark_submit.py:491} INFO - 25/12/09 20:32:41 INFO MetricsSystemImpl: Scheduled Metric snapshot period at 10 second(s).
[2025-12-09T20:32:41.745+0000] {spark_submit.py:491} INFO - 25/12/09 20:32:41 INFO MetricsSystemImpl: s3a-file-system metrics system started
[2025-12-09T20:32:42.494+0000] {spark_submit.py:491} INFO - 25/12/09 20:32:42 INFO DAGScheduler: Registering RDD 13 (parquet at NativeMethodAccessorImpl.java:0) as input to shuffle 1
[2025-12-09T20:32:42.495+0000] {spark_submit.py:491} INFO - 25/12/09 20:32:42 INFO DAGScheduler: Got map stage job 4 (parquet at NativeMethodAccessorImpl.java:0) with 4 output partitions
[2025-12-09T20:32:42.495+0000] {spark_submit.py:491} INFO - 25/12/09 20:32:42 INFO DAGScheduler: Final stage: ShuffleMapStage 5 (parquet at NativeMethodAccessorImpl.java:0)
[2025-12-09T20:32:42.495+0000] {spark_submit.py:491} INFO - 25/12/09 20:32:42 INFO DAGScheduler: Parents of final stage: List()
[2025-12-09T20:32:42.495+0000] {spark_submit.py:491} INFO - 25/12/09 20:32:42 INFO DAGScheduler: Missing parents: List()
[2025-12-09T20:32:42.496+0000] {spark_submit.py:491} INFO - 25/12/09 20:32:42 INFO DAGScheduler: Submitting ShuffleMapStage 5 (MapPartitionsRDD[13] at parquet at NativeMethodAccessorImpl.java:0), which has no missing parents
[2025-12-09T20:32:42.500+0000] {spark_submit.py:491} INFO - 25/12/09 20:32:42 INFO MemoryStore: Block broadcast_4 stored as values in memory (estimated size 35.9 KiB, free 434.3 MiB)
[2025-12-09T20:32:42.502+0000] {spark_submit.py:491} INFO - 25/12/09 20:32:42 INFO MemoryStore: Block broadcast_4_piece0 stored as bytes in memory (estimated size 17.2 KiB, free 434.2 MiB)
[2025-12-09T20:32:42.504+0000] {spark_submit.py:491} INFO - 25/12/09 20:32:42 INFO BlockManagerInfo: Added broadcast_4_piece0 in memory on 9f0bb37009ef:36081 (size: 17.2 KiB, free: 434.3 MiB)
[2025-12-09T20:32:42.505+0000] {spark_submit.py:491} INFO - 25/12/09 20:32:42 INFO SparkContext: Created broadcast 4 from broadcast at DAGScheduler.scala:1535
[2025-12-09T20:32:42.507+0000] {spark_submit.py:491} INFO - 25/12/09 20:32:42 INFO DAGScheduler: Submitting 4 missing tasks from ShuffleMapStage 5 (MapPartitionsRDD[13] at parquet at NativeMethodAccessorImpl.java:0) (first 15 tasks are for partitions Vector(0, 1, 2, 3))
[2025-12-09T20:32:42.507+0000] {spark_submit.py:491} INFO - 25/12/09 20:32:42 INFO TaskSchedulerImpl: Adding task set 5.0 with 4 tasks resource profile 0
[2025-12-09T20:32:42.510+0000] {spark_submit.py:491} INFO - 25/12/09 20:32:42 INFO TaskSetManager: Starting task 0.0 in stage 5.0 (TID 9) (spark-worker, executor 0, partition 0, PROCESS_LOCAL, 7390 bytes)
[2025-12-09T20:32:42.511+0000] {spark_submit.py:491} INFO - 25/12/09 20:32:42 INFO TaskSetManager: Starting task 1.0 in stage 5.0 (TID 10) (spark-worker, executor 0, partition 1, PROCESS_LOCAL, 7382 bytes)
[2025-12-09T20:32:42.512+0000] {spark_submit.py:491} INFO - 25/12/09 20:32:42 INFO TaskSetManager: Starting task 2.0 in stage 5.0 (TID 11) (spark-worker, executor 0, partition 2, PROCESS_LOCAL, 7392 bytes)
[2025-12-09T20:32:42.513+0000] {spark_submit.py:491} INFO - 25/12/09 20:32:42 INFO TaskSetManager: Starting task 3.0 in stage 5.0 (TID 12) (spark-worker, executor 0, partition 3, PROCESS_LOCAL, 7388 bytes)
[2025-12-09T20:32:42.546+0000] {spark_submit.py:491} INFO - 25/12/09 20:32:42 INFO BlockManagerInfo: Added broadcast_4_piece0 in memory on spark-worker:34369 (size: 17.2 KiB, free: 434.3 MiB)
[2025-12-09T20:32:42.628+0000] {spark_submit.py:491} INFO - 25/12/09 20:32:42 INFO TaskSetManager: Finished task 1.0 in stage 5.0 (TID 10) in 116 ms on spark-worker (executor 0) (1/4)
[2025-12-09T20:32:42.629+0000] {spark_submit.py:491} INFO - 25/12/09 20:32:42 INFO TaskSetManager: Finished task 0.0 in stage 5.0 (TID 9) in 118 ms on spark-worker (executor 0) (2/4)
[2025-12-09T20:32:42.632+0000] {spark_submit.py:491} INFO - 25/12/09 20:32:42 INFO TaskSetManager: Finished task 3.0 in stage 5.0 (TID 12) in 119 ms on spark-worker (executor 0) (3/4)
[2025-12-09T20:32:42.635+0000] {spark_submit.py:491} INFO - 25/12/09 20:32:42 INFO TaskSetManager: Finished task 2.0 in stage 5.0 (TID 11) in 123 ms on spark-worker (executor 0) (4/4)
[2025-12-09T20:32:42.635+0000] {spark_submit.py:491} INFO - 25/12/09 20:32:42 INFO TaskSchedulerImpl: Removed TaskSet 5.0, whose tasks have all completed, from pool
[2025-12-09T20:32:42.638+0000] {spark_submit.py:491} INFO - 25/12/09 20:32:42 INFO DAGScheduler: ShuffleMapStage 5 (parquet at NativeMethodAccessorImpl.java:0) finished in 0.141 s
[2025-12-09T20:32:42.638+0000] {spark_submit.py:491} INFO - 25/12/09 20:32:42 INFO DAGScheduler: looking for newly runnable stages
[2025-12-09T20:32:42.639+0000] {spark_submit.py:491} INFO - 25/12/09 20:32:42 INFO DAGScheduler: running: Set()
[2025-12-09T20:32:42.639+0000] {spark_submit.py:491} INFO - 25/12/09 20:32:42 INFO DAGScheduler: waiting: Set()
[2025-12-09T20:32:42.639+0000] {spark_submit.py:491} INFO - 25/12/09 20:32:42 INFO DAGScheduler: failed: Set()
[2025-12-09T20:32:42.647+0000] {spark_submit.py:491} INFO - 25/12/09 20:32:42 INFO ShufflePartitionsUtil: For shuffle(1), advisory target size: 67108864, actual target size 1048576, minimum partition size: 1048576
[2025-12-09T20:32:42.778+0000] {spark_submit.py:491} INFO - 25/12/09 20:32:42 WARN InstanceMetadataServiceResourceFetcher: Fail to retrieve token
[2025-12-09T20:32:42.778+0000] {spark_submit.py:491} INFO - com.amazonaws.SdkClientException: Failed to connect to service endpoint:
[2025-12-09T20:32:42.778+0000] {spark_submit.py:491} INFO - at com.amazonaws.internal.EC2ResourceFetcher.doReadResource(EC2ResourceFetcher.java:100)
[2025-12-09T20:32:42.778+0000] {spark_submit.py:491} INFO - at com.amazonaws.internal.InstanceMetadataServiceResourceFetcher.getToken(InstanceMetadataServiceResourceFetcher.java:91)
[2025-12-09T20:32:42.778+0000] {spark_submit.py:491} INFO - at com.amazonaws.internal.InstanceMetadataServiceResourceFetcher.readResource(InstanceMetadataServiceResourceFetcher.java:69)
[2025-12-09T20:32:42.778+0000] {spark_submit.py:491} INFO - at com.amazonaws.internal.EC2ResourceFetcher.readResource(EC2ResourceFetcher.java:66)
[2025-12-09T20:32:42.778+0000] {spark_submit.py:491} INFO - at com.amazonaws.auth.InstanceMetadataServiceCredentialsFetcher.getCredentialsEndpoint(InstanceMetadataServiceCredentialsFetcher.java:60)
[2025-12-09T20:32:42.779+0000] {spark_submit.py:491} INFO - at com.amazonaws.auth.InstanceMetadataServiceCredentialsFetcher.getCredentialsResponse(InstanceMetadataServiceCredentialsFetcher.java:48)
[2025-12-09T20:32:42.779+0000] {spark_submit.py:491} INFO - at com.amazonaws.auth.BaseCredentialsFetcher.fetchCredentials(BaseCredentialsFetcher.java:124)
[2025-12-09T20:32:42.779+0000] {spark_submit.py:491} INFO - at com.amazonaws.auth.BaseCredentialsFetcher.getCredentials(BaseCredentialsFetcher.java:80)
[2025-12-09T20:32:42.779+0000] {spark_submit.py:491} INFO - at com.amazonaws.auth.InstanceProfileCredentialsProvider.getCredentials(InstanceProfileCredentialsProvider.java:166)
[2025-12-09T20:32:42.779+0000] {spark_submit.py:491} INFO - at com.amazonaws.auth.EC2ContainerCredentialsProviderWrapper.getCredentials(EC2ContainerCredentialsProviderWrapper.java:75)
[2025-12-09T20:32:42.779+0000] {spark_submit.py:491} INFO - at org.apache.hadoop.fs.s3a.auth.IAMInstanceCredentialsProvider.getCredentials(IAMInstanceCredentialsProvider.java:64)
[2025-12-09T20:32:42.779+0000] {spark_submit.py:491} INFO - at org.apache.hadoop.fs.s3a.AWSCredentialProviderList.getCredentials(AWSCredentialProviderList.java:177)
[2025-12-09T20:32:42.779+0000] {spark_submit.py:491} INFO - at com.amazonaws.http.AmazonHttpClient$RequestExecutor.getCredentialsFromContext(AmazonHttpClient.java:1269)
[2025-12-09T20:32:42.779+0000] {spark_submit.py:491} INFO - at com.amazonaws.http.AmazonHttpClient$RequestExecutor.runBeforeRequestHandlers(AmazonHttpClient.java:845)
[2025-12-09T20:32:42.779+0000] {spark_submit.py:491} INFO - at com.amazonaws.http.AmazonHttpClient$RequestExecutor.doExecute(AmazonHttpClient.java:794)
[2025-12-09T20:32:42.779+0000] {spark_submit.py:491} INFO - at com.amazonaws.http.AmazonHttpClient$RequestExecutor.executeWithTimer(AmazonHttpClient.java:781)
[2025-12-09T20:32:42.779+0000] {spark_submit.py:491} INFO - at com.amazonaws.http.AmazonHttpClient$RequestExecutor.execute(AmazonHttpClient.java:755)
[2025-12-09T20:32:42.779+0000] {spark_submit.py:491} INFO - at com.amazonaws.http.AmazonHttpClient$RequestExecutor.access$500(AmazonHttpClient.java:715)
[2025-12-09T20:32:42.779+0000] {spark_submit.py:491} INFO - at com.amazonaws.http.AmazonHttpClient$RequestExecutionBuilderImpl.execute(AmazonHttpClient.java:697)
[2025-12-09T20:32:42.779+0000] {spark_submit.py:491} INFO - at com.amazonaws.http.AmazonHttpClient.execute(AmazonHttpClient.java:561)
[2025-12-09T20:32:42.779+0000] {spark_submit.py:491} INFO - at com.amazonaws.http.AmazonHttpClient.execute(AmazonHttpClient.java:541)
[2025-12-09T20:32:42.779+0000] {spark_submit.py:491} INFO - at com.amazonaws.services.s3.AmazonS3Client.invoke(AmazonS3Client.java:5456)
[2025-12-09T20:32:42.779+0000] {spark_submit.py:491} INFO - at com.amazonaws.services.s3.AmazonS3Client.getBucketRegionViaHeadRequest(AmazonS3Client.java:6431)
[2025-12-09T20:32:42.779+0000] {spark_submit.py:491} INFO - at com.amazonaws.services.s3.AmazonS3Client.fetchRegionFromCache(AmazonS3Client.java:6404)
[2025-12-09T20:32:42.779+0000] {spark_submit.py:491} INFO - at com.amazonaws.services.s3.AmazonS3Client.invoke(AmazonS3Client.java:5441)
[2025-12-09T20:32:42.780+0000] {spark_submit.py:491} INFO - at com.amazonaws.services.s3.AmazonS3Client.invoke(AmazonS3Client.java:5403)
[2025-12-09T20:32:42.780+0000] {spark_submit.py:491} INFO - at com.amazonaws.services.s3.AmazonS3Client.getObjectMetadata(AmazonS3Client.java:1372)
[2025-12-09T20:32:42.780+0000] {spark_submit.py:491} INFO - at org.apache.hadoop.fs.s3a.S3AFileSystem.lambda$getObjectMetadata$10(S3AFileSystem.java:2545)
[2025-12-09T20:32:42.780+0000] {spark_submit.py:491} INFO - at org.apache.hadoop.fs.s3a.Invoker.retryUntranslated(Invoker.java:414)
[2025-12-09T20:32:42.780+0000] {spark_submit.py:491} INFO - at org.apache.hadoop.fs.s3a.Invoker.retryUntranslated(Invoker.java:377)
[2025-12-09T20:32:42.780+0000] {spark_submit.py:491} INFO - at org.apache.hadoop.fs.s3a.S3AFileSystem.getObjectMetadata(S3AFileSystem.java:2533)
[2025-12-09T20:32:42.780+0000] {spark_submit.py:491} INFO - at org.apache.hadoop.fs.s3a.S3AFileSystem.getObjectMetadata(S3AFileSystem.java:2513)
[2025-12-09T20:32:42.780+0000] {spark_submit.py:491} INFO - at org.apache.hadoop.fs.s3a.S3AFileSystem.s3GetFileStatus(S3AFileSystem.java:3776)
[2025-12-09T20:32:42.780+0000] {spark_submit.py:491} INFO - at org.apache.hadoop.fs.s3a.S3AFileSystem.innerGetFileStatus(S3AFileSystem.java:3688)
[2025-12-09T20:32:42.780+0000] {spark_submit.py:491} INFO - at org.apache.hadoop.fs.s3a.S3AFileSystem.lambda$exists$34(S3AFileSystem.java:4703)
[2025-12-09T20:32:42.780+0000] {spark_submit.py:491} INFO - at org.apache.hadoop.fs.statistics.impl.IOStatisticsBinding.lambda$trackDurationOfOperation$5(IOStatisticsBinding.java:499)
[2025-12-09T20:32:42.780+0000] {spark_submit.py:491} INFO - at org.apache.hadoop.fs.statistics.impl.IOStatisticsBinding.trackDuration(IOStatisticsBinding.java:444)
[2025-12-09T20:32:42.780+0000] {spark_submit.py:491} INFO - at org.apache.hadoop.fs.s3a.S3AFileSystem.trackDurationAndSpan(S3AFileSystem.java:2337)
[2025-12-09T20:32:42.780+0000] {spark_submit.py:491} INFO - at org.apache.hadoop.fs.s3a.S3AFileSystem.trackDurationAndSpan(S3AFileSystem.java:2356)
[2025-12-09T20:32:42.780+0000] {spark_submit.py:491} INFO - at org.apache.hadoop.fs.s3a.S3AFileSystem.exists(S3AFileSystem.java:4701)
[2025-12-09T20:32:42.780+0000] {spark_submit.py:491} INFO - at org.apache.spark.sql.execution.datasources.InsertIntoHadoopFsRelationCommand.run(InsertIntoHadoopFsRelationCommand.scala:120)
[2025-12-09T20:32:42.780+0000] {spark_submit.py:491} INFO - at org.apache.spark.sql.execution.command.DataWritingCommandExec.sideEffectResult$lzycompute(commands.scala:113)
[2025-12-09T20:32:42.780+0000] {spark_submit.py:491} INFO - at org.apache.spark.sql.execution.command.DataWritingCommandExec.sideEffectResult(commands.scala:111)
[2025-12-09T20:32:42.780+0000] {spark_submit.py:491} INFO - at org.apache.spark.sql.execution.command.DataWritingCommandExec.executeCollect(commands.scala:125)
[2025-12-09T20:32:42.780+0000] {spark_submit.py:491} INFO - at org.apache.spark.sql.execution.adaptive.AdaptiveSparkPlanExec.$anonfun$executeCollect$1(AdaptiveSparkPlanExec.scala:354)
[2025-12-09T20:32:42.780+0000] {spark_submit.py:491} INFO - at org.apache.spark.sql.execution.adaptive.AdaptiveSparkPlanExec.withFinalPlanUpdate(AdaptiveSparkPlanExec.scala:382)
[2025-12-09T20:32:42.781+0000] {spark_submit.py:491} INFO - at org.apache.spark.sql.execution.adaptive.AdaptiveSparkPlanExec.executeCollect(AdaptiveSparkPlanExec.scala:354)
[2025-12-09T20:32:42.781+0000] {spark_submit.py:491} INFO - at org.apache.spark.sql.execution.QueryExecution$$anonfun$eagerlyExecuteCommands$1.$anonfun$applyOrElse$1(QueryExecution.scala:98)
[2025-12-09T20:32:42.781+0000] {spark_submit.py:491} INFO - at org.apache.spark.sql.execution.SQLExecution$.$anonfun$withNewExecutionId$6(SQLExecution.scala:118)
[2025-12-09T20:32:42.781+0000] {spark_submit.py:491} INFO - at org.apache.spark.sql.execution.SQLExecution$.withSQLConfPropagated(SQLExecution.scala:195)
[2025-12-09T20:32:42.781+0000] {spark_submit.py:491} INFO - at org.apache.spark.sql.execution.SQLExecution$.$anonfun$withNewExecutionId$1(SQLExecution.scala:103)
[2025-12-09T20:32:42.781+0000] {spark_submit.py:491} INFO - at org.apache.spark.sql.SparkSession.withActive(SparkSession.scala:827)
[2025-12-09T20:32:42.781+0000] {spark_submit.py:491} INFO - at org.apache.spark.sql.execution.SQLExecution$.withNewExecutionId(SQLExecution.scala:65)
[2025-12-09T20:32:42.781+0000] {spark_submit.py:491} INFO - at org.apache.spark.sql.execution.QueryExecution$$anonfun$eagerlyExecuteCommands$1.applyOrElse(QueryExecution.scala:98)
[2025-12-09T20:32:42.781+0000] {spark_submit.py:491} INFO - at org.apache.spark.sql.execution.QueryExecution$$anonfun$eagerlyExecuteCommands$1.applyOrElse(QueryExecution.scala:94)
[2025-12-09T20:32:42.781+0000] {spark_submit.py:491} INFO - at org.apache.spark.sql.catalyst.trees.TreeNode.$anonfun$transformDownWithPruning$1(TreeNode.scala:512)
[2025-12-09T20:32:42.781+0000] {spark_submit.py:491} INFO - at org.apache.spark.sql.catalyst.trees.CurrentOrigin$.withOrigin(TreeNode.scala:104)
[2025-12-09T20:32:42.781+0000] {spark_submit.py:491} INFO - at org.apache.spark.sql.catalyst.trees.TreeNode.transformDownWithPruning(TreeNode.scala:512)
[2025-12-09T20:32:42.781+0000] {spark_submit.py:491} INFO - at org.apache.spark.sql.catalyst.plans.logical.LogicalPlan.org$apache$spark$sql$catalyst$plans$logical$AnalysisHelper$$super$transformDownWithPruning(LogicalPlan.scala:31)
[2025-12-09T20:32:42.781+0000] {spark_submit.py:491} INFO - at org.apache.spark.sql.catalyst.plans.logical.AnalysisHelper.transformDownWithPruning(AnalysisHelper.scala:267)
[2025-12-09T20:32:42.781+0000] {spark_submit.py:491} INFO - at org.apache.spark.sql.catalyst.plans.logical.AnalysisHelper.transformDownWithPruning$(AnalysisHelper.scala:263)
[2025-12-09T20:32:42.781+0000] {spark_submit.py:491} INFO - at org.apache.spark.sql.catalyst.plans.logical.LogicalPlan.transformDownWithPruning(LogicalPlan.scala:31)
[2025-12-09T20:32:42.781+0000] {spark_submit.py:491} INFO - at org.apache.spark.sql.catalyst.plans.logical.LogicalPlan.transformDownWithPruning(LogicalPlan.scala:31)
[2025-12-09T20:32:42.781+0000] {spark_submit.py:491} INFO - at org.apache.spark.sql.catalyst.trees.TreeNode.transformDown(TreeNode.scala:488)
[2025-12-09T20:32:42.781+0000] {spark_submit.py:491} INFO - at org.apache.spark.sql.execution.QueryExecution.eagerlyExecuteCommands(QueryExecution.scala:94)
[2025-12-09T20:32:42.781+0000] {spark_submit.py:491} INFO - at org.apache.spark.sql.execution.QueryExecution.commandExecuted$lzycompute(QueryExecution.scala:81)
[2025-12-09T20:32:42.782+0000] {spark_submit.py:491} INFO - at org.apache.spark.sql.execution.QueryExecution.commandExecuted(QueryExecution.scala:79)
[2025-12-09T20:32:42.782+0000] {spark_submit.py:491} INFO - at org.apache.spark.sql.execution.QueryExecution.assertCommandExecuted(QueryExecution.scala:133)
[2025-12-09T20:32:42.782+0000] {spark_submit.py:491} INFO - at org.apache.spark.sql.DataFrameWriter.runCommand(DataFrameWriter.scala:856)
[2025-12-09T20:32:42.782+0000] {spark_submit.py:491} INFO - at org.apache.spark.sql.DataFrameWriter.saveToV1Source(DataFrameWriter.scala:387)
[2025-12-09T20:32:42.782+0000] {spark_submit.py:491} INFO - at org.apache.spark.sql.DataFrameWriter.saveInternal(DataFrameWriter.scala:360)
[2025-12-09T20:32:42.782+0000] {spark_submit.py:491} INFO - at org.apache.spark.sql.DataFrameWriter.save(DataFrameWriter.scala:239)
[2025-12-09T20:32:42.782+0000] {spark_submit.py:491} INFO - at org.apache.spark.sql.DataFrameWriter.parquet(DataFrameWriter.scala:789)
[2025-12-09T20:32:42.782+0000] {spark_submit.py:491} INFO - at java.base/jdk.internal.reflect.NativeMethodAccessorImpl.invoke0(Native Method)
[2025-12-09T20:32:42.782+0000] {spark_submit.py:491} INFO - at java.base/jdk.internal.reflect.NativeMethodAccessorImpl.invoke(NativeMethodAccessorImpl.java:77)
[2025-12-09T20:32:42.782+0000] {spark_submit.py:491} INFO - at java.base/jdk.internal.reflect.DelegatingMethodAccessorImpl.invoke(DelegatingMethodAccessorImpl.java:43)
[2025-12-09T20:32:42.782+0000] {spark_submit.py:491} INFO - at java.base/java.lang.reflect.Method.invoke(Method.java:569)
[2025-12-09T20:32:42.782+0000] {spark_submit.py:491} INFO - at py4j.reflection.MethodInvoker.invoke(MethodInvoker.java:244)
[2025-12-09T20:32:42.782+0000] {spark_submit.py:491} INFO - at py4j.reflection.ReflectionEngine.invoke(ReflectionEngine.java:374)
[2025-12-09T20:32:42.782+0000] {spark_submit.py:491} INFO - at py4j.Gateway.invoke(Gateway.java:282)
[2025-12-09T20:32:42.782+0000] {spark_submit.py:491} INFO - at py4j.commands.AbstractCommand.invokeMethod(AbstractCommand.java:132)
[2025-12-09T20:32:42.782+0000] {spark_submit.py:491} INFO - at py4j.commands.CallCommand.execute(CallCommand.java:79)
[2025-12-09T20:32:42.782+0000] {spark_submit.py:491} INFO - at py4j.ClientServerConnection.waitForCommands(ClientServerConnection.java:182)
[2025-12-09T20:32:42.782+0000] {spark_submit.py:491} INFO - at py4j.ClientServerConnection.run(ClientServerConnection.java:106)
[2025-12-09T20:32:42.782+0000] {spark_submit.py:491} INFO - at java.base/java.lang.Thread.run(Thread.java:840)
[2025-12-09T20:32:42.782+0000] {spark_submit.py:491} INFO - Caused by: java.net.ConnectException: Connection refused
[2025-12-09T20:32:42.782+0000] {spark_submit.py:491} INFO - at java.base/sun.nio.ch.Net.pollConnect(Native Method)
[2025-12-09T20:32:42.782+0000] {spark_submit.py:491} INFO - at java.base/sun.nio.ch.Net.pollConnectNow(Net.java:672)
[2025-12-09T20:32:42.782+0000] {spark_submit.py:491} INFO - at java.base/sun.nio.ch.NioSocketImpl.timedFinishConnect(NioSocketImpl.java:554)
[2025-12-09T20:32:42.782+0000] {spark_submit.py:491} INFO - at java.base/sun.nio.ch.NioSocketImpl.connect(NioSocketImpl.java:602)
[2025-12-09T20:32:42.782+0000] {spark_submit.py:491} INFO - at java.base/java.net.Socket.connect(Socket.java:633)
[2025-12-09T20:32:42.782+0000] {spark_submit.py:491} INFO - at java.base/sun.net.NetworkClient.doConnect(NetworkClient.java:178)
[2025-12-09T20:32:42.782+0000] {spark_submit.py:491} INFO - at java.base/sun.net.www.http.HttpClient.openServer(HttpClient.java:533)
[2025-12-09T20:32:42.782+0000] {spark_submit.py:491} INFO - at java.base/sun.net.www.http.HttpClient.openServer(HttpClient.java:638)
[2025-12-09T20:32:42.782+0000] {spark_submit.py:491} INFO - at java.base/sun.net.www.http.HttpClient.<init>(HttpClient.java:283)
[2025-12-09T20:32:42.782+0000] {spark_submit.py:491} INFO - at java.base/sun.net.www.http.HttpClient.New(HttpClient.java:386)
[2025-12-09T20:32:42.782+0000] {spark_submit.py:491} INFO - at java.base/sun.net.www.http.HttpClient.New(HttpClient.java:408)
[2025-12-09T20:32:42.782+0000] {spark_submit.py:491} INFO - at java.base/sun.net.www.protocol.http.HttpURLConnection.getNewHttpClient(HttpURLConnection.java:1329)
[2025-12-09T20:32:42.782+0000] {spark_submit.py:491} INFO - at java.base/sun.net.www.protocol.http.HttpURLConnection.plainConnect0(HttpURLConnection.java:1307)
[2025-12-09T20:32:42.782+0000] {spark_submit.py:491} INFO - at java.base/sun.net.www.protocol.http.HttpURLConnection.plainConnect(HttpURLConnection.java:1148)
[2025-12-09T20:32:42.782+0000] {spark_submit.py:491} INFO - at java.base/sun.net.www.protocol.http.HttpURLConnection.connect(HttpURLConnection.java:1077)
[2025-12-09T20:32:42.782+0000] {spark_submit.py:491} INFO - at com.amazonaws.internal.ConnectionUtils.connectToEndpoint(ConnectionUtils.java:95)
[2025-12-09T20:32:42.782+0000] {spark_submit.py:491} INFO - at com.amazonaws.internal.EC2ResourceFetcher.doReadResource(EC2ResourceFetcher.java:80)
[2025-12-09T20:32:42.782+0000] {spark_submit.py:491} INFO - ... 84 more
[2025-12-09T20:32:43.061+0000] {spark_submit.py:491} INFO - Traceback (most recent call last):
[2025-12-09T20:32:43.061+0000] {spark_submit.py:491} INFO - File "/opt/***/jobs/***_spark_job.py", line 98, in <module>
[2025-12-09T20:32:43.062+0000] {spark_submit.py:491} INFO - main()
[2025-12-09T20:32:43.062+0000] {spark_submit.py:491} INFO - File "/opt/***/jobs/***_spark_job.py", line 89, in main
[2025-12-09T20:32:43.062+0000] {spark_submit.py:491} INFO - dept_stats.write.mode("overwrite").parquet(output_path)
[2025-12-09T20:32:43.062+0000] {spark_submit.py:491} INFO - File "/home/***/.local/lib/python3.9/site-packages/pyspark/python/lib/pyspark.zip/pyspark/sql/readwriter.py", line 1656, in parquet
[2025-12-09T20:32:43.062+0000] {spark_submit.py:491} INFO - File "/home/***/.local/lib/python3.9/site-packages/pyspark/python/lib/py4j-0.10.9.7-src.zip/py4j/java_gateway.py", line 1322, in __call__
[2025-12-09T20:32:43.062+0000] {spark_submit.py:491} INFO - File "/home/***/.local/lib/python3.9/site-packages/pyspark/python/lib/pyspark.zip/pyspark/errors/exceptions/captured.py", line 169, in deco
[2025-12-09T20:32:43.062+0000] {spark_submit.py:491} INFO - File "/home/***/.local/lib/python3.9/site-packages/pyspark/python/lib/py4j-0.10.9.7-src.zip/py4j/protocol.py", line 326, in get_return_value
[2025-12-09T20:32:43.105+0000] {spark_submit.py:491} INFO - py4j.protocol.Py4JJavaError: An error occurred while calling o51.parquet.
[2025-12-09T20:32:43.106+0000] {spark_submit.py:491} INFO - : java.nio.file.AccessDeniedException: s3a://test/***_output_20251209_203241: org.apache.hadoop.fs.s3a.auth.NoAuthWithAWSException: No AWS Credentials provided by TemporaryAWSCredentialsProvider SimpleAWSCredentialsProvider EnvironmentVariableCredentialsProvider IAMInstanceCredentialsProvider : com.amazonaws.SdkClientException: Unable to load AWS credentials from environment variables (AWS_ACCESS_KEY_ID (or AWS_ACCESS_KEY) and AWS_SECRET_KEY (or AWS_SECRET_ACCESS_KEY))
[2025-12-09T20:32:43.106+0000] {spark_submit.py:491} INFO - at org.apache.hadoop.fs.s3a.S3AUtils.translateException(S3AUtils.java:212)
[2025-12-09T20:32:43.106+0000] {spark_submit.py:491} INFO - at org.apache.hadoop.fs.s3a.S3AUtils.translateException(S3AUtils.java:175)
[2025-12-09T20:32:43.106+0000] {spark_submit.py:491} INFO - at org.apache.hadoop.fs.s3a.S3AFileSystem.s3GetFileStatus(S3AFileSystem.java:3799)
[2025-12-09T20:32:43.106+0000] {spark_submit.py:491} INFO - at org.apache.hadoop.fs.s3a.S3AFileSystem.innerGetFileStatus(S3AFileSystem.java:3688)
[2025-12-09T20:32:43.106+0000] {spark_submit.py:491} INFO - at org.apache.hadoop.fs.s3a.S3AFileSystem.lambda$exists$34(S3AFileSystem.java:4703)
[2025-12-09T20:32:43.106+0000] {spark_submit.py:491} INFO - at org.apache.hadoop.fs.statistics.impl.IOStatisticsBinding.lambda$trackDurationOfOperation$5(IOStatisticsBinding.java:499)
[2025-12-09T20:32:43.106+0000] {spark_submit.py:491} INFO - at org.apache.hadoop.fs.statistics.impl.IOStatisticsBinding.trackDuration(IOStatisticsBinding.java:444)
[2025-12-09T20:32:43.106+0000] {spark_submit.py:491} INFO - at org.apache.hadoop.fs.s3a.S3AFileSystem.trackDurationAndSpan(S3AFileSystem.java:2337)
[2025-12-09T20:32:43.106+0000] {spark_submit.py:491} INFO - at org.apache.hadoop.fs.s3a.S3AFileSystem.trackDurationAndSpan(S3AFileSystem.java:2356)
[2025-12-09T20:32:43.106+0000] {spark_submit.py:491} INFO - at org.apache.hadoop.fs.s3a.S3AFileSystem.exists(S3AFileSystem.java:4701)
[2025-12-09T20:32:43.106+0000] {spark_submit.py:491} INFO - at org.apache.spark.sql.execution.datasources.InsertIntoHadoopFsRelationCommand.run(InsertIntoHadoopFsRelationCommand.scala:120)
[2025-12-09T20:32:43.106+0000] {spark_submit.py:491} INFO - at org.apache.spark.sql.execution.command.DataWritingCommandExec.sideEffectResult$lzycompute(commands.scala:113)
[2025-12-09T20:32:43.106+0000] {spark_submit.py:491} INFO - at org.apache.spark.sql.execution.command.DataWritingCommandExec.sideEffectResult(commands.scala:111)
[2025-12-09T20:32:43.106+0000] {spark_submit.py:491} INFO - at org.apache.spark.sql.execution.command.DataWritingCommandExec.executeCollect(commands.scala:125)
[2025-12-09T20:32:43.106+0000] {spark_submit.py:491} INFO - at org.apache.spark.sql.execution.adaptive.AdaptiveSparkPlanExec.$anonfun$executeCollect$1(AdaptiveSparkPlanExec.scala:354)
[2025-12-09T20:32:43.106+0000] {spark_submit.py:491} INFO - at org.apache.spark.sql.execution.adaptive.AdaptiveSparkPlanExec.withFinalPlanUpdate(AdaptiveSparkPlanExec.scala:382)
[2025-12-09T20:32:43.106+0000] {spark_submit.py:491} INFO - at org.apache.spark.sql.execution.adaptive.AdaptiveSparkPlanExec.executeCollect(AdaptiveSparkPlanExec.scala:354)
[2025-12-09T20:32:43.106+0000] {spark_submit.py:491} INFO - at org.apache.spark.sql.execution.QueryExecution$$anonfun$eagerlyExecuteCommands$1.$anonfun$applyOrElse$1(QueryExecution.scala:98)
[2025-12-09T20:32:43.106+0000] {spark_submit.py:491} INFO - at org.apache.spark.sql.execution.SQLExecution$.$anonfun$withNewExecutionId$6(SQLExecution.scala:118)
[2025-12-09T20:32:43.106+0000] {spark_submit.py:491} INFO - at org.apache.spark.sql.execution.SQLExecution$.withSQLConfPropagated(SQLExecution.scala:195)
[2025-12-09T20:32:43.106+0000] {spark_submit.py:491} INFO - at org.apache.spark.sql.execution.SQLExecution$.$anonfun$withNewExecutionId$1(SQLExecution.scala:103)
[2025-12-09T20:32:43.106+0000] {spark_submit.py:491} INFO - at org.apache.spark.sql.SparkSession.withActive(SparkSession.scala:827)
[2025-12-09T20:32:43.106+0000] {spark_submit.py:491} INFO - at org.apache.spark.sql.execution.SQLExecution$.withNewExecutionId(SQLExecution.scala:65)
[2025-12-09T20:32:43.106+0000] {spark_submit.py:491} INFO - at org.apache.spark.sql.execution.QueryExecution$$anonfun$eagerlyExecuteCommands$1.applyOrElse(QueryExecution.scala:98)
[2025-12-09T20:32:43.106+0000] {spark_submit.py:491} INFO - at org.apache.spark.sql.execution.QueryExecution$$anonfun$eagerlyExecuteCommands$1.applyOrElse(QueryExecution.scala:94)
[2025-12-09T20:32:43.106+0000] {spark_submit.py:491} INFO - at org.apache.spark.sql.catalyst.trees.TreeNode.$anonfun$transformDownWithPruning$1(TreeNode.scala:512)
[2025-12-09T20:32:43.106+0000] {spark_submit.py:491} INFO - at org.apache.spark.sql.catalyst.trees.CurrentOrigin$.withOrigin(TreeNode.scala:104)
[2025-12-09T20:32:43.106+0000] {spark_submit.py:491} INFO - at org.apache.spark.sql.catalyst.trees.TreeNode.transformDownWithPruning(TreeNode.scala:512)
[2025-12-09T20:32:43.107+0000] {spark_submit.py:491} INFO - at org.apache.spark.sql.catalyst.plans.logical.LogicalPlan.org$apache$spark$sql$catalyst$plans$logical$AnalysisHelper$$super$transformDownWithPruning(LogicalPlan.scala:31)
[2025-12-09T20:32:43.107+0000] {spark_submit.py:491} INFO - at org.apache.spark.sql.catalyst.plans.logical.AnalysisHelper.transformDownWithPruning(AnalysisHelper.scala:267)
[2025-12-09T20:32:43.107+0000] {spark_submit.py:491} INFO - at org.apache.spark.sql.catalyst.plans.logical.AnalysisHelper.transformDownWithPruning$(AnalysisHelper.scala:263)
[2025-12-09T20:32:43.107+0000] {spark_submit.py:491} INFO - at org.apache.spark.sql.catalyst.plans.logical.LogicalPlan.transformDownWithPruning(LogicalPlan.scala:31)
[2025-12-09T20:32:43.107+0000] {spark_submit.py:491} INFO - at org.apache.spark.sql.catalyst.plans.logical.LogicalPlan.transformDownWithPruning(LogicalPlan.scala:31)
[2025-12-09T20:32:43.107+0000] {spark_submit.py:491} INFO - at org.apache.spark.sql.catalyst.trees.TreeNode.transformDown(TreeNode.scala:488)
[2025-12-09T20:32:43.107+0000] {spark_submit.py:491} INFO - at org.apache.spark.sql.execution.QueryExecution.eagerlyExecuteCommands(QueryExecution.scala:94)
[2025-12-09T20:32:43.107+0000] {spark_submit.py:491} INFO - at org.apache.spark.sql.execution.QueryExecution.commandExecuted$lzycompute(QueryExecution.scala:81)
[2025-12-09T20:32:43.107+0000] {spark_submit.py:491} INFO - at org.apache.spark.sql.execution.QueryExecution.commandExecuted(QueryExecution.scala:79)
[2025-12-09T20:32:43.107+0000] {spark_submit.py:491} INFO - at org.apache.spark.sql.execution.QueryExecution.assertCommandExecuted(QueryExecution.scala:133)
[2025-12-09T20:32:43.107+0000] {spark_submit.py:491} INFO - at org.apache.spark.sql.DataFrameWriter.runCommand(DataFrameWriter.scala:856)
[2025-12-09T20:32:43.107+0000] {spark_submit.py:491} INFO - at org.apache.spark.sql.DataFrameWriter.saveToV1Source(DataFrameWriter.scala:387)
[2025-12-09T20:32:43.107+0000] {spark_submit.py:491} INFO - at org.apache.spark.sql.DataFrameWriter.saveInternal(DataFrameWriter.scala:360)
[2025-12-09T20:32:43.107+0000] {spark_submit.py:491} INFO - at org.apache.spark.sql.DataFrameWriter.save(DataFrameWriter.scala:239)
[2025-12-09T20:32:43.107+0000] {spark_submit.py:491} INFO - at org.apache.spark.sql.DataFrameWriter.parquet(DataFrameWriter.scala:789)
[2025-12-09T20:32:43.107+0000] {spark_submit.py:491} INFO - at java.base/jdk.internal.reflect.NativeMethodAccessorImpl.invoke0(Native Method)
[2025-12-09T20:32:43.107+0000] {spark_submit.py:491} INFO - at java.base/jdk.internal.reflect.NativeMethodAccessorImpl.invoke(NativeMethodAccessorImpl.java:77)
[2025-12-09T20:32:43.107+0000] {spark_submit.py:491} INFO - at java.base/jdk.internal.reflect.DelegatingMethodAccessorImpl.invoke(DelegatingMethodAccessorImpl.java:43)
[2025-12-09T20:32:43.107+0000] {spark_submit.py:491} INFO - at java.base/java.lang.reflect.Method.invoke(Method.java:569)
[2025-12-09T20:32:43.107+0000] {spark_submit.py:491} INFO - at py4j.reflection.MethodInvoker.invoke(MethodInvoker.java:244)
[2025-12-09T20:32:43.107+0000] {spark_submit.py:491} INFO - at py4j.reflection.ReflectionEngine.invoke(ReflectionEngine.java:374)
[2025-12-09T20:32:43.107+0000] {spark_submit.py:491} INFO - at py4j.Gateway.invoke(Gateway.java:282)
[2025-12-09T20:32:43.107+0000] {spark_submit.py:491} INFO - at py4j.commands.AbstractCommand.invokeMethod(AbstractCommand.java:132)
[2025-12-09T20:32:43.107+0000] {spark_submit.py:491} INFO - at py4j.commands.CallCommand.execute(CallCommand.java:79)
[2025-12-09T20:32:43.107+0000] {spark_submit.py:491} INFO - at py4j.ClientServerConnection.waitForCommands(ClientServerConnection.java:182)
[2025-12-09T20:32:43.107+0000] {spark_submit.py:491} INFO - at py4j.ClientServerConnection.run(ClientServerConnection.java:106)
[2025-12-09T20:32:43.107+0000] {spark_submit.py:491} INFO - at java.base/java.lang.Thread.run(Thread.java:840)
[2025-12-09T20:32:43.107+0000] {spark_submit.py:491} INFO - Caused by: org.apache.hadoop.fs.s3a.auth.NoAuthWithAWSException: No AWS Credentials provided by TemporaryAWSCredentialsProvider SimpleAWSCredentialsProvider EnvironmentVariableCredentialsProvider IAMInstanceCredentialsProvider : com.amazonaws.SdkClientException: Unable to load AWS credentials from environment variables (AWS_ACCESS_KEY_ID (or AWS_ACCESS_KEY) and AWS_SECRET_KEY (or AWS_SECRET_ACCESS_KEY))
[2025-12-09T20:32:43.107+0000] {spark_submit.py:491} INFO - at org.apache.hadoop.fs.s3a.AWSCredentialProviderList.getCredentials(AWSCredentialProviderList.java:216)
[2025-12-09T20:32:43.108+0000] {spark_submit.py:491} INFO - at com.amazonaws.http.AmazonHttpClient$RequestExecutor.getCredentialsFromContext(AmazonHttpClient.java:1269)
[2025-12-09T20:32:43.108+0000] {spark_submit.py:491} INFO - at com.amazonaws.http.AmazonHttpClient$RequestExecutor.runBeforeRequestHandlers(AmazonHttpClient.java:845)
[2025-12-09T20:32:43.108+0000] {spark_submit.py:491} INFO - at com.amazonaws.http.AmazonHttpClient$RequestExecutor.doExecute(AmazonHttpClient.java:794)
[2025-12-09T20:32:43.108+0000] {spark_submit.py:491} INFO - at com.amazonaws.http.AmazonHttpClient$RequestExecutor.executeWithTimer(AmazonHttpClient.java:781)
[2025-12-09T20:32:43.108+0000] {spark_submit.py:491} INFO - at com.amazonaws.http.AmazonHttpClient$RequestExecutor.execute(AmazonHttpClient.java:755)
[2025-12-09T20:32:43.108+0000] {spark_submit.py:491} INFO - at com.amazonaws.http.AmazonHttpClient$RequestExecutor.access$500(AmazonHttpClient.java:715)
[2025-12-09T20:32:43.108+0000] {spark_submit.py:491} INFO - at com.amazonaws.http.AmazonHttpClient$RequestExecutionBuilderImpl.execute(AmazonHttpClient.java:697)
[2025-12-09T20:32:43.108+0000] {spark_submit.py:491} INFO - at com.amazonaws.http.AmazonHttpClient.execute(AmazonHttpClient.java:561)
[2025-12-09T20:32:43.108+0000] {spark_submit.py:491} INFO - at com.amazonaws.http.AmazonHttpClient.execute(AmazonHttpClient.java:541)
[2025-12-09T20:32:43.108+0000] {spark_submit.py:491} INFO - at com.amazonaws.services.s3.AmazonS3Client.invoke(AmazonS3Client.java:5456)
[2025-12-09T20:32:43.108+0000] {spark_submit.py:491} INFO - at com.amazonaws.services.s3.AmazonS3Client.getBucketRegionViaHeadRequest(AmazonS3Client.java:6431)
[2025-12-09T20:32:43.108+0000] {spark_submit.py:491} INFO - at com.amazonaws.services.s3.AmazonS3Client.fetchRegionFromCache(AmazonS3Client.java:6404)
[2025-12-09T20:32:43.108+0000] {spark_submit.py:491} INFO - at com.amazonaws.services.s3.AmazonS3Client.invoke(AmazonS3Client.java:5441)
[2025-12-09T20:32:43.108+0000] {spark_submit.py:491} INFO - at com.amazonaws.services.s3.AmazonS3Client.invoke(AmazonS3Client.java:5403)
[2025-12-09T20:32:43.108+0000] {spark_submit.py:491} INFO - at com.amazonaws.services.s3.AmazonS3Client.getObjectMetadata(AmazonS3Client.java:1372)
[2025-12-09T20:32:43.108+0000] {spark_submit.py:491} INFO - at org.apache.hadoop.fs.s3a.S3AFileSystem.lambda$getObjectMetadata$10(S3AFileSystem.java:2545)
[2025-12-09T20:32:43.108+0000] {spark_submit.py:491} INFO - at org.apache.hadoop.fs.s3a.Invoker.retryUntranslated(Invoker.java:414)
[2025-12-09T20:32:43.108+0000] {spark_submit.py:491} INFO - at org.apache.hadoop.fs.s3a.Invoker.retryUntranslated(Invoker.java:377)
[2025-12-09T20:32:43.108+0000] {spark_submit.py:491} INFO - at org.apache.hadoop.fs.s3a.S3AFileSystem.getObjectMetadata(S3AFileSystem.java:2533)
[2025-12-09T20:32:43.108+0000] {spark_submit.py:491} INFO - at org.apache.hadoop.fs.s3a.S3AFileSystem.getObjectMetadata(S3AFileSystem.java:2513)
[2025-12-09T20:32:43.108+0000] {spark_submit.py:491} INFO - at org.apache.hadoop.fs.s3a.S3AFileSystem.s3GetFileStatus(S3AFileSystem.java:3776)
[2025-12-09T20:32:43.108+0000] {spark_submit.py:491} INFO - ... 52 more
[2025-12-09T20:32:43.108+0000] {spark_submit.py:491} INFO - Caused by: com.amazonaws.SdkClientException: Unable to load AWS credentials from environment variables (AWS_ACCESS_KEY_ID (or AWS_ACCESS_KEY) and AWS_SECRET_KEY (or AWS_SECRET_ACCESS_KEY))
[2025-12-09T20:32:43.108+0000] {spark_submit.py:491} INFO - at com.amazonaws.auth.EnvironmentVariableCredentialsProvider.getCredentials(EnvironmentVariableCredentialsProvider.java:50)
[2025-12-09T20:32:43.108+0000] {spark_submit.py:491} INFO - at org.apache.hadoop.fs.s3a.AWSCredentialProviderList.getCredentials(AWSCredentialProviderList.java:177)
[2025-12-09T20:32:43.108+0000] {spark_submit.py:491} INFO - ... 73 more
[2025-12-09T20:32:43.108+0000] {spark_submit.py:491} INFO - 
[2025-12-09T20:32:43.261+0000] {spark_submit.py:491} INFO - 25/12/09 20:32:43 INFO SparkContext: Invoking stop() from shutdown hook
[2025-12-09T20:32:43.262+0000] {spark_submit.py:491} INFO - 25/12/09 20:32:43 INFO SparkContext: SparkContext is stopping with exitCode 0.
[2025-12-09T20:32:43.281+0000] {spark_submit.py:491} INFO - 25/12/09 20:32:43 INFO SparkUI: Stopped Spark web UI at http://9f0bb37009ef:4040
[2025-12-09T20:32:43.284+0000] {spark_submit.py:491} INFO - 25/12/09 20:32:43 INFO StandaloneSchedulerBackend: Shutting down all executors
[2025-12-09T20:32:43.285+0000] {spark_submit.py:491} INFO - 25/12/09 20:32:43 INFO StandaloneSchedulerBackend$StandaloneDriverEndpoint: Asking each executor to shut down
[2025-12-09T20:32:43.309+0000] {spark_submit.py:491} INFO - 25/12/09 20:32:43 INFO MapOutputTrackerMasterEndpoint: MapOutputTrackerMasterEndpoint stopped!
[2025-12-09T20:32:43.334+0000] {spark_submit.py:491} INFO - 25/12/09 20:32:43 INFO MemoryStore: MemoryStore cleared
[2025-12-09T20:32:43.335+0000] {spark_submit.py:491} INFO - 25/12/09 20:32:43 INFO BlockManager: BlockManager stopped
[2025-12-09T20:32:43.340+0000] {spark_submit.py:491} INFO - 25/12/09 20:32:43 INFO BlockManagerMaster: BlockManagerMaster stopped
[2025-12-09T20:32:43.344+0000] {spark_submit.py:491} INFO - 25/12/09 20:32:43 INFO OutputCommitCoordinator$OutputCommitCoordinatorEndpoint: OutputCommitCoordinator stopped!
[2025-12-09T20:32:43.363+0000] {spark_submit.py:491} INFO - 25/12/09 20:32:43 INFO SparkContext: Successfully stopped SparkContext
[2025-12-09T20:32:43.363+0000] {spark_submit.py:491} INFO - 25/12/09 20:32:43 INFO ShutdownHookManager: Shutdown hook called
[2025-12-09T20:32:43.364+0000] {spark_submit.py:491} INFO - 25/12/09 20:32:43 INFO ShutdownHookManager: Deleting directory /tmp/spark-e6cc1cd9-f7d9-4a28-a967-852b5cd55627
[2025-12-09T20:32:43.371+0000] {spark_submit.py:491} INFO - 25/12/09 20:32:43 INFO ShutdownHookManager: Deleting directory /tmp/spark-7553330a-be44-4598-ad0b-f8070a127fad
[2025-12-09T20:32:43.378+0000] {spark_submit.py:491} INFO - 25/12/09 20:32:43 INFO ShutdownHookManager: Deleting directory /tmp/spark-e6cc1cd9-f7d9-4a28-a967-852b5cd55627/pyspark-5ab4fdf7-bc08-4e08-ae67-88ecc7b1d921
[2025-12-09T20:32:43.390+0000] {spark_submit.py:491} INFO - 25/12/09 20:32:43 INFO MetricsSystemImpl: Stopping s3a-file-system metrics system...
[2025-12-09T20:32:43.390+0000] {spark_submit.py:491} INFO - 25/12/09 20:32:43 INFO MetricsSystemImpl: s3a-file-system metrics system stopped.
[2025-12-09T20:32:43.390+0000] {spark_submit.py:491} INFO - 25/12/09 20:32:43 INFO MetricsSystemImpl: s3a-file-system metrics system shutdown complete.
[2025-12-09T20:32:43.448+0000] {taskinstance.py:1935} ERROR - Task failed with exception
Traceback (most recent call last):
  File "/home/airflow/.local/lib/python3.9/site-packages/airflow/providers/apache/spark/operators/spark_submit.py", line 156, in execute
    self._hook.submit(self._application)
  File "/home/airflow/.local/lib/python3.9/site-packages/airflow/providers/apache/spark/hooks/spark_submit.py", line 422, in submit
    raise AirflowException(
airflow.exceptions.AirflowException: Cannot execute: spark-submit --master spark://spark-master:7077 --conf spark.eventLog.enabled=true --conf spark.eventLog.dir=/opt/spark-events --conf spark.history.fs.logDirectory=/opt/spark-events --name Airflow_Triggered_Job_20251209T203229 jobs/***_spark_job.py. Error code is: 1.
[2025-12-09T20:32:43.453+0000] {taskinstance.py:1398} INFO - Marking task as UP_FOR_RETRY. dag_id=spark_job_with_history, task_id=submit_spark_job, execution_date=20251209T203229, start_date=20251209T203230, end_date=20251209T203243
[2025-12-09T20:32:43.464+0000] {standard_task_runner.py:104} ERROR - Failed to execute job 19 for task submit_spark_job (Cannot execute: spark-submit --master spark://spark-master:7077 --conf spark.eventLog.enabled=true --conf spark.eventLog.dir=/opt/spark-events --conf spark.history.fs.logDirectory=/opt/spark-events --name Airflow_Triggered_Job_20251209T203229 jobs/***_spark_job.py. Error code is: 1.; 413)
[2025-12-09T20:32:43.503+0000] {local_task_job_runner.py:228} INFO - Task exited with return code 1
[2025-12-09T20:32:43.523+0000] {taskinstance.py:2776} INFO - 0 downstream tasks scheduled from follow-on schedule check
