[2025-12-09T21:11:37.669+0000] {taskinstance.py:1157} INFO - Dependencies all met for dep_context=non-requeueable deps ti=<TaskInstance: amount_data_s3_processing_pipeline.wait_for_json_files_in_minio scheduled__2025-12-09T20:00:00+00:00 [queued]>
[2025-12-09T21:11:37.685+0000] {taskinstance.py:1157} INFO - Dependencies all met for dep_context=requeueable deps ti=<TaskInstance: amount_data_s3_processing_pipeline.wait_for_json_files_in_minio scheduled__2025-12-09T20:00:00+00:00 [queued]>
[2025-12-09T21:11:37.685+0000] {taskinstance.py:1359} INFO - Starting attempt 1 of 3
[2025-12-09T21:11:37.702+0000] {taskinstance.py:1380} INFO - Executing <Task(PythonSensor): wait_for_json_files_in_minio> on 2025-12-09 20:00:00+00:00
[2025-12-09T21:11:37.709+0000] {standard_task_runner.py:57} INFO - Started process 3244 to run task
[2025-12-09T21:11:37.713+0000] {standard_task_runner.py:84} INFO - Running: ['***', 'tasks', 'run', 'amount_data_s3_processing_pipeline', 'wait_for_json_files_in_minio', 'scheduled__2025-12-09T20:00:00+00:00', '--job-id', '24', '--raw', '--subdir', 'DAGS_FOLDER/amount_data_s3_processing_pipeline.py', '--cfg-path', '/tmp/tmptj7zqizw']
[2025-12-09T21:11:37.715+0000] {standard_task_runner.py:85} INFO - Job 24: Subtask wait_for_json_files_in_minio
[2025-12-09T21:11:37.783+0000] {task_command.py:415} INFO - Running <TaskInstance: amount_data_s3_processing_pipeline.wait_for_json_files_in_minio scheduled__2025-12-09T20:00:00+00:00 [running]> on host 9f0bb37009ef
[2025-12-09T21:11:37.885+0000] {taskinstance.py:1660} INFO - Exporting env vars: AIRFLOW_CTX_DAG_OWNER='***' AIRFLOW_CTX_DAG_ID='amount_data_s3_processing_pipeline' AIRFLOW_CTX_TASK_ID='wait_for_json_files_in_minio' AIRFLOW_CTX_EXECUTION_DATE='2025-12-09T20:00:00+00:00' AIRFLOW_CTX_TRY_NUMBER='1' AIRFLOW_CTX_DAG_RUN_ID='scheduled__2025-12-09T20:00:00+00:00'
[2025-12-09T21:11:37.886+0000] {python.py:72} INFO - Poking callable: <function check_for_json_files_in_minio at 0x7f149510aca0>
[2025-12-09T21:11:38.365+0000] {amount_data_s3_processing_pipeline.py:69} INFO - ⏳ No JSON files found in MinIO source folder yet
[2025-12-09T21:11:38.366+0000] {base.py:323} INFO - new poke interval is 20
[2025-12-09T21:11:58.385+0000] {python.py:72} INFO - Poking callable: <function check_for_json_files_in_minio at 0x7f149510aca0>
[2025-12-09T21:11:58.395+0000] {amount_data_s3_processing_pipeline.py:69} INFO - ⏳ No JSON files found in MinIO source folder yet
[2025-12-09T21:11:58.396+0000] {base.py:323} INFO - new poke interval is 32
[2025-12-09T21:12:30.403+0000] {python.py:72} INFO - Poking callable: <function check_for_json_files_in_minio at 0x7f149510aca0>
[2025-12-09T21:12:30.436+0000] {amount_data_s3_processing_pipeline.py:69} INFO - ⏳ No JSON files found in MinIO source folder yet
[2025-12-09T21:12:30.437+0000] {base.py:323} INFO - new poke interval is 66
[2025-12-09T21:13:36.493+0000] {python.py:72} INFO - Poking callable: <function check_for_json_files_in_minio at 0x7f149510aca0>
[2025-12-09T21:13:36.790+0000] {amount_data_s3_processing_pipeline.py:69} INFO - ⏳ No JSON files found in MinIO source folder yet
[2025-12-09T21:13:36.791+0000] {base.py:323} INFO - new poke interval is 157
[2025-12-09T21:16:13.790+0000] {python.py:72} INFO - Poking callable: <function check_for_json_files_in_minio at 0x7f149510aca0>
[2025-12-09T21:16:13.808+0000] {amount_data_s3_processing_pipeline.py:69} INFO - ⏳ No JSON files found in MinIO source folder yet
[2025-12-09T21:16:13.808+0000] {base.py:323} INFO - new poke interval is 273
[2025-12-09T21:20:46.872+0000] {python.py:72} INFO - Poking callable: <function check_for_json_files_in_minio at 0x7f149510aca0>
[2025-12-09T21:20:46.893+0000] {amount_data_s3_processing_pipeline.py:64} INFO - ✅ Found 1 JSON file(s) in MinIO
[2025-12-09T21:20:46.894+0000] {amount_data_s3_processing_pipeline.py:66} INFO -    📄 source/amounts.json
[2025-12-09T21:20:46.894+0000] {base.py:287} INFO - Success criteria met. Exiting.
[2025-12-09T21:20:46.911+0000] {taskinstance.py:1398} INFO - Marking task as SUCCESS. dag_id=amount_data_s3_processing_pipeline, task_id=wait_for_json_files_in_minio, execution_date=20251209T200000, start_date=20251209T211137, end_date=20251209T212046
[2025-12-09T21:20:46.950+0000] {local_task_job_runner.py:228} INFO - Task exited with return code 0
[2025-12-09T21:20:46.994+0000] {taskinstance.py:2776} INFO - 1 downstream tasks scheduled from follow-on schedule check
