[2025-12-09T21:50:42.948+0000] {taskinstance.py:1157} INFO - Dependencies all met for dep_context=non-requeueable deps ti=<TaskInstance: amount_data_s3_processing_pipeline.log_pipeline_start manual__2025-12-09T21:50:41.925246+00:00 [queued]>
[2025-12-09T21:50:42.959+0000] {taskinstance.py:1157} INFO - Dependencies all met for dep_context=requeueable deps ti=<TaskInstance: amount_data_s3_processing_pipeline.log_pipeline_start manual__2025-12-09T21:50:41.925246+00:00 [queued]>
[2025-12-09T21:50:42.959+0000] {taskinstance.py:1359} INFO - Starting attempt 1 of 3
[2025-12-09T21:50:42.971+0000] {taskinstance.py:1380} INFO - Executing <Task(PythonOperator): log_pipeline_start> on 2025-12-09 21:50:41.925246+00:00
[2025-12-09T21:50:42.976+0000] {standard_task_runner.py:57} INFO - Started process 7328 to run task
[2025-12-09T21:50:42.978+0000] {standard_task_runner.py:84} INFO - Running: ['***', 'tasks', 'run', 'amount_data_s3_processing_pipeline', 'log_pipeline_start', 'manual__2025-12-09T21:50:41.925246+00:00', '--job-id', '43', '--raw', '--subdir', 'DAGS_FOLDER/amount_data_s3_processing_pipeline.py', '--cfg-path', '/tmp/tmp1dx2h4hm']
[2025-12-09T21:50:42.980+0000] {standard_task_runner.py:85} INFO - Job 43: Subtask log_pipeline_start
[2025-12-09T21:50:43.030+0000] {task_command.py:415} INFO - Running <TaskInstance: amount_data_s3_processing_pipeline.log_pipeline_start manual__2025-12-09T21:50:41.925246+00:00 [running]> on host 9f0bb37009ef
[2025-12-09T21:50:43.110+0000] {taskinstance.py:1660} INFO - Exporting env vars: AIRFLOW_CTX_DAG_OWNER='***' AIRFLOW_CTX_DAG_ID='amount_data_s3_processing_pipeline' AIRFLOW_CTX_TASK_ID='log_pipeline_start' AIRFLOW_CTX_EXECUTION_DATE='2025-12-09T21:50:41.925246+00:00' AIRFLOW_CTX_TRY_NUMBER='1' AIRFLOW_CTX_DAG_RUN_ID='manual__2025-12-09T21:50:41.925246+00:00'
[2025-12-09T21:50:43.111+0000] {logging_mixin.py:151} INFO - 
================================================================================
[2025-12-09T21:50:43.111+0000] {logging_mixin.py:151} INFO -   🚀 AMOUNT DATA PROCESSING PIPELINE STARTED
[2025-12-09T21:50:43.111+0000] {logging_mixin.py:151} INFO - ================================================================================
[2025-12-09T21:50:43.112+0000] {logging_mixin.py:151} INFO -   📊 Timestamp: 2025-12-09 21:50:43
[2025-12-09T21:50:43.112+0000] {logging_mixin.py:151} INFO -   🪣 Source Bucket: test/source/
[2025-12-09T21:50:43.112+0000] {logging_mixin.py:151} INFO -   🪣 Target Bucket: warehouse/processed/
[2025-12-09T21:50:43.112+0000] {logging_mixin.py:151} INFO - ================================================================================
[2025-12-09T21:50:43.112+0000] {amount_data_s3_processing_pipeline.py:188} INFO - ✅ Pipeline initialization complete
[2025-12-09T21:50:43.112+0000] {python.py:194} INFO - Done. Returned value was: None
[2025-12-09T21:50:43.121+0000] {taskinstance.py:1398} INFO - Marking task as SUCCESS. dag_id=amount_data_s3_processing_pipeline, task_id=log_pipeline_start, execution_date=20251209T215041, start_date=20251209T215042, end_date=20251209T215043
[2025-12-09T21:50:43.150+0000] {local_task_job_runner.py:228} INFO - Task exited with return code 0
[2025-12-09T21:50:43.173+0000] {taskinstance.py:2776} INFO - 1 downstream tasks scheduled from follow-on schedule check
