[2025-12-09T21:50:46.567+0000] {taskinstance.py:1157} INFO - Dependencies all met for dep_context=non-requeueable deps ti=<TaskInstance: amount_data_s3_processing_pipeline.log_spark_job_start manual__2025-12-09T21:50:41.925246+00:00 [queued]>
[2025-12-09T21:50:46.574+0000] {taskinstance.py:1157} INFO - Dependencies all met for dep_context=requeueable deps ti=<TaskInstance: amount_data_s3_processing_pipeline.log_spark_job_start manual__2025-12-09T21:50:41.925246+00:00 [queued]>
[2025-12-09T21:50:46.575+0000] {taskinstance.py:1359} INFO - Starting attempt 1 of 3
[2025-12-09T21:50:46.583+0000] {taskinstance.py:1380} INFO - Executing <Task(PythonOperator): log_spark_job_start> on 2025-12-09 21:50:41.925246+00:00
[2025-12-09T21:50:46.589+0000] {standard_task_runner.py:57} INFO - Started process 7336 to run task
[2025-12-09T21:50:46.591+0000] {standard_task_runner.py:84} INFO - Running: ['***', 'tasks', 'run', 'amount_data_s3_processing_pipeline', 'log_spark_job_start', 'manual__2025-12-09T21:50:41.925246+00:00', '--job-id', '47', '--raw', '--subdir', 'DAGS_FOLDER/amount_data_s3_processing_pipeline.py', '--cfg-path', '/tmp/tmpsllcogx_']
[2025-12-09T21:50:46.593+0000] {standard_task_runner.py:85} INFO - Job 47: Subtask log_spark_job_start
[2025-12-09T21:50:46.634+0000] {task_command.py:415} INFO - Running <TaskInstance: amount_data_s3_processing_pipeline.log_spark_job_start manual__2025-12-09T21:50:41.925246+00:00 [running]> on host 9f0bb37009ef
[2025-12-09T21:50:46.722+0000] {taskinstance.py:1660} INFO - Exporting env vars: AIRFLOW_CTX_DAG_OWNER='***' AIRFLOW_CTX_DAG_ID='amount_data_s3_processing_pipeline' AIRFLOW_CTX_TASK_ID='log_spark_job_start' AIRFLOW_CTX_EXECUTION_DATE='2025-12-09T21:50:41.925246+00:00' AIRFLOW_CTX_TRY_NUMBER='1' AIRFLOW_CTX_DAG_RUN_ID='manual__2025-12-09T21:50:41.925246+00:00'
[2025-12-09T21:50:46.739+0000] {logging_mixin.py:151} INFO - 
================================================================================
[2025-12-09T21:50:46.739+0000] {logging_mixin.py:151} INFO -   ⚙️ SPARK JOB SUBMISSION
[2025-12-09T21:50:46.739+0000] {logging_mixin.py:151} INFO - ================================================================================
[2025-12-09T21:50:46.739+0000] {logging_mixin.py:151} INFO -   🔧 Job Name: AmountDataProcessor
[2025-12-09T21:50:46.740+0000] {logging_mixin.py:151} INFO -   📝 Application: s3_amount_processor.py
[2025-12-09T21:50:46.740+0000] {logging_mixin.py:151} INFO -   📄 Processing File: orders_20251209_215044.json
[2025-12-09T21:50:46.740+0000] {logging_mixin.py:151} INFO -   🎯 Task ID: log_spark_job_start
[2025-12-09T21:50:46.742+0000] {logging_mixin.py:151} WARNING - /home/***/.local/lib/python3.9/site-packages/***/utils/context.py:314 AirflowContextDeprecationWarning: Accessing 'execution_date' from the template is deprecated and will be removed in a future version. Please use 'data_interval_start' or 'logical_date' instead.
[2025-12-09T21:50:46.743+0000] {logging_mixin.py:151} INFO -   📅 Execution Time: 2025-12-09T21:50:41.925246+00:00
[2025-12-09T21:50:46.743+0000] {logging_mixin.py:151} INFO - ================================================================================
[2025-12-09T21:50:46.743+0000] {amount_data_s3_processing_pipeline.py:228} INFO - ⚙️ Spark job started successfully for orders_20251209_215044.json
[2025-12-09T21:50:46.743+0000] {python.py:194} INFO - Done. Returned value was: None
[2025-12-09T21:50:46.753+0000] {taskinstance.py:1398} INFO - Marking task as SUCCESS. dag_id=amount_data_s3_processing_pipeline, task_id=log_spark_job_start, execution_date=20251209T215041, start_date=20251209T215046, end_date=20251209T215046
[2025-12-09T21:50:46.805+0000] {local_task_job_runner.py:228} INFO - Task exited with return code 0
[2025-12-09T21:50:46.833+0000] {taskinstance.py:2776} INFO - 1 downstream tasks scheduled from follow-on schedule check
