[2025-12-09T20:20:08.445+0000] {taskinstance.py:1157} INFO - Dependencies all met for dep_context=non-requeueable deps ti=<TaskInstance: spark_job_with_history.submit_spark_job manual__2025-12-09T20:20:07.480815+00:00 [queued]>
[2025-12-09T20:20:08.453+0000] {taskinstance.py:1157} INFO - Dependencies all met for dep_context=requeueable deps ti=<TaskInstance: spark_job_with_history.submit_spark_job manual__2025-12-09T20:20:07.480815+00:00 [queued]>
[2025-12-09T20:20:08.454+0000] {taskinstance.py:1359} INFO - Starting attempt 1 of 2
[2025-12-09T20:20:08.466+0000] {taskinstance.py:1380} INFO - Executing <Task(BashOperator): submit_spark_job> on 2025-12-09 20:20:07.480815+00:00
[2025-12-09T20:20:08.470+0000] {standard_task_runner.py:57} INFO - Started process 2292 to run task
[2025-12-09T20:20:08.473+0000] {standard_task_runner.py:84} INFO - Running: ['***', 'tasks', 'run', 'spark_job_with_history', 'submit_spark_job', 'manual__2025-12-09T20:20:07.480815+00:00', '--job-id', '13', '--raw', '--subdir', 'DAGS_FOLDER/spark_with_logging_dag.py', '--cfg-path', '/tmp/tmpvx3icoy3']
[2025-12-09T20:20:08.476+0000] {standard_task_runner.py:85} INFO - Job 13: Subtask submit_spark_job
[2025-12-09T20:20:08.526+0000] {task_command.py:415} INFO - Running <TaskInstance: spark_job_with_history.submit_spark_job manual__2025-12-09T20:20:07.480815+00:00 [running]> on host ead6510418b0
[2025-12-09T20:20:08.598+0000] {taskinstance.py:1660} INFO - Exporting env vars: AIRFLOW_CTX_DAG_OWNER='***' AIRFLOW_CTX_DAG_ID='spark_job_with_history' AIRFLOW_CTX_TASK_ID='submit_spark_job' AIRFLOW_CTX_EXECUTION_DATE='2025-12-09T20:20:07.480815+00:00' AIRFLOW_CTX_TRY_NUMBER='1' AIRFLOW_CTX_DAG_RUN_ID='manual__2025-12-09T20:20:07.480815+00:00'
[2025-12-09T20:20:08.599+0000] {subprocess.py:63} INFO - Tmp dir root location: /tmp
[2025-12-09T20:20:08.600+0000] {subprocess.py:75} INFO - Running command: ['/bin/bash', '-c', '\n        docker exec spark-master /opt/bitnami/spark/bin/spark-submit           --master spark://spark-master:7077           --deploy-mode client           --name "Airflow_Triggered_Job_20251209T202007"           --conf spark.eventLog.enabled=true           --conf spark.eventLog.dir=/opt/spark-events           --conf spark.history.fs.logDirectory=/opt/spark-events           /opt/bitnami/spark/jobs/example_spark_job.py\n        ']
[2025-12-09T20:20:08.609+0000] {subprocess.py:86} INFO - Output:
[2025-12-09T20:20:08.784+0000] {subprocess.py:93} INFO - Cannot connect to the Docker daemon at unix:///var/run/docker.sock. Is the docker daemon running?
[2025-12-09T20:20:08.785+0000] {subprocess.py:97} INFO - Command exited with return code 1
[2025-12-09T20:20:08.796+0000] {taskinstance.py:1935} ERROR - Task failed with exception
Traceback (most recent call last):
  File "/home/airflow/.local/lib/python3.9/site-packages/airflow/operators/bash.py", line 210, in execute
    raise AirflowException(
airflow.exceptions.AirflowException: Bash command failed. The command returned a non-zero exit code 1.
[2025-12-09T20:20:08.800+0000] {taskinstance.py:1398} INFO - Marking task as UP_FOR_RETRY. dag_id=spark_job_with_history, task_id=submit_spark_job, execution_date=20251209T202007, start_date=20251209T202008, end_date=20251209T202008
[2025-12-09T20:20:08.814+0000] {standard_task_runner.py:104} ERROR - Failed to execute job 13 for task submit_spark_job (Bash command failed. The command returned a non-zero exit code 1.; 2292)
[2025-12-09T20:20:08.847+0000] {local_task_job_runner.py:228} INFO - Task exited with return code 1
[2025-12-09T20:20:08.861+0000] {taskinstance.py:2776} INFO - 0 downstream tasks scheduled from follow-on schedule check
