[2025-12-09T20:22:45.143+0000] {taskinstance.py:1157} INFO - Dependencies all met for dep_context=non-requeueable deps ti=<TaskInstance: spark_job_with_history.submit_spark_job manual__2025-12-09T20:22:44.154460+00:00 [queued]>
[2025-12-09T20:22:45.151+0000] {taskinstance.py:1157} INFO - Dependencies all met for dep_context=requeueable deps ti=<TaskInstance: spark_job_with_history.submit_spark_job manual__2025-12-09T20:22:44.154460+00:00 [queued]>
[2025-12-09T20:22:45.151+0000] {taskinstance.py:1359} INFO - Starting attempt 1 of 2
[2025-12-09T20:22:45.161+0000] {taskinstance.py:1380} INFO - Executing <Task(BashOperator): submit_spark_job> on 2025-12-09 20:22:44.154460+00:00
[2025-12-09T20:22:45.167+0000] {standard_task_runner.py:57} INFO - Started process 2434 to run task
[2025-12-09T20:22:45.170+0000] {standard_task_runner.py:84} INFO - Running: ['***', 'tasks', 'run', 'spark_job_with_history', 'submit_spark_job', 'manual__2025-12-09T20:22:44.154460+00:00', '--job-id', '15', '--raw', '--subdir', 'DAGS_FOLDER/spark_with_logging_dag.py', '--cfg-path', '/tmp/tmpzmmmfhcl']
[2025-12-09T20:22:45.172+0000] {standard_task_runner.py:85} INFO - Job 15: Subtask submit_spark_job
[2025-12-09T20:22:45.234+0000] {task_command.py:415} INFO - Running <TaskInstance: spark_job_with_history.submit_spark_job manual__2025-12-09T20:22:44.154460+00:00 [running]> on host ead6510418b0
[2025-12-09T20:22:45.329+0000] {taskinstance.py:1660} INFO - Exporting env vars: AIRFLOW_CTX_DAG_OWNER='***' AIRFLOW_CTX_DAG_ID='spark_job_with_history' AIRFLOW_CTX_TASK_ID='submit_spark_job' AIRFLOW_CTX_EXECUTION_DATE='2025-12-09T20:22:44.154460+00:00' AIRFLOW_CTX_TRY_NUMBER='1' AIRFLOW_CTX_DAG_RUN_ID='manual__2025-12-09T20:22:44.154460+00:00'
[2025-12-09T20:22:45.331+0000] {subprocess.py:63} INFO - Tmp dir root location: /tmp
[2025-12-09T20:22:45.332+0000] {subprocess.py:75} INFO - Running command: ['/bin/bash', '-c', '\n        docker exec spark-master /opt/bitnami/spark/bin/spark-submit           --master spark://spark-master:7077           --deploy-mode client           --name "Airflow_Triggered_Job_20251209T202244"           --conf spark.eventLog.enabled=true           --conf spark.eventLog.dir=/opt/spark-events           --conf spark.history.fs.logDirectory=/opt/spark-events           /jobs/***_spark_job.py\n        ']
[2025-12-09T20:22:45.340+0000] {subprocess.py:86} INFO - Output:
[2025-12-09T20:22:45.369+0000] {subprocess.py:93} INFO - Cannot connect to the Docker daemon at unix:///var/run/docker.sock. Is the docker daemon running?
[2025-12-09T20:22:45.371+0000] {subprocess.py:97} INFO - Command exited with return code 1
[2025-12-09T20:22:45.383+0000] {taskinstance.py:1935} ERROR - Task failed with exception
Traceback (most recent call last):
  File "/home/airflow/.local/lib/python3.9/site-packages/airflow/operators/bash.py", line 210, in execute
    raise AirflowException(
airflow.exceptions.AirflowException: Bash command failed. The command returned a non-zero exit code 1.
[2025-12-09T20:22:45.386+0000] {taskinstance.py:1398} INFO - Marking task as UP_FOR_RETRY. dag_id=spark_job_with_history, task_id=submit_spark_job, execution_date=20251209T202244, start_date=20251209T202245, end_date=20251209T202245
[2025-12-09T20:22:45.396+0000] {standard_task_runner.py:104} ERROR - Failed to execute job 15 for task submit_spark_job (Bash command failed. The command returned a non-zero exit code 1.; 2434)
[2025-12-09T20:22:45.423+0000] {local_task_job_runner.py:228} INFO - Task exited with return code 1
[2025-12-09T20:22:45.438+0000] {taskinstance.py:2776} INFO - 0 downstream tasks scheduled from follow-on schedule check
