starting org.apache.spark.deploy.history.HistoryServer, logging to /opt/bitnami/spark/logs/spark--org.apache.spark.deploy.history.HistoryServer-1-358f8c5f328a.out
Spark Command: /opt/bitnami/java/bin/java -cp /opt/bitnami/spark/conf/:/opt/bitnami/spark/jars/* -Dspark.history.fs.logDirectory=/opt/spark-events -Dspark.history.fs.update.interval=5s -Dspark.history.ui.maxApplications=100 -Dspark.ui.custom.executor.log.url=http://localhost:8081/logPage/?appId={{APP_ID}}&executorId={{EXECUTOR_ID}}&logType={{LOG_TYPE}} -Xmx1g org.apache.spark.deploy.history.HistoryServer
========================================
Using Spark's default log4j profile: org/apache/spark/log4j2-defaults.properties
25/12/09 19:13:55 INFO HistoryServer: Started daemon with process name: 23@358f8c5f328a
25/12/09 19:13:55 INFO SignalUtils: Registering signal handler for TERM
25/12/09 19:13:55 INFO SignalUtils: Registering signal handler for HUP
25/12/09 19:13:55 INFO SignalUtils: Registering signal handler for INT
25/12/09 19:13:56 INFO SecurityManager: Changing view acls to: root,spark
25/12/09 19:13:56 INFO SecurityManager: Changing modify acls to: root,spark
25/12/09 19:13:56 INFO SecurityManager: Changing view acls groups to: 
25/12/09 19:13:56 INFO SecurityManager: Changing modify acls groups to: 
25/12/09 19:13:56 INFO SecurityManager: SecurityManager: authentication disabled; ui acls disabled; users with view permissions: root, spark; groups with view permissions: EMPTY; users with modify permissions: root, spark; groups with modify permissions: EMPTY
25/12/09 19:13:56 WARN NativeCodeLoader: Unable to load native-hadoop library for your platform... using builtin-java classes where applicable
25/12/09 19:13:56 INFO FsHistoryProvider: History server ui acls disabled; users with admin permissions: ; groups with admin permissions: 
25/12/09 19:13:57 INFO JettyUtils: Start Jetty 0.0.0.0:18080 for HistoryServerUI
25/12/09 19:13:58 INFO Utils: Successfully started service 'HistoryServerUI' on port 18080.
25/12/09 19:13:58 INFO HistoryServer: Bound HistoryServer to 0.0.0.0, and started at http://358f8c5f328a:18080
25/12/09 19:20:58 INFO FsHistoryProvider: Parsing file:/opt/spark-events/app-20251209192056-0000.inprogress for listing data...
25/12/09 19:20:59 INFO FsHistoryProvider: Finished parsing file:/opt/spark-events/app-20251209192056-0000.inprogress
25/12/09 19:22:18 INFO FsHistoryProvider: Parsing file:/opt/spark-events/app-20251209192056-0000 for listing data...
25/12/09 19:22:18 INFO FsHistoryProvider: Finished parsing file:/opt/spark-events/app-20251209192056-0000
25/12/09 19:22:28 INFO FsHistoryProvider: Parsing file:/opt/spark-events/app-20251209192226-0001.inprogress for listing data...
25/12/09 19:22:28 INFO FsHistoryProvider: Finished parsing file:/opt/spark-events/app-20251209192226-0001.inprogress
25/12/09 19:23:43 INFO FsHistoryProvider: Parsing file:/opt/spark-events/app-20251209192226-0001 for listing data...
25/12/09 19:23:43 INFO FsHistoryProvider: Finished parsing file:/opt/spark-events/app-20251209192226-0001
25/12/09 19:23:48 INFO FsHistoryProvider: Parsing file:/opt/spark-events/app-20251209192347-0002.inprogress for listing data...
25/12/09 19:23:48 INFO FsHistoryProvider: Finished parsing file:/opt/spark-events/app-20251209192347-0002.inprogress
25/12/09 19:25:23 INFO FsHistoryProvider: Parsing file:/opt/spark-events/app-20251209192347-0002 for listing data...
25/12/09 19:25:23 INFO FsHistoryProvider: Finished parsing file:/opt/spark-events/app-20251209192347-0002
25/12/09 19:25:33 INFO FsHistoryProvider: Parsing file:/opt/spark-events/app-20251209192529-0003.inprogress for listing data...
25/12/09 19:25:33 INFO FsHistoryProvider: Finished parsing file:/opt/spark-events/app-20251209192529-0003.inprogress
starting org.apache.spark.deploy.history.HistoryServer, logging to /opt/bitnami/spark/logs/spark--org.apache.spark.deploy.history.HistoryServer-1-e75ec6191f3c.out
Spark Command: /opt/bitnami/java/bin/java -cp /opt/bitnami/spark/conf/:/opt/bitnami/spark/jars/* -Dspark.history.fs.logDirectory=/opt/spark-events -Dspark.history.fs.update.interval=5s -Dspark.history.ui.maxApplications=100 -Dspark.ui.custom.executor.log.url=http://localhost:8081/logPage/?appId={{APP_ID}}&executorId={{EXECUTOR_ID}}&logType={{LOG_TYPE}} -Xmx1g org.apache.spark.deploy.history.HistoryServer
========================================
Using Spark's default log4j profile: org/apache/spark/log4j2-defaults.properties
25/12/09 19:32:10 INFO HistoryServer: Started daemon with process name: 23@e75ec6191f3c
25/12/09 19:32:10 INFO SignalUtils: Registering signal handler for TERM
25/12/09 19:32:10 INFO SignalUtils: Registering signal handler for HUP
25/12/09 19:32:10 INFO SignalUtils: Registering signal handler for INT
25/12/09 19:32:10 INFO SecurityManager: Changing view acls to: root,spark
25/12/09 19:32:10 INFO SecurityManager: Changing modify acls to: root,spark
25/12/09 19:32:10 INFO SecurityManager: Changing view acls groups to: 
25/12/09 19:32:10 INFO SecurityManager: Changing modify acls groups to: 
25/12/09 19:32:10 INFO SecurityManager: SecurityManager: authentication disabled; ui acls disabled; users with view permissions: root, spark; groups with view permissions: EMPTY; users with modify permissions: root, spark; groups with modify permissions: EMPTY
25/12/09 19:32:10 WARN NativeCodeLoader: Unable to load native-hadoop library for your platform... using builtin-java classes where applicable
25/12/09 19:32:10 INFO FsHistoryProvider: History server ui acls disabled; users with admin permissions: ; groups with admin permissions: 
25/12/09 19:32:11 INFO JettyUtils: Start Jetty 0.0.0.0:18080 for HistoryServerUI
25/12/09 19:32:11 INFO Utils: Successfully started service 'HistoryServerUI' on port 18080.
25/12/09 19:32:11 INFO HistoryServer: Bound HistoryServer to 0.0.0.0, and started at http://e75ec6191f3c:18080
25/12/09 19:32:11 INFO FsHistoryProvider: Parsing file:/opt/spark-events/app-20251209192347-0002 for listing data...
25/12/09 19:32:11 INFO FsHistoryProvider: Parsing file:/opt/spark-events/app-20251209192226-0001 for listing data...
25/12/09 19:32:11 INFO FsHistoryProvider: Parsing file:/opt/spark-events/app-20251209192056-0000 for listing data...
25/12/09 19:32:11 INFO FsHistoryProvider: Parsing file:/opt/spark-events/app-20251209192529-0003.inprogress for listing data...
25/12/09 19:32:12 INFO FsHistoryProvider: Finished parsing file:/opt/spark-events/app-20251209192529-0003.inprogress
25/12/09 19:32:12 INFO FsHistoryProvider: Finished parsing file:/opt/spark-events/app-20251209192226-0001
25/12/09 19:32:13 INFO FsHistoryProvider: Finished parsing file:/opt/spark-events/app-20251209192056-0000
25/12/09 19:32:13 INFO FsHistoryProvider: Finished parsing file:/opt/spark-events/app-20251209192347-0002
25/12/09 19:32:56 INFO FsHistoryProvider: Parsing file:/opt/spark-events/app-20251209193251-0000.inprogress for listing data...
25/12/09 19:32:56 INFO FsHistoryProvider: Finished parsing file:/opt/spark-events/app-20251209193251-0000.inprogress
25/12/09 19:33:01 INFO FsHistoryProvider: Parsing file:/opt/spark-events/app-20251209193251-0000 for listing data...
25/12/09 19:33:01 INFO FsHistoryProvider: Finished parsing file:/opt/spark-events/app-20251209193251-0000
25/12/09 19:38:02 INFO FsHistoryProvider: Parsing file:/opt/spark-events/local-1765309078602.inprogress for listing data...
25/12/09 19:38:02 INFO FsHistoryProvider: Finished parsing file:/opt/spark-events/local-1765309078602.inprogress
25/12/09 19:38:07 INFO FsHistoryProvider: Parsing file:/opt/spark-events/local-1765309078602 for listing data...
25/12/09 19:38:07 INFO FsHistoryProvider: Finished parsing file:/opt/spark-events/local-1765309078602
25/12/09 19:38:47 INFO FsHistoryProvider: Parsing file:/opt/spark-events/app-20251209193841-0001.inprogress for listing data...
25/12/09 19:38:47 INFO FsHistoryProvider: Finished parsing file:/opt/spark-events/app-20251209193841-0001.inprogress
25/12/09 19:38:57 INFO FsHistoryProvider: Parsing file:/opt/spark-events/app-20251209193841-0001 for listing data...
25/12/09 19:38:57 INFO FsHistoryProvider: Finished parsing file:/opt/spark-events/app-20251209193841-0001
25/12/09 19:59:01 INFO SecurityManager: Changing view acls to: root,spark
25/12/09 19:59:01 INFO SecurityManager: Changing modify acls to: root,spark
25/12/09 19:59:01 INFO SecurityManager: Changing view acls groups to: 
25/12/09 19:59:01 INFO SecurityManager: Changing modify acls groups to: 
25/12/09 19:59:01 INFO SecurityManager: SecurityManager: authentication disabled; ui acls disabled; users with view permissions: root, spark; groups with view permissions: EMPTY; users with modify permissions: root, spark; groups with modify permissions: EMPTY
25/12/09 19:59:01 INFO SecurityManager: Changing acls enabled to: false
25/12/09 19:59:01 INFO SecurityManager: Changing admin acls to: 
25/12/09 19:59:01 INFO SecurityManager: Changing view acls to: root
25/12/09 19:59:01 INFO SecurityManager: Changing admin acls groups to: 
25/12/09 19:59:01 INFO SecurityManager: Changing view acls groups to: 
25/12/09 19:59:02 INFO FsHistoryProvider: Parsing /opt/spark-events/local-1765309078602 to re-build UI...
25/12/09 19:59:02 INFO FsHistoryProvider: Finished parsing /opt/spark-events/local-1765309078602
starting org.apache.spark.deploy.history.HistoryServer, logging to /opt/bitnami/spark/logs/spark--org.apache.spark.deploy.history.HistoryServer-1-fe1d2925c2c7.out
Spark Command: /opt/bitnami/java/bin/java -cp /opt/bitnami/spark/conf/:/opt/bitnami/spark/jars/* -Dspark.history.fs.logDirectory=/opt/spark-events -Dspark.history.fs.update.interval=5s -Dspark.history.ui.maxApplications=100 -Dspark.ui.custom.executor.log.url=http://localhost:8081/logPage/?appId={{APP_ID}}&executorId={{EXECUTOR_ID}}&logType={{LOG_TYPE}} -Xmx1g org.apache.spark.deploy.history.HistoryServer
========================================
Using Spark's default log4j profile: org/apache/spark/log4j2-defaults.properties
25/12/09 20:29:32 INFO HistoryServer: Started daemon with process name: 23@fe1d2925c2c7
25/12/09 20:29:32 INFO SignalUtils: Registering signal handler for TERM
25/12/09 20:29:32 INFO SignalUtils: Registering signal handler for HUP
25/12/09 20:29:32 INFO SignalUtils: Registering signal handler for INT
25/12/09 20:29:32 INFO SecurityManager: Changing view acls to: root,spark
25/12/09 20:29:32 INFO SecurityManager: Changing modify acls to: root,spark
25/12/09 20:29:32 INFO SecurityManager: Changing view acls groups to: 
25/12/09 20:29:32 INFO SecurityManager: Changing modify acls groups to: 
25/12/09 20:29:32 INFO SecurityManager: SecurityManager: authentication disabled; ui acls disabled; users with view permissions: root, spark; groups with view permissions: EMPTY; users with modify permissions: root, spark; groups with modify permissions: EMPTY
25/12/09 20:29:32 WARN NativeCodeLoader: Unable to load native-hadoop library for your platform... using builtin-java classes where applicable
25/12/09 20:29:33 INFO FsHistoryProvider: History server ui acls disabled; users with admin permissions: ; groups with admin permissions: 
25/12/09 20:29:33 INFO JettyUtils: Start Jetty 0.0.0.0:18080 for HistoryServerUI
25/12/09 20:29:33 INFO Utils: Successfully started service 'HistoryServerUI' on port 18080.
25/12/09 20:29:33 INFO HistoryServer: Bound HistoryServer to 0.0.0.0, and started at http://fe1d2925c2c7:18080
25/12/09 20:29:33 INFO FsHistoryProvider: Parsing file:/opt/spark-events/local-1765309078602 for listing data...
25/12/09 20:29:33 INFO FsHistoryProvider: Parsing file:/opt/spark-events/app-20251209193841-0001 for listing data...
25/12/09 20:29:33 INFO FsHistoryProvider: Parsing file:/opt/spark-events/app-20251209193251-0000 for listing data...
25/12/09 20:29:33 INFO FsHistoryProvider: Parsing file:/opt/spark-events/app-20251209192226-0001 for listing data...
25/12/09 20:29:33 INFO FsHistoryProvider: Parsing file:/opt/spark-events/app-20251209192529-0003.inprogress for listing data...
25/12/09 20:29:33 INFO FsHistoryProvider: Parsing file:/opt/spark-events/app-20251209192347-0002 for listing data...
25/12/09 20:29:35 INFO FsHistoryProvider: Finished parsing file:/opt/spark-events/app-20251209192529-0003.inprogress
25/12/09 20:29:35 INFO FsHistoryProvider: Parsing file:/opt/spark-events/app-20251209192056-0000 for listing data...
25/12/09 20:29:35 INFO FsHistoryProvider: Finished parsing file:/opt/spark-events/app-20251209192347-0002
25/12/09 20:29:35 INFO FsHistoryProvider: Finished parsing file:/opt/spark-events/app-20251209192226-0001
25/12/09 20:29:35 INFO FsHistoryProvider: Finished parsing file:/opt/spark-events/local-1765309078602
25/12/09 20:29:35 INFO FsHistoryProvider: Finished parsing file:/opt/spark-events/app-20251209193251-0000
25/12/09 20:29:35 INFO FsHistoryProvider: Finished parsing file:/opt/spark-events/app-20251209192056-0000
25/12/09 20:29:35 INFO FsHistoryProvider: Finished parsing file:/opt/spark-events/app-20251209193841-0001
25/12/09 20:32:34 INFO FsHistoryProvider: Parsing file:/opt/spark-events/app-20251209203233-0000.inprogress for listing data...
25/12/09 20:32:34 INFO FsHistoryProvider: Finished parsing file:/opt/spark-events/app-20251209203233-0000.inprogress
25/12/09 20:32:44 INFO FsHistoryProvider: Parsing file:/opt/spark-events/app-20251209203233-0000 for listing data...
25/12/09 20:32:44 INFO FsHistoryProvider: Finished parsing file:/opt/spark-events/app-20251209203233-0000
25/12/09 20:34:34 INFO FsHistoryProvider: Parsing file:/opt/spark-events/app-20251209203430-0001.inprogress for listing data...
25/12/09 20:34:34 INFO FsHistoryProvider: Finished parsing file:/opt/spark-events/app-20251209203430-0001.inprogress
25/12/09 20:34:39 INFO FsHistoryProvider: Parsing file:/opt/spark-events/app-20251209203430-0001 for listing data...
25/12/09 20:34:39 INFO FsHistoryProvider: Finished parsing file:/opt/spark-events/app-20251209203430-0001
25/12/09 20:39:44 INFO FsHistoryProvider: Parsing file:/opt/spark-events/app-20251209203941-0002.inprogress for listing data...
25/12/09 20:39:44 INFO FsHistoryProvider: Finished parsing file:/opt/spark-events/app-20251209203941-0002.inprogress
25/12/09 20:39:49 INFO FsHistoryProvider: Parsing file:/opt/spark-events/app-20251209203941-0002 for listing data...
25/12/09 20:39:49 INFO FsHistoryProvider: Finished parsing file:/opt/spark-events/app-20251209203941-0002
25/12/09 20:45:04 INFO FsHistoryProvider: Parsing file:/opt/spark-events/app-20251209204502-0003.inprogress for listing data...
25/12/09 20:45:04 INFO FsHistoryProvider: Finished parsing file:/opt/spark-events/app-20251209204502-0003.inprogress
25/12/09 20:45:14 INFO FsHistoryProvider: Parsing file:/opt/spark-events/app-20251209204502-0003 for listing data...
25/12/09 20:45:14 INFO FsHistoryProvider: Finished parsing file:/opt/spark-events/app-20251209204502-0003
25/12/09 21:20:54 INFO FsHistoryProvider: Parsing file:/opt/spark-events/app-20251209212053-0004.inprogress for listing data...
25/12/09 21:20:54 INFO FsHistoryProvider: Finished parsing file:/opt/spark-events/app-20251209212053-0004.inprogress
25/12/09 21:20:59 INFO FsHistoryProvider: Parsing file:/opt/spark-events/app-20251209212053-0004 for listing data...
25/12/09 21:20:59 INFO FsHistoryProvider: Finished parsing file:/opt/spark-events/app-20251209212053-0004
25/12/09 21:26:05 INFO FsHistoryProvider: Parsing file:/opt/spark-events/app-20251209212559-0005 for listing data...
25/12/09 21:26:05 INFO FsHistoryProvider: Finished parsing file:/opt/spark-events/app-20251209212559-0005
25/12/09 21:27:05 INFO FsHistoryProvider: Parsing file:/opt/spark-events/app-20251209212659-0006.inprogress for listing data...
25/12/09 21:27:05 INFO FsHistoryProvider: Finished parsing file:/opt/spark-events/app-20251209212659-0006.inprogress
25/12/09 21:27:20 INFO FsHistoryProvider: Parsing file:/opt/spark-events/app-20251209212659-0006 for listing data...
25/12/09 21:27:20 INFO FsHistoryProvider: Finished parsing file:/opt/spark-events/app-20251209212659-0006
25/12/09 21:37:10 INFO FsHistoryProvider: Parsing file:/opt/spark-events/app-20251209213708-0007.inprogress for listing data...
25/12/09 21:37:10 INFO FsHistoryProvider: Finished parsing file:/opt/spark-events/app-20251209213708-0007.inprogress
25/12/09 21:37:25 INFO FsHistoryProvider: Parsing file:/opt/spark-events/app-20251209213708-0007 for listing data...
25/12/09 21:37:25 INFO FsHistoryProvider: Finished parsing file:/opt/spark-events/app-20251209213708-0007
25/12/09 21:38:20 INFO FsHistoryProvider: Parsing file:/opt/spark-events/app-20251209213818-0008.inprogress for listing data...
25/12/09 21:38:20 INFO FsHistoryProvider: Finished parsing file:/opt/spark-events/app-20251209213818-0008.inprogress
25/12/09 21:38:35 INFO FsHistoryProvider: Parsing file:/opt/spark-events/app-20251209213818-0008 for listing data...
25/12/09 21:38:35 INFO FsHistoryProvider: Finished parsing file:/opt/spark-events/app-20251209213818-0008
25/12/09 21:53:40 INFO FsHistoryProvider: Parsing file:/opt/spark-events/app-20251209215339-0009.inprogress for listing data...
25/12/09 21:53:40 INFO FsHistoryProvider: Finished parsing file:/opt/spark-events/app-20251209215339-0009.inprogress
25/12/09 21:53:55 INFO FsHistoryProvider: Parsing file:/opt/spark-events/app-20251209215339-0009 for listing data...
25/12/09 21:53:55 INFO FsHistoryProvider: Finished parsing file:/opt/spark-events/app-20251209215339-0009
25/12/09 21:55:39 INFO SecurityManager: Changing view acls to: root,spark
25/12/09 21:55:39 INFO SecurityManager: Changing modify acls to: root,spark
25/12/09 21:55:39 INFO SecurityManager: Changing view acls groups to: 
25/12/09 21:55:39 INFO SecurityManager: Changing modify acls groups to: 
25/12/09 21:55:39 INFO SecurityManager: SecurityManager: authentication disabled; ui acls disabled; users with view permissions: root, spark; groups with view permissions: EMPTY; users with modify permissions: root, spark; groups with modify permissions: EMPTY
25/12/09 21:55:39 INFO SecurityManager: Changing acls enabled to: false
25/12/09 21:55:39 INFO SecurityManager: Changing admin acls to: 
25/12/09 21:55:39 INFO SecurityManager: Changing view acls to: root
25/12/09 21:55:39 INFO SecurityManager: Changing admin acls groups to: 
25/12/09 21:55:39 INFO SecurityManager: Changing view acls groups to: 
25/12/09 21:55:39 INFO FsHistoryProvider: Parsing /opt/spark-events/app-20251209215339-0009 to re-build UI...
25/12/09 21:55:40 INFO FsHistoryProvider: Finished parsing /opt/spark-events/app-20251209215339-0009
25/12/09 22:00:15 INFO FsHistoryProvider: Parsing file:/opt/spark-events/app-20251209220010-0010.inprogress for listing data...
25/12/09 22:00:15 INFO FsHistoryProvider: Finished parsing file:/opt/spark-events/app-20251209220010-0010.inprogress
25/12/09 22:00:25 INFO FsHistoryProvider: Parsing file:/opt/spark-events/app-20251209220010-0010 for listing data...
25/12/09 22:00:25 INFO FsHistoryProvider: Finished parsing file:/opt/spark-events/app-20251209220010-0010
starting org.apache.spark.deploy.history.HistoryServer, logging to /opt/bitnami/spark/logs/spark--org.apache.spark.deploy.history.HistoryServer-1-c3e24ca8bd62.out
Spark Command: /opt/bitnami/java/bin/java -cp /opt/bitnami/spark/conf/:/opt/bitnami/spark/jars/* -Dspark.history.fs.logDirectory=/opt/spark-events -Dspark.history.fs.update.interval=5s -Dspark.history.ui.maxApplications=100 -Dspark.ui.custom.executor.log.url=http://localhost:8081/logPage/?appId={{APP_ID}}&executorId={{EXECUTOR_ID}}&logType={{LOG_TYPE}} -Xmx1g org.apache.spark.deploy.history.HistoryServer
========================================
Using Spark's default log4j profile: org/apache/spark/log4j2-defaults.properties
25/12/09 22:12:47 INFO HistoryServer: Started daemon with process name: 23@c3e24ca8bd62
25/12/09 22:12:47 INFO SignalUtils: Registering signal handler for TERM
25/12/09 22:12:47 INFO SignalUtils: Registering signal handler for HUP
25/12/09 22:12:47 INFO SignalUtils: Registering signal handler for INT
25/12/09 22:12:48 INFO SecurityManager: Changing view acls to: root,spark
25/12/09 22:12:48 INFO SecurityManager: Changing modify acls to: root,spark
25/12/09 22:12:48 INFO SecurityManager: Changing view acls groups to: 
25/12/09 22:12:48 INFO SecurityManager: Changing modify acls groups to: 
25/12/09 22:12:48 INFO SecurityManager: SecurityManager: authentication disabled; ui acls disabled; users with view permissions: root, spark; groups with view permissions: EMPTY; users with modify permissions: root, spark; groups with modify permissions: EMPTY
25/12/09 22:12:48 WARN NativeCodeLoader: Unable to load native-hadoop library for your platform... using builtin-java classes where applicable
25/12/09 22:12:48 INFO FsHistoryProvider: History server ui acls disabled; users with admin permissions: ; groups with admin permissions: 
25/12/09 22:12:49 INFO JettyUtils: Start Jetty 0.0.0.0:18080 for HistoryServerUI
25/12/09 22:12:49 INFO Utils: Successfully started service 'HistoryServerUI' on port 18080.
25/12/09 22:12:49 INFO HistoryServer: Bound HistoryServer to 0.0.0.0, and started at http://c3e24ca8bd62:18080
25/12/09 22:12:49 INFO FsHistoryProvider: Parsing file:/opt/spark-events/app-20251209212559-0005 for listing data...
25/12/09 22:12:49 INFO FsHistoryProvider: Parsing file:/opt/spark-events/app-20251209220010-0010 for listing data...
25/12/09 22:12:49 INFO FsHistoryProvider: Parsing file:/opt/spark-events/app-20251209213708-0007 for listing data...
25/12/09 22:12:49 INFO FsHistoryProvider: Parsing file:/opt/spark-events/app-20251209215339-0009 for listing data...
25/12/09 22:12:49 INFO FsHistoryProvider: Parsing file:/opt/spark-events/app-20251209212659-0006 for listing data...
25/12/09 22:12:49 INFO FsHistoryProvider: Parsing file:/opt/spark-events/app-20251209213818-0008 for listing data...
25/12/09 22:12:50 INFO FsHistoryProvider: Finished parsing file:/opt/spark-events/app-20251209213818-0008
25/12/09 22:12:50 INFO FsHistoryProvider: Finished parsing file:/opt/spark-events/app-20251209212559-0005
25/12/09 22:12:50 INFO FsHistoryProvider: Finished parsing file:/opt/spark-events/app-20251209220010-0010
25/12/09 22:12:50 INFO FsHistoryProvider: Finished parsing file:/opt/spark-events/app-20251209212659-0006
25/12/09 22:12:50 INFO FsHistoryProvider: Finished parsing file:/opt/spark-events/app-20251209215339-0009
25/12/09 22:12:50 INFO FsHistoryProvider: Parsing file:/opt/spark-events/app-20251209203233-0000 for listing data...
25/12/09 22:12:50 INFO FsHistoryProvider: Finished parsing file:/opt/spark-events/app-20251209213708-0007
25/12/09 22:12:50 INFO FsHistoryProvider: Parsing file:/opt/spark-events/app-20251209212053-0004 for listing data...
25/12/09 22:12:50 INFO FsHistoryProvider: Parsing file:/opt/spark-events/app-20251209203941-0002 for listing data...
25/12/09 22:12:50 INFO FsHistoryProvider: Parsing file:/opt/spark-events/app-20251209193841-0001 for listing data...
25/12/09 22:12:50 INFO FsHistoryProvider: Parsing file:/opt/spark-events/app-20251209204502-0003 for listing data...
25/12/09 22:12:50 INFO FsHistoryProvider: Parsing file:/opt/spark-events/app-20251209203430-0001 for listing data...
25/12/09 22:12:50 INFO FsHistoryProvider: Finished parsing file:/opt/spark-events/app-20251209203941-0002
25/12/09 22:12:50 INFO FsHistoryProvider: Parsing file:/opt/spark-events/local-1765309078602 for listing data...
25/12/09 22:12:50 INFO FsHistoryProvider: Finished parsing file:/opt/spark-events/app-20251209203430-0001
25/12/09 22:12:50 INFO FsHistoryProvider: Parsing file:/opt/spark-events/app-20251209193251-0000 for listing data...
25/12/09 22:12:50 INFO FsHistoryProvider: Finished parsing file:/opt/spark-events/app-20251209203233-0000
25/12/09 22:12:50 INFO FsHistoryProvider: Finished parsing file:/opt/spark-events/app-20251209212053-0004
25/12/09 22:12:50 INFO FsHistoryProvider: Parsing file:/opt/spark-events/app-20251209192529-0003.inprogress for listing data...
25/12/09 22:12:50 INFO FsHistoryProvider: Parsing file:/opt/spark-events/app-20251209192347-0002 for listing data...
25/12/09 22:12:50 INFO FsHistoryProvider: Finished parsing file:/opt/spark-events/app-20251209204502-0003
25/12/09 22:12:50 INFO FsHistoryProvider: Parsing file:/opt/spark-events/app-20251209192226-0001 for listing data...
25/12/09 22:12:50 INFO FsHistoryProvider: Finished parsing file:/opt/spark-events/app-20251209193841-0001
25/12/09 22:12:50 INFO FsHistoryProvider: Parsing file:/opt/spark-events/app-20251209192056-0000 for listing data...
25/12/09 22:12:50 INFO FsHistoryProvider: Finished parsing file:/opt/spark-events/app-20251209192529-0003.inprogress
25/12/09 22:12:50 INFO FsHistoryProvider: Finished parsing file:/opt/spark-events/local-1765309078602
25/12/09 22:12:50 INFO FsHistoryProvider: Finished parsing file:/opt/spark-events/app-20251209192226-0001
25/12/09 22:12:50 INFO FsHistoryProvider: Finished parsing file:/opt/spark-events/app-20251209192347-0002
25/12/09 22:12:50 INFO FsHistoryProvider: Finished parsing file:/opt/spark-events/app-20251209192056-0000
25/12/09 22:12:50 INFO FsHistoryProvider: Finished parsing file:/opt/spark-events/app-20251209193251-0000
25/12/09 22:24:30 INFO FsHistoryProvider: Parsing file:/opt/spark-events/app-20251209222426-0004.inprogress for listing data...
25/12/09 22:24:30 INFO FsHistoryProvider: Finished parsing file:/opt/spark-events/app-20251209222426-0004.inprogress
25/12/09 22:24:45 INFO FsHistoryProvider: Parsing file:/opt/spark-events/app-20251209222426-0004 for listing data...
25/12/09 22:24:45 INFO FsHistoryProvider: Finished parsing file:/opt/spark-events/app-20251209222426-0004
starting org.apache.spark.deploy.history.HistoryServer, logging to /opt/bitnami/spark/logs/spark--org.apache.spark.deploy.history.HistoryServer-1-ffeea7f2a0c4.out
Spark Command: /opt/bitnami/java/bin/java -cp /opt/bitnami/spark/conf/:/opt/bitnami/spark/jars/* -Dspark.history.fs.logDirectory=/opt/spark-events -Dspark.history.fs.update.interval=5s -Dspark.history.ui.maxApplications=100 -Dspark.ui.custom.executor.log.url=http://localhost:8081/logPage/?appId={{APP_ID}}&executorId={{EXECUTOR_ID}}&logType={{LOG_TYPE}} -Xmx1g org.apache.spark.deploy.history.HistoryServer
========================================
Using Spark's default log4j profile: org/apache/spark/log4j2-defaults.properties
25/12/09 22:25:22 INFO HistoryServer: Started daemon with process name: 23@ffeea7f2a0c4
25/12/09 22:25:22 INFO SignalUtils: Registering signal handler for TERM
25/12/09 22:25:22 INFO SignalUtils: Registering signal handler for HUP
25/12/09 22:25:22 INFO SignalUtils: Registering signal handler for INT
25/12/09 22:25:22 INFO SecurityManager: Changing view acls to: root,spark
25/12/09 22:25:22 INFO SecurityManager: Changing modify acls to: root,spark
25/12/09 22:25:22 INFO SecurityManager: Changing view acls groups to: 
25/12/09 22:25:22 INFO SecurityManager: Changing modify acls groups to: 
25/12/09 22:25:22 INFO SecurityManager: SecurityManager: authentication disabled; ui acls disabled; users with view permissions: root, spark; groups with view permissions: EMPTY; users with modify permissions: root, spark; groups with modify permissions: EMPTY
25/12/09 22:25:22 WARN NativeCodeLoader: Unable to load native-hadoop library for your platform... using builtin-java classes where applicable
25/12/09 22:25:22 INFO FsHistoryProvider: History server ui acls disabled; users with admin permissions: ; groups with admin permissions: 
25/12/09 22:25:23 INFO JettyUtils: Start Jetty 0.0.0.0:18080 for HistoryServerUI
25/12/09 22:25:23 INFO Utils: Successfully started service 'HistoryServerUI' on port 18080.
25/12/09 22:25:24 INFO HistoryServer: Bound HistoryServer to 0.0.0.0, and started at http://ffeea7f2a0c4:18080
25/12/09 22:25:24 INFO FsHistoryProvider: Parsing file:/opt/spark-events/app-20251209213818-0008 for listing data...
25/12/09 22:25:24 INFO FsHistoryProvider: Parsing file:/opt/spark-events/app-20251209213708-0007 for listing data...
25/12/09 22:25:24 INFO FsHistoryProvider: Parsing file:/opt/spark-events/app-20251209222426-0004 for listing data...
25/12/09 22:25:24 INFO FsHistoryProvider: Parsing file:/opt/spark-events/app-20251209220010-0010 for listing data...
25/12/09 22:25:24 INFO FsHistoryProvider: Parsing file:/opt/spark-events/app-20251209215339-0009 for listing data...
25/12/09 22:25:24 INFO FsHistoryProvider: Parsing file:/opt/spark-events/app-20251209212659-0006 for listing data...
25/12/09 22:25:25 INFO FsHistoryProvider: Finished parsing file:/opt/spark-events/app-20251209213708-0007
25/12/09 22:25:25 INFO FsHistoryProvider: Parsing file:/opt/spark-events/app-20251209212559-0005 for listing data...
25/12/09 22:25:25 INFO FsHistoryProvider: Finished parsing file:/opt/spark-events/app-20251209215339-0009
25/12/09 22:25:25 INFO FsHistoryProvider: Parsing file:/opt/spark-events/app-20251209212053-0004 for listing data...
25/12/09 22:25:25 INFO FsHistoryProvider: Finished parsing file:/opt/spark-events/app-20251209220010-0010
25/12/09 22:25:25 INFO FsHistoryProvider: Finished parsing file:/opt/spark-events/app-20251209213818-0008
25/12/09 22:25:25 INFO FsHistoryProvider: Finished parsing file:/opt/spark-events/app-20251209212659-0006
25/12/09 22:25:25 INFO FsHistoryProvider: Finished parsing file:/opt/spark-events/app-20251209222426-0004
25/12/09 22:25:25 INFO FsHistoryProvider: Parsing file:/opt/spark-events/app-20251209204502-0003 for listing data...
25/12/09 22:25:25 INFO FsHistoryProvider: Parsing file:/opt/spark-events/app-20251209203941-0002 for listing data...
25/12/09 22:25:25 INFO FsHistoryProvider: Parsing file:/opt/spark-events/app-20251209203233-0000 for listing data...
25/12/09 22:25:25 INFO FsHistoryProvider: Parsing file:/opt/spark-events/app-20251209203430-0001 for listing data...
25/12/09 22:25:25 INFO FsHistoryProvider: Finished parsing file:/opt/spark-events/app-20251209204502-0003
25/12/09 22:25:25 INFO FsHistoryProvider: Parsing file:/opt/spark-events/app-20251209193841-0001 for listing data...
25/12/09 22:25:25 INFO FsHistoryProvider: Finished parsing file:/opt/spark-events/app-20251209212053-0004
25/12/09 22:25:25 INFO FsHistoryProvider: Finished parsing file:/opt/spark-events/app-20251209212559-0005
25/12/09 22:25:25 INFO FsHistoryProvider: Parsing file:/opt/spark-events/app-20251209193251-0000 for listing data...
25/12/09 22:25:25 INFO FsHistoryProvider: Parsing file:/opt/spark-events/local-1765309078602 for listing data...
25/12/09 22:25:25 INFO FsHistoryProvider: Finished parsing file:/opt/spark-events/app-20251209203941-0002
25/12/09 22:25:25 INFO FsHistoryProvider: Finished parsing file:/opt/spark-events/app-20251209203233-0000
25/12/09 22:25:25 INFO FsHistoryProvider: Parsing file:/opt/spark-events/app-20251209192529-0003.inprogress for listing data...
25/12/09 22:25:25 INFO FsHistoryProvider: Parsing file:/opt/spark-events/app-20251209192347-0002 for listing data...
25/12/09 22:25:25 INFO FsHistoryProvider: Finished parsing file:/opt/spark-events/local-1765309078602
25/12/09 22:25:25 INFO FsHistoryProvider: Finished parsing file:/opt/spark-events/app-20251209192529-0003.inprogress
25/12/09 22:25:25 INFO FsHistoryProvider: Parsing file:/opt/spark-events/app-20251209192056-0000 for listing data...
25/12/09 22:25:25 INFO FsHistoryProvider: Finished parsing file:/opt/spark-events/app-20251209203430-0001
25/12/09 22:25:25 INFO FsHistoryProvider: Parsing file:/opt/spark-events/app-20251209192226-0001 for listing data...
25/12/09 22:25:25 INFO FsHistoryProvider: Finished parsing file:/opt/spark-events/app-20251209193251-0000
25/12/09 22:25:25 INFO FsHistoryProvider: Finished parsing file:/opt/spark-events/app-20251209192347-0002
25/12/09 22:25:25 INFO FsHistoryProvider: Finished parsing file:/opt/spark-events/app-20251209193841-0001
25/12/09 22:25:25 INFO FsHistoryProvider: Finished parsing file:/opt/spark-events/app-20251209192056-0000
25/12/09 22:25:25 INFO FsHistoryProvider: Finished parsing file:/opt/spark-events/app-20251209192226-0001
starting org.apache.spark.deploy.history.HistoryServer, logging to /opt/bitnami/spark/logs/spark--org.apache.spark.deploy.history.HistoryServer-1-fc1981c6e10f.out
Spark Command: /opt/bitnami/java/bin/java -cp /opt/bitnami/spark/conf/:/opt/bitnami/spark/jars/* -Dspark.history.fs.logDirectory=/opt/spark-events -Dspark.history.fs.update.interval=5s -Dspark.history.ui.maxApplications=100 -Dspark.ui.custom.executor.log.url=http://localhost:8081/logPage/?appId={{APP_ID}}&executorId={{EXECUTOR_ID}}&logType={{LOG_TYPE}} -Xmx1g org.apache.spark.deploy.history.HistoryServer
========================================
Using Spark's default log4j profile: org/apache/spark/log4j2-defaults.properties
25/12/09 22:28:27 INFO HistoryServer: Started daemon with process name: 23@fc1981c6e10f
25/12/09 22:28:27 INFO SignalUtils: Registering signal handler for TERM
25/12/09 22:28:27 INFO SignalUtils: Registering signal handler for HUP
25/12/09 22:28:27 INFO SignalUtils: Registering signal handler for INT
25/12/09 22:28:27 INFO SecurityManager: Changing view acls to: root,spark
25/12/09 22:28:27 INFO SecurityManager: Changing modify acls to: root,spark
25/12/09 22:28:27 INFO SecurityManager: Changing view acls groups to: 
25/12/09 22:28:27 INFO SecurityManager: Changing modify acls groups to: 
25/12/09 22:28:27 INFO SecurityManager: SecurityManager: authentication disabled; ui acls disabled; users with view permissions: root, spark; groups with view permissions: EMPTY; users with modify permissions: root, spark; groups with modify permissions: EMPTY
25/12/09 22:28:27 WARN NativeCodeLoader: Unable to load native-hadoop library for your platform... using builtin-java classes where applicable
25/12/09 22:28:28 INFO FsHistoryProvider: History server ui acls disabled; users with admin permissions: ; groups with admin permissions: 
25/12/09 22:28:28 INFO JettyUtils: Start Jetty 0.0.0.0:18080 for HistoryServerUI
25/12/09 22:28:29 INFO Utils: Successfully started service 'HistoryServerUI' on port 18080.
25/12/09 22:28:29 INFO HistoryServer: Bound HistoryServer to 0.0.0.0, and started at http://fc1981c6e10f:18080
25/12/09 22:28:29 INFO FsHistoryProvider: Parsing file:/opt/spark-events/app-20251209213818-0008 for listing data...
25/12/09 22:28:29 INFO FsHistoryProvider: Parsing file:/opt/spark-events/app-20251209212659-0006 for listing data...
25/12/09 22:28:29 INFO FsHistoryProvider: Parsing file:/opt/spark-events/app-20251209222426-0004 for listing data...
25/12/09 22:28:29 INFO FsHistoryProvider: Parsing file:/opt/spark-events/app-20251209215339-0009 for listing data...
25/12/09 22:28:29 INFO FsHistoryProvider: Parsing file:/opt/spark-events/app-20251209213708-0007 for listing data...
25/12/09 22:28:29 INFO FsHistoryProvider: Parsing file:/opt/spark-events/app-20251209220010-0010 for listing data...
25/12/09 22:28:30 INFO FsHistoryProvider: Finished parsing file:/opt/spark-events/app-20251209212659-0006
25/12/09 22:28:30 INFO FsHistoryProvider: Finished parsing file:/opt/spark-events/app-20251209220010-0010
25/12/09 22:28:30 INFO FsHistoryProvider: Finished parsing file:/opt/spark-events/app-20251209213818-0008
25/12/09 22:28:30 INFO FsHistoryProvider: Finished parsing file:/opt/spark-events/app-20251209213708-0007
25/12/09 22:28:30 INFO FsHistoryProvider: Finished parsing file:/opt/spark-events/app-20251209222426-0004
25/12/09 22:28:30 INFO FsHistoryProvider: Parsing file:/opt/spark-events/app-20251209212053-0004 for listing data...
25/12/09 22:28:30 INFO FsHistoryProvider: Parsing file:/opt/spark-events/app-20251209203941-0002 for listing data...
25/12/09 22:28:30 INFO FsHistoryProvider: Parsing file:/opt/spark-events/app-20251209203430-0001 for listing data...
25/12/09 22:28:30 INFO FsHistoryProvider: Finished parsing file:/opt/spark-events/app-20251209215339-0009
25/12/09 22:28:30 INFO FsHistoryProvider: Parsing file:/opt/spark-events/app-20251209203233-0000 for listing data...
25/12/09 22:28:30 INFO FsHistoryProvider: Parsing file:/opt/spark-events/app-20251209212559-0005 for listing data...
25/12/09 22:28:30 INFO FsHistoryProvider: Parsing file:/opt/spark-events/app-20251209204502-0003 for listing data...
25/12/09 22:28:30 INFO FsHistoryProvider: Finished parsing file:/opt/spark-events/app-20251209203233-0000
25/12/09 22:28:30 INFO FsHistoryProvider: Parsing file:/opt/spark-events/app-20251209193841-0001 for listing data...
25/12/09 22:28:30 INFO FsHistoryProvider: Finished parsing file:/opt/spark-events/app-20251209212053-0004
25/12/09 22:28:30 INFO FsHistoryProvider: Finished parsing file:/opt/spark-events/app-20251209204502-0003
25/12/09 22:28:30 INFO FsHistoryProvider: Finished parsing file:/opt/spark-events/app-20251209203430-0001
25/12/09 22:28:30 INFO FsHistoryProvider: Parsing file:/opt/spark-events/app-20251209193251-0000 for listing data...
25/12/09 22:28:30 INFO FsHistoryProvider: Parsing file:/opt/spark-events/local-1765309078602 for listing data...
25/12/09 22:28:30 INFO FsHistoryProvider: Parsing file:/opt/spark-events/app-20251209192529-0003.inprogress for listing data...
25/12/09 22:28:30 INFO FsHistoryProvider: Finished parsing file:/opt/spark-events/app-20251209212559-0005
25/12/09 22:28:30 INFO FsHistoryProvider: Finished parsing file:/opt/spark-events/app-20251209193841-0001
25/12/09 22:28:30 INFO FsHistoryProvider: Parsing file:/opt/spark-events/app-20251209192226-0001 for listing data...
25/12/09 22:28:30 INFO FsHistoryProvider: Finished parsing file:/opt/spark-events/app-20251209203941-0002
25/12/09 22:28:30 INFO FsHistoryProvider: Parsing file:/opt/spark-events/app-20251209192056-0000 for listing data...
25/12/09 22:28:30 INFO FsHistoryProvider: Parsing file:/opt/spark-events/app-20251209192347-0002 for listing data...
25/12/09 22:28:30 INFO FsHistoryProvider: Finished parsing file:/opt/spark-events/app-20251209192529-0003.inprogress
25/12/09 22:28:30 INFO FsHistoryProvider: Finished parsing file:/opt/spark-events/app-20251209192226-0001
25/12/09 22:28:31 INFO FsHistoryProvider: Finished parsing file:/opt/spark-events/app-20251209192347-0002
25/12/09 22:28:31 INFO FsHistoryProvider: Finished parsing file:/opt/spark-events/app-20251209193251-0000
25/12/09 22:28:31 INFO FsHistoryProvider: Finished parsing file:/opt/spark-events/local-1765309078602
25/12/09 22:28:31 INFO FsHistoryProvider: Finished parsing file:/opt/spark-events/app-20251209192056-0000
25/12/09 22:29:44 INFO FsHistoryProvider: Parsing file:/opt/spark-events/app-20251209222943-0000.inprogress for listing data...
25/12/09 22:29:44 INFO FsHistoryProvider: Finished parsing file:/opt/spark-events/app-20251209222943-0000.inprogress
25/12/09 22:30:04 INFO FsHistoryProvider: Parsing file:/opt/spark-events/app-20251209222943-0000 for listing data...
25/12/09 22:30:04 INFO FsHistoryProvider: Finished parsing file:/opt/spark-events/app-20251209222943-0000
25/12/09 22:31:18 INFO SecurityManager: Changing view acls to: root,spark
25/12/09 22:31:18 INFO SecurityManager: Changing modify acls to: root,spark
25/12/09 22:31:18 INFO SecurityManager: Changing view acls groups to: 
25/12/09 22:31:18 INFO SecurityManager: Changing modify acls groups to: 
25/12/09 22:31:18 INFO SecurityManager: SecurityManager: authentication disabled; ui acls disabled; users with view permissions: root, spark; groups with view permissions: EMPTY; users with modify permissions: root, spark; groups with modify permissions: EMPTY
25/12/09 22:31:18 INFO SecurityManager: Changing acls enabled to: false
25/12/09 22:31:18 INFO SecurityManager: Changing admin acls to: 
25/12/09 22:31:18 INFO SecurityManager: Changing view acls to: root
25/12/09 22:31:18 INFO SecurityManager: Changing admin acls groups to: 
25/12/09 22:31:18 INFO SecurityManager: Changing view acls groups to: 
25/12/09 22:31:18 INFO FsHistoryProvider: Parsing /opt/spark-events/app-20251209222943-0000 to re-build UI...
25/12/09 22:31:19 INFO FsHistoryProvider: Finished parsing /opt/spark-events/app-20251209222943-0000
starting org.apache.spark.deploy.history.HistoryServer, logging to /opt/bitnami/spark/logs/spark--org.apache.spark.deploy.history.HistoryServer-1-64b8a05420bf.out
Spark Command: /opt/bitnami/java/bin/java -cp /opt/bitnami/spark/conf/:/opt/bitnami/spark/jars/* -Dspark.history.fs.logDirectory=/opt/spark-events -Dspark.history.fs.update.interval=5s -Dspark.history.ui.maxApplications=100 -Dspark.ui.custom.executor.log.url=http://localhost:8081/logPage/?appId={{APP_ID}}&executorId={{EXECUTOR_ID}}&logType={{LOG_TYPE}} -Xmx1g org.apache.spark.deploy.history.HistoryServer
========================================
Using Spark's default log4j profile: org/apache/spark/log4j2-defaults.properties
25/12/09 22:36:58 INFO HistoryServer: Started daemon with process name: 23@64b8a05420bf
25/12/09 22:36:58 INFO SignalUtils: Registering signal handler for TERM
25/12/09 22:36:58 INFO SignalUtils: Registering signal handler for HUP
25/12/09 22:36:58 INFO SignalUtils: Registering signal handler for INT
25/12/09 22:36:58 INFO SecurityManager: Changing view acls to: root,spark
25/12/09 22:36:58 INFO SecurityManager: Changing modify acls to: root,spark
25/12/09 22:36:58 INFO SecurityManager: Changing view acls groups to: 
25/12/09 22:36:58 INFO SecurityManager: Changing modify acls groups to: 
25/12/09 22:36:58 INFO SecurityManager: SecurityManager: authentication disabled; ui acls disabled; users with view permissions: root, spark; groups with view permissions: EMPTY; users with modify permissions: root, spark; groups with modify permissions: EMPTY
25/12/09 22:36:58 WARN NativeCodeLoader: Unable to load native-hadoop library for your platform... using builtin-java classes where applicable
25/12/09 22:36:59 INFO FsHistoryProvider: History server ui acls disabled; users with admin permissions: ; groups with admin permissions: 
25/12/09 22:36:59 INFO JettyUtils: Start Jetty 0.0.0.0:18080 for HistoryServerUI
25/12/09 22:36:59 INFO Utils: Successfully started service 'HistoryServerUI' on port 18080.
25/12/09 22:37:00 INFO HistoryServer: Bound HistoryServer to 0.0.0.0, and started at http://64b8a05420bf:18080
25/12/09 22:37:00 INFO FsHistoryProvider: Parsing file:/opt/spark-events/app-20251209220010-0010 for listing data...
25/12/09 22:37:00 INFO FsHistoryProvider: Parsing file:/opt/spark-events/app-20251209222943-0000 for listing data...
25/12/09 22:37:00 INFO FsHistoryProvider: Parsing file:/opt/spark-events/app-20251209222426-0004 for listing data...
25/12/09 22:37:00 INFO FsHistoryProvider: Parsing file:/opt/spark-events/app-20251209213818-0008 for listing data...
25/12/09 22:37:00 INFO FsHistoryProvider: Parsing file:/opt/spark-events/app-20251209213708-0007 for listing data...
25/12/09 22:37:00 INFO FsHistoryProvider: Parsing file:/opt/spark-events/app-20251209215339-0009 for listing data...
25/12/09 22:37:01 INFO FsHistoryProvider: Finished parsing file:/opt/spark-events/app-20251209222426-0004
25/12/09 22:37:01 INFO FsHistoryProvider: Parsing file:/opt/spark-events/app-20251209212659-0006 for listing data...
25/12/09 22:37:01 INFO FsHistoryProvider: Finished parsing file:/opt/spark-events/app-20251209215339-0009
25/12/09 22:37:01 INFO FsHistoryProvider: Finished parsing file:/opt/spark-events/app-20251209222943-0000
25/12/09 22:37:01 INFO FsHistoryProvider: Parsing file:/opt/spark-events/app-20251209212559-0005 for listing data...
25/12/09 22:37:01 INFO FsHistoryProvider: Parsing file:/opt/spark-events/app-20251209212053-0004 for listing data...
25/12/09 22:37:01 INFO FsHistoryProvider: Finished parsing file:/opt/spark-events/app-20251209220010-0010
25/12/09 22:37:01 INFO FsHistoryProvider: Parsing file:/opt/spark-events/app-20251209204502-0003 for listing data...
25/12/09 22:37:01 INFO FsHistoryProvider: Finished parsing file:/opt/spark-events/app-20251209213818-0008
25/12/09 22:37:01 INFO FsHistoryProvider: Finished parsing file:/opt/spark-events/app-20251209213708-0007
25/12/09 22:37:01 INFO FsHistoryProvider: Parsing file:/opt/spark-events/app-20251209203941-0002 for listing data...
25/12/09 22:37:01 INFO FsHistoryProvider: Parsing file:/opt/spark-events/app-20251209203430-0001 for listing data...
25/12/09 22:37:01 INFO FsHistoryProvider: Finished parsing file:/opt/spark-events/app-20251209212559-0005
25/12/09 22:37:01 INFO FsHistoryProvider: Parsing file:/opt/spark-events/app-20251209203233-0000 for listing data...
25/12/09 22:37:01 INFO FsHistoryProvider: Finished parsing file:/opt/spark-events/app-20251209212053-0004
25/12/09 22:37:01 INFO FsHistoryProvider: Parsing file:/opt/spark-events/app-20251209193841-0001 for listing data...
25/12/09 22:37:01 INFO FsHistoryProvider: Finished parsing file:/opt/spark-events/app-20251209212659-0006
25/12/09 22:37:01 INFO FsHistoryProvider: Parsing file:/opt/spark-events/local-1765309078602 for listing data...
25/12/09 22:37:01 INFO FsHistoryProvider: Finished parsing file:/opt/spark-events/app-20251209203941-0002
25/12/09 22:37:01 INFO FsHistoryProvider: Parsing file:/opt/spark-events/app-20251209193251-0000 for listing data...
25/12/09 22:37:01 INFO FsHistoryProvider: Finished parsing file:/opt/spark-events/app-20251209203233-0000
25/12/09 22:37:01 INFO FsHistoryProvider: Finished parsing file:/opt/spark-events/app-20251209203430-0001
25/12/09 22:37:01 INFO FsHistoryProvider: Parsing file:/opt/spark-events/app-20251209192529-0003.inprogress for listing data...
25/12/09 22:37:01 INFO FsHistoryProvider: Parsing file:/opt/spark-events/app-20251209192347-0002 for listing data...
25/12/09 22:37:01 INFO FsHistoryProvider: Finished parsing file:/opt/spark-events/app-20251209193841-0001
25/12/09 22:37:01 INFO FsHistoryProvider: Parsing file:/opt/spark-events/app-20251209192226-0001 for listing data...
25/12/09 22:37:01 INFO FsHistoryProvider: Finished parsing file:/opt/spark-events/app-20251209192529-0003.inprogress
25/12/09 22:37:01 INFO FsHistoryProvider: Parsing file:/opt/spark-events/app-20251209192056-0000 for listing data...
25/12/09 22:37:01 INFO FsHistoryProvider: Finished parsing file:/opt/spark-events/app-20251209192226-0001
25/12/09 22:37:01 INFO FsHistoryProvider: Finished parsing file:/opt/spark-events/app-20251209193251-0000
25/12/09 22:37:01 INFO FsHistoryProvider: Finished parsing file:/opt/spark-events/app-20251209204502-0003
25/12/09 22:37:01 INFO FsHistoryProvider: Finished parsing file:/opt/spark-events/app-20251209192056-0000
25/12/09 22:37:01 INFO FsHistoryProvider: Finished parsing file:/opt/spark-events/app-20251209192347-0002
25/12/09 22:37:01 INFO FsHistoryProvider: Finished parsing file:/opt/spark-events/local-1765309078602
