[2025-12-09T22:29:36.889+0000] {taskinstance.py:1157} INFO - Dependencies all met for dep_context=non-requeueable deps ti=<TaskInstance: amount_data_s3_processing_pipeline.move_file_with_timestamp manual__2025-12-09T22:29:11.763670+00:00 [queued]>
[2025-12-09T22:29:36.897+0000] {taskinstance.py:1157} INFO - Dependencies all met for dep_context=requeueable deps ti=<TaskInstance: amount_data_s3_processing_pipeline.move_file_with_timestamp manual__2025-12-09T22:29:11.763670+00:00 [queued]>
[2025-12-09T22:29:36.897+0000] {taskinstance.py:1359} INFO - Starting attempt 1 of 3
[2025-12-09T22:29:36.908+0000] {taskinstance.py:1380} INFO - Executing <Task(PythonOperator): move_file_with_timestamp> on 2025-12-09 22:29:11.763670+00:00
[2025-12-09T22:29:36.912+0000] {standard_task_runner.py:57} INFO - Started process 301 to run task
[2025-12-09T22:29:36.915+0000] {standard_task_runner.py:84} INFO - Running: ['***', 'tasks', 'run', 'amount_data_s3_processing_pipeline', 'move_file_with_timestamp', 'manual__2025-12-09T22:29:11.763670+00:00', '--job-id', '76', '--raw', '--subdir', 'DAGS_FOLDER/amount_data_s3_processing_pipeline.py', '--cfg-path', '/tmp/tmptwxfgjbi']
[2025-12-09T22:29:36.918+0000] {standard_task_runner.py:85} INFO - Job 76: Subtask move_file_with_timestamp
[2025-12-09T22:29:36.966+0000] {task_command.py:415} INFO - Running <TaskInstance: amount_data_s3_processing_pipeline.move_file_with_timestamp manual__2025-12-09T22:29:11.763670+00:00 [running]> on host f91dceacf835
[2025-12-09T22:29:37.050+0000] {taskinstance.py:1660} INFO - Exporting env vars: AIRFLOW_CTX_DAG_OWNER='***' AIRFLOW_CTX_DAG_ID='amount_data_s3_processing_pipeline' AIRFLOW_CTX_TASK_ID='move_file_with_timestamp' AIRFLOW_CTX_EXECUTION_DATE='2025-12-09T22:29:11.763670+00:00' AIRFLOW_CTX_TRY_NUMBER='1' AIRFLOW_CTX_DAG_RUN_ID='manual__2025-12-09T22:29:11.763670+00:00'
[2025-12-09T22:29:37.119+0000] {amount_data_s3_processing_pipeline.py:98} INFO - ================================================================================
[2025-12-09T22:29:37.119+0000] {amount_data_s3_processing_pipeline.py:99} INFO - 📁 MOVING FILE WITH TIMESTAMP
[2025-12-09T22:29:37.119+0000] {amount_data_s3_processing_pipeline.py:100} INFO - ================================================================================
[2025-12-09T22:29:37.129+0000] {amount_data_s3_processing_pipeline.py:126} INFO - 📄 Latest file found: source/amounts.json
[2025-12-09T22:29:37.129+0000] {amount_data_s3_processing_pipeline.py:127} INFO -    Upload time: 2025-12-09 22:29:30.048000+00:00
[2025-12-09T22:29:37.129+0000] {amount_data_s3_processing_pipeline.py:135} INFO - ✏️  Renaming to: source/amounts_20251209_222937.json
[2025-12-09T22:29:37.137+0000] {amount_data_s3_processing_pipeline.py:144} INFO - ✅ File copied with timestamp: source/amounts_20251209_222937.json
[2025-12-09T22:29:37.140+0000] {amount_data_s3_processing_pipeline.py:148} INFO - 🗑️  Original file deleted: source/amounts.json
[2025-12-09T22:29:37.170+0000] {amount_data_s3_processing_pipeline.py:160} INFO - 📌 File info stored for Spark job
[2025-12-09T22:29:37.170+0000] {amount_data_s3_processing_pipeline.py:161} INFO - ================================================================================

[2025-12-09T22:29:37.171+0000] {logging_mixin.py:151} INFO - 
================================================================================
[2025-12-09T22:29:37.171+0000] {logging_mixin.py:151} INFO -   ✅ FILE MOVED SUCCESSFULLY WITH TIMESTAMP
[2025-12-09T22:29:37.171+0000] {logging_mixin.py:151} INFO - ================================================================================
[2025-12-09T22:29:37.171+0000] {logging_mixin.py:151} INFO -   Original: amounts.json
[2025-12-09T22:29:37.171+0000] {logging_mixin.py:151} INFO -   New Name: amounts_20251209_222937.json
[2025-12-09T22:29:37.171+0000] {logging_mixin.py:151} INFO -   Location: source/
[2025-12-09T22:29:37.171+0000] {logging_mixin.py:151} INFO - ================================================================================
[2025-12-09T22:29:37.172+0000] {python.py:194} INFO - Done. Returned value was: True
[2025-12-09T22:29:37.196+0000] {taskinstance.py:1398} INFO - Marking task as SUCCESS. dag_id=amount_data_s3_processing_pipeline, task_id=move_file_with_timestamp, execution_date=20251209T222911, start_date=20251209T222936, end_date=20251209T222937
[2025-12-09T22:29:37.249+0000] {local_task_job_runner.py:228} INFO - Task exited with return code 0
[2025-12-09T22:29:37.272+0000] {taskinstance.py:2776} INFO - 1 downstream tasks scheduled from follow-on schedule check
