[2025-12-09T21:20:49.931+0000] {taskinstance.py:1157} INFO - Dependencies all met for dep_context=non-requeueable deps ti=<TaskInstance: amount_data_s3_processing_pipeline.submit_spark_job scheduled__2025-12-09T20:00:00+00:00 [queued]>
[2025-12-09T21:20:49.940+0000] {taskinstance.py:1157} INFO - Dependencies all met for dep_context=requeueable deps ti=<TaskInstance: amount_data_s3_processing_pipeline.submit_spark_job scheduled__2025-12-09T20:00:00+00:00 [queued]>
[2025-12-09T21:20:49.940+0000] {taskinstance.py:1359} INFO - Starting attempt 1 of 3
[2025-12-09T21:20:49.953+0000] {taskinstance.py:1380} INFO - Executing <Task(SparkSubmitOperator): submit_spark_job> on 2025-12-09 20:00:00+00:00
[2025-12-09T21:20:49.958+0000] {standard_task_runner.py:57} INFO - Started process 3795 to run task
[2025-12-09T21:20:49.960+0000] {standard_task_runner.py:84} INFO - Running: ['***', 'tasks', 'run', 'amount_data_s3_processing_pipeline', 'submit_spark_job', 'scheduled__2025-12-09T20:00:00+00:00', '--job-id', '27', '--raw', '--subdir', 'DAGS_FOLDER/amount_data_s3_processing_pipeline.py', '--cfg-path', '/tmp/tmpm0hbfq3h']
[2025-12-09T21:20:49.961+0000] {standard_task_runner.py:85} INFO - Job 27: Subtask submit_spark_job
[2025-12-09T21:20:50.011+0000] {task_command.py:415} INFO - Running <TaskInstance: amount_data_s3_processing_pipeline.submit_spark_job scheduled__2025-12-09T20:00:00+00:00 [running]> on host 9f0bb37009ef
[2025-12-09T21:20:50.092+0000] {taskinstance.py:1660} INFO - Exporting env vars: AIRFLOW_CTX_DAG_OWNER='***' AIRFLOW_CTX_DAG_ID='amount_data_s3_processing_pipeline' AIRFLOW_CTX_TASK_ID='submit_spark_job' AIRFLOW_CTX_EXECUTION_DATE='2025-12-09T20:00:00+00:00' AIRFLOW_CTX_TRY_NUMBER='1' AIRFLOW_CTX_DAG_RUN_ID='scheduled__2025-12-09T20:00:00+00:00'
[2025-12-09T21:20:50.102+0000] {base.py:73} INFO - Using connection ID 'spark-conn' for task execution.
[2025-12-09T21:20:50.103+0000] {spark_submit.py:340} INFO - Spark-Submit cmd: spark-submit --master spark://spark-master:7077 --conf spark.eventLog.enabled=true --conf spark.eventLog.dir=/opt/spark-events --conf spark.history.fs.logDirectory=/opt/spark-events --conf spark.hadoop.fs.s3a.endpoint=http://minio:9000 --conf spark.hadoop.fs.s3a.access.key=admin --conf spark.hadoop.fs.s3a.secret.key=****** --conf spark.hadoop.fs.s3a.path.style.access=true --conf spark.hadoop.fs.s3a.impl=org.apache.hadoop.fs.s3a.S3AFileSystem --conf spark.sql.shuffle.partitions=200 --conf spark.dynamicAllocation.enabled=false --num-executors 2 --executor-cores 2 --executor-memory 2g --driver-memory 1g --name AmountDataProcessor_20251209T200000 --verbose jobs/s3_amount_processor.py
[2025-12-09T21:20:51.690+0000] {spark_submit.py:491} INFO - Using properties file: null
[2025-12-09T21:20:51.798+0000] {spark_submit.py:491} INFO - Parsed arguments:
[2025-12-09T21:20:51.798+0000] {spark_submit.py:491} INFO - master                  spark://spark-master:7077
[2025-12-09T21:20:51.799+0000] {spark_submit.py:491} INFO - remote                  null
[2025-12-09T21:20:51.799+0000] {spark_submit.py:491} INFO - deployMode              null
[2025-12-09T21:20:51.799+0000] {spark_submit.py:491} INFO - executorMemory          2g
[2025-12-09T21:20:51.799+0000] {spark_submit.py:491} INFO - executorCores           2
[2025-12-09T21:20:51.799+0000] {spark_submit.py:491} INFO - totalExecutorCores      null
[2025-12-09T21:20:51.800+0000] {spark_submit.py:491} INFO - propertiesFile          null
[2025-12-09T21:20:51.800+0000] {spark_submit.py:491} INFO - driverMemory            1g
[2025-12-09T21:20:51.800+0000] {spark_submit.py:491} INFO - driverCores             null
[2025-12-09T21:20:51.800+0000] {spark_submit.py:491} INFO - driverExtraClassPath    null
[2025-12-09T21:20:51.800+0000] {spark_submit.py:491} INFO - driverExtraLibraryPath  null
[2025-12-09T21:20:51.801+0000] {spark_submit.py:491} INFO - driverExtraJavaOptions  null
[2025-12-09T21:20:51.801+0000] {spark_submit.py:491} INFO - supervise               false
[2025-12-09T21:20:51.801+0000] {spark_submit.py:491} INFO - queue                   null
[2025-12-09T21:20:51.801+0000] {spark_submit.py:491} INFO - numExecutors            2
[2025-12-09T21:20:51.801+0000] {spark_submit.py:491} INFO - files                   null
[2025-12-09T21:20:51.801+0000] {spark_submit.py:491} INFO - pyFiles                 null
[2025-12-09T21:20:51.801+0000] {spark_submit.py:491} INFO - archives                null
[2025-12-09T21:20:51.801+0000] {spark_submit.py:491} INFO - mainClass               null
[2025-12-09T21:20:51.801+0000] {spark_submit.py:491} INFO - primaryResource         file:/opt/***/jobs/s3_amount_processor.py
[2025-12-09T21:20:51.802+0000] {spark_submit.py:491} INFO - name                    AmountDataProcessor_20251209T200000
[2025-12-09T21:20:51.802+0000] {spark_submit.py:491} INFO - childArgs               []
[2025-12-09T21:20:51.802+0000] {spark_submit.py:491} INFO - jars                    null
[2025-12-09T21:20:51.802+0000] {spark_submit.py:491} INFO - packages                null
[2025-12-09T21:20:51.802+0000] {spark_submit.py:491} INFO - packagesExclusions      null
[2025-12-09T21:20:51.802+0000] {spark_submit.py:491} INFO - repositories            null
[2025-12-09T21:20:51.802+0000] {spark_submit.py:491} INFO - verbose                 true
[2025-12-09T21:20:51.802+0000] {spark_submit.py:491} INFO - 
[2025-12-09T21:20:51.802+0000] {spark_submit.py:491} INFO - Spark properties used, including those specified through
[2025-12-09T21:20:51.802+0000] {spark_submit.py:491} INFO - --conf and those from the properties file null:
[2025-12-09T21:20:51.802+0000] {spark_submit.py:491} INFO - (spark.driver.memory,1g)
[2025-12-09T21:20:51.802+0000] {spark_submit.py:491} INFO - (spark.dynamicAllocation.enabled,false)
[2025-12-09T21:20:51.802+0000] {spark_submit.py:491} INFO - (spark.eventLog.dir,/opt/spark-events)
[2025-12-09T21:20:51.802+0000] {spark_submit.py:491} INFO - (spark.eventLog.enabled,true)
[2025-12-09T21:20:51.802+0000] {spark_submit.py:491} INFO - (spark.hadoop.fs.s3a.access.key,*********(redacted))
[2025-12-09T21:20:51.802+0000] {spark_submit.py:491} INFO - (spark.hadoop.fs.s3a.endpoint,http://minio:9000)
[2025-12-09T21:20:51.802+0000] {spark_submit.py:491} INFO - (spark.hadoop.fs.s3a.impl,org.apache.hadoop.fs.s3a.S3AFileSystem)
[2025-12-09T21:20:51.802+0000] {spark_submit.py:491} INFO - (spark.hadoop.fs.s3a.path.style.access,true)
[2025-12-09T21:20:51.802+0000] {spark_submit.py:491} INFO - (spark.hadoop.fs.s3a.secret.key,*********(redacted))
[2025-12-09T21:20:51.802+0000] {spark_submit.py:491} INFO - (spark.history.fs.logDirectory,/opt/spark-events)
[2025-12-09T21:20:51.802+0000] {spark_submit.py:491} INFO - (spark.sql.shuffle.partitions,200)
[2025-12-09T21:20:51.803+0000] {spark_submit.py:491} INFO - 
[2025-12-09T21:20:51.803+0000] {spark_submit.py:491} INFO - 
[2025-12-09T21:20:52.056+0000] {spark_submit.py:491} INFO - Main class:
[2025-12-09T21:20:52.057+0000] {spark_submit.py:491} INFO - org.apache.spark.deploy.PythonRunner
[2025-12-09T21:20:52.057+0000] {spark_submit.py:491} INFO - Arguments:
[2025-12-09T21:20:52.057+0000] {spark_submit.py:491} INFO - file:/opt/***/jobs/s3_amount_processor.py
[2025-12-09T21:20:52.057+0000] {spark_submit.py:491} INFO - null
[2025-12-09T21:20:52.060+0000] {spark_submit.py:491} INFO - Spark config:
[2025-12-09T21:20:52.060+0000] {spark_submit.py:491} INFO - (spark.app.name,AmountDataProcessor_20251209T200000)
[2025-12-09T21:20:52.060+0000] {spark_submit.py:491} INFO - (spark.app.submitTime,1765315252029)
[2025-12-09T21:20:52.060+0000] {spark_submit.py:491} INFO - (spark.driver.memory,1g)
[2025-12-09T21:20:52.060+0000] {spark_submit.py:491} INFO - (spark.dynamicAllocation.enabled,false)
[2025-12-09T21:20:52.060+0000] {spark_submit.py:491} INFO - (spark.eventLog.dir,/opt/spark-events)
[2025-12-09T21:20:52.060+0000] {spark_submit.py:491} INFO - (spark.eventLog.enabled,true)
[2025-12-09T21:20:52.060+0000] {spark_submit.py:491} INFO - (spark.executor.cores,2)
[2025-12-09T21:20:52.061+0000] {spark_submit.py:491} INFO - (spark.executor.memory,2g)
[2025-12-09T21:20:52.061+0000] {spark_submit.py:491} INFO - (spark.hadoop.fs.s3a.access.key,*********(redacted))
[2025-12-09T21:20:52.061+0000] {spark_submit.py:491} INFO - (spark.hadoop.fs.s3a.endpoint,http://minio:9000)
[2025-12-09T21:20:52.061+0000] {spark_submit.py:491} INFO - (spark.hadoop.fs.s3a.impl,org.apache.hadoop.fs.s3a.S3AFileSystem)
[2025-12-09T21:20:52.061+0000] {spark_submit.py:491} INFO - (spark.hadoop.fs.s3a.path.style.access,true)
[2025-12-09T21:20:52.061+0000] {spark_submit.py:491} INFO - (spark.hadoop.fs.s3a.secret.key,*********(redacted))
[2025-12-09T21:20:52.061+0000] {spark_submit.py:491} INFO - (spark.history.fs.logDirectory,/opt/spark-events)
[2025-12-09T21:20:52.061+0000] {spark_submit.py:491} INFO - (spark.master,spark://spark-master:7077)
[2025-12-09T21:20:52.061+0000] {spark_submit.py:491} INFO - (spark.sql.shuffle.partitions,200)
[2025-12-09T21:20:52.061+0000] {spark_submit.py:491} INFO - (spark.submit.deployMode,client)
[2025-12-09T21:20:52.061+0000] {spark_submit.py:491} INFO - (spark.submit.pyFiles,)
[2025-12-09T21:20:52.061+0000] {spark_submit.py:491} INFO - Classpath elements:
[2025-12-09T21:20:52.061+0000] {spark_submit.py:491} INFO - 
[2025-12-09T21:20:52.061+0000] {spark_submit.py:491} INFO - 
[2025-12-09T21:20:52.062+0000] {spark_submit.py:491} INFO - 
[2025-12-09T21:20:52.669+0000] {spark_submit.py:491} INFO - 
[2025-12-09T21:20:52.670+0000] {spark_submit.py:491} INFO - ================================================================================
[2025-12-09T21:20:52.670+0000] {spark_submit.py:491} INFO - 🎯 AMOUNT DATA PROCESSOR - STARTING PIPELINE
[2025-12-09T21:20:52.670+0000] {spark_submit.py:491} INFO - ================================================================================
[2025-12-09T21:20:52.670+0000] {spark_submit.py:491} INFO - 
[2025-12-09T21:20:52.670+0000] {spark_submit.py:491} INFO - ⚙️  Configuration:
[2025-12-09T21:20:52.670+0000] {spark_submit.py:491} INFO - Source Bucket: test
[2025-12-09T21:20:52.670+0000] {spark_submit.py:491} INFO - Target Bucket: warehouse
[2025-12-09T21:20:52.670+0000] {spark_submit.py:491} INFO - Source Path: s3a://test/source/
[2025-12-09T21:20:52.670+0000] {spark_submit.py:491} INFO - Target Path: s3a://warehouse/processed/
[2025-12-09T21:20:52.670+0000] {spark_submit.py:491} INFO - MinIO Endpoint: http://minio:9000
[2025-12-09T21:20:52.671+0000] {spark_submit.py:491} INFO - Spark Master: spark://spark-master:7077
[2025-12-09T21:20:52.671+0000] {spark_submit.py:491} INFO - 
[2025-12-09T21:20:52.671+0000] {spark_submit.py:491} INFO - 
[2025-12-09T21:20:52.671+0000] {spark_submit.py:491} INFO - ================================================================================
[2025-12-09T21:20:52.671+0000] {spark_submit.py:491} INFO - 🚀 INITIALIZING SPARK SESSION
[2025-12-09T21:20:52.671+0000] {spark_submit.py:491} INFO - ================================================================================
[2025-12-09T21:20:52.671+0000] {spark_submit.py:491} INFO - 
[2025-12-09T21:20:52.778+0000] {spark_submit.py:491} INFO - 25/12/09 21:20:52 INFO SparkContext: Running Spark version 3.4.0
[2025-12-09T21:20:52.833+0000] {spark_submit.py:491} INFO - 25/12/09 21:20:52 WARN NativeCodeLoader: Unable to load native-hadoop library for your platform... using builtin-java classes where applicable
[2025-12-09T21:20:52.918+0000] {spark_submit.py:491} INFO - 25/12/09 21:20:52 INFO ResourceUtils: ==============================================================
[2025-12-09T21:20:52.919+0000] {spark_submit.py:491} INFO - 25/12/09 21:20:52 INFO ResourceUtils: No custom resources configured for spark.driver.
[2025-12-09T21:20:52.919+0000] {spark_submit.py:491} INFO - 25/12/09 21:20:52 INFO ResourceUtils: ==============================================================
[2025-12-09T21:20:52.920+0000] {spark_submit.py:491} INFO - 25/12/09 21:20:52 INFO SparkContext: Submitted application: AmountDataProcessor
[2025-12-09T21:20:52.940+0000] {spark_submit.py:491} INFO - 25/12/09 21:20:52 INFO ResourceProfile: Default ResourceProfile created, executor resources: Map(cores -> name: cores, amount: 2, script: , vendor: , memory -> name: memory, amount: 2048, script: , vendor: , offHeap -> name: offHeap, amount: 0, script: , vendor: ), task resources: Map(cpus -> name: cpus, amount: 1.0)
[2025-12-09T21:20:52.949+0000] {spark_submit.py:491} INFO - 25/12/09 21:20:52 INFO ResourceProfile: Limiting resource is cpus at 2 tasks per executor
[2025-12-09T21:20:52.952+0000] {spark_submit.py:491} INFO - 25/12/09 21:20:52 INFO ResourceProfileManager: Added ResourceProfile id: 0
[2025-12-09T21:20:53.000+0000] {spark_submit.py:491} INFO - 25/12/09 21:20:53 INFO SecurityManager: Changing view acls to: root
[2025-12-09T21:20:53.001+0000] {spark_submit.py:491} INFO - 25/12/09 21:20:53 INFO SecurityManager: Changing modify acls to: root
[2025-12-09T21:20:53.002+0000] {spark_submit.py:491} INFO - 25/12/09 21:20:53 INFO SecurityManager: Changing view acls groups to:
[2025-12-09T21:20:53.002+0000] {spark_submit.py:491} INFO - 25/12/09 21:20:53 INFO SecurityManager: Changing modify acls groups to:
[2025-12-09T21:20:53.002+0000] {spark_submit.py:491} INFO - 25/12/09 21:20:53 INFO SecurityManager: SecurityManager: authentication disabled; ui acls disabled; users with view permissions: root; groups with view permissions: EMPTY; users with modify permissions: root; groups with modify permissions: EMPTY
[2025-12-09T21:20:53.235+0000] {spark_submit.py:491} INFO - 25/12/09 21:20:53 INFO Utils: Successfully started service 'sparkDriver' on port 42987.
[2025-12-09T21:20:53.269+0000] {spark_submit.py:491} INFO - 25/12/09 21:20:53 INFO SparkEnv: Registering MapOutputTracker
[2025-12-09T21:20:53.306+0000] {spark_submit.py:491} INFO - 25/12/09 21:20:53 INFO SparkEnv: Registering BlockManagerMaster
[2025-12-09T21:20:53.324+0000] {spark_submit.py:491} INFO - 25/12/09 21:20:53 INFO BlockManagerMasterEndpoint: Using org.apache.spark.storage.DefaultTopologyMapper for getting topology information
[2025-12-09T21:20:53.324+0000] {spark_submit.py:491} INFO - 25/12/09 21:20:53 INFO BlockManagerMasterEndpoint: BlockManagerMasterEndpoint up
[2025-12-09T21:20:53.328+0000] {spark_submit.py:491} INFO - 25/12/09 21:20:53 INFO SparkEnv: Registering BlockManagerMasterHeartbeat
[2025-12-09T21:20:53.345+0000] {spark_submit.py:491} INFO - 25/12/09 21:20:53 INFO DiskBlockManager: Created local directory at /tmp/blockmgr-32b1a66e-b09e-40a6-b76d-fd91e22da2c8
[2025-12-09T21:20:53.359+0000] {spark_submit.py:491} INFO - 25/12/09 21:20:53 INFO MemoryStore: MemoryStore started with capacity 434.4 MiB
[2025-12-09T21:20:53.372+0000] {spark_submit.py:491} INFO - 25/12/09 21:20:53 INFO SparkEnv: Registering OutputCommitCoordinator
[2025-12-09T21:20:53.484+0000] {spark_submit.py:491} INFO - 25/12/09 21:20:53 INFO JettyUtils: Start Jetty 0.0.0.0:4040 for SparkUI
[2025-12-09T21:20:53.541+0000] {spark_submit.py:491} INFO - 25/12/09 21:20:53 INFO Utils: Successfully started service 'SparkUI' on port 4040.
[2025-12-09T21:20:53.668+0000] {spark_submit.py:491} INFO - 25/12/09 21:20:53 INFO StandaloneAppClient$ClientEndpoint: Connecting to master spark://spark-master:7077...
[2025-12-09T21:20:53.726+0000] {spark_submit.py:491} INFO - 25/12/09 21:20:53 INFO TransportClientFactory: Successfully created connection to spark-master/172.19.0.4:7077 after 30 ms (0 ms spent in bootstraps)
[2025-12-09T21:20:53.888+0000] {spark_submit.py:491} INFO - 25/12/09 21:20:53 INFO StandaloneSchedulerBackend: Connected to Spark cluster with app ID app-20251209212053-0004
[2025-12-09T21:20:53.899+0000] {spark_submit.py:491} INFO - 25/12/09 21:20:53 INFO Utils: Successfully started service 'org.apache.spark.network.netty.NettyBlockTransferService' on port 43389.
[2025-12-09T21:20:53.900+0000] {spark_submit.py:491} INFO - 25/12/09 21:20:53 INFO NettyBlockTransferService: Server created on 9f0bb37009ef:43389
[2025-12-09T21:20:53.903+0000] {spark_submit.py:491} INFO - 25/12/09 21:20:53 INFO BlockManager: Using org.apache.spark.storage.RandomBlockReplicationPolicy for block replication policy
[2025-12-09T21:20:53.903+0000] {spark_submit.py:491} INFO - 25/12/09 21:20:53 INFO StandaloneAppClient$ClientEndpoint: Executor added: app-20251209212053-0004/0 on worker-20251209202933-spark-worker-38099 (spark-worker:38099) with 2 core(s)
[2025-12-09T21:20:53.905+0000] {spark_submit.py:491} INFO - 25/12/09 21:20:53 INFO StandaloneSchedulerBackend: Granted executor ID app-20251209212053-0004/0 on hostPort spark-worker:38099 with 2 core(s), 2.0 GiB RAM
[2025-12-09T21:20:53.906+0000] {spark_submit.py:491} INFO - 25/12/09 21:20:53 INFO StandaloneAppClient$ClientEndpoint: Executor added: app-20251209212053-0004/1 on worker-20251209202933-spark-worker-38099 (spark-worker:38099) with 2 core(s)
[2025-12-09T21:20:53.906+0000] {spark_submit.py:491} INFO - 25/12/09 21:20:53 INFO StandaloneSchedulerBackend: Granted executor ID app-20251209212053-0004/1 on hostPort spark-worker:38099 with 2 core(s), 2.0 GiB RAM
[2025-12-09T21:20:53.910+0000] {spark_submit.py:491} INFO - 25/12/09 21:20:53 INFO BlockManagerMaster: Registering BlockManager BlockManagerId(driver, 9f0bb37009ef, 43389, None)
[2025-12-09T21:20:53.914+0000] {spark_submit.py:491} INFO - 25/12/09 21:20:53 INFO BlockManagerMasterEndpoint: Registering block manager 9f0bb37009ef:43389 with 434.4 MiB RAM, BlockManagerId(driver, 9f0bb37009ef, 43389, None)
[2025-12-09T21:20:53.916+0000] {spark_submit.py:491} INFO - 25/12/09 21:20:53 INFO BlockManagerMaster: Registered BlockManager BlockManagerId(driver, 9f0bb37009ef, 43389, None)
[2025-12-09T21:20:53.917+0000] {spark_submit.py:491} INFO - 25/12/09 21:20:53 INFO BlockManager: Initialized BlockManager: BlockManagerId(driver, 9f0bb37009ef, 43389, None)
[2025-12-09T21:20:54.111+0000] {spark_submit.py:491} INFO - 25/12/09 21:20:54 INFO StandaloneAppClient$ClientEndpoint: Executor updated: app-20251209212053-0004/1 is now RUNNING
[2025-12-09T21:20:54.112+0000] {spark_submit.py:491} INFO - 25/12/09 21:20:54 INFO StandaloneAppClient$ClientEndpoint: Executor updated: app-20251209212053-0004/0 is now RUNNING
[2025-12-09T21:20:54.129+0000] {spark_submit.py:491} INFO - 25/12/09 21:20:54 INFO SingleEventLogFileWriter: Logging events to file:/opt/spark-events/app-20251209212053-0004.inprogress
[2025-12-09T21:20:54.315+0000] {spark_submit.py:491} INFO - 25/12/09 21:20:54 INFO StandaloneSchedulerBackend: SchedulerBackend is ready for scheduling beginning after reached minRegisteredResourcesRatio: 0.0
[2025-12-09T21:20:54.507+0000] {spark_submit.py:491} INFO - ✅ Spark Session Created Successfully!
[2025-12-09T21:20:54.508+0000] {spark_submit.py:491} INFO - Spark Version: 3.4.0
[2025-12-09T21:20:54.508+0000] {spark_submit.py:491} INFO - App Name: AmountDataProcessor
[2025-12-09T21:20:54.509+0000] {spark_submit.py:491} INFO - Master: spark://spark-master:7077
[2025-12-09T21:20:54.509+0000] {spark_submit.py:491} INFO - Timestamp: 2025-12-09 21:20:54
[2025-12-09T21:20:54.510+0000] {spark_submit.py:491} INFO - 
[2025-12-09T21:20:54.510+0000] {spark_submit.py:491} INFO - 
[2025-12-09T21:20:54.511+0000] {spark_submit.py:491} INFO - ================================================================================
[2025-12-09T21:20:54.511+0000] {spark_submit.py:491} INFO - 📂 READING JSON FILES FROM MinIO
[2025-12-09T21:20:54.511+0000] {spark_submit.py:491} INFO - ================================================================================
[2025-12-09T21:20:54.511+0000] {spark_submit.py:491} INFO - 
[2025-12-09T21:20:54.511+0000] {spark_submit.py:491} INFO - 📍 Source Path: s3a://test/source/
[2025-12-09T21:20:54.512+0000] {spark_submit.py:491} INFO - 🪣 Bucket: test
[2025-12-09T21:20:54.512+0000] {spark_submit.py:491} INFO - 
[2025-12-09T21:20:54.516+0000] {spark_submit.py:491} INFO - 25/12/09 21:20:54 INFO SharedState: Setting hive.metastore.warehouse.dir ('null') to the value of spark.sql.warehouse.dir.
[2025-12-09T21:20:54.518+0000] {spark_submit.py:491} INFO - 25/12/09 21:20:54 INFO SharedState: Warehouse path is 'file:/opt/***/spark-warehouse'.
[2025-12-09T21:20:55.398+0000] {spark_submit.py:491} INFO - ERROR:__main__:❌ Error reading JSON files: 'DataFrameReader' object has no attribute 'mode'
[2025-12-09T21:20:55.398+0000] {spark_submit.py:491} INFO - 
[2025-12-09T21:20:55.399+0000] {spark_submit.py:491} INFO - ❌ ERROR: Failed to read JSON files
[2025-12-09T21:20:55.399+0000] {spark_submit.py:491} INFO - Reason: 'DataFrameReader' object has no attribute 'mode'
[2025-12-09T21:20:55.399+0000] {spark_submit.py:491} INFO - 
[2025-12-09T21:20:55.399+0000] {spark_submit.py:491} INFO - ================================================================================
[2025-12-09T21:20:55.399+0000] {spark_submit.py:491} INFO - ❌ PIPELINE FAILED!
[2025-12-09T21:20:55.399+0000] {spark_submit.py:491} INFO - ================================================================================
[2025-12-09T21:20:55.400+0000] {spark_submit.py:491} INFO - 
[2025-12-09T21:20:55.400+0000] {spark_submit.py:491} INFO - ERROR:__main__:Fatal Error: 'DataFrameReader' object has no attribute 'mode'
[2025-12-09T21:20:55.400+0000] {spark_submit.py:491} INFO - ❌ Error Details: 'DataFrameReader' object has no attribute 'mode'
[2025-12-09T21:20:55.400+0000] {spark_submit.py:491} INFO - INFO:py4j.clientserver:Closing down clientserver connection
[2025-12-09T21:20:55.476+0000] {spark_submit.py:491} INFO - 25/12/09 21:20:55 INFO SparkContext: Invoking stop() from shutdown hook
[2025-12-09T21:20:55.476+0000] {spark_submit.py:491} INFO - 25/12/09 21:20:55 INFO SparkContext: SparkContext is stopping with exitCode 0.
[2025-12-09T21:20:55.497+0000] {spark_submit.py:491} INFO - 25/12/09 21:20:55 INFO SparkUI: Stopped Spark web UI at http://9f0bb37009ef:4040
[2025-12-09T21:20:55.503+0000] {spark_submit.py:491} INFO - 25/12/09 21:20:55 INFO StandaloneSchedulerBackend: Shutting down all executors
[2025-12-09T21:20:55.508+0000] {spark_submit.py:491} INFO - 25/12/09 21:20:55 INFO StandaloneSchedulerBackend$StandaloneDriverEndpoint: Asking each executor to shut down
[2025-12-09T21:20:55.537+0000] {spark_submit.py:491} INFO - 25/12/09 21:20:55 INFO MapOutputTrackerMasterEndpoint: MapOutputTrackerMasterEndpoint stopped!
[2025-12-09T21:20:55.559+0000] {spark_submit.py:491} INFO - 25/12/09 21:20:55 INFO MemoryStore: MemoryStore cleared
[2025-12-09T21:20:55.560+0000] {spark_submit.py:491} INFO - 25/12/09 21:20:55 INFO BlockManager: BlockManager stopped
[2025-12-09T21:20:55.565+0000] {spark_submit.py:491} INFO - 25/12/09 21:20:55 INFO BlockManagerMaster: BlockManagerMaster stopped
[2025-12-09T21:20:55.567+0000] {spark_submit.py:491} INFO - 25/12/09 21:20:55 INFO OutputCommitCoordinator$OutputCommitCoordinatorEndpoint: OutputCommitCoordinator stopped!
[2025-12-09T21:20:55.585+0000] {spark_submit.py:491} INFO - 25/12/09 21:20:55 INFO SparkContext: Successfully stopped SparkContext
[2025-12-09T21:20:55.586+0000] {spark_submit.py:491} INFO - 25/12/09 21:20:55 INFO ShutdownHookManager: Shutdown hook called
[2025-12-09T21:20:55.586+0000] {spark_submit.py:491} INFO - 25/12/09 21:20:55 INFO ShutdownHookManager: Deleting directory /tmp/spark-de0b8215-47ad-41c7-b30f-b959e778ef78
[2025-12-09T21:20:55.593+0000] {spark_submit.py:491} INFO - 25/12/09 21:20:55 INFO ShutdownHookManager: Deleting directory /tmp/spark-3a1227cf-dc52-478d-b09f-dfb860125c10/pyspark-a8df494a-727f-47fc-aa17-5414b0333ef5
[2025-12-09T21:20:55.599+0000] {spark_submit.py:491} INFO - 25/12/09 21:20:55 INFO ShutdownHookManager: Deleting directory /tmp/spark-3a1227cf-dc52-478d-b09f-dfb860125c10
[2025-12-09T21:20:55.645+0000] {taskinstance.py:1935} ERROR - Task failed with exception
Traceback (most recent call last):
  File "/home/airflow/.local/lib/python3.9/site-packages/airflow/providers/apache/spark/operators/spark_submit.py", line 156, in execute
    self._hook.submit(self._application)
  File "/home/airflow/.local/lib/python3.9/site-packages/airflow/providers/apache/spark/hooks/spark_submit.py", line 422, in submit
    raise AirflowException(
airflow.exceptions.AirflowException: Cannot execute: spark-submit --master spark://spark-master:7077 --conf spark.eventLog.enabled=true --conf spark.eventLog.dir=/opt/spark-events --conf spark.history.fs.logDirectory=/opt/spark-events --conf spark.hadoop.fs.s3a.endpoint=http://minio:9000 --conf spark.hadoop.fs.s3a.access.key=admin --conf spark.hadoop.fs.s3a.secret.key=****** --conf spark.hadoop.fs.s3a.path.style.access=true --conf spark.hadoop.fs.s3a.impl=org.apache.hadoop.fs.s3a.S3AFileSystem --conf spark.sql.shuffle.partitions=200 --conf spark.dynamicAllocation.enabled=false --num-executors 2 --executor-cores 2 --executor-memory 2g --driver-memory 1g --name AmountDataProcessor_20251209T200000 --verbose jobs/s3_amount_processor.py. Error code is: 1.
[2025-12-09T21:20:55.650+0000] {taskinstance.py:1398} INFO - Marking task as UP_FOR_RETRY. dag_id=amount_data_s3_processing_pipeline, task_id=submit_spark_job, execution_date=20251209T200000, start_date=20251209T212049, end_date=20251209T212055
[2025-12-09T21:20:55.662+0000] {standard_task_runner.py:104} ERROR - Failed to execute job 27 for task submit_spark_job (Cannot execute: spark-submit --master spark://spark-master:7077 --conf spark.eventLog.enabled=true --conf spark.eventLog.dir=/opt/spark-events --conf spark.history.fs.logDirectory=/opt/spark-events --conf spark.hadoop.fs.s3a.endpoint=http://minio:9000 --conf spark.hadoop.fs.s3a.access.key=admin --conf spark.hadoop.fs.s3a.secret.key=****** --conf spark.hadoop.fs.s3a.path.style.access=true --conf spark.hadoop.fs.s3a.impl=org.apache.hadoop.fs.s3a.S3AFileSystem --conf spark.sql.shuffle.partitions=200 --conf spark.dynamicAllocation.enabled=false --num-executors 2 --executor-cores 2 --executor-memory 2g --driver-memory 1g --name AmountDataProcessor_20251209T200000 --verbose jobs/s3_amount_processor.py. Error code is: 1.; 3795)
[2025-12-09T21:20:55.685+0000] {local_task_job_runner.py:228} INFO - Task exited with return code 1
[2025-12-09T21:20:55.707+0000] {taskinstance.py:2776} INFO - 0 downstream tasks scheduled from follow-on schedule check
