[2025-12-09T21:25:57.104+0000] {taskinstance.py:1157} INFO - Dependencies all met for dep_context=non-requeueable deps ti=<TaskInstance: amount_data_s3_processing_pipeline.submit_spark_job scheduled__2025-12-09T20:00:00+00:00 [queued]>
[2025-12-09T21:25:57.111+0000] {taskinstance.py:1157} INFO - Dependencies all met for dep_context=requeueable deps ti=<TaskInstance: amount_data_s3_processing_pipeline.submit_spark_job scheduled__2025-12-09T20:00:00+00:00 [queued]>
[2025-12-09T21:25:57.111+0000] {taskinstance.py:1359} INFO - Starting attempt 2 of 3
[2025-12-09T21:25:57.120+0000] {taskinstance.py:1380} INFO - Executing <Task(SparkSubmitOperator): submit_spark_job> on 2025-12-09 20:00:00+00:00
[2025-12-09T21:25:57.126+0000] {standard_task_runner.py:57} INFO - Started process 4319 to run task
[2025-12-09T21:25:57.129+0000] {standard_task_runner.py:84} INFO - Running: ['***', 'tasks', 'run', 'amount_data_s3_processing_pipeline', 'submit_spark_job', 'scheduled__2025-12-09T20:00:00+00:00', '--job-id', '28', '--raw', '--subdir', 'DAGS_FOLDER/amount_data_s3_processing_pipeline.py', '--cfg-path', '/tmp/tmpa4lq1pjt']
[2025-12-09T21:25:57.132+0000] {standard_task_runner.py:85} INFO - Job 28: Subtask submit_spark_job
[2025-12-09T21:25:57.178+0000] {task_command.py:415} INFO - Running <TaskInstance: amount_data_s3_processing_pipeline.submit_spark_job scheduled__2025-12-09T20:00:00+00:00 [running]> on host 9f0bb37009ef
[2025-12-09T21:25:57.242+0000] {taskinstance.py:1660} INFO - Exporting env vars: AIRFLOW_CTX_DAG_OWNER='***' AIRFLOW_CTX_DAG_ID='amount_data_s3_processing_pipeline' AIRFLOW_CTX_TASK_ID='submit_spark_job' AIRFLOW_CTX_EXECUTION_DATE='2025-12-09T20:00:00+00:00' AIRFLOW_CTX_TRY_NUMBER='2' AIRFLOW_CTX_DAG_RUN_ID='scheduled__2025-12-09T20:00:00+00:00'
[2025-12-09T21:25:57.250+0000] {base.py:73} INFO - Using connection ID 'spark-conn' for task execution.
[2025-12-09T21:25:57.251+0000] {spark_submit.py:340} INFO - Spark-Submit cmd: spark-submit --master spark://spark-master:7077 --conf spark.eventLog.enabled=true --conf spark.eventLog.dir=/opt/spark-events --conf spark.history.fs.logDirectory=/opt/spark-events --conf spark.hadoop.fs.s3a.endpoint=http://minio:9000 --conf spark.hadoop.fs.s3a.access.key=admin --conf spark.hadoop.fs.s3a.secret.key=****** --conf spark.hadoop.fs.s3a.path.style.access=true --conf spark.hadoop.fs.s3a.impl=org.apache.hadoop.fs.s3a.S3AFileSystem --conf spark.sql.shuffle.partitions=200 --conf spark.dynamicAllocation.enabled=false --num-executors 2 --executor-cores 2 --executor-memory 2g --driver-memory 1g --name AmountDataProcessor_20251209T200000 --verbose jobs/s3_amount_processor.py
[2025-12-09T21:25:58.241+0000] {spark_submit.py:491} INFO - Using properties file: null
[2025-12-09T21:25:58.327+0000] {spark_submit.py:491} INFO - Parsed arguments:
[2025-12-09T21:25:58.328+0000] {spark_submit.py:491} INFO - master                  spark://spark-master:7077
[2025-12-09T21:25:58.328+0000] {spark_submit.py:491} INFO - remote                  null
[2025-12-09T21:25:58.328+0000] {spark_submit.py:491} INFO - deployMode              null
[2025-12-09T21:25:58.328+0000] {spark_submit.py:491} INFO - executorMemory          2g
[2025-12-09T21:25:58.328+0000] {spark_submit.py:491} INFO - executorCores           2
[2025-12-09T21:25:58.328+0000] {spark_submit.py:491} INFO - totalExecutorCores      null
[2025-12-09T21:25:58.328+0000] {spark_submit.py:491} INFO - propertiesFile          null
[2025-12-09T21:25:58.328+0000] {spark_submit.py:491} INFO - driverMemory            1g
[2025-12-09T21:25:58.328+0000] {spark_submit.py:491} INFO - driverCores             null
[2025-12-09T21:25:58.328+0000] {spark_submit.py:491} INFO - driverExtraClassPath    null
[2025-12-09T21:25:58.328+0000] {spark_submit.py:491} INFO - driverExtraLibraryPath  null
[2025-12-09T21:25:58.328+0000] {spark_submit.py:491} INFO - driverExtraJavaOptions  null
[2025-12-09T21:25:58.328+0000] {spark_submit.py:491} INFO - supervise               false
[2025-12-09T21:25:58.328+0000] {spark_submit.py:491} INFO - queue                   null
[2025-12-09T21:25:58.329+0000] {spark_submit.py:491} INFO - numExecutors            2
[2025-12-09T21:25:58.329+0000] {spark_submit.py:491} INFO - files                   null
[2025-12-09T21:25:58.329+0000] {spark_submit.py:491} INFO - pyFiles                 null
[2025-12-09T21:25:58.329+0000] {spark_submit.py:491} INFO - archives                null
[2025-12-09T21:25:58.329+0000] {spark_submit.py:491} INFO - mainClass               null
[2025-12-09T21:25:58.329+0000] {spark_submit.py:491} INFO - primaryResource         file:/opt/***/jobs/s3_amount_processor.py
[2025-12-09T21:25:58.329+0000] {spark_submit.py:491} INFO - name                    AmountDataProcessor_20251209T200000
[2025-12-09T21:25:58.329+0000] {spark_submit.py:491} INFO - childArgs               []
[2025-12-09T21:25:58.329+0000] {spark_submit.py:491} INFO - jars                    null
[2025-12-09T21:25:58.330+0000] {spark_submit.py:491} INFO - packages                null
[2025-12-09T21:25:58.330+0000] {spark_submit.py:491} INFO - packagesExclusions      null
[2025-12-09T21:25:58.330+0000] {spark_submit.py:491} INFO - repositories            null
[2025-12-09T21:25:58.330+0000] {spark_submit.py:491} INFO - verbose                 true
[2025-12-09T21:25:58.330+0000] {spark_submit.py:491} INFO - 
[2025-12-09T21:25:58.330+0000] {spark_submit.py:491} INFO - Spark properties used, including those specified through
[2025-12-09T21:25:58.330+0000] {spark_submit.py:491} INFO - --conf and those from the properties file null:
[2025-12-09T21:25:58.330+0000] {spark_submit.py:491} INFO - (spark.driver.memory,1g)
[2025-12-09T21:25:58.330+0000] {spark_submit.py:491} INFO - (spark.dynamicAllocation.enabled,false)
[2025-12-09T21:25:58.330+0000] {spark_submit.py:491} INFO - (spark.eventLog.dir,/opt/spark-events)
[2025-12-09T21:25:58.330+0000] {spark_submit.py:491} INFO - (spark.eventLog.enabled,true)
[2025-12-09T21:25:58.330+0000] {spark_submit.py:491} INFO - (spark.hadoop.fs.s3a.access.key,*********(redacted))
[2025-12-09T21:25:58.330+0000] {spark_submit.py:491} INFO - (spark.hadoop.fs.s3a.endpoint,http://minio:9000)
[2025-12-09T21:25:58.330+0000] {spark_submit.py:491} INFO - (spark.hadoop.fs.s3a.impl,org.apache.hadoop.fs.s3a.S3AFileSystem)
[2025-12-09T21:25:58.330+0000] {spark_submit.py:491} INFO - (spark.hadoop.fs.s3a.path.style.access,true)
[2025-12-09T21:25:58.330+0000] {spark_submit.py:491} INFO - (spark.hadoop.fs.s3a.secret.key,*********(redacted))
[2025-12-09T21:25:58.330+0000] {spark_submit.py:491} INFO - (spark.history.fs.logDirectory,/opt/spark-events)
[2025-12-09T21:25:58.330+0000] {spark_submit.py:491} INFO - (spark.sql.shuffle.partitions,200)
[2025-12-09T21:25:58.330+0000] {spark_submit.py:491} INFO - 
[2025-12-09T21:25:58.331+0000] {spark_submit.py:491} INFO - 
[2025-12-09T21:25:58.533+0000] {spark_submit.py:491} INFO - Main class:
[2025-12-09T21:25:58.534+0000] {spark_submit.py:491} INFO - org.apache.spark.deploy.PythonRunner
[2025-12-09T21:25:58.534+0000] {spark_submit.py:491} INFO - Arguments:
[2025-12-09T21:25:58.534+0000] {spark_submit.py:491} INFO - file:/opt/***/jobs/s3_amount_processor.py
[2025-12-09T21:25:58.534+0000] {spark_submit.py:491} INFO - null
[2025-12-09T21:25:58.536+0000] {spark_submit.py:491} INFO - Spark config:
[2025-12-09T21:25:58.536+0000] {spark_submit.py:491} INFO - (spark.app.name,AmountDataProcessor_20251209T200000)
[2025-12-09T21:25:58.536+0000] {spark_submit.py:491} INFO - (spark.app.submitTime,1765315558512)
[2025-12-09T21:25:58.536+0000] {spark_submit.py:491} INFO - (spark.driver.memory,1g)
[2025-12-09T21:25:58.536+0000] {spark_submit.py:491} INFO - (spark.dynamicAllocation.enabled,false)
[2025-12-09T21:25:58.536+0000] {spark_submit.py:491} INFO - (spark.eventLog.dir,/opt/spark-events)
[2025-12-09T21:25:58.536+0000] {spark_submit.py:491} INFO - (spark.eventLog.enabled,true)
[2025-12-09T21:25:58.537+0000] {spark_submit.py:491} INFO - (spark.executor.cores,2)
[2025-12-09T21:25:58.537+0000] {spark_submit.py:491} INFO - (spark.executor.memory,2g)
[2025-12-09T21:25:58.537+0000] {spark_submit.py:491} INFO - (spark.hadoop.fs.s3a.access.key,*********(redacted))
[2025-12-09T21:25:58.537+0000] {spark_submit.py:491} INFO - (spark.hadoop.fs.s3a.endpoint,http://minio:9000)
[2025-12-09T21:25:58.537+0000] {spark_submit.py:491} INFO - (spark.hadoop.fs.s3a.impl,org.apache.hadoop.fs.s3a.S3AFileSystem)
[2025-12-09T21:25:58.537+0000] {spark_submit.py:491} INFO - (spark.hadoop.fs.s3a.path.style.access,true)
[2025-12-09T21:25:58.537+0000] {spark_submit.py:491} INFO - (spark.hadoop.fs.s3a.secret.key,*********(redacted))
[2025-12-09T21:25:58.537+0000] {spark_submit.py:491} INFO - (spark.history.fs.logDirectory,/opt/spark-events)
[2025-12-09T21:25:58.537+0000] {spark_submit.py:491} INFO - (spark.master,spark://spark-master:7077)
[2025-12-09T21:25:58.537+0000] {spark_submit.py:491} INFO - (spark.sql.shuffle.partitions,200)
[2025-12-09T21:25:58.537+0000] {spark_submit.py:491} INFO - (spark.submit.deployMode,client)
[2025-12-09T21:25:58.537+0000] {spark_submit.py:491} INFO - (spark.submit.pyFiles,)
[2025-12-09T21:25:58.537+0000] {spark_submit.py:491} INFO - Classpath elements:
[2025-12-09T21:25:58.538+0000] {spark_submit.py:491} INFO - 
[2025-12-09T21:25:58.538+0000] {spark_submit.py:491} INFO - 
[2025-12-09T21:25:58.538+0000] {spark_submit.py:491} INFO - 
[2025-12-09T21:25:59.002+0000] {spark_submit.py:491} INFO - 
[2025-12-09T21:25:59.003+0000] {spark_submit.py:491} INFO - ================================================================================
[2025-12-09T21:25:59.003+0000] {spark_submit.py:491} INFO - 🎯 AMOUNT DATA PROCESSOR - STARTING PIPELINE
[2025-12-09T21:25:59.003+0000] {spark_submit.py:491} INFO - ================================================================================
[2025-12-09T21:25:59.003+0000] {spark_submit.py:491} INFO - 
[2025-12-09T21:25:59.003+0000] {spark_submit.py:491} INFO - ⚙️  Configuration:
[2025-12-09T21:25:59.003+0000] {spark_submit.py:491} INFO - Source Bucket: test
[2025-12-09T21:25:59.003+0000] {spark_submit.py:491} INFO - Target Bucket: warehouse
[2025-12-09T21:25:59.003+0000] {spark_submit.py:491} INFO - Source Path: s3a://test/source/
[2025-12-09T21:25:59.003+0000] {spark_submit.py:491} INFO - Target Path: s3a://warehouse/processed/
[2025-12-09T21:25:59.003+0000] {spark_submit.py:491} INFO - MinIO Endpoint: http://minio:9000
[2025-12-09T21:25:59.003+0000] {spark_submit.py:491} INFO - Spark Master: spark://spark-master:7077
[2025-12-09T21:25:59.003+0000] {spark_submit.py:491} INFO - 
[2025-12-09T21:25:59.003+0000] {spark_submit.py:491} INFO - 
[2025-12-09T21:25:59.003+0000] {spark_submit.py:491} INFO - ================================================================================
[2025-12-09T21:25:59.003+0000] {spark_submit.py:491} INFO - 🚀 INITIALIZING SPARK SESSION
[2025-12-09T21:25:59.003+0000] {spark_submit.py:491} INFO - ================================================================================
[2025-12-09T21:25:59.003+0000] {spark_submit.py:491} INFO - 
[2025-12-09T21:25:59.067+0000] {spark_submit.py:491} INFO - 25/12/09 21:25:59 INFO SparkContext: Running Spark version 3.4.0
[2025-12-09T21:25:59.101+0000] {spark_submit.py:491} INFO - 25/12/09 21:25:59 WARN NativeCodeLoader: Unable to load native-hadoop library for your platform... using builtin-java classes where applicable
[2025-12-09T21:25:59.167+0000] {spark_submit.py:491} INFO - 25/12/09 21:25:59 INFO ResourceUtils: ==============================================================
[2025-12-09T21:25:59.168+0000] {spark_submit.py:491} INFO - 25/12/09 21:25:59 INFO ResourceUtils: No custom resources configured for spark.driver.
[2025-12-09T21:25:59.168+0000] {spark_submit.py:491} INFO - 25/12/09 21:25:59 INFO ResourceUtils: ==============================================================
[2025-12-09T21:25:59.168+0000] {spark_submit.py:491} INFO - 25/12/09 21:25:59 INFO SparkContext: Submitted application: AmountDataProcessor
[2025-12-09T21:25:59.182+0000] {spark_submit.py:491} INFO - 25/12/09 21:25:59 INFO ResourceProfile: Default ResourceProfile created, executor resources: Map(cores -> name: cores, amount: 2, script: , vendor: , memory -> name: memory, amount: 2048, script: , vendor: , offHeap -> name: offHeap, amount: 0, script: , vendor: ), task resources: Map(cpus -> name: cpus, amount: 1.0)
[2025-12-09T21:25:59.189+0000] {spark_submit.py:491} INFO - 25/12/09 21:25:59 INFO ResourceProfile: Limiting resource is cpus at 2 tasks per executor
[2025-12-09T21:25:59.190+0000] {spark_submit.py:491} INFO - 25/12/09 21:25:59 INFO ResourceProfileManager: Added ResourceProfile id: 0
[2025-12-09T21:25:59.219+0000] {spark_submit.py:491} INFO - 25/12/09 21:25:59 INFO SecurityManager: Changing view acls to: root
[2025-12-09T21:25:59.220+0000] {spark_submit.py:491} INFO - 25/12/09 21:25:59 INFO SecurityManager: Changing modify acls to: root
[2025-12-09T21:25:59.221+0000] {spark_submit.py:491} INFO - 25/12/09 21:25:59 INFO SecurityManager: Changing view acls groups to:
[2025-12-09T21:25:59.221+0000] {spark_submit.py:491} INFO - 25/12/09 21:25:59 INFO SecurityManager: Changing modify acls groups to:
[2025-12-09T21:25:59.221+0000] {spark_submit.py:491} INFO - 25/12/09 21:25:59 INFO SecurityManager: SecurityManager: authentication disabled; ui acls disabled; users with view permissions: root; groups with view permissions: EMPTY; users with modify permissions: root; groups with modify permissions: EMPTY
[2025-12-09T21:25:59.395+0000] {spark_submit.py:491} INFO - 25/12/09 21:25:59 INFO Utils: Successfully started service 'sparkDriver' on port 40503.
[2025-12-09T21:25:59.421+0000] {spark_submit.py:491} INFO - 25/12/09 21:25:59 INFO SparkEnv: Registering MapOutputTracker
[2025-12-09T21:25:59.448+0000] {spark_submit.py:491} INFO - 25/12/09 21:25:59 INFO SparkEnv: Registering BlockManagerMaster
[2025-12-09T21:25:59.462+0000] {spark_submit.py:491} INFO - 25/12/09 21:25:59 INFO BlockManagerMasterEndpoint: Using org.apache.spark.storage.DefaultTopologyMapper for getting topology information
[2025-12-09T21:25:59.462+0000] {spark_submit.py:491} INFO - 25/12/09 21:25:59 INFO BlockManagerMasterEndpoint: BlockManagerMasterEndpoint up
[2025-12-09T21:25:59.465+0000] {spark_submit.py:491} INFO - 25/12/09 21:25:59 INFO SparkEnv: Registering BlockManagerMasterHeartbeat
[2025-12-09T21:25:59.480+0000] {spark_submit.py:491} INFO - 25/12/09 21:25:59 INFO DiskBlockManager: Created local directory at /tmp/blockmgr-7633226b-480f-4735-873c-af8e8540c319
[2025-12-09T21:25:59.491+0000] {spark_submit.py:491} INFO - 25/12/09 21:25:59 INFO MemoryStore: MemoryStore started with capacity 434.4 MiB
[2025-12-09T21:25:59.503+0000] {spark_submit.py:491} INFO - 25/12/09 21:25:59 INFO SparkEnv: Registering OutputCommitCoordinator
[2025-12-09T21:25:59.593+0000] {spark_submit.py:491} INFO - 25/12/09 21:25:59 INFO JettyUtils: Start Jetty 0.0.0.0:4040 for SparkUI
[2025-12-09T21:25:59.640+0000] {spark_submit.py:491} INFO - 25/12/09 21:25:59 INFO Utils: Successfully started service 'SparkUI' on port 4040.
[2025-12-09T21:25:59.748+0000] {spark_submit.py:491} INFO - 25/12/09 21:25:59 INFO StandaloneAppClient$ClientEndpoint: Connecting to master spark://spark-master:7077...
[2025-12-09T21:25:59.785+0000] {spark_submit.py:491} INFO - 25/12/09 21:25:59 INFO TransportClientFactory: Successfully created connection to spark-master/172.19.0.4:7077 after 20 ms (0 ms spent in bootstraps)
[2025-12-09T21:25:59.864+0000] {spark_submit.py:491} INFO - 25/12/09 21:25:59 INFO StandaloneSchedulerBackend: Connected to Spark cluster with app ID app-20251209212559-0005
[2025-12-09T21:25:59.866+0000] {spark_submit.py:491} INFO - 25/12/09 21:25:59 INFO StandaloneAppClient$ClientEndpoint: Executor added: app-20251209212559-0005/0 on worker-20251209202933-spark-worker-38099 (spark-worker:38099) with 2 core(s)
[2025-12-09T21:25:59.870+0000] {spark_submit.py:491} INFO - 25/12/09 21:25:59 INFO StandaloneSchedulerBackend: Granted executor ID app-20251209212559-0005/0 on hostPort spark-worker:38099 with 2 core(s), 2.0 GiB RAM
[2025-12-09T21:25:59.870+0000] {spark_submit.py:491} INFO - 25/12/09 21:25:59 INFO StandaloneAppClient$ClientEndpoint: Executor added: app-20251209212559-0005/1 on worker-20251209202933-spark-worker-38099 (spark-worker:38099) with 2 core(s)
[2025-12-09T21:25:59.870+0000] {spark_submit.py:491} INFO - 25/12/09 21:25:59 INFO StandaloneSchedulerBackend: Granted executor ID app-20251209212559-0005/1 on hostPort spark-worker:38099 with 2 core(s), 2.0 GiB RAM
[2025-12-09T21:25:59.872+0000] {spark_submit.py:491} INFO - 25/12/09 21:25:59 INFO Utils: Successfully started service 'org.apache.spark.network.netty.NettyBlockTransferService' on port 42571.
[2025-12-09T21:25:59.872+0000] {spark_submit.py:491} INFO - 25/12/09 21:25:59 INFO NettyBlockTransferService: Server created on 9f0bb37009ef:42571
[2025-12-09T21:25:59.875+0000] {spark_submit.py:491} INFO - 25/12/09 21:25:59 INFO BlockManager: Using org.apache.spark.storage.RandomBlockReplicationPolicy for block replication policy
[2025-12-09T21:25:59.879+0000] {spark_submit.py:491} INFO - 25/12/09 21:25:59 INFO BlockManagerMaster: Registering BlockManager BlockManagerId(driver, 9f0bb37009ef, 42571, None)
[2025-12-09T21:25:59.883+0000] {spark_submit.py:491} INFO - 25/12/09 21:25:59 INFO BlockManagerMasterEndpoint: Registering block manager 9f0bb37009ef:42571 with 434.4 MiB RAM, BlockManagerId(driver, 9f0bb37009ef, 42571, None)
[2025-12-09T21:25:59.885+0000] {spark_submit.py:491} INFO - 25/12/09 21:25:59 INFO BlockManagerMaster: Registered BlockManager BlockManagerId(driver, 9f0bb37009ef, 42571, None)
[2025-12-09T21:25:59.887+0000] {spark_submit.py:491} INFO - 25/12/09 21:25:59 INFO BlockManager: Initialized BlockManager: BlockManagerId(driver, 9f0bb37009ef, 42571, None)
[2025-12-09T21:25:59.921+0000] {spark_submit.py:491} INFO - 25/12/09 21:25:59 INFO StandaloneAppClient$ClientEndpoint: Executor updated: app-20251209212559-0005/1 is now RUNNING
[2025-12-09T21:25:59.926+0000] {spark_submit.py:491} INFO - 25/12/09 21:25:59 INFO StandaloneAppClient$ClientEndpoint: Executor updated: app-20251209212559-0005/0 is now RUNNING
[2025-12-09T21:26:00.113+0000] {spark_submit.py:491} INFO - 25/12/09 21:26:00 INFO SingleEventLogFileWriter: Logging events to file:/opt/spark-events/app-20251209212559-0005.inprogress
[2025-12-09T21:26:00.307+0000] {spark_submit.py:491} INFO - 25/12/09 21:26:00 INFO StandaloneSchedulerBackend: SchedulerBackend is ready for scheduling beginning after reached minRegisteredResourcesRatio: 0.0
[2025-12-09T21:26:00.502+0000] {spark_submit.py:491} INFO - ✅ Spark Session Created Successfully!
[2025-12-09T21:26:00.503+0000] {spark_submit.py:491} INFO - Spark Version: 3.4.0
[2025-12-09T21:26:00.503+0000] {spark_submit.py:491} INFO - App Name: AmountDataProcessor
[2025-12-09T21:26:00.504+0000] {spark_submit.py:491} INFO - Master: spark://spark-master:7077
[2025-12-09T21:26:00.504+0000] {spark_submit.py:491} INFO - Timestamp: 2025-12-09 21:26:00
[2025-12-09T21:26:00.504+0000] {spark_submit.py:491} INFO - 
[2025-12-09T21:26:00.504+0000] {spark_submit.py:491} INFO - 
[2025-12-09T21:26:00.504+0000] {spark_submit.py:491} INFO - ================================================================================
[2025-12-09T21:26:00.504+0000] {spark_submit.py:491} INFO - 📂 READING JSON FILES FROM MinIO
[2025-12-09T21:26:00.504+0000] {spark_submit.py:491} INFO - ================================================================================
[2025-12-09T21:26:00.504+0000] {spark_submit.py:491} INFO - 
[2025-12-09T21:26:00.504+0000] {spark_submit.py:491} INFO - 📍 Source Path: s3a://test/source/
[2025-12-09T21:26:00.505+0000] {spark_submit.py:491} INFO - 🪣 Bucket: test
[2025-12-09T21:26:00.505+0000] {spark_submit.py:491} INFO - 
[2025-12-09T21:26:00.514+0000] {spark_submit.py:491} INFO - 25/12/09 21:26:00 INFO SharedState: Setting hive.metastore.warehouse.dir ('null') to the value of spark.sql.warehouse.dir.
[2025-12-09T21:26:00.517+0000] {spark_submit.py:491} INFO - 25/12/09 21:26:00 INFO SharedState: Warehouse path is 'file:/opt/***/spark-warehouse'.
[2025-12-09T21:26:01.171+0000] {spark_submit.py:491} INFO - ERROR:__main__:❌ Error reading JSON files: 'DataFrameReader' object has no attribute 'mode'
[2025-12-09T21:26:01.172+0000] {spark_submit.py:491} INFO - 
[2025-12-09T21:26:01.172+0000] {spark_submit.py:491} INFO - ❌ ERROR: Failed to read JSON files
[2025-12-09T21:26:01.172+0000] {spark_submit.py:491} INFO - Reason: 'DataFrameReader' object has no attribute 'mode'
[2025-12-09T21:26:01.172+0000] {spark_submit.py:491} INFO - 
[2025-12-09T21:26:01.172+0000] {spark_submit.py:491} INFO - ================================================================================
[2025-12-09T21:26:01.173+0000] {spark_submit.py:491} INFO - ❌ PIPELINE FAILED!
[2025-12-09T21:26:01.173+0000] {spark_submit.py:491} INFO - ================================================================================
[2025-12-09T21:26:01.173+0000] {spark_submit.py:491} INFO - 
[2025-12-09T21:26:01.173+0000] {spark_submit.py:491} INFO - ERROR:__main__:Fatal Error: 'DataFrameReader' object has no attribute 'mode'
[2025-12-09T21:26:01.173+0000] {spark_submit.py:491} INFO - ❌ Error Details: 'DataFrameReader' object has no attribute 'mode'
[2025-12-09T21:26:01.174+0000] {spark_submit.py:491} INFO - INFO:py4j.clientserver:Closing down clientserver connection
[2025-12-09T21:26:01.252+0000] {spark_submit.py:491} INFO - 25/12/09 21:26:01 INFO SparkContext: Invoking stop() from shutdown hook
[2025-12-09T21:26:01.252+0000] {spark_submit.py:491} INFO - 25/12/09 21:26:01 INFO SparkContext: SparkContext is stopping with exitCode 0.
[2025-12-09T21:26:01.269+0000] {spark_submit.py:491} INFO - 25/12/09 21:26:01 INFO SparkUI: Stopped Spark web UI at http://9f0bb37009ef:4040
[2025-12-09T21:26:01.273+0000] {spark_submit.py:491} INFO - 25/12/09 21:26:01 INFO StandaloneSchedulerBackend: Shutting down all executors
[2025-12-09T21:26:01.278+0000] {spark_submit.py:491} INFO - 25/12/09 21:26:01 INFO StandaloneSchedulerBackend$StandaloneDriverEndpoint: Asking each executor to shut down
[2025-12-09T21:26:01.297+0000] {spark_submit.py:491} INFO - 25/12/09 21:26:01 INFO MapOutputTrackerMasterEndpoint: MapOutputTrackerMasterEndpoint stopped!
[2025-12-09T21:26:01.319+0000] {spark_submit.py:491} INFO - 25/12/09 21:26:01 INFO MemoryStore: MemoryStore cleared
[2025-12-09T21:26:01.319+0000] {spark_submit.py:491} INFO - 25/12/09 21:26:01 INFO BlockManager: BlockManager stopped
[2025-12-09T21:26:01.325+0000] {spark_submit.py:491} INFO - 25/12/09 21:26:01 INFO BlockManagerMaster: BlockManagerMaster stopped
[2025-12-09T21:26:01.327+0000] {spark_submit.py:491} INFO - 25/12/09 21:26:01 INFO OutputCommitCoordinator$OutputCommitCoordinatorEndpoint: OutputCommitCoordinator stopped!
[2025-12-09T21:26:01.343+0000] {spark_submit.py:491} INFO - 25/12/09 21:26:01 INFO SparkContext: Successfully stopped SparkContext
[2025-12-09T21:26:01.344+0000] {spark_submit.py:491} INFO - 25/12/09 21:26:01 INFO ShutdownHookManager: Shutdown hook called
[2025-12-09T21:26:01.344+0000] {spark_submit.py:491} INFO - 25/12/09 21:26:01 INFO ShutdownHookManager: Deleting directory /tmp/spark-6dce19cc-dd88-42ef-93ed-ad958cbfb3b6
[2025-12-09T21:26:01.349+0000] {spark_submit.py:491} INFO - 25/12/09 21:26:01 INFO ShutdownHookManager: Deleting directory /tmp/spark-6dce19cc-dd88-42ef-93ed-ad958cbfb3b6/pyspark-c43d1491-5955-4881-8da0-6721e3adc7a6
[2025-12-09T21:26:01.356+0000] {spark_submit.py:491} INFO - 25/12/09 21:26:01 INFO ShutdownHookManager: Deleting directory /tmp/spark-b4cb45fe-b7db-496d-9541-df7305f84082
[2025-12-09T21:26:01.397+0000] {taskinstance.py:1935} ERROR - Task failed with exception
Traceback (most recent call last):
  File "/home/airflow/.local/lib/python3.9/site-packages/airflow/providers/apache/spark/operators/spark_submit.py", line 156, in execute
    self._hook.submit(self._application)
  File "/home/airflow/.local/lib/python3.9/site-packages/airflow/providers/apache/spark/hooks/spark_submit.py", line 422, in submit
    raise AirflowException(
airflow.exceptions.AirflowException: Cannot execute: spark-submit --master spark://spark-master:7077 --conf spark.eventLog.enabled=true --conf spark.eventLog.dir=/opt/spark-events --conf spark.history.fs.logDirectory=/opt/spark-events --conf spark.hadoop.fs.s3a.endpoint=http://minio:9000 --conf spark.hadoop.fs.s3a.access.key=admin --conf spark.hadoop.fs.s3a.secret.key=****** --conf spark.hadoop.fs.s3a.path.style.access=true --conf spark.hadoop.fs.s3a.impl=org.apache.hadoop.fs.s3a.S3AFileSystem --conf spark.sql.shuffle.partitions=200 --conf spark.dynamicAllocation.enabled=false --num-executors 2 --executor-cores 2 --executor-memory 2g --driver-memory 1g --name AmountDataProcessor_20251209T200000 --verbose jobs/s3_amount_processor.py. Error code is: 1.
[2025-12-09T21:26:01.400+0000] {taskinstance.py:1398} INFO - Marking task as UP_FOR_RETRY. dag_id=amount_data_s3_processing_pipeline, task_id=submit_spark_job, execution_date=20251209T200000, start_date=20251209T212557, end_date=20251209T212601
[2025-12-09T21:26:01.411+0000] {standard_task_runner.py:104} ERROR - Failed to execute job 28 for task submit_spark_job (Cannot execute: spark-submit --master spark://spark-master:7077 --conf spark.eventLog.enabled=true --conf spark.eventLog.dir=/opt/spark-events --conf spark.history.fs.logDirectory=/opt/spark-events --conf spark.hadoop.fs.s3a.endpoint=http://minio:9000 --conf spark.hadoop.fs.s3a.access.key=admin --conf spark.hadoop.fs.s3a.secret.key=****** --conf spark.hadoop.fs.s3a.path.style.access=true --conf spark.hadoop.fs.s3a.impl=org.apache.hadoop.fs.s3a.S3AFileSystem --conf spark.sql.shuffle.partitions=200 --conf spark.dynamicAllocation.enabled=false --num-executors 2 --executor-cores 2 --executor-memory 2g --driver-memory 1g --name AmountDataProcessor_20251209T200000 --verbose jobs/s3_amount_processor.py. Error code is: 1.; 4319)
[2025-12-09T21:26:01.441+0000] {local_task_job_runner.py:228} INFO - Task exited with return code 1
[2025-12-09T21:26:01.462+0000] {taskinstance.py:2776} INFO - 0 downstream tasks scheduled from follow-on schedule check
