[2025-12-09T20:30:27.941+0000] {taskinstance.py:1157} INFO - Dependencies all met for dep_context=non-requeueable deps ti=<TaskInstance: spark_job_with_history.submit_spark_job manual__2025-12-09T20:30:27.211900+00:00 [queued]>
[2025-12-09T20:30:27.948+0000] {taskinstance.py:1157} INFO - Dependencies all met for dep_context=requeueable deps ti=<TaskInstance: spark_job_with_history.submit_spark_job manual__2025-12-09T20:30:27.211900+00:00 [queued]>
[2025-12-09T20:30:27.948+0000] {taskinstance.py:1359} INFO - Starting attempt 1 of 2
[2025-12-09T20:30:27.958+0000] {taskinstance.py:1380} INFO - Executing <Task(SparkSubmitOperator): submit_spark_job> on 2025-12-09 20:30:27.211900+00:00
[2025-12-09T20:30:27.962+0000] {standard_task_runner.py:57} INFO - Started process 254 to run task
[2025-12-09T20:30:27.966+0000] {standard_task_runner.py:84} INFO - Running: ['***', 'tasks', 'run', 'spark_job_with_history', 'submit_spark_job', 'manual__2025-12-09T20:30:27.211900+00:00', '--job-id', '18', '--raw', '--subdir', 'DAGS_FOLDER/spark_with_logging_dag.py', '--cfg-path', '/tmp/tmpmoa8qrfj']
[2025-12-09T20:30:27.969+0000] {standard_task_runner.py:85} INFO - Job 18: Subtask submit_spark_job
[2025-12-09T20:30:28.020+0000] {task_command.py:415} INFO - Running <TaskInstance: spark_job_with_history.submit_spark_job manual__2025-12-09T20:30:27.211900+00:00 [running]> on host 9f0bb37009ef
[2025-12-09T20:30:28.097+0000] {taskinstance.py:1660} INFO - Exporting env vars: AIRFLOW_CTX_DAG_OWNER='***' AIRFLOW_CTX_DAG_ID='spark_job_with_history' AIRFLOW_CTX_TASK_ID='submit_spark_job' AIRFLOW_CTX_EXECUTION_DATE='2025-12-09T20:30:27.211900+00:00' AIRFLOW_CTX_TRY_NUMBER='1' AIRFLOW_CTX_DAG_RUN_ID='manual__2025-12-09T20:30:27.211900+00:00'
[2025-12-09T20:30:28.108+0000] {base.py:73} INFO - Using connection ID 'spark-conn' for task execution.
[2025-12-09T20:30:28.109+0000] {spark_submit.py:340} INFO - Spark-Submit cmd: spark-submit --master spark://spark-master:7077 --conf spark.eventLog.enabled=true --conf spark.eventLog.dir=/opt/spark-events --conf spark.history.fs.logDirectory=/opt/spark-events --name Airflow_Triggered_Job_20251209T203027 /opt/bitnami/spark/jobs/***_spark_job.py
[2025-12-09T20:30:29.674+0000] {spark_submit.py:491} INFO - python3: can't open file '/opt/bitnami/spark/jobs/***_spark_job.py': [Errno 2] No such file or directory
[2025-12-09T20:30:29.698+0000] {spark_submit.py:491} INFO - 25/12/09 20:30:29 INFO ShutdownHookManager: Shutdown hook called
[2025-12-09T20:30:29.701+0000] {spark_submit.py:491} INFO - 25/12/09 20:30:29 INFO ShutdownHookManager: Deleting directory /tmp/spark-607d4e0b-9d49-4aa2-8b64-b01235cb05e1
[2025-12-09T20:30:29.747+0000] {taskinstance.py:1935} ERROR - Task failed with exception
Traceback (most recent call last):
  File "/home/airflow/.local/lib/python3.9/site-packages/airflow/providers/apache/spark/operators/spark_submit.py", line 156, in execute
    self._hook.submit(self._application)
  File "/home/airflow/.local/lib/python3.9/site-packages/airflow/providers/apache/spark/hooks/spark_submit.py", line 422, in submit
    raise AirflowException(
airflow.exceptions.AirflowException: Cannot execute: spark-submit --master spark://spark-master:7077 --conf spark.eventLog.enabled=true --conf spark.eventLog.dir=/opt/spark-events --conf spark.history.fs.logDirectory=/opt/spark-events --name Airflow_Triggered_Job_20251209T203027 /opt/bitnami/spark/jobs/***_spark_job.py. Error code is: 2.
[2025-12-09T20:30:29.751+0000] {taskinstance.py:1398} INFO - Marking task as UP_FOR_RETRY. dag_id=spark_job_with_history, task_id=submit_spark_job, execution_date=20251209T203027, start_date=20251209T203027, end_date=20251209T203029
[2025-12-09T20:30:29.764+0000] {standard_task_runner.py:104} ERROR - Failed to execute job 18 for task submit_spark_job (Cannot execute: spark-submit --master spark://spark-master:7077 --conf spark.eventLog.enabled=true --conf spark.eventLog.dir=/opt/spark-events --conf spark.history.fs.logDirectory=/opt/spark-events --name Airflow_Triggered_Job_20251209T203027 /opt/bitnami/spark/jobs/***_spark_job.py. Error code is: 2.; 254)
[2025-12-09T20:30:29.786+0000] {local_task_job_runner.py:228} INFO - Task exited with return code 1
[2025-12-09T20:30:29.802+0000] {taskinstance.py:2776} INFO - 0 downstream tasks scheduled from follow-on schedule check
