[2025-12-09T22:00:06.543+0000] {taskinstance.py:1157} INFO - Dependencies all met for dep_context=non-requeueable deps ti=<TaskInstance: amount_data_s3_processing_pipeline.log_spark_job_start scheduled__2025-12-09T21:00:00+00:00 [queued]>
[2025-12-09T22:00:06.548+0000] {taskinstance.py:1157} INFO - Dependencies all met for dep_context=requeueable deps ti=<TaskInstance: amount_data_s3_processing_pipeline.log_spark_job_start scheduled__2025-12-09T21:00:00+00:00 [queued]>
[2025-12-09T22:00:06.548+0000] {taskinstance.py:1359} INFO - Starting attempt 1 of 3
[2025-12-09T22:00:06.557+0000] {taskinstance.py:1380} INFO - Executing <Task(PythonOperator): log_spark_job_start> on 2025-12-09 21:00:00+00:00
[2025-12-09T22:00:06.561+0000] {standard_task_runner.py:57} INFO - Started process 8504 to run task
[2025-12-09T22:00:06.563+0000] {standard_task_runner.py:84} INFO - Running: ['***', 'tasks', 'run', 'amount_data_s3_processing_pipeline', 'log_spark_job_start', 'scheduled__2025-12-09T21:00:00+00:00', '--job-id', '56', '--raw', '--subdir', 'DAGS_FOLDER/amount_data_s3_processing_pipeline.py', '--cfg-path', '/tmp/tmp_gdtijo4']
[2025-12-09T22:00:06.565+0000] {standard_task_runner.py:85} INFO - Job 56: Subtask log_spark_job_start
[2025-12-09T22:00:06.601+0000] {task_command.py:415} INFO - Running <TaskInstance: amount_data_s3_processing_pipeline.log_spark_job_start scheduled__2025-12-09T21:00:00+00:00 [running]> on host 9f0bb37009ef
[2025-12-09T22:00:06.662+0000] {taskinstance.py:1660} INFO - Exporting env vars: AIRFLOW_CTX_DAG_OWNER='***' AIRFLOW_CTX_DAG_ID='amount_data_s3_processing_pipeline' AIRFLOW_CTX_TASK_ID='log_spark_job_start' AIRFLOW_CTX_EXECUTION_DATE='2025-12-09T21:00:00+00:00' AIRFLOW_CTX_TRY_NUMBER='1' AIRFLOW_CTX_DAG_RUN_ID='scheduled__2025-12-09T21:00:00+00:00'
[2025-12-09T22:00:06.672+0000] {logging_mixin.py:151} INFO - 
================================================================================
[2025-12-09T22:00:06.672+0000] {logging_mixin.py:151} INFO -   ⚙️ SPARK JOB SUBMISSION
[2025-12-09T22:00:06.672+0000] {logging_mixin.py:151} INFO - ================================================================================
[2025-12-09T22:00:06.672+0000] {logging_mixin.py:151} INFO -   🔧 Job Name: AmountDataProcessor
[2025-12-09T22:00:06.672+0000] {logging_mixin.py:151} INFO -   📝 Application: s3_amount_processor.py
[2025-12-09T22:00:06.672+0000] {logging_mixin.py:151} INFO -   📄 Processing File: amounts_20251209_220004.json
[2025-12-09T22:00:06.672+0000] {logging_mixin.py:151} INFO -   🎯 Task ID: log_spark_job_start
[2025-12-09T22:00:06.674+0000] {logging_mixin.py:151} WARNING - /home/***/.local/lib/python3.9/site-packages/***/utils/context.py:314 AirflowContextDeprecationWarning: Accessing 'execution_date' from the template is deprecated and will be removed in a future version. Please use 'data_interval_start' or 'logical_date' instead.
[2025-12-09T22:00:06.674+0000] {logging_mixin.py:151} INFO -   📅 Execution Time: 2025-12-09T21:00:00+00:00
[2025-12-09T22:00:06.674+0000] {logging_mixin.py:151} INFO - ================================================================================
[2025-12-09T22:00:06.674+0000] {amount_data_s3_processing_pipeline.py:228} INFO - ⚙️ Spark job started successfully for amounts_20251209_220004.json
[2025-12-09T22:00:06.674+0000] {python.py:194} INFO - Done. Returned value was: None
[2025-12-09T22:00:06.681+0000] {taskinstance.py:1398} INFO - Marking task as SUCCESS. dag_id=amount_data_s3_processing_pipeline, task_id=log_spark_job_start, execution_date=20251209T210000, start_date=20251209T220006, end_date=20251209T220006
[2025-12-09T22:00:06.696+0000] {local_task_job_runner.py:228} INFO - Task exited with return code 0
[2025-12-09T22:00:06.716+0000] {taskinstance.py:2776} INFO - 1 downstream tasks scheduled from follow-on schedule check
